***********************************************************
***********************************************************

  This calculation was performed by OpenMX Ver. 3.7.33
  using 64 MPI processes and 1 OpenMP threads.

  Sat Mar  5 16:35:57 2016

***********************************************************
***********************************************************

#
# File Name
#

System.CurrrentDirectory         ./    # default=./
System.Name                      negf-graphene
level.of.stdout                   1    # default=1 (1-3)
level.of.fileout                  0    # default=1 (0-2)


NEGF.filename.hks.l     lead-graphene.hks
NEGF.filename.hks.r     lead-graphene.hks

NEGF.Num.Poles             100       # defalut=150
NEGF.scf.Kgrid            10 1       # defalut=1 1

NEGF.bias.voltage          0.0       # default=0.0 (eV)
NEGF.bias.neq.im.energy    0.01      # default=0.01 (eV)
NEGF.bias.neq.energy.step  0.02      # default=0.02 (eV) 

Dos.fileout                 off      # on|off, default=off
NEGF.Dos.energyrange     -15.0 25.0 5.0e-3  #default=-10.0 10.0 5.0e-3 (eV)
NEGF.Dos.energy.div        200       # default=200
NEGF.Dos.Kgrid           600 1       # default=1 1 
NEGF.SCF.Iter.Band          20

#
# Transmission & Eigen Channel
#

NEGF.tran.Analysis         on        #  default on
NEGF.tran.energydiv        100       # default=200
NEGF.tran.energyrange -7.0 7.0 1.0e-3  # default=-10.0 10.0 1.0e-3 (eV)
NEGF.tran.Kgrid           30 1       # default= 1 1
NEGF.tran.Channel          on        #  default on
NEGF.Channel.Nkpoint        1        # default=1
<NEGF.Channel.kpoint
0.0  0.0
NEGF.Channel.kpoint>
# default 0.0 0.0
NEGF.Channel.Nenergy        1        # default=1
<NEGF.Channel.energy
0.0
NEGF.Channel.energy>
# default 0.0
NEGF.Channel.Num            5        # defualt=5(for collinear), 10(for Non-collinear)


#
# Definition of Atomic Species
#

Species.Number       1
<Definition.of.Atomic.Species
 C    C5.0-s2p1      C_CA13
Definition.of.Atomic.Species>

#
# Atoms
#

Atoms.Number        4
Atoms.SpeciesAndCoordinates.Unit   Ang # Ang|AU
<Atoms.SpeciesAndCoordinates 
 1  C  0.000000000  0.000000000  0.000000000  2.0 2.0
 2  C  2.840000000  0.000000000  0.000000000  2.0 2.0
 3  C  0.710000000  1.229756000  0.000000000  2.0 2.0
 4  C  2.130000000  1.229756000  0.000000000  2.0 2.0
Atoms.SpeciesAndCoordinates>

#
# Lead-Left
#

LeftLeadAtoms.Number         4
<LeftLeadAtoms.SpeciesAndCoordinates           # Unit=Ang.
 1  C -4.260000000  0.000000000  0.000000000  2.0 2.0
 2  C -1.420000000  0.000000000  0.000000000  2.0 2.0
 3  C -3.550000000  1.229756000  0.000000000  2.0 2.0
 4  C -2.130000000  1.229756000  0.000000000  2.0 2.0
LeftLeadAtoms.SpeciesAndCoordinates>


#
# Lead-Right
#

RightLeadAtoms.Number        4 
<RightLeadAtoms.SpeciesAndCoordinates           # Unit=Ang.
 1  C  4.260000000  0.000000000  0.000000000  2.0 2.0
 2  C  7.100000000  0.000000000  0.000000000  2.0 2.0
 3  C  4.970000000  1.229756000  0.000000000  2.0 2.0
 4  C  6.390000000  1.229756000  0.000000000  2.0 2.0
RightLeadAtoms.SpeciesAndCoordinates>



#
# SCF or Electronic System
#

scf.XcType                  LDA        # LDA|LSDA-CA|LSDA-PW|GGA-PBE
scf.SpinPolarization        off        # On|Off|NC
scf.ElectronicTemperature  600.0       # default=300 (K)
scf.energycutoff           200.0       # default=150 (Ry)
scf.maxIter                200         # default=40
scf.EigenvalueSolver       NEGF        # DC|GDC|Cluster|Band
#scf.lapack.dste            dstevx      # dstegr|dstedc|dstevx, default=dstegr
scf.Kgrid                  1 1 1       # means n1 x n2 x n3
scf.Mixing.Type           rmm-diisk    # Simple|Rmm-Diis|Gr-Pulay|Kerker|Rmm-Diisk
scf.Init.Mixing.Weight     0.010       # default=0.30
scf.Min.Mixing.Weight      0.001       # default=0.001
scf.Max.Mixing.Weight      0.100       # default=0.40
scf.Mixing.History          40         # default=5
scf.Mixing.StartPulay       10         # default=6
#scf.Kerker.factor          1.0         # default=1.0  
scf.criterion             1.0e-7       # default=1.0e-6 (Hartree)


***********************************************************
***********************************************************

  Required cutoff energy (Ryd) for 3D-grids = 200.0000
      Used cutoff energy (Ryd) for 3D-grids = 197.3731, 201.4850, 195.0117
  Num. of grids of a-, b-, and c-axes = 108, 21, 84

  Num.Grid1.   108
  Num.Grid2.    21
  Num.Grid3.    84


  Cell_Volume =   2121.174184192309 (Bohr^3)
  GridVol     =      0.011134071262 (Bohr^3)
  Cell vectors (bohr) of the grid cell (gtv)
    gtv_a =  0.223617575315,  0.000000000000,  0.000000000000
    gtv_b =  0.000000000000,  0.221324001092,  0.000000000000
    gtv_c =  0.000000000000,  0.000000000000,  0.224967379593
    |gtv_a| =  0.223617575315
    |gtv_b| =  0.221324001092
    |gtv_c| =  0.224967379593

***********************************************************
***********************************************************


***********************************************************
***********************************************************
                  SCF history at MD= 1                    
***********************************************************
***********************************************************

   SCF=   1  NormRD=  1.000000000000  Uele=  0.000000000000
   SCF=   2  NormRD=  0.149707533862  Uele=  0.000000000000
   SCF=   3  NormRD=  0.149124068322  Uele=  0.000000000000
   SCF=   4  NormRD=  0.143505060598  Uele=  0.000000000000
   SCF=   5  NormRD=  0.138287377669  Uele=  0.000000000000
   SCF=   6  NormRD=  0.133439264632  Uele=  0.000000000000
   SCF=   7  NormRD=  0.128930111302  Uele=  0.000000000000
   SCF=   8  NormRD=  0.124732515671  Uele=  0.000000000000
   SCF=   9  NormRD=  0.120821142544  Uele=  0.000000000000
   SCF=  10  NormRD=  0.117171539629  Uele=  0.000000000000
   SCF=  11  NormRD=  0.066430162354  Uele=  0.000000000000
   SCF=  12  NormRD=  0.036367012061  Uele=  0.000000000000
   SCF=  13  NormRD=  0.021141269247  Uele=  0.000000000000
   SCF=  14  NormRD=  0.014293760300  Uele=  0.000000000000
   SCF=  15  NormRD=  0.010272672751  Uele=  0.000000000000
   SCF=  16  NormRD=  0.005335060041  Uele=  0.000000000000
   SCF=  17  NormRD=  0.002432942745  Uele=  0.000000000000
   SCF=  18  NormRD=  0.000993640799  Uele=  0.000000000000
   SCF=  19  NormRD=  0.000352718793  Uele=  0.000000000000
   SCF=  20  NormRD=  0.000213791065  Uele=  0.000000000000
   SCF=  21  NormRD=  0.048017648000  Uele=  0.000000000000
   SCF=  22  NormRD=  0.048031240610  Uele=  0.000000000000
   SCF=  23  NormRD=  0.047979802341  Uele=  0.000000000000
   SCF=  24  NormRD=  0.047955595246  Uele=  0.000000000000
   SCF=  25  NormRD=  0.047885497805  Uele=  0.000000000000
   SCF=  26  NormRD=  0.047813656257  Uele=  0.000000000000
   SCF=  27  NormRD=  0.047792829360  Uele=  0.000000000000
   SCF=  28  NormRD=  0.047708115958  Uele=  0.000000000000
   SCF=  29  NormRD=  0.047652254307  Uele=  0.000000000000
   SCF=  30  NormRD=  0.047669750845  Uele=  0.000000000000
   SCF=  31  NormRD=  0.047541833742  Uele=  0.000000000000
   SCF=  32  NormRD=  0.047521961051  Uele=  0.000000000000
   SCF=  33  NormRD=  0.047040681715  Uele=  0.000000000000
   SCF=  34  NormRD=  0.046537271077  Uele=  0.000000000000
   SCF=  35  NormRD=  0.046168117973  Uele=  0.000000000000
   SCF=  36  NormRD=  0.045475345100  Uele=  0.000000000000
   SCF=  37  NormRD=  0.043556299015  Uele=  0.000000000000
   SCF=  38  NormRD=  0.043507456625  Uele=  0.000000000000
   SCF=  39  NormRD=  0.039765576745  Uele=  0.000000000000
   SCF=  40  NormRD=  0.039928171924  Uele=  0.000000000000
   SCF=  41  NormRD=  0.038089345846  Uele=  0.000000000000
   SCF=  42  NormRD=  0.035262770648  Uele=  0.000000000000
   SCF=  43  NormRD=  0.034800962394  Uele=  0.000000000000
   SCF=  44  NormRD=  0.023064404892  Uele=  0.000000000000
   SCF=  45  NormRD=  0.021663116374  Uele=  0.000000000000
   SCF=  46  NormRD=  0.020255565897  Uele=  0.000000000000
   SCF=  47  NormRD=  0.010245929866  Uele=  0.000000000000
   SCF=  48  NormRD=  0.010181118633  Uele=  0.000000000000
   SCF=  49  NormRD=  0.008002573171  Uele=  0.000000000000
   SCF=  50  NormRD=  0.003906061377  Uele=  0.000000000000
   SCF=  51  NormRD=  0.001798391056  Uele=  0.000000000000
   SCF=  52  NormRD=  0.002038703273  Uele=  0.000000000000
   SCF=  53  NormRD=  0.001093724312  Uele=  0.000000000000
   SCF=  54  NormRD=  0.001104553009  Uele=  0.000000000000
   SCF=  55  NormRD=  0.000366716668  Uele=  0.000000000000
   SCF=  56  NormRD=  0.000194141508  Uele=  0.000000000000
   SCF=  57  NormRD=  0.000061427497  Uele=  0.000000000000
   SCF=  58  NormRD=  0.000168132131  Uele=  0.000000000000
   SCF=  59  NormRD=  0.000057463573  Uele=  0.000000000000
   SCF=  60  NormRD=  0.000037992517  Uele=  0.000000000000
   SCF=  61  NormRD=  0.000000678016  Uele=  0.000000000000
   SCF=  62  NormRD=  0.000001214993  Uele=  0.000000000000
   SCF=  63  NormRD=  0.000000499748  Uele=  0.000000000000
   SCF=  64  NormRD=  0.000000021392  Uele=  0.000000000000

*******************************************************
        Total energy (Hartree) at MD = 1        
*******************************************************

  Uele.          0.000000000000

  Ukin.         45.443992407825
  UH0.        -615.447677287009
  UH1.           0.506590935945
  Una.         -31.458523484645
  Unl.          -5.115169171887
  Uxc0.        -11.211010823941
  Uxc1.        -11.211010823941
  Ucore.       559.098803478612
  Uhub.          0.000000000000
  Ucs.           0.000000000000
  Uzs.           0.000000000000
  Uzo.           0.000000000000
  Uef.           0.000000000000
  UvdW           0.000000000000
  Utot.        -69.394004769041

  Note:

  Utot = Ukin+UH0+UH1+Una+Unl+Uxc0+Uxc1+Ucore+Uhub+Ucs+Uzs+Uzo+Uef+UvdW

  Uene:   band energy
  Ukin:   kinetic energy
  UH0:    electric part of screened Coulomb energy
  UH1:    difference electron-electron Coulomb energy
  Una:    neutral atom potential energy
  Unl:    non-local potential energy
  Uxc0:   exchange-correlation energy for alpha spin
  Uxc1:   exchange-correlation energy for beta spin
  Ucore:  core-core Coulomb energy
  Uhub:   LDA+U energy
  Ucs:    constraint energy for spin orientation
  Uzs:    Zeeman term for spin magnetic moment
  Uzo:    Zeeman term for orbital magnetic moment
  Uef:    electric energy by electric field
  UvdW:   semi-empirical vdW energy 

  (see also PRB 72, 045121(2005) for the energy contributions)



  Chemical potential of left lead  (Hartree)      -0.191402232156
  Chemical potential of right lead (Hartree)      -0.191402232156

***********************************************************
***********************************************************
            Informaions for NEGF calculation               
***********************************************************
***********************************************************


Intrinsic chemical potential (eV) of the leads
  Left lead:  -5.208319733348
  Right lead: -5.208319733348
  add voltage =  0.0000 (eV) to the  left lead: new ChemP (eV):  -5.2083
  add voltage =  0.0000 (eV) to the right lead: new ChemP (eV):  -5.2083

  Intrinsic bias volatage:   0.000000000000 (eV)
  Net bias volatage:         0.000000000000 (eV)

Parameters for the integration of the non-equilibrium part
  lower bound:           -5.208319733348 (eV)
  upper bound:           -5.208319733348 (eV)
  energy step:            0.020000000000 (eV)
  number of steps:             0     

Sum of transmition eigenvalues

  Sum.Eigentrans.k0.E0.S0       2.2700480403e-10

***********************************************************
***********************************************************
           Eigenvalues (Hartree) of SCF KS-eq.           
***********************************************************
***********************************************************

   Chemical Potential (Hatree) =  -0.15939439257352
   Number of States            =  47.99999999999996
   Eigenvalues
              Up-spin           Down-spin

   kloop=0
   k1=   0.00000 k2=  -0.45000 k3=   0.00000

    1   -0.77441651855800  -0.77441651855800
    2   -0.75330303783559  -0.75330303783559
    3   -0.75139461192864  -0.75139461192864
    4   -0.71496700472820  -0.71496700472820
    5   -0.70657295728155  -0.70657295728155
    6   -0.70376216769936  -0.70376216769936
    7   -0.66251343638479  -0.66251343638479
    8   -0.66157811065515  -0.66157811065515
    9   -0.61805665664858  -0.61805665664858
   10   -0.61728263674721  -0.61728263674721
   11   -0.60192428774001  -0.60192428774001
   12   -0.54794822639601  -0.54794822639601
   13   -0.51293821859479  -0.51293821859479
   14   -0.47067834964525  -0.47067834964525
   15   -0.44219667832924  -0.44219667832924
   16   -0.44149650506690  -0.44149650506690
   17   -0.41839820884824  -0.41839820884824
   18   -0.41718843645205  -0.41718843645205
   19   -0.28782619280670  -0.28782619280670
   20   -0.27015420944628  -0.27015420944628
   21   -0.26874306437071  -0.26874306437071
   22   -0.23671401683451  -0.23671401683451
   23   -0.23515772263175  -0.23515772263175
   24   -0.22649313423176  -0.22649313423176
   25   -0.09069412384697  -0.09069412384697
   26   -0.09006286717979  -0.09006286717979
   27   -0.08516823258270  -0.08516823258270
   28   -0.04949111146056  -0.04949111146056
   29   -0.04537704692246  -0.04537704692246
   30   -0.01292425100602  -0.01292425100602
   31    0.23500898873521   0.23500898873521
   32    0.23764472403438   0.23764472403438
   33    0.26891565188348   0.26891565188348
   34    0.27275621213177   0.27275621213177
   35    0.36930345460456   0.36930345460456
   36    0.38948787741956   0.38948787741956
   37    0.40517003046935   0.40517003046935
   38    0.42730671460551   0.42730671460551
   39    0.50540122730930   0.50540122730930
   40    0.50654991591898   0.50654991591898
   41    0.52186318997728   0.52186318997728
   42    0.52346243797189   0.52346243797189
   43    0.60694460473678   0.60694460473678
   44    0.61094494290534   0.61094494290534
   45    0.65507663680862   0.65507663680862
   46    0.65540303931826   0.65540303931826
   47    0.66017914106843   0.66017914106843
   48    0.71563186520687   0.71563186520687
   49    0.71788066312846   0.71788066312846
   50    0.72070681199829   0.72070681199829
   51    0.72171821504062   0.72171821504062
   52    0.82960331188737   0.82960331188737
   53    0.83124207423981   0.83124207423981
   54    0.92530995705616   0.92530995705616
   55    1.07386057420359   1.07386057420359
   56    1.07539931372830   1.07539931372830
   57    1.20146360652563   1.20146360652563
   58    1.20217409944281   1.20217409944281
   59    1.28288053356945   1.28288053356945
   60    1.51801472527113   1.51801472527113

   kloop=1
   k1=   0.00000 k2=  -0.35000 k3=   0.00000

    1   -0.82536620274649  -0.82536620274649
    2   -0.80268916433944  -0.80268916433944
    3   -0.80097729149765  -0.80097729149765
    4   -0.73363797599881  -0.73363797599881
    5   -0.73349052133317  -0.73349052133317
    6   -0.65780618306276  -0.65780618306276
    7   -0.64572765688363  -0.64572765688363
    8   -0.61472069190353  -0.61472069190353
    9   -0.61352876102637  -0.61352876102637
   10   -0.55135407381517  -0.55135407381517
   11   -0.55081350229117  -0.55081350229117
   12   -0.53928652683507  -0.53928652683507
   13   -0.48528222838264  -0.48528222838264
   14   -0.46416675949300  -0.46416675949300
   15   -0.46370575184557  -0.46370575184557
   16   -0.42287374845162  -0.42287374845162
   17   -0.39789515622729  -0.39789515622729
   18   -0.39661235040324  -0.39661235040324
   19   -0.34182183083669  -0.34182183083669
   20   -0.31767114140842  -0.31767114140842
   21   -0.31673060056702  -0.31673060056702
   22   -0.24969565561512  -0.24969565561512
   23   -0.24909971929109  -0.24909971929109
   24   -0.16821535330436  -0.16821535330436
   25   -0.15057343171639  -0.15057343171639
   26   -0.06821562874461  -0.06821562874461
   27   -0.06623239677560  -0.06623239677560
   28    0.02195063007410   0.02195063007410
   29    0.02580188743385   0.02580188743385
   30    0.07081025936022   0.07081025936022
   31    0.22160580985956   0.22160580985956
   32    0.22426388488951   0.22426388488951
   33    0.31383425504844   0.31383425504844
   34    0.31699423943421   0.31699423943421
   35    0.34784804565551   0.34784804565551
   36    0.34956261013517   0.34956261013517
   37    0.41230616166661   0.41230616166661
   38    0.41915936496786   0.41915936496786
   39    0.47088945532086   0.47088945532086
   40    0.47179541986452   0.47179541986452
   41    0.52231695157244   0.52231695157244
   42    0.52431065692183   0.52431065692183
   43    0.53132842062865   0.53132842062865
   44    0.53498472343261   0.53498472343261
   45    0.57083707957187   0.57083707957187
   46    0.59987582333728   0.59987582333728
   47    0.62896023272662   0.62896023272662
   48    0.63112468645247   0.63112468645247
   49    0.67246620657348   0.67246620657348
   50    0.67777259349007   0.67777259349007
   51    0.74996594069268   0.74996594069268
   52    0.82053324982654   0.82053324982654
   53    0.82095666659543   0.82095666659543
   54    1.11971834179055   1.11971834179055
   55    1.15199415798347   1.15199415798347
   56    1.21730231164874   1.21730231164874
   57    1.22017656856079   1.22017656856079
   58    1.49737002586882   1.49737002586882
   59    1.49828007348245   1.49828007348245
   60    1.94637124401208   1.94637124401208

   kloop=2
   k1=   0.00000 k2=  -0.25000 k3=   0.00000

    1   -0.86426534622457  -0.86426534622457
    2   -0.84097174325319  -0.84097174325319
    3   -0.83937659233816  -0.83937659233816
    4   -0.76930497668512  -0.76930497668512
    5   -0.76920315337235  -0.76920315337235
    6   -0.67854669306012  -0.67854669306012
    7   -0.63981813740726  -0.63981813740726
    8   -0.55525945630905  -0.55525945630905
    9   -0.55380974209398  -0.55380974209398
   10   -0.51888410398646  -0.51888410398646
   11   -0.47952931869106  -0.47952931869106
   12   -0.47924336379744  -0.47924336379744
   13   -0.47301224802898  -0.47301224802898
   14   -0.47255898373377  -0.47255898373377
   15   -0.41800472553982  -0.41800472553982
   16   -0.38411918432550  -0.38411918432550
   17   -0.38282604395820  -0.38282604395820
   18   -0.38249498583238  -0.38249498583238
   19   -0.37432599151639  -0.37432599151639
   20   -0.35826331461191  -0.35826331461191
   21   -0.35764599811026  -0.35764599811026
   22   -0.28251289243031  -0.28251289243031
   23   -0.28239446957271  -0.28239446957271
   24   -0.19675775703680  -0.19675775703680
   25   -0.12240542776237  -0.12240542776237
   26   -0.02142084441125  -0.02142084441125
   27   -0.02040961845901  -0.02040961845901
   28    0.09588996793069   0.09588996793069
   29    0.09989118875190   0.09989118875190
   30    0.15299796117925   0.15299796117925
   31    0.23304681016806   0.23304681016806
   32    0.23533518660028   0.23533518660028
   33    0.28080212321298   0.28080212321298
   34    0.31459317169245   0.31459317169245
   35    0.36082498081393   0.36082498081393
   36    0.36274149633318   0.36274149633318
   37    0.37962435281469   0.37962435281469
   38    0.41454085197339   0.41454085197339
   39    0.41607604838643   0.41607604838643
   40    0.43226723380573   0.43226723380573
   41    0.43438677363036   0.43438677363036
   42    0.44511046077220   0.44511046077220
   43    0.48208392424089   0.48208392424089
   44    0.50782181140668   0.50782181140668
   45    0.51086710924384   0.51086710924384
   46    0.54986895019712   0.54986895019712
   47    0.57445498662756   0.57445498662756
   48    0.57658682562356   0.57658682562356
   49    0.65790779138656   0.65790779138656
   50    0.66342341262179   0.66342341262179
   51    0.73485685980984   0.73485685980984
   52    0.73547846027833   0.73547846027833
   53    0.73632170809667   0.73632170809667
   54    1.09272190172282   1.09272190172282
   55    1.10420068494046   1.10420068494046
   56    1.48092978253354   1.48092978253354
   57    1.48367078834020   1.48367078834020
   58    2.03991200636328   2.03991200636328
   59    2.04135891949652   2.04135891949652
   60    2.75066022625272   2.75066022625272

   kloop=3
   k1=   0.00000 k2=  -0.15000 k3=   0.00000

    1   -0.89010669523550  -0.89010669523550
    2   -0.86675853489948  -0.86675853489948
    3   -0.86522272783892  -0.86522272783892
    4   -0.79457087785136  -0.79457087785136
    5   -0.79443471224738  -0.79443471224738
    6   -0.70031848149097  -0.70031848149097
    7   -0.65480285139982  -0.65480285139982
    8   -0.53571127551919  -0.53571127551919
    9   -0.53478931997592  -0.53478931997592
   10   -0.46366482743153  -0.46366482743153
   11   -0.44140555809960  -0.44140555809960
   12   -0.43995712494350  -0.43995712494350
   13   -0.41580450194238  -0.41580450194238
   14   -0.41540753467843  -0.41540753467843
   15   -0.41272281029669  -0.41272281029669
   16   -0.38641072012309  -0.38641072012309
   17   -0.38598039290821  -0.38598039290821
   18   -0.37034033765516  -0.37034033765516
   19   -0.37011691531701  -0.37011691531701
   20   -0.35487054217221  -0.35487054217221
   21   -0.33403419922630  -0.33403419922630
   22   -0.30916071769613  -0.30916071769613
   23   -0.30878835202593  -0.30878835202593
   24   -0.22737174659035  -0.22737174659035
   25   -0.09493222942916  -0.09493222942916
   26    0.01554452246966   0.01554452246966
   27    0.01618789195106   0.01618789195106
   28    0.15487004288158   0.15487004288158
   29    0.15908244674416   0.15908244674416
   30    0.21929374818219   0.21929374818219
   31    0.22792192287267   0.22792192287267
   32    0.25868075267689   0.25868075267689
   33    0.26161663718988   0.26161663718988
   34    0.26614540364161   0.26614540364161
   35    0.30414847642921   0.30414847642921
   36    0.31332509513607   0.31332509513607
   37    0.31508062154159   0.31508062154159
   38    0.32566989949828   0.32566989949828
   39    0.32640592521985   0.32640592521985
   40    0.41163915245869   0.41163915245869
   41    0.42622543364070   0.42622543364070
   42    0.43138707788520   0.43138707788520
   43    0.47458137816083   0.47458137816083
   44    0.47813177635973   0.47813177635973
   45    0.48682574086593   0.48682574086593
   46    0.53156728309071   0.53156728309071
   47    0.54741853941920   0.54741853941920
   48    0.54950635315298   0.54950635315298
   49    0.61295601520031   0.61295601520031
   50    0.61793117411950   0.61793117411950
   51    0.66141185333558   0.66141185333558
   52    0.66326789349564   0.66326789349564
   53    0.68440740570508   0.68440740570508
   54    0.90305325725713   0.90305325725713
   55    1.07664399458689   1.07664399458689
   56    1.59381375866031   1.59381375866031
   57    1.59579794054983   1.59579794054983
   58    2.79719316496699   2.79719316496699
   59    2.79905116699317   2.79905116699317
   60    3.78575835429623   3.78575835429623

   kloop=4
   k1=   0.00000 k2=  -0.05000 k3=   0.00000

    1   -0.90288699780308  -0.90288699780308
    2   -0.87969332603824  -0.87969332603824
    3   -0.87818078989285  -0.87818078989285
    4   -0.80759235240348  -0.80759235240348
    5   -0.80746815700732  -0.80746815700732
    6   -0.71112766027886  -0.71112766027886
    7   -0.66734775959282  -0.66734775959282
    8   -0.53865074707905  -0.53865074707905
    9   -0.53796221062492  -0.53796221062492
   10   -0.42707215663449  -0.42707215663449
   11   -0.42061598347058  -0.42061598347058
   12   -0.40186139698269  -0.40186139698269
   13   -0.40065828372893  -0.40065828372893
   14   -0.40031438574501  -0.40031438574501
   15   -0.39973384651027  -0.39973384651027
   16   -0.38809299897649  -0.38809299897649
   17   -0.38647607516311  -0.38647607516311
   18   -0.34979174024059  -0.34979174024059
   19   -0.34857014638739  -0.34857014638739
   20   -0.32313132274513  -0.32313132274513
   21   -0.32267401853398  -0.32267401853398
   22   -0.31279668981821  -0.31279668981821
   23   -0.30979471658530  -0.30979471658530
   24   -0.24259265002493  -0.24259265002493
   25   -0.08349412725065  -0.08349412725065
   26    0.03401805878859   0.03401805878859
   27    0.03454358490542   0.03454358490542
   28    0.18704991942111   0.18704991942111
   29    0.19139943721267   0.19139943721267
   30    0.20104672809342   0.20104672809342
   31    0.20609206788817   0.20609206788817
   32    0.22878837412646   0.22878837412646
   33    0.23080569161688   0.23080569161688
   34    0.23197735931612   0.23197735931612
   35    0.23559862077727   0.23559862077727
   36    0.23603958957806   0.23603958957806
   37    0.25627563119931   0.25627563119931
   38    0.30802917461152   0.30802917461152
   39    0.30922456726901   0.30922456726901
   40    0.37757485442574   0.37757485442574
   41    0.43819943160331   0.43819943160331
   42    0.44286082206868   0.44286082206868
   43    0.48617420051894   0.48617420051894
   44    0.49099977956090   0.49099977956090
   45    0.52557966809605   0.52557966809605
   46    0.53730977314633   0.53730977314633
   47    0.53743384545241   0.53743384545241
   48    0.53958982508197   0.53958982508197
   49    0.55069131260917   0.55069131260917
   50    0.55558784587229   0.55558784587229
   51    0.62296193352340   0.62296193352340
   52    0.62309828846396   0.62309828846396
   53    0.62612025819209   0.62612025819209
   54    0.76894612894249   0.76894612894249
   55    1.07544128510292   1.07544128510292
   56    1.57462064695203   1.57462064695203
   57    1.57602794850349   1.57602794850349
   58    3.28409118215100   3.28409118215100
   59    3.28581916552467   3.28581916552467
   60    4.13484073437089   4.13484073437089

***********************************************************
***********************************************************
                   Mulliken populations                    
***********************************************************
***********************************************************

  Total spin moment (muB)   0.000000000

                    Up spin      Down spin     Sum           Diff
      1    C      1.999998360  1.999998360   3.999996720   0.000000000
      2    C      2.000706696  2.000706696   4.001413393   0.000000000
      3    C      1.999955588  1.999955588   3.999911175   0.000000000
      4    C      1.999871162  1.999871162   3.999742324   0.000000000
      5    C      1.999473455  1.999473455   3.998946910   0.000000000
      6    C      1.999473458  1.999473458   3.998946915   0.000000000
      7    C      2.000073992  2.000073992   4.000147983   0.000000000
      8    C      2.000073989  2.000073989   4.000147978   0.000000000
      9    C      2.000706696  2.000706696   4.001413391   0.000000000
     10    C      1.999998360  1.999998360   3.999996721   0.000000000
     11    C      1.999871162  1.999871162   3.999742324   0.000000000
     12    C      1.999955587  1.999955587   3.999911174   0.000000000

 Sum of MulP: up   =    24.00016 down          =    24.00016
              total=    48.00032 ideal(neutral)=    48.00000


  Decomposed Mulliken populations

    1    C          Up spin      Down spin     Sum           Diff
            multiple
  s           0    0.367364470  0.367364470   0.734728939   0.000000000
   sum over m      0.367364470  0.367364470   0.734728939   0.000000000
  s           1    0.041829697  0.041829697   0.083659394   0.000000000
   sum over m      0.041829697  0.041829697   0.083659394   0.000000000
   sum over m+mul  0.409194167  0.409194167   0.818388333   0.000000000
  px          0    0.545440198  0.545440198   1.090880396   0.000000000
  py          0    0.545370059  0.545370059   1.090740118   0.000000000
  pz          0    0.499993936  0.499993936   0.999987872   0.000000000
   sum over m      1.590804193  1.590804193   3.181608386   0.000000000
   sum over m+mul  1.590804193  1.590804193   3.181608386   0.000000000

    2    C          Up spin      Down spin     Sum           Diff
            multiple
  s           0    0.367865627  0.367865627   0.735731253   0.000000000
   sum over m      0.367865627  0.367865627   0.735731253   0.000000000
  s           1    0.041831581  0.041831581   0.083663163   0.000000000
   sum over m      0.041831581  0.041831581   0.083663163   0.000000000
   sum over m+mul  0.409697208  0.409697208   0.819394416   0.000000000
  px          0    0.545743153  0.545743153   1.091486306   0.000000000
  py          0    0.545377857  0.545377857   1.090755714   0.000000000
  pz          0    0.499888478  0.499888478   0.999776957   0.000000000
   sum over m      1.591009488  1.591009488   3.182018977   0.000000000
   sum over m+mul  1.591009488  1.591009488   3.182018977   0.000000000

    3    C          Up spin      Down spin     Sum           Diff
            multiple
  s           0    0.367356177  0.367356177   0.734712355   0.000000000
   sum over m      0.367356177  0.367356177   0.734712355   0.000000000
  s           1    0.041825303  0.041825303   0.083650607   0.000000000
   sum over m      0.041825303  0.041825303   0.083650607   0.000000000
   sum over m+mul  0.409181481  0.409181481   0.818362962   0.000000000
  px          0    0.545437340  0.545437340   1.090874680   0.000000000
  py          0    0.545369985  0.545369985   1.090739970   0.000000000
  pz          0    0.499966782  0.499966782   0.999933564   0.000000000
   sum over m      1.590774107  1.590774107   3.181548214   0.000000000
   sum over m+mul  1.590774107  1.590774107   3.181548214   0.000000000

    4    C          Up spin      Down spin     Sum           Diff
            multiple
  s           0    0.367310745  0.367310745   0.734621490   0.000000000
   sum over m      0.367310745  0.367310745   0.734621490   0.000000000
  s           1    0.041780596  0.041780596   0.083561193   0.000000000
   sum over m      0.041780596  0.041780596   0.083561193   0.000000000
   sum over m+mul  0.409091341  0.409091341   0.818182683   0.000000000
  px          0    0.545427349  0.545427349   1.090854697   0.000000000
  py          0    0.545373335  0.545373335   1.090746671   0.000000000
  pz          0    0.499979137  0.499979137   0.999958273   0.000000000
   sum over m      1.590779821  1.590779821   3.181559641   0.000000000
   sum over m+mul  1.590779821  1.590779821   3.181559641   0.000000000

    5    C          Up spin      Down spin     Sum           Diff
            multiple
  s           0    0.366960303  0.366960303   0.733920607   0.000000000
   sum over m      0.366960303  0.366960303   0.733920607   0.000000000
  s           1    0.041830796  0.041830796   0.083661592   0.000000000
   sum over m      0.041830796  0.041830796   0.083661592   0.000000000
   sum over m+mul  0.408791099  0.408791099   0.817582198   0.000000000
  px          0    0.544980678  0.544980678   1.089961356   0.000000000
  py          0    0.545499344  0.545499344   1.090998688   0.000000000
  pz          0    0.500202334  0.500202334   1.000404668   0.000000000
   sum over m      1.590682356  1.590682356   3.181364712   0.000000000
   sum over m+mul  1.590682356  1.590682356   3.181364712   0.000000000

    6    C          Up spin      Down spin     Sum           Diff
            multiple
  s           0    0.366960304  0.366960304   0.733920608   0.000000000
   sum over m      0.366960304  0.366960304   0.733920608   0.000000000
  s           1    0.041830796  0.041830796   0.083661592   0.000000000
   sum over m      0.041830796  0.041830796   0.083661592   0.000000000
   sum over m+mul  0.408791100  0.408791100   0.817582200   0.000000000
  px          0    0.544980678  0.544980678   1.089961357   0.000000000
  py          0    0.545499344  0.545499344   1.090998689   0.000000000
  pz          0    0.500202335  0.500202335   1.000404670   0.000000000
   sum over m      1.590682358  1.590682358   3.181364715   0.000000000
   sum over m+mul  1.590682358  1.590682358   3.181364715   0.000000000

    7    C          Up spin      Down spin     Sum           Diff
            multiple
  s           0    0.367402476  0.367402476   0.734804952   0.000000000
   sum over m      0.367402476  0.367402476   0.734804952   0.000000000
  s           1    0.041884937  0.041884937   0.083769875   0.000000000
   sum over m      0.041884937  0.041884937   0.083769875   0.000000000
   sum over m+mul  0.409287413  0.409287413   0.818574827   0.000000000
  px          0    0.545271647  0.545271647   1.090543294   0.000000000
  py          0    0.545466637  0.545466637   1.090933274   0.000000000
  pz          0    0.500048295  0.500048295   1.000096589   0.000000000
   sum over m      1.590786578  1.590786578   3.181573157   0.000000000
   sum over m+mul  1.590786578  1.590786578   3.181573157   0.000000000

    8    C          Up spin      Down spin     Sum           Diff
            multiple
  s           0    0.367402475  0.367402475   0.734804951   0.000000000
   sum over m      0.367402475  0.367402475   0.734804951   0.000000000
  s           1    0.041884937  0.041884937   0.083769875   0.000000000
   sum over m      0.041884937  0.041884937   0.083769875   0.000000000
   sum over m+mul  0.409287413  0.409287413   0.818574826   0.000000000
  px          0    0.545271646  0.545271646   1.090543293   0.000000000
  py          0    0.545466636  0.545466636   1.090933273   0.000000000
  pz          0    0.500048294  0.500048294   1.000096587   0.000000000
   sum over m      1.590786576  1.590786576   3.181573153   0.000000000
   sum over m+mul  1.590786576  1.590786576   3.181573153   0.000000000

    9    C          Up spin      Down spin     Sum           Diff
            multiple
  s           0    0.367865626  0.367865626   0.735731253   0.000000000
   sum over m      0.367865626  0.367865626   0.735731253   0.000000000
  s           1    0.041831581  0.041831581   0.083663163   0.000000000
   sum over m      0.041831581  0.041831581   0.083663163   0.000000000
   sum over m+mul  0.409697208  0.409697208   0.819394415   0.000000000
  px          0    0.545743153  0.545743153   1.091486306   0.000000000
  py          0    0.545377857  0.545377857   1.090755713   0.000000000
  pz          0    0.499888478  0.499888478   0.999776956   0.000000000
   sum over m      1.591009488  1.591009488   3.182018976   0.000000000
   sum over m+mul  1.591009488  1.591009488   3.182018976   0.000000000

   10    C          Up spin      Down spin     Sum           Diff
            multiple
  s           0    0.367364470  0.367364470   0.734728940   0.000000000
   sum over m      0.367364470  0.367364470   0.734728940   0.000000000
  s           1    0.041829697  0.041829697   0.083659395   0.000000000
   sum over m      0.041829697  0.041829697   0.083659395   0.000000000
   sum over m+mul  0.409194167  0.409194167   0.818388335   0.000000000
  px          0    0.545440198  0.545440198   1.090880395   0.000000000
  py          0    0.545370059  0.545370059   1.090740118   0.000000000
  pz          0    0.499993936  0.499993936   0.999987872   0.000000000
   sum over m      1.590804193  1.590804193   3.181608386   0.000000000
   sum over m+mul  1.590804193  1.590804193   3.181608386   0.000000000

   11    C          Up spin      Down spin     Sum           Diff
            multiple
  s           0    0.367310745  0.367310745   0.734621490   0.000000000
   sum over m      0.367310745  0.367310745   0.734621490   0.000000000
  s           1    0.041780596  0.041780596   0.083561193   0.000000000
   sum over m      0.041780596  0.041780596   0.083561193   0.000000000
   sum over m+mul  0.409091341  0.409091341   0.818182683   0.000000000
  px          0    0.545427349  0.545427349   1.090854697   0.000000000
  py          0    0.545373335  0.545373335   1.090746671   0.000000000
  pz          0    0.499979137  0.499979137   0.999958273   0.000000000
   sum over m      1.590779821  1.590779821   3.181559641   0.000000000
   sum over m+mul  1.590779821  1.590779821   3.181559641   0.000000000

   12    C          Up spin      Down spin     Sum           Diff
            multiple
  s           0    0.367356177  0.367356177   0.734712354   0.000000000
   sum over m      0.367356177  0.367356177   0.734712354   0.000000000
  s           1    0.041825303  0.041825303   0.083650607   0.000000000
   sum over m      0.041825303  0.041825303   0.083650607   0.000000000
   sum over m+mul  0.409181480  0.409181480   0.818362961   0.000000000
  px          0    0.545437340  0.545437340   1.090874680   0.000000000
  py          0    0.545369985  0.545369985   1.090739970   0.000000000
  pz          0    0.499966782  0.499966782   0.999933563   0.000000000
   sum over m      1.590774107  1.590774107   3.181548214   0.000000000
   sum over m+mul  1.590774107  1.590774107   3.181548214   0.000000000

***********************************************************
***********************************************************
                    Dipole moment (Debye)                  
***********************************************************
***********************************************************

 Absolute D        0.00239982

                      Dx                Dy                Dz
 Total             -0.00239329        0.00017689        0.00000000
 Core             327.38657538      141.76253711        0.00000000
 Electron        -327.38896868     -141.76236022        0.00000000
 Back ground       -0.00000000       -0.00000000       -0.00000000

***********************************************************
***********************************************************
       xyz-coordinates (Ang) and forces (Hartree/Bohr)  
***********************************************************
***********************************************************

<coordinates.forces
  12
    1     C    -4.26000   0.00000   0.00000   0.137356010257  0.000035343827  0.000000000007
    2     C    -1.42000   0.00000   0.00000   0.001283722761  0.000000442345 -0.000000000039
    3     C    -3.55000   1.22976   0.00000  -0.034707149359  0.000035298216 -0.000000000011
    4     C    -2.13000   1.22976   0.00000   0.006000243776 -0.000000814724  0.000000000041
    5     C     0.00000   0.00000   0.00000  -0.001263642176  0.000000449572  0.000000000006
    6     C     2.84000   0.00000   0.00000   0.001263622887  0.000000425909 -0.000000000004
    7     C     0.71000   1.22976   0.00000   0.001016793715 -0.000000494148  0.000000000004
    8     C     2.13000   1.22976   0.00000  -0.001016757702 -0.000000476409 -0.000000000004
    9     C     4.26000   0.00000   0.00000  -0.001283734884  0.000000466197  0.000000000001
   10     C     7.10000   0.00000   0.00000  -0.137355975416  0.000035326478 -0.000000000011
   11     C     4.97000   1.22976   0.00000  -0.006000255548 -0.000000831472 -0.000000000001
   12     C     6.39000   1.22976   0.00000   0.034707130394  0.000035314565  0.000000000009
coordinates.forces>

***********************************************************
***********************************************************
       Fractional coordinates of the final structure       
***********************************************************
***********************************************************

     1      C     0.66666666666667   0.00000000000000   0.00000000000000
     2      C     0.88888888888889   0.00000000000000   0.00000000000000
     3      C     0.72222222222222   0.49999997016729   0.00000000000000
     4      C     0.83333333333333   0.49999997016729   0.00000000000000
     5      C     0.00000000000000   0.00000000000000   0.00000000000000
     6      C     0.22222222222222   0.00000000000000   0.00000000000000
     7      C     0.05555555555556   0.49999997016729   0.00000000000000
     8      C     0.16666666666667   0.49999997016729   0.00000000000000
     9      C     0.33333333333333   0.00000000000000   0.00000000000000
    10      C     0.55555555555556   0.00000000000000   0.00000000000000
    11      C     0.38888888888889   0.49999997016729   0.00000000000000
    12      C     0.50000000000000   0.49999997016729   0.00000000000000

***********************************************************
***********************************************************
               Computational Time (second)                 
***********************************************************
***********************************************************

   Elapsed.Time.        44.463

                               Min_ID   Min_Time       Max_ID   Max_Time
   Total Computational Time =    57       44.456          0       44.463
   readfile                 =    63       10.931          0       10.931
   truncation               =    15        0.551          4        0.607
   MD_pac                   =     0        0.004          3        0.009
   OutData                  =     2        0.000          0        0.007
   DFT                      =     4       28.625         15       28.681

*** In DFT ***

   Set_OLP_Kin              =    40        0.184          3        0.656
   Set_Nonlocal             =     3        1.526         13        2.048
   Set_ProExpn_VNA          =    14        1.111          6        1.697
   Set_Hamiltonian          =    52        6.381         13        6.384
   Poisson                  =     8        0.479         49        0.480
   Diagonalization          =    13        5.719         60        5.730
   Mixing_DM                =    47        0.704         20        0.705
   Force                    =    49        1.028         14        1.028
   Total_Energy             =    14        3.143          0        3.146
   Set_Aden_Grid            =     6        0.032         13        0.617
   Set_Orbitals_Grid        =    12        0.000          3        0.509
   Set_Density_Grid         =    40        2.745         61        3.051
   RestartFileDFT           =    49        0.022         52        0.049
   Mulliken_Charge          =    44        0.021         17        0.022
   FFT(2D)_Density          =     0        0.218         33        0.984
   Others                   =    56        3.348         40        3.710
