***********************************************************
***********************************************************

  This calculation was performed by OpenMX Ver. 3.7.33
  using 64 MPI processes and 1 OpenMP threads.

  Sat Mar  5 16:31:12 2016

***********************************************************
***********************************************************

#
# File Name
#

System.CurrrentDirectory         ./    # default=./
System.Name                       negf-au-chain-nc
level.of.stdout                   1    # default=1 (1-3)
level.of.fileout                  1    # default=1 (0-2)


NEGF.filename.hks.l     lead-au-chain-nc.hks
NEGF.filename.hks.r     lead-au-chain-nc.hks

NEGF.Num.Poles             100       # default=150
NEGF.scf.Kgrid             1 1       # default=1 1

NEGF.bias.voltage          0.0       # default=0.0 (eV)
NEGF.bias.neq.im.energy    0.01      # default=0.01 (eV)
NEGF.bias.neq.energy.step  0.02      # default=0.02 (eV) 

Dos.fileout                 off      # on|off, default=off
NEGF.Dos.energyrange     -15.0 25.0 5.0e-3  #default=-10.0 10.0 5.0e-3 (eV)
NEGF.Dos.energy.div        200       # default=200
NEGF.Dos.Kgrid             1 1       # default=1 1 

#
# Transmission & Eigen Channel
#

NEGF.tran.Analysis         on        #  default on
NEGF.tran.energydiv        200       # default=200
NEGF.tran.energyrange -10 10 1.0e-3  # default=-10.0 10.0 1.0e-3 (eV)
NEGF.tran.Kgrid            1 1       # default= 1 1
NEGF.tran.Channel          on        #  default on
NEGF.Channel.Nkpoint        1        # default=1
<NEGF.Channel.kpoint
0.0  0.0
NEGF.Channel.kpoint>
# default 0.0 0.0
NEGF.Channel.Nenergy        1        # default=1
<NEGF.Channel.energy
0.0
NEGF.Channel.energy>
# default 0.0
NEGF.Channel.Num            5        # defualt=5(for collinear), 10(for Non-collinear)
NEGF.SCF.Iter.Band          20

#
# Definition of Atomic Species
#

Species.Number       1
<Definition.of.Atomic.Species
 Au    Au7.0-s2p2d2      Au_PBE13
Definition.of.Atomic.Species>

#
# Atoms
#

Atoms.SpeciesAndCoordinates.Unit   Ang # Ang|AU

Atoms.Number        9
<Atoms.SpeciesAndCoordinates 
 1  Au 5.400  0.000  0.000  8.5 8.5    0.0 0.0 0.0 0.0 0  off
 2  Au 8.100  0.000  0.000  8.5 8.5    0.0 0.0 0.0 0.0 0  off
 3  Au 10.80  0.000  0.000  8.5 8.5    0.0 0.0 0.0 0.0 0  off
 4  Au 13.50  0.000  0.000  8.5 8.5    0.0 0.0 0.0 0.0 0  off
 5  Au 16.20  0.000  0.000  8.5 8.5    0.0 0.0 0.0 0.0 0  off
 6  Au 18.90  0.000  0.000  8.5 8.5    0.0 0.0 0.0 0.0 0  off
 7  Au 21.60  0.000  0.000  8.5 8.5    0.0 0.0 0.0 0.0 0  off
 8  Au 24.30  0.000  0.000  8.5 8.5    0.0 0.0 0.0 0.0 0  off
 9  Au 27.00  0.000  0.000  8.5 8.5    0.0 0.0 0.0 0.0 0  off
Atoms.SpeciesAndCoordinates> 

#
# Lead-Left
#

LeftLeadAtoms.Number         3
<LeftLeadAtoms.SpeciesAndCoordinates           # Unit=Ang.
 1  Au -2.700  0.000  0.000  8.5 8.5    0.0 0.0 0.0 0.0 0  off
 2  Au  0.000  0.000  0.000  8.5 8.5    0.0 0.0 0.0 0.0 0  off
 3  Au  2.700  0.000  0.000  8.5 8.5    0.0 0.0 0.0 0.0 0  off
LeftLeadAtoms.SpeciesAndCoordinates>

#
# Lead-Right
#

RightLeadAtoms.Number        3 
<RightLeadAtoms.SpeciesAndCoordinates           # Unit=Ang.
 1  Au  29.70  0.000  0.000  8.5 8.5    0.0 0.0 0.0 0.0 0  off
 2  Au  32.40  0.000  0.000  8.5 8.5    0.0 0.0 0.0 0.0 0  off 
 3  Au  35.10  0.000  0.000  8.5 8.5    0.0 0.0 0.0 0.0 0  off
RightLeadAtoms.SpeciesAndCoordinates>


#
# SCF or Electronic System
#

scf.XcType                 GGA-PBE        # LDA|LSDA-CA|LSDA-PW|GGA-PBE
scf.SpinPolarization       NC          # On|Off|NC
scf.SpinOrbit.Coupling     On        # On|Off, default=off
scf.ElectronicTemperature  600.0       # default=300 (K)
scf.energycutoff           250.0       # default=150 (Ry)
scf.maxIter                1000        # default=40
scf.EigenvalueSolver       NEGF        # DC|GDC|Cluster|Band
scf.lapack.dste            dstevx      # dstegr|dstedc|dstevx, default=dstegr
scf.Kgrid                  1 1 1       # means n1 x n2 x n3
scf.Mixing.Type          rmm-diisk     # Simple|Rmm-Diis|Gr-Pulay|Kerker|Rmm-Diisk
scf.Init.Mixing.Weight      0.001      # default=0.30
scf.Min.Mixing.Weight       0.001      # default=0.001
scf.Max.Mixing.Weight       0.300      # default=0.40
scf.Mixing.History          40         # default=5
scf.Mixing.StartPulay       10         # default=6
scf.Mixing.EveryPulay       1
scf.criterion             1.0e-5       # default=1.0e-6 (Hartree)
scf.restart                  off


***********************************************************
***********************************************************

  Required cutoff energy (Ryd) for 3D-grids = 250.0000
      Used cutoff energy (Ryd) for 3D-grids = 248.4589, 254.7091, 254.7091
  Num. of grids of a-, b-, and c-axes = 384, 96, 96

  Num.Grid1.   384
  Num.Grid2.    96
  Num.Grid3.    96


  Cell_Volume =  27330.748800271806 (Bohr^3)
  GridVol     =      0.007722854275 (Bohr^3)
  Cell vectors (bohr) of the grid cell (gtv)
    gtv_a =  0.199307037858,  0.000000000000,  0.000000000000
    gtv_b =  0.000000000000,  0.196846457144,  0.000000000000
    gtv_c =  0.000000000000,  0.000000000000,  0.196846457144
    |gtv_a| =  0.199307037858
    |gtv_b| =  0.196846457144
    |gtv_c| =  0.196846457144

***********************************************************
***********************************************************


***********************************************************
***********************************************************
                  SCF history at MD= 1                    
***********************************************************
***********************************************************

   SCF=   1  NormRD=  1.000000000000  Uele= -238.109184929650
   SCF=   2  NormRD=  0.128088801674  Uele= -238.116443473860
   SCF=   3  NormRD=  0.127963821756  Uele= -238.117077003644
   SCF=   4  NormRD=  0.107354564693  Uele= -238.324108342677
   SCF=   5  NormRD=  0.099372295951  Uele= -241.083193852889
   SCF=   6  NormRD=  0.089388041108  Uele= -240.817844804136
   SCF=   7  NormRD=  0.085394438504  Uele= -243.357222952883
   SCF=   8  NormRD=  0.078118627075  Uele= -242.565388119720
   SCF=   9  NormRD=  0.075558721821  Uele= -244.988597187010
   SCF=  10  NormRD=  0.069113255707  Uele= -243.801364485729
   SCF=  11  NormRD=  0.049066462927  Uele= -245.793081130007
   SCF=  12  NormRD=  0.032300550187  Uele= -247.658165415230
   SCF=  13  NormRD=  0.022444548092  Uele= -247.932087908106
   SCF=  14  NormRD=  0.021981173068  Uele= -247.362164911496
   SCF=  15  NormRD=  0.011568464304  Uele= -248.091134545207
   SCF=  16  NormRD=  0.013084218662  Uele= -248.340180615803
   SCF=  17  NormRD=  0.013020308182  Uele= -248.789873645241
   SCF=  18  NormRD=  0.004182410782  Uele= -248.486866003122
   SCF=  19  NormRD=  0.003772039411  Uele= -248.399596460680
   SCF=  20  NormRD=  0.002369095101  Uele= -248.410751877198
   SCF=  21  NormRD=  0.047575572806  Uele=  0.000000000000
   SCF=  22  NormRD=  0.047009506527  Uele=  0.000000000000
   SCF=  23  NormRD=  0.044906188847  Uele=  0.000000000000
   SCF=  24  NormRD=  0.047150843039  Uele=  0.000000000000
   SCF=  25  NormRD=  0.049004487691  Uele=  0.000000000000
   SCF=  26  NormRD=  0.049139038286  Uele=  0.000000000000
   SCF=  27  NormRD=  0.049347827935  Uele=  0.000000000000
   SCF=  28  NormRD=  0.050114099921  Uele=  0.000000000000
   SCF=  29  NormRD=  0.051177935875  Uele=  0.000000000000
   SCF=  30  NormRD=  0.051256707836  Uele=  0.000000000000
   SCF=  31  NormRD=  0.051923703394  Uele=  0.000000000000
   SCF=  32  NormRD=  0.052631838576  Uele=  0.000000000000
   SCF=  33  NormRD=  0.054645603358  Uele=  0.000000000000
   SCF=  34  NormRD=  0.051715463846  Uele=  0.000000000000
   SCF=  35  NormRD=  0.050592207237  Uele=  0.000000000000
   SCF=  36  NormRD=  0.051206956927  Uele=  0.000000000000
   SCF=  37  NormRD=  0.041592990262  Uele=  0.000000000000
   SCF=  38  NormRD=  0.040116394190  Uele=  0.000000000000
   SCF=  39  NormRD=  0.043122779721  Uele=  0.000000000000
   SCF=  40  NormRD=  0.039213081852  Uele=  0.000000000000
   SCF=  41  NormRD=  0.035604550783  Uele=  0.000000000000
   SCF=  42  NormRD=  0.036584294430  Uele=  0.000000000000
   SCF=  43  NormRD=  0.020792257967  Uele=  0.000000000000
   SCF=  44  NormRD=  0.017429400460  Uele=  0.000000000000
   SCF=  45  NormRD=  0.017855491025  Uele=  0.000000000000
   SCF=  46  NormRD=  0.016030159123  Uele=  0.000000000000
   SCF=  47  NormRD=  0.012805074190  Uele=  0.000000000000
   SCF=  48  NormRD=  0.012336094547  Uele=  0.000000000000
   SCF=  49  NormRD=  0.012564812564  Uele=  0.000000000000
   SCF=  50  NormRD=  0.010766763089  Uele=  0.000000000000
   SCF=  51  NormRD=  0.008606537544  Uele=  0.000000000000
   SCF=  52  NormRD=  0.006419906765  Uele=  0.000000000000
   SCF=  53  NormRD=  0.004172527180  Uele=  0.000000000000
   SCF=  54  NormRD=  0.000697267882  Uele=  0.000000000000
   SCF=  55  NormRD=  0.000425686141  Uele=  0.000000000000
   SCF=  56  NormRD=  0.000755170053  Uele=  0.000000000000
   SCF=  57  NormRD=  0.000756740439  Uele=  0.000000000000
   SCF=  58  NormRD=  0.000488643219  Uele=  0.000000000000
   SCF=  59  NormRD=  0.000511559228  Uele=  0.000000000000
   SCF=  60  NormRD=  0.000272762496  Uele=  0.000000000000
   SCF=  61  NormRD=  0.000094778269  Uele=  0.000000000000
   SCF=  62  NormRD=  0.000067183939  Uele=  0.000000000000
   SCF=  63  NormRD=  0.000042534842  Uele=  0.000000000000
   SCF=  64  NormRD=  0.000015813918  Uele=  0.000000000000
   SCF=  65  NormRD=  0.000005348948  Uele=  0.000000000000

*******************************************************
        Total energy (Hartree) at MD = 1        
*******************************************************

  Uele.          0.000000000000

  Ukin.        591.429946732205
  UH0.       -2609.657936407469
  UH1.           0.067190622423
  Una.        -436.208316386557
  Unl.        -170.393887091049
  Uxc0.       -116.658352887210
  Uxc1.       -116.585806035585
  Ucore.      1274.435208008333
  Uhub.          0.000000000000
  Ucs.           0.000000000000
  Uzs.           0.000000000000
  Uzo.           0.000000000000
  Uef.           0.000000000000
  UvdW           0.000000000000
  Utot.      -1583.571953444909

  Note:

  Utot = Ukin+UH0+UH1+Una+Unl+Uxc0+Uxc1+Ucore+Uhub+Ucs+Uzs+Uzo+Uef+UvdW

  Uene:   band energy
  Ukin:   kinetic energy
  UH0:    electric part of screened Coulomb energy
  UH1:    difference electron-electron Coulomb energy
  Una:    neutral atom potential energy
  Unl:    non-local potential energy
  Uxc0:   exchange-correlation energy for alpha spin
  Uxc1:   exchange-correlation energy for beta spin
  Ucore:  core-core Coulomb energy
  Uhub:   LDA+U energy
  Ucs:    constraint energy for spin orientation
  Uzs:    Zeeman term for spin magnetic moment
  Uzo:    Zeeman term for orbital magnetic moment
  Uef:    electric energy by electric field
  UvdW:   semi-empirical vdW energy 

  (see also PRB 72, 045121(2005) for the energy contributions)



  Chemical potential of left lead  (Hartree)      -0.225846383573
  Chemical potential of right lead (Hartree)      -0.225846383573

***********************************************************
***********************************************************
            Informaions for NEGF calculation               
***********************************************************
***********************************************************


Intrinsic chemical potential (eV) of the leads
  Left lead:  -6.145592781341
  Right lead: -6.145592781341
  add voltage =  0.0000 (eV) to the  left lead: new ChemP (eV):  -6.1456
  add voltage =  0.0000 (eV) to the right lead: new ChemP (eV):  -6.1456

  Intrinsic bias volatage:   0.000000000000 (eV)
  Net bias volatage:         0.000000000000 (eV)

Parameters for the integration of the non-equilibrium part
  lower bound:           -6.145592781341 (eV)
  upper bound:           -6.145592781341 (eV)
  energy step:            0.020000000000 (eV)
  number of steps:             0     

Sum of transmition eigenvalues

  Sum.Eigentrans.k0.E0.S0       3.6465736363e+00

***********************************************************
***********************************************************
           Eigenvalues (Hartree) of SCF KS-eq.           
***********************************************************
***********************************************************

   Chemical Potential (Hatree) =  -0.22218543594319
   Number of States            = 254.99999999999994
   Eigenvalues


   kloop=0
   k1=   0.00000 k2=   0.00000 k3=   0.00000

    1   -2.61480374760984
    2   -2.61479475418087
    3   -2.61461783655619
    4   -2.61460388956231
    5   -2.61443731955891
    6   -2.61443666380394
    7   -2.61438671404827
    8   -2.61438132551916
    9   -2.61391395026327
   10   -2.61391393077013
   11   -2.61380919628878
   12   -2.61379203270431
   13   -2.61345397356367
   14   -2.61345380534076
   15   -2.61324052169326
   16   -2.61322800937254
   17   -2.61278151844522
   18   -2.61276544138226
   19   -2.61268126959813
   20   -2.61267870842406
   21   -2.61228119199630
   22   -2.61227989248508
   23   -2.61220565215438
   24   -2.61218463847828
   25   -2.61210743452472
   26   -2.61209865711775
   27   -2.61149722916000
   28   -2.61148224833849
   29   -2.61142826596511
   30   -2.61142783336415
   31   -2.07172256560220
   32   -2.07170791574472
   33   -2.07164198344192
   34   -2.07164108924350
   35   -2.07130983360072
   36   -2.07130791878475
   37   -2.07120325443465
   38   -2.07119399925470
   39   -2.07047529143594
   40   -2.07047220178909
   41   -2.07024885374449
   42   -2.07023487785116
   43   -2.06913328653664
   44   -2.06912846354796
   45   -2.06907312576806
   46   -2.06905699881443
   47   -2.06770292396417
   48   -2.06769387801176
   49   -2.06752778232608
   50   -2.06751970703402
   51   -2.06627143618472
   52   -2.06626890895342
   53   -2.06604557836110
   54   -2.06602987551367
   55   -2.06518533841459
   56   -2.06517561319214
   57   -2.06511507234391
   58   -2.06510254388992
   59   -2.06479896471012
   60   -2.06478738382099
   61   -2.05497463390584
   62   -2.05497431084931
   63   -2.05476822289082
   64   -2.05476788084658
   65   -2.05456803272535
   66   -2.05456768501084
   67   -2.05451632307438
   68   -2.05451630932440
   69   -2.05445792040806
   70   -2.05445790201462
   71   -2.05443315948898
   72   -2.05443315281326
   73   -2.05435315968398
   74   -2.05435313838802
   75   -2.05425406044772
   76   -2.05425398084789
   77   -2.05420705434761
   78   -2.05420695373926
   79   -2.05399166220723
   80   -2.05399147996496
   81   -2.05396895379266
   82   -2.05396882185877
   83   -2.05379252853466
   84   -2.05379241573268
   85   -2.05363312755815
   86   -2.05363309962602
   87   -2.05350278681419
   88   -2.05350270777669
   89   -2.05346935312732
   90   -2.05346933980924
   91   -0.39714600318877
   92   -0.39714461545068
   93   -0.39106675827835
   94   -0.39106448979709
   95   -0.39091564828960
   96   -0.39091530813945
   97   -0.37333790894296
   98   -0.37333703165746
   99   -0.37323110894562
  100   -0.37322913750107
  101   -0.34760901666925
  102   -0.34760674714730
  103   -0.34749759360872
  104   -0.34749684015060
  105   -0.34063287418890
  106   -0.34063250672088
  107   -0.34059741754116
  108   -0.34059738271790
  109   -0.33652222557911
  110   -0.33652201489486
  111   -0.33641442839845
  112   -0.33641413706999
  113   -0.32994433000329
  114   -0.32994320183525
  115   -0.32972752448351
  116   -0.32972678373982
  117   -0.32827915544246
  118   -0.32827810273269
  119   -0.32821752543674
  120   -0.32821392296597
  121   -0.32425821683870
  122   -0.32425814673825
  123   -0.32420405561013
  124   -0.32420405228841
  125   -0.32049204698088
  126   -0.32049200359234
  127   -0.32040810474774
  128   -0.32040797009215
  129   -0.31440753833943
  130   -0.31440753317343
  131   -0.31421848845870
  132   -0.31421834972763
  133   -0.30863487058686
  134   -0.30863480149979
  135   -0.30860837106289
  136   -0.30860827507165
  137   -0.30574383608762
  138   -0.30574379548422
  139   -0.30559845448398
  140   -0.30559844279900
  141   -0.30537919479780
  142   -0.30537905829855
  143   -0.30521262016131
  144   -0.30521251547080
  145   -0.30517447148215
  146   -0.30517442153401
  147   -0.30503477549693
  148   -0.30503476543266
  149   -0.30488014956630
  150   -0.30487994589738
  151   -0.28333237946116
  152   -0.28332851414555
  153   -0.28320839579353
  154   -0.28320587875561
  155   -0.27914073607692
  156   -0.27914034224572
  157   -0.27904946832275
  158   -0.27904614640251
  159   -0.27613605927506
  160   -0.27613452805038
  161   -0.27596202402879
  162   -0.27595583600907
  163   -0.27172591757704
  164   -0.27171862825202
  165   -0.27164281123137
  166   -0.27164136154296
  167   -0.27151722060260
  168   -0.27151695424102
  169   -0.27146287532176
  170   -0.27146286600336
  171   -0.27094869848012
  172   -0.27094861917288
  173   -0.27087867495663
  174   -0.27087850799778
  175   -0.27080876847667
  176   -0.27080628691140
  177   -0.26870577486926
  178   -0.26870564878879
  179   -0.26853296112339
  180   -0.26853279644038
  181   -0.26245568908962
  182   -0.26245555598727
  183   -0.26243876690683
  184   -0.26243866394410
  185   -0.25668764221408
  186   -0.25668734302798
  187   -0.25639838544710
  188   -0.25639743269423
  189   -0.25310182755104
  190   -0.25310171566865
  191   -0.25239260552138
  192   -0.25239250491587
  193   -0.25231943261510
  194   -0.25231936856869
  195   -0.25136526823024
  196   -0.25136506004495
  197   -0.25118748841811
  198   -0.25118691420534
  199   -0.25033825842426
  200   -0.25033824324661
  201   -0.25018569914868
  202   -0.25018524354719
  203   -0.24720598011419
  204   -0.24720560866707
  205   -0.24708713350117
  206   -0.24708627926190
  207   -0.24357652084836
  208   -0.24357642053160
  209   -0.24355650033303
  210   -0.24355638599593
  211   -0.24120132130025
  212   -0.24120122612025
  213   -0.24119127289518
  214   -0.24119101416249
  215   -0.24097634901656
  216   -0.24097014866825
  217   -0.24091931937503
  218   -0.24091507066988
  219   -0.24020014060768
  220   -0.24020012000077
  221   -0.24002601311823
  222   -0.24002591842414
  223   -0.23958794133077
  224   -0.23958519318948
  225   -0.23952771139438
  226   -0.23952246546652
  227   -0.23764017447457
  228   -0.23763669237546
  229   -0.23761466424582
  230   -0.23761456590888
  231   -0.23743048428397
  232   -0.23743038426237
  233   -0.23736372492375
  234   -0.23736357218063
  235   -0.23733614552314
  236   -0.23733529323960
  237   -0.23641470438880
  238   -0.23641288473952
  239   -0.23636409707662
  240   -0.23636000754273
  241   -0.23592589981717
  242   -0.23592579351780
  243   -0.23589463368660
  244   -0.23589462858266
  245   -0.23477615340471
  246   -0.23477586693531
  247   -0.23469931973922
  248   -0.23469531469750
  249   -0.22583580229324
  250   -0.22583566786901
  251   -0.22569891592152
  252   -0.22569833104835
  253   -0.22389065577098
  254   -0.22388799741271
  255   -0.22381689029187
  256   -0.22381517388856
  257   -0.22108131418447
  258   -0.22108095023136
  259   -0.19656230418951
  260   -0.19656024252522
  261   -0.19634545409452
  262   -0.19634525501160
  263   -0.14655708161373
  264   -0.14655542251448
  265   -0.14619677497813
  266   -0.14619637404342
  267   -0.08399185448102
  268   -0.08399072354255
  269   -0.08336566835987
  270   -0.08336564023425
  271   -0.04878603350616
  272   -0.04878560259371
  273   -0.04192957347727
  274   -0.04192875980780
  275   -0.04155360636632
  276   -0.04155358124103
  277   -0.02319914794163
  278   -0.02319803961062
  279   -0.02303143765126
  280   -0.02303135870308
  281   -0.00858339147546
  282   -0.00858337163153
  283   -0.00185428228490
  284   -0.00185422564151
  285   -0.00146945091274
  286   -0.00146941438534
  287    0.00267359004887
  288    0.00267516536856
  289    0.00281843095521
  290    0.00281864266509
  291    0.00374093090312
  292    0.00374097873743
  293    0.00398108023305
  294    0.00398240977441
  295    0.01644512076069
  296    0.01644516355179
  297    0.01661276525068
  298    0.01661280949906
  299    0.03290354915153
  300    0.03290421738119
  301    0.03305669899686
  302    0.03305740682288
  303    0.04183882433062
  304    0.04183883335722
  305    0.04197929080620
  306    0.04197931582169
  307    0.06486297080275
  308    0.06486334148336
  309    0.06503400709740
  310    0.06503602952244
  311    0.07203824914510
  312    0.07204108998480
  313    0.07228387379761
  314    0.07228624767890
  315    0.07243630684881
  316    0.07243630690848
  317    0.07259359049393
  318    0.07259361368010
  319    0.10752964974055
  320    0.10752967741119
  321    0.10773073371959
  322    0.10773074072368
  323    0.11807261179085
  324    0.11807457586110
  325    0.11812481390910
  326    0.11812670099264
  327    0.13380668874975
  328    0.13380801502635
  329    0.13403967685078
  330    0.13403986489174
  331    0.14527246056594
  332    0.14527250690869
  333    0.14538928741502
  334    0.14538932560843
  335    0.17690751521569
  336    0.17690753315319
  337    0.17711180627185
  338    0.17711181196798
  339    0.17897496431315
  340    0.17897707087229
  341    0.17929424086090
  342    0.17929494453637
  343    0.22270538140967
  344    0.22270574448480
  345    0.22836181203301
  346    0.22836222568431
  347    0.22899330021283
  348    0.22899344118511
  349    0.24713138812739
  350    0.24713171257252
  351    0.24744782294828
  352    0.24744792445530
  353    0.26624617219073
  354    0.26624619404786
  355    0.26698324270617
  356    0.26698457162346
  357    0.26712558105145
  358    0.26712590477705
  359    0.27117404648597
  360    0.27117406937412
  361    0.27186684837775
  362    0.27186686235041
  363    0.27564533736835
  364    0.27564559470787
  365    0.27578389050411
  366    0.27578397709583
  367    0.27685948801741
  368    0.27685949118645
  369    0.28168731725760
  370    0.28168732469600
  371    0.28237407971387
  372    0.28237408585698
  373    0.28729918322812
  374    0.28729921117408
  375    0.28771336306771
  376    0.28771336809188
  377    0.29752575069868
  378    0.29752575870129
  379    0.29793460503930
  380    0.29793461049101
  381    0.31678773398516
  382    0.31678774443331
  383    0.31710395993317
  384    0.31710397542389
  385    0.32662138659535
  386    0.32662139654135
  387    0.32693393935386
  388    0.32693394457701
  389    0.33066847101876
  390    0.33066917456745
  391    0.33174696458844
  392    0.33174704147707
  393    0.33300349438508
  394    0.33300409931241
  395    0.33341251871982
  396    0.33341259587581
  397    0.33875857401641
  398    0.33875865447997
  399    0.33980769033791
  400    0.33980769115109
  401    0.35675598730105
  402    0.35675639272803
  403    0.35691115656743
  404    0.35691137641083
  405    0.36443467160837
  406    0.36443468459444
  407    0.36468236486926
  408    0.36468239382036
  409    0.37390855916030
  410    0.37390857141729
  411    0.37415520489368
  412    0.37415520894217
  413    0.38555753544187
  414    0.38555823282277
  415    0.38613649586220
  416    0.38613661035563
  417    0.40052892802476
  418    0.40052896842026
  419    0.40109139367250
  420    0.40109140370803
  421    0.40455676327200
  422    0.40455823704002
  423    0.40501497962749
  424    0.40501506536715
  425    0.41433955538511
  426    0.41433958446299
  427    0.41445732265128
  428    0.41445762121394
  429    0.43601558080726
  430    0.43601560686177
  431    0.43613629183693
  432    0.43613631631396
  433    0.44549751483565
  434    0.44549753079025
  435    0.44562033562420
  436    0.44562033788817
  437    0.47032780662711
  438    0.47032797522970
  439    0.47109863957713
  440    0.47109900893817
  441    0.48869216642243
  442    0.48869230709220
  443    0.48917115838301
  444    0.48917185660050
  445    0.50920018983726
  446    0.50920020367500
  447    0.50959918952739
  448    0.50960026517482
  449    0.50967141363166
  450    0.50967143322470
  451    0.50993994693673
  452    0.50994023472403
  453    0.53011857268531
  454    0.53011858719694
  455    0.53030838442360
  456    0.53030838493318
  457    0.53922736522393
  458    0.53922738603572
  459    0.53941836294071
  460    0.53941836412358
  461    0.60225241358446
  462    0.60225292797853
  463    0.60232086529215
  464    0.60232165442815
  465    0.60947639440647
  466    0.60947643870681
  467    0.61039864690400
  468    0.61039865998186
  469    0.61891477955395
  470    0.61891480986129
  471    0.61983642799480
  472    0.61983643118338
  473    0.64342668831846
  474    0.64342731948967
  475    0.65958537503384
  476    0.65958571547523
  477    0.66009505454032
  478    0.66009522297929
  479    0.68465366985005
  480    0.68465368412021
  481    0.68516180340873
  482    0.68516182414094
  483    0.96054884199471
  484    0.96054975609388
  485    0.96108297677908
  486    0.96108392742366
  487    0.98845386420188
  488    0.98845389070330
  489    0.98899249788570
  490    0.98899250074438
  491    1.28338366620795
  492    1.28338636073969
  493    1.28359158983740
  494    1.28359477845721
  495    1.36666079790317
  496    1.36666254132485
  497    1.36671579871676
  498    1.36671609913408
  499    1.41200396707477
  500    1.41200478078033
  501    1.41220729869681
  502    1.41220911224314
  503    1.45872902161310
  504    1.45873100829544
  505    1.45912147499210
  506    1.45912476026535
  507    1.47886403657623
  508    1.47886406345067
  509    1.47926684400384
  510    1.47926686783028
  511    1.48191562957573
  512    1.48191572962640
  513    1.48225472456380
  514    1.48225512916878
  515    1.52429018742665
  516    1.52429027229607
  517    1.78379218179496
  518    1.78379272942949
  519    1.78402938769432
  520    1.78402992135834
  521    1.99242193540639
  522    1.99242272486595
  523    1.99255510431194
  524    1.99255522099427
  525    2.00322045229750
  526    2.00322050411094
  527    2.00335379727366
  528    2.00335379965745
  529    2.21535799090759
  530    2.21535841168159
  531    2.21935917627365
  532    2.21935919965846
  533    2.25602617063274
  534    2.25602674738827
  535    2.25620633782540
  536    2.25620672973065
  537    2.67770416373805
  538    2.67770469682562
  539    2.67776337107239
  540    2.67776359352795

***********************************************************
***********************************************************
                   Mulliken populations                    
***********************************************************
***********************************************************

   Total spin moment (muB)   0.004860494   Angles (Deg) 180.000000000  169.933727942

               Up       Down      Sum      Diff        theta      phi
    1   Au   8.49871  8.49665  16.99536   0.00206   180.00000  -41.58506
    2   Au   8.49965  8.49939  16.99904   0.00026   180.00000  119.26282
    3   Au   8.50056  8.50047  17.00103   0.00009   180.00000  -11.86238
    4   Au   8.50004  8.50002  17.00006   0.00002     0.00000  124.26391
    5   Au   8.50004  8.50000  17.00004   0.00004   180.00000  180.90178
    6   Au   8.50002  8.50001  17.00003   0.00000   179.99951  174.27662
    7   Au   8.50001  8.50001  17.00002   0.00000     0.00005  185.84692
    8   Au   8.50001  8.50001  17.00002   0.00000   179.99992  183.86450
    9   Au   8.50001  8.50001  17.00002   0.00000     0.00003  192.72832
   10   Au   8.50002  8.50002  17.00004   0.00000   179.99976  175.13980
   11   Au   8.50005  8.50000  17.00005   0.00004   180.00000  181.80719
   12   Au   8.50004  8.50002  17.00007   0.00002     0.00001  121.81444
   13   Au   8.50056  8.50047  17.00103   0.00009   180.00000  148.08407
   14   Au   8.49965  8.49939  16.99904   0.00026   180.00000  180.38689
   15   Au   8.49871  8.49665  16.99536   0.00206   180.00000  206.63754

 Sum of MulP: up   =   127.49808 down          =   127.49312
              total=   254.99121 ideal(neutral)=   255.00000


  Decomposed Mulliken populations

    1   Au          Up spin      Down spin     Sum           Diff           Angles(Deg)
            multiple
  s           0    0.558353258  0.558110522   1.116463780   0.000242736     0.0000  -65.4396
   sum over m      0.558353258  0.558110522   1.116463780   0.000242736
  s           1   -0.001941106 -0.001974651  -0.003915757   0.000033546     0.0000    0.0000
   sum over m     -0.001941106 -0.001974651  -0.003915757   0.000033546
   sum over m+mul  0.556412153  0.556135871   1.112548023   0.000276282
  px          0    0.994398316  0.994024842   1.988423158   0.000373473   180.0000    0.0000
  py          0    0.997374132  0.997259862   1.994633993   0.000114270   180.0000    0.0000
  pz          0    0.997533280  0.997199477   1.994732757   0.000333803   180.0000    0.0000
   sum over m      2.989305728  2.988484181   5.977789908   0.000821547
  px          1    0.060025420  0.058779904   0.118805324   0.001245516   180.0000  139.6993
  py          1    0.012104860  0.011920667   0.024025527   0.000184193   180.0000    0.0000
  pz          1    0.012166449  0.011718383   0.023884831   0.000448066   180.0000  -69.5659
   sum over m      0.084296729  0.082418953   0.166715682   0.001877776
   sum over m+mul  3.073602457  3.070903134   6.144505591   0.002699323
  d3z^2-r^2   0    0.984982829  0.984971483   1.969954311   0.000011346     0.0000   21.6160
  dx^2-y^2    0    0.961941046  0.961918666   1.923859712   0.000022380     0.0000  196.7224
  dxy         0    0.966450220  0.966417851   1.932868071   0.000032370     0.0000   29.7601
  dxz         0    0.966367416  0.966313523   1.932680940   0.000053893     0.0000    3.1620
  dyz         0    0.996687556  0.996654265   1.993341821   0.000033291     0.0000   53.5393
   sum over m      4.876429067  4.876275788   9.752704854   0.000153279
  d3z^2-r^2   1   -0.001598688 -0.001620282  -0.003218969   0.000021594     0.0000    0.0000
  dx^2-y^2    1   -0.006431679 -0.006521449  -0.012953128   0.000089770     0.0000    0.0000
  dxy         1    0.000068826  0.000026672   0.000095498   0.000042154     0.0000    0.0000
  dxz         1    0.000050154 -0.000003355   0.000046799   0.000053509     0.0000    0.0000
  dyz         1    0.000815736  0.000814553   0.001630289   0.000001183   180.0000    0.0000
   sum over m     -0.007095650 -0.007303861  -0.014399510   0.000208211
   sum over m+mul  4.869333417  4.868971927   9.738305344   0.000361490

    2   Au          Up spin      Down spin     Sum           Diff           Angles(Deg)
            multiple
  s           0    0.558369176  0.558325514   1.116694690   0.000043661   180.0000  135.9503
   sum over m      0.558369176  0.558325514   1.116694690   0.000043661
  s           1   -0.001935414 -0.001955734  -0.003891147   0.000020320   180.0000    0.0000
   sum over m     -0.001935414 -0.001955734  -0.003891147   0.000020320
   sum over m+mul  0.556433762  0.556369781   1.112803543   0.000063981
  px          0    0.994378784  0.994378304   1.988757088   0.000000481   180.0000    0.0000
  py          0    0.997336303  0.997336072   1.994672375   0.000000231   180.0000    0.0000
  pz          0    0.997337282  0.997335333   1.994672615   0.000001950     0.0000    0.0000
   sum over m      2.989052370  2.989049709   5.978102079   0.000002661
  px          1    0.060250809  0.060200686   0.120451495   0.000050124   180.0000  -64.2830
  py          1    0.012103828  0.012099302   0.024203130   0.000004526   180.0000    0.0000
  pz          1    0.012093730  0.012091277   0.024185007   0.000002453     0.0000    0.0000
   sum over m      0.084448367  0.084391264   0.168839631   0.000057103
   sum over m+mul  3.073500737  3.073440973   6.146941710   0.000059764
  d3z^2-r^2   0    0.985034503  0.985033993   1.970068496   0.000000509   180.0000   42.7654
  dx^2-y^2    0    0.961964404  0.961950294   1.923914698   0.000014111   180.0000  181.4209
  dxy         0    0.966504467  0.966485685   1.932990152   0.000018783   180.0000   23.1264
  dxz         0    0.966530176  0.966510112   1.933040288   0.000020064   180.0000   27.8961
  dyz         0    0.996686471  0.996683847   1.993370318   0.000002624   180.0000   47.9908
   sum over m      4.876720021  4.876663930   9.753383952   0.000056091
  d3z^2-r^2   1   -0.001581963 -0.001595079  -0.003177042   0.000013116   180.0000    0.0000
  dx^2-y^2    1   -0.006401872 -0.006443223  -0.012845095   0.000041351   180.0000  187.9087
  dxy         1    0.000086820  0.000076508   0.000163328   0.000010312   180.0000    0.0000
  dxz         1    0.000079457  0.000060230   0.000139687   0.000019228   180.0000    0.0000
  dyz         1    0.000816042  0.000816006   0.001632048   0.000000036     0.0000    0.0000
   sum over m     -0.007001516 -0.007085559  -0.014087075   0.000084043
   sum over m+mul  4.869718505  4.869578371   9.739296877   0.000140134

    3   Au          Up spin      Down spin     Sum           Diff           Angles(Deg)
            multiple
  s           0    0.558810654  0.558771170   1.117581824   0.000039483   180.0000  -14.3169
   sum over m      0.558810654  0.558771170   1.117581824   0.000039483
  s           1   -0.001916207 -0.001922264  -0.003838471   0.000006057   180.0000   26.8772
   sum over m     -0.001916207 -0.001922264  -0.003838471   0.000006057
   sum over m+mul  0.556894447  0.556848907   1.113743353   0.000045540
  px          0    0.994387206  0.994372505   1.988759712   0.000014701     0.0000    0.0000
  py          0    0.997339856  0.997324740   1.994664596   0.000015116     0.0000    0.0000
  pz          0    0.997340538  0.997270448   1.994610986   0.000070089     0.0000    0.0000
   sum over m      2.989067600  2.988967693   5.978035294   0.000099907
  px          1    0.060322041  0.060306102   0.120628143   0.000015939   180.0000   26.4552
  py          1    0.012111554  0.012108219   0.024219773   0.000003334   180.0000  -12.5005
  pz          1    0.012116640  0.012107531   0.024224171   0.000009109   180.0000   -6.2773
   sum over m      0.084550235  0.084521853   0.169072088   0.000028382
   sum over m+mul  3.073617835  3.073489546   6.147107382   0.000128289
  d3z^2-r^2   0    0.985062734  0.985032907   1.970095641   0.000029828   180.0000  259.8043
  dx^2-y^2    0    0.961996835  0.961987641   1.923984476   0.000009194   180.0000  -15.0366
  dxy         0    0.966629025  0.966618533   1.933247558   0.000010493   180.0000  -14.2987
  dxz         0    0.966638880  0.966628820   1.933267700   0.000010060     0.0000   40.3168
  dyz         0    0.996701889  0.996688212   1.993390101   0.000013677   180.0000  221.0782
   sum over m      4.877029364  4.876956112   9.753985476   0.000073252
  d3z^2-r^2   1   -0.001568498 -0.001571518  -0.003140016   0.000003020   180.0000    0.0000
  dx^2-y^2    1   -0.006355953 -0.006368423  -0.012724376   0.000012470   180.0000   50.0096
  dxy         1    0.000111971  0.000094207   0.000206178   0.000017764   180.0000    0.0000
  dxz         1    0.000125160  0.000093298   0.000218457   0.000031862   180.0000    4.7840
  dyz         1    0.000816878  0.000816721   0.001633599   0.000000158   180.0000    0.0000
   sum over m     -0.006870443 -0.006935715  -0.013806158   0.000065273
   sum over m+mul  4.870158921  4.870020397   9.740179318   0.000138525

    4   Au          Up spin      Down spin     Sum           Diff           Angles(Deg)
            multiple
  s           0    0.558512076  0.558459378   1.116971454   0.000052698     0.0000  125.1463
   sum over m      0.558512076  0.558459378   1.116971454   0.000052698
  s           1   -0.001932916 -0.001933234  -0.003866151   0.000000318   180.0000  198.8361
   sum over m     -0.001932916 -0.001933234  -0.003866151   0.000000318
   sum over m+mul  0.556579160  0.556526143   1.113105303   0.000053016
  px          0    0.994401265  0.994401000   1.988802265   0.000000265   180.0000    0.0000
  py          0    0.997339450  0.997339253   1.994678703   0.000000197   180.0000    0.0000
  pz          0    0.997339291  0.997339237   1.994678528   0.000000054     0.0000    0.0000
   sum over m      2.989080006  2.989079490   5.978159496   0.000000516
  px          1    0.060202560  0.060194267   0.120396827   0.000008294   180.0000  187.3489
  py          1    0.012097313  0.012097023   0.024194336   0.000000290   180.0000    0.0000
  pz          1    0.012097446  0.012096108   0.024193554   0.000001338     0.0000  117.4628
   sum over m      0.084397319  0.084387398   0.168784717   0.000009922
   sum over m+mul  3.073477325  3.073466887   6.146944213   0.000010438
  d3z^2-r^2   0    0.985052681  0.985034253   1.970086934   0.000018428     0.0000   91.0225
  dx^2-y^2    0    0.961992598  0.961991881   1.923984479   0.000000717     0.0000   78.2357
  dxy         0    0.966651229  0.966627943   1.933279172   0.000023286   180.0000  254.2613
  dxz         0    0.966655555  0.966620394   1.933275950   0.000035161   180.0000  103.2775
  dyz         0    0.996694140  0.996690016   1.993384156   0.000004125     0.0000   91.4922
   sum over m      4.877046204  4.876964487   9.754010691   0.000081717
  d3z^2-r^2   1   -0.001581111 -0.001582658  -0.003163769   0.000001547     0.0000  -19.2513
  dx^2-y^2    1   -0.006393534 -0.006397076  -0.012790610   0.000003542     0.0000   24.5556
  dxy         1    0.000082675  0.000081741   0.000164416   0.000000934     0.0000    0.0000
  dxz         1    0.000082847  0.000078307   0.000161154   0.000004540     0.0000    0.0000
  dyz         1    0.000815439  0.000815427   0.001630866   0.000000012   180.0000    0.0000
   sum over m     -0.006993683 -0.007004259  -0.013997943   0.000010576
   sum over m+mul  4.870052520  4.869960228   9.740012748   0.000092293

    5   Au          Up spin      Down spin     Sum           Diff           Angles(Deg)
            multiple
  s           0    0.558498095  0.558483909   1.116982005   0.000014186   180.0000  186.5553
   sum over m      0.558498095  0.558483909   1.116982005   0.000014186
  s           1   -0.001941100 -0.001941117  -0.003882217   0.000000017     0.0001   50.9275
   sum over m     -0.001941100 -0.001941117  -0.003882217   0.000000017
   sum over m+mul  0.556556995  0.556542792   1.113099787   0.000014203
  px          0    0.994392847  0.994392842   1.988785689   0.000000006     0.0000    0.0000
  py          0    0.997339348  0.997339334   1.994678681   0.000000014   180.0000    0.0000
  pz          0    0.997339364  0.997339334   1.994678698   0.000000030   180.0000    0.0000
   sum over m      2.989071559  2.989071509   5.978143068   0.000000049
  px          1    0.060215492  0.060213908   0.120429401   0.000001584     0.0000  169.9785
  py          1    0.012097804  0.012097743   0.024195546   0.000000061   180.0000  187.6294
  pz          1    0.012097915  0.012097859   0.024195774   0.000000057   180.0000  190.0390
   sum over m      0.084411211  0.084409510   0.168820721   0.000001702
   sum over m+mul  3.073482770  3.073481019   6.146963789   0.000001751
  d3z^2-r^2   0    0.985045099  0.985042601   1.970087700   0.000002498     0.0000   76.8860
  dx^2-y^2    0    0.961990661  0.961984941   1.923975602   0.000005719   180.0000  200.3071
  dxy         0    0.966640274  0.966628883   1.933269157   0.000011391   180.0000  232.0661
  dxz         0    0.966644632  0.966631194   1.933275826   0.000013438   180.0000  122.0668
  dyz         0    0.996691958  0.996691362   1.993383320   0.000000597   180.0000  -34.8833
   sum over m      4.877012624  4.876978981   9.753991606   0.000033643
  d3z^2-r^2   1   -0.001584086 -0.001584363  -0.003168449   0.000000276   180.0000  -25.9717
  dx^2-y^2    1   -0.006402689 -0.006403097  -0.012805786   0.000000408   180.0000   16.6251
  dxy         1    0.000082062  0.000081957   0.000164019   0.000000106     0.0000    0.0000
  dxz         1    0.000082042  0.000081754   0.000163796   0.000000288     0.0000    0.0000
  dyz         1    0.000815456  0.000815454   0.001630910   0.000000002   179.9999    0.0000
   sum over m     -0.007007216 -0.007008295  -0.014015511   0.000001080
   sum over m+mul  4.870005409  4.869970686   9.739976095   0.000034723

    6   Au          Up spin      Down spin     Sum           Diff           Angles(Deg)
            multiple
  s           0    0.558496266  0.558493993   1.116990258   0.000002273   179.9999  171.6341
   sum over m      0.558496266  0.558493993   1.116990258   0.000002273
  s           1   -0.001939061 -0.001939121  -0.003878182   0.000000059     0.0000  187.7383
   sum over m     -0.001939061 -0.001939121  -0.003878182   0.000000059
   sum over m+mul  0.556557205  0.556554872   1.113112076   0.000002333
  px          0    0.994393835  0.994393824   1.988787659   0.000000010   180.0000    0.0000
  py          0    0.997339322  0.997339315   1.994678638   0.000000007     0.0000    0.0000
  pz          0    0.997339321  0.997339319   1.994678640   0.000000002     0.0001    0.0000
   sum over m      2.989072478  2.989072459   5.978144937   0.000000020
  px          1    0.060210121  0.060209974   0.120420096   0.000000147     0.0001  181.5110
  py          1    0.012097774  0.012097757   0.024195530   0.000000017   179.9999  179.3728
  pz          1    0.012097932  0.012097721   0.024195654   0.000000211   180.0000  198.2373
   sum over m      0.084405827  0.084405452   0.168811280   0.000000375
   sum over m+mul  3.073478306  3.073477911   6.146956216   0.000000395
  d3z^2-r^2   0    0.985042904  0.985041335   1.970084239   0.000001569   180.0000  120.3388
  dx^2-y^2    0    0.961989918  0.961988737   1.923978656   0.000001181     0.0000  166.5569
  dxy         0    0.966632304  0.966631713   1.933264017   0.000000591     0.0001  229.3203
  dxz         0    0.966632376  0.966630331   1.933262707   0.000002044     0.0000  129.4745
  dyz         0    0.996691281  0.996690969   1.993382250   0.000000312   180.0000  265.1301
   sum over m      4.876988783  4.876983086   9.753971869   0.000005697
  d3z^2-r^2   1   -0.001583612 -0.001583664  -0.003167276   0.000000051   180.0000  -35.3156
  dx^2-y^2    1   -0.006400889 -0.006400971  -0.012801860   0.000000082     0.0000   -0.8587
  dxy         1    0.000082015  0.000081964   0.000163980   0.000000051   180.0000    0.0000
  dxz         1    0.000082074  0.000081961   0.000164036   0.000000113   180.0000    0.0000
  dyz         1    0.000815451  0.000815451   0.001630902   0.000000001     0.0001    0.0000
   sum over m     -0.007004960 -0.007005259  -0.014010218   0.000000299
   sum over m+mul  4.869983824  4.869977827   9.739961651   0.000005997

    7   Au          Up spin      Down spin     Sum           Diff           Angles(Deg)
            multiple
  s           0    0.558458316  0.558455567   1.116913884   0.000002749     0.0000  190.5202
   sum over m      0.558458316  0.558455567   1.116913884   0.000002749
  s           1   -0.001932547 -0.001932629  -0.003865176   0.000000081     0.0000  177.0787
   sum over m     -0.001932547 -0.001932629  -0.003865176   0.000000081
   sum over m+mul  0.556525769  0.556522939   1.113048708   0.000002830
  px          0    0.994400301  0.994400299   1.988800601   0.000000002     0.0002    0.0000
  py          0    0.997339279  0.997339275   1.994678554   0.000000004     0.0000    0.0000
  pz          0    0.997339279  0.997339274   1.994678553   0.000000006     0.0001    0.0000
   sum over m      2.989078859  2.989078848   5.978157707   0.000000011
  px          1    0.060216807  0.060215718   0.120432526   0.000001089   180.0000  172.2453
  py          1    0.012097817  0.012097769   0.024195586   0.000000048   180.0000    0.0000
  pz          1    0.012097825  0.012097765   0.024195591   0.000000060   180.0000  225.3925
   sum over m      0.084412449  0.084411253   0.168823702   0.000001197
   sum over m+mul  3.073491309  3.073490101   6.146981410   0.000001208
  d3z^2-r^2   0    0.985044533  0.985043021   1.970087554   0.000001511   180.0000   87.5621
  dx^2-y^2    0    0.961993893  0.961993567   1.923987460   0.000000326     0.0000  219.6018
  dxy         0    0.966631719  0.966629636   1.933261355   0.000002084     0.0000  232.1684
  dxz         0    0.966631078  0.966629244   1.933260322   0.000001834     0.0001  131.6065
  dyz         0    0.996691224  0.996691131   1.993382355   0.000000093   179.9999  -51.5198
   sum over m      4.876992447  4.876986599   9.753979045   0.000005848
  d3z^2-r^2   1   -0.001581646 -0.001581662  -0.003163308   0.000000016     0.0001    5.3222
  dx^2-y^2    1   -0.006394983 -0.006395027  -0.012790009   0.000000044     0.0001  -23.4881
  dxy         1    0.000082458  0.000082432   0.000164890   0.000000025   180.0000    0.0000
  dxz         1    0.000082459  0.000082444   0.000164902   0.000000015   180.0000    0.0000
  dyz         1    0.000815469  0.000815468   0.001630937   0.000000002   179.9999    0.0000
   sum over m     -0.006996243 -0.006996345  -0.013992588   0.000000102
   sum over m+mul  4.869996204  4.869990253   9.739986457   0.000005950

    8   Au          Up spin      Down spin     Sum           Diff           Angles(Deg)
            multiple
  s           0    0.558523223  0.558520317   1.117043540   0.000002906   180.0000  184.5420
   sum over m      0.558523223  0.558520317   1.117043540   0.000002906
  s           1   -0.001946116 -0.001946249  -0.003892365   0.000000133   180.0000  233.1151
   sum over m     -0.001946116 -0.001946249  -0.003892365   0.000000133
   sum over m+mul  0.556577107  0.556574068   1.113151175   0.000003039
  px          0    0.994388018  0.994388016   1.988776034   0.000000002   179.9999    0.0000
  py          0    0.997339374  0.997339373   1.994678747   0.000000001   179.9998    0.0000
  pz          0    0.997339376  0.997339371   1.994678747   0.000000005   180.0000    0.0000
   sum over m      2.989066768  2.989066760   5.978133528   0.000000008
  px          1    0.060208718  0.060207216   0.120415934   0.000001501     0.0000  214.2207
  py          1    0.012097821  0.012097809   0.024195630   0.000000012     0.0000    0.0000
  pz          1    0.012097828  0.012097756   0.024195584   0.000000073     0.0000    0.0000
   sum over m      0.084404366  0.084402781   0.168807147   0.000001586
   sum over m+mul  3.073471135  3.073469541   6.146940676   0.000001593
  d3z^2-r^2   0    0.985042104  0.985040754   1.970082858   0.000001350     0.0000   46.4612
  dx^2-y^2    0    0.961987448  0.961986934   1.923974382   0.000000515     0.0000  -28.1835
  dxy         0    0.966630208  0.966629464   1.933259673   0.000000744   179.9998  229.1504
  dxz         0    0.966630947  0.966628814   1.933259762   0.000002133   179.9999  131.8086
  dyz         0    0.996690938  0.996690734   1.993381672   0.000000203     0.0001  -52.1587
   sum over m      4.876981645  4.876976700   9.753958346   0.000004945
  d3z^2-r^2   1   -0.001585785 -0.001585801  -0.003171585   0.000000016     0.0000    0.0000
  dx^2-y^2    1   -0.006407334 -0.006407447  -0.012814781   0.000000114   180.0000  -78.6185
  dxy         1    0.000081718  0.000081681   0.000163400   0.000000037     0.0000   30.0171
  dxz         1    0.000081718  0.000081662   0.000163381   0.000000056     0.0000  -33.3455
  dyz         1    0.000815437  0.000815435   0.001630872   0.000000001     0.0001    0.0000
   sum over m     -0.007014245 -0.007014469  -0.014028715   0.000000224
   sum over m+mul  4.869967400  4.869962231   9.739929631   0.000005169

    9   Au          Up spin      Down spin     Sum           Diff           Angles(Deg)
            multiple
  s           0    0.558456171  0.558453422   1.116909594   0.000002749     0.0000  -14.2480
   sum over m      0.558456171  0.558453422   1.116909594   0.000002749
  s           1   -0.001932035 -0.001932116  -0.003864151   0.000000081     0.0000    0.0000
   sum over m     -0.001932035 -0.001932116  -0.003864151   0.000000081
   sum over m+mul  0.556524136  0.556521306   1.113045443   0.000002830
  px          0    0.994400881  0.994400879   1.988801761   0.000000002     0.0003    0.0000
  py          0    0.997339275  0.997339271   1.994678546   0.000000004     0.0000    0.0000
  pz          0    0.997339276  0.997339270   1.994678546   0.000000006     0.0001    0.0000
   sum over m      2.989079432  2.989079421   5.978158853   0.000000011
  px          1    0.060217237  0.060216148   0.120433385   0.000001089   180.0000   27.0576
  py          1    0.012097802  0.012097755   0.024195557   0.000000048   180.0000   -1.9028
  pz          1    0.012097811  0.012097751   0.024195562   0.000000060   180.0000   -0.5405
   sum over m      0.084412851  0.084411654   0.168824505   0.000001197
   sum over m+mul  3.073492283  3.073491075   6.146983358   0.000001208
  d3z^2-r^2   0    0.985044761  0.985043250   1.970088010   0.000001511   180.0000   39.2381
  dx^2-y^2    0    0.961994395  0.961994069   1.923988464   0.000000326     0.0000  -49.6336
  dxy         0    0.966632363  0.966630280   1.933262643   0.000002083     0.0001  224.1035
  dxz         0    0.966631722  0.966629888   1.933261610   0.000001834     0.0001  137.0595
  dyz         0    0.996691295  0.996691202   1.993382497   0.000000092   179.9998  -41.4018
   sum over m      4.876994535  4.876988688   9.753983223   0.000005847
  d3z^2-r^2   1   -0.001581497 -0.001581513  -0.003163010   0.000000016     0.0001  184.5208
  dx^2-y^2    1   -0.006394536 -0.006394580  -0.012789116   0.000000044     0.0001  180.8151
  dxy         1    0.000082488  0.000082463   0.000164951   0.000000025   180.0000   19.4826
  dxz         1    0.000082489  0.000082474   0.000164963   0.000000015   179.9999  -22.5368
  dyz         1    0.000815470  0.000815469   0.001630939   0.000000002   179.9999    0.0000
   sum over m     -0.006995586 -0.006995688  -0.013991274   0.000000102
   sum over m+mul  4.869998949  4.869993000   9.739991950   0.000005949

   10   Au          Up spin      Down spin     Sum           Diff           Angles(Deg)
            multiple
  s           0    0.558502251  0.558499978   1.117002229   0.000002273   180.0000    8.0556
   sum over m      0.558502251  0.558499978   1.117002229   0.000002273
  s           1   -0.001940282 -0.001940341  -0.003880623   0.000000059     0.0001   -3.7161
   sum over m     -0.001940282 -0.001940341  -0.003880623   0.000000059
   sum over m+mul  0.556561969  0.556559637   1.113121606   0.000002332
  px          0    0.994392820  0.994392809   1.988785629   0.000000010   180.0000    0.0000
  py          0    0.997339331  0.997339324   1.994678655   0.000000007     0.0000    0.0000
  pz          0    0.997339330  0.997339327   1.994678657   0.000000002     0.0003  163.6750
   sum over m      2.989071480  2.989071460   5.978142941   0.000000020
  px          1    0.060209713  0.060209566   0.120419280   0.000000147     0.0001   -8.5158
  py          1    0.012097790  0.012097772   0.024195562   0.000000017   179.9999   -5.5582
  pz          1    0.012097948  0.012097737   0.024195685   0.000000211   180.0000   20.9416
   sum over m      0.084405451  0.084405076   0.168810527   0.000000375
   sum over m+mul  3.073476931  3.073476536   6.146953468   0.000000395
  d3z^2-r^2   0    0.985042862  0.985041293   1.970084154   0.000001569   180.0000   47.9854
  dx^2-y^2    0    0.961989533  0.961988352   1.923977885   0.000001181     0.0000   24.7754
  dxy         0    0.966633624  0.966633034   1.933266658   0.000000591     0.0002  219.4781
  dxz         0    0.966633696  0.966631652   1.933265348   0.000002045     0.0001  142.8612
  dyz         0    0.996691420  0.996691108   1.993382528   0.000000312   180.0000  -28.6355
   sum over m      4.876991135  4.876985438   9.753976574   0.000005697
  d3z^2-r^2   1   -0.001583989 -0.001584041  -0.003168030   0.000000051   179.9999  199.0976
  dx^2-y^2    1   -0.006402019 -0.006402102  -0.012804121   0.000000082     0.0001  177.5074
  dxy         1    0.000081956  0.000081905   0.000163861   0.000000051   180.0000   16.1804
  dxz         1    0.000082015  0.000081902   0.000163917   0.000000113   180.0000  -18.5722
  dyz         1    0.000815451  0.000815450   0.001630900   0.000000001     0.0005    0.0000
   sum over m     -0.007006587 -0.007006886  -0.014013473   0.000000299
   sum over m+mul  4.869984549  4.869978552   9.739963101   0.000005996

   11   Au          Up spin      Down spin     Sum           Diff           Angles(Deg)
            multiple
  s           0    0.558494193  0.558480006   1.116974199   0.000014188   180.0000   -3.4717
   sum over m      0.558494193  0.558480006   1.116974199   0.000014188
  s           1   -0.001939861 -0.001939878  -0.003879738   0.000000017     0.0001  153.0213
   sum over m     -0.001939861 -0.001939878  -0.003879738   0.000000017
   sum over m+mul  0.556554333  0.556540128   1.113094461   0.000014205
  px          0    0.994393854  0.994393848   1.988787702   0.000000006     0.0001    0.0000
  py          0    0.997339338  0.997339324   1.994678662   0.000000014   180.0000    0.0000
  pz          0    0.997339354  0.997339325   1.994678679   0.000000030   180.0000    0.0000
   sum over m      2.989072547  2.989072497   5.978145044   0.000000049
  px          1    0.060216209  0.060214626   0.120430835   0.000001583     0.0000   19.0253
  py          1    0.012097787  0.012097727   0.024195514   0.000000061   180.0000  -10.1526
  pz          1    0.012097899  0.012097842   0.024195742   0.000000057   180.0000   -8.9140
   sum over m      0.084411895  0.084410195   0.168822090   0.000001701
   sum over m+mul  3.073484442  3.073482692   6.146967134   0.000001750
  d3z^2-r^2   0    0.985045534  0.985043036   1.970088570   0.000002497     0.0000   33.1233
  dx^2-y^2    0    0.961991580  0.961985861   1.923977440   0.000005719   180.0000   -6.5512
  dxy         0    0.966641651  0.966630261   1.933271912   0.000011391   180.0000  214.2508
  dxz         0    0.966646008  0.966632572   1.933278580   0.000013436   180.0000  143.9660
  dyz         0    0.996692126  0.996691529   1.993383655   0.000000597   180.0000  -44.5911
   sum over m      4.877016898  4.876983258   9.754000157   0.000033640
  d3z^2-r^2   1   -0.001583697 -0.001583974  -0.003167671   0.000000276   180.0000  193.3938
  dx^2-y^2    1   -0.006401528 -0.006401936  -0.012803464   0.000000408   180.0000  172.2392
  dxy         1    0.000082108  0.000082002   0.000164109   0.000000106     0.0000    5.1143
  dxz         1    0.000082087  0.000081799   0.000163886   0.000000288     0.0000  -20.9042
  dyz         1    0.000815459  0.000815457   0.001630917   0.000000002   179.9999    0.0000
   sum over m     -0.007005572 -0.007006651  -0.014012223   0.000001080
   sum over m+mul  4.870011327  4.869976607   9.739987934   0.000034720

   12   Au          Up spin      Down spin     Sum           Diff           Angles(Deg)
            multiple
  s           0    0.558515031  0.558462335   1.116977367   0.000052696     0.0000   65.0938
   sum over m      0.558515031  0.558462335   1.116977367   0.000052696
  s           1   -0.001933416 -0.001933735  -0.003867151   0.000000318   180.0000   -6.3002
   sum over m     -0.001933416 -0.001933735  -0.003867151   0.000000318
   sum over m+mul  0.556581615  0.556528601   1.113110216   0.000053014
  px          0    0.994400682  0.994400417   1.988801099   0.000000265   180.0000    0.0000
  py          0    0.997339454  0.997339257   1.994678710   0.000000197   180.0000    0.0000
  pz          0    0.997339294  0.997339240   1.994678535   0.000000054     0.0000    0.0000
   sum over m      2.989079430  2.989078914   5.978158344   0.000000516
  px          1    0.060202413  0.060194118   0.120396530   0.000008295   180.0000   25.0339
  py          1    0.012097323  0.012097033   0.024194357   0.000000290   180.0000   -0.4093
  pz          1    0.012097456  0.012096118   0.024193574   0.000001338     0.0000   46.2492
   sum over m      0.084397192  0.084387269   0.168784461   0.000009923
   sum over m+mul  3.073476622  3.073466183   6.146942804   0.000010439
  d3z^2-r^2   0    0.985052640  0.985034212   1.970086852   0.000018428     0.0000   52.3112
  dx^2-y^2    0    0.961992294  0.961991577   1.923983871   0.000000717     0.0000   70.6099
  dxy         0    0.966652180  0.966628893   1.933281073   0.000023287   180.0000  207.9115
  dxz         0    0.966656505  0.966621346   1.933277851   0.000035159   180.0000  146.3590
  dyz         0    0.996694244  0.996690119   1.993384363   0.000004125     0.0000   -9.2797
   sum over m      4.877047863  4.876966147   9.754014011   0.000081716
  d3z^2-r^2   1   -0.001581250 -0.001582797  -0.003164047   0.000001547     0.0000  182.1982
  dx^2-y^2    1   -0.006393952 -0.006397494  -0.012791446   0.000003542     0.0000  158.4970
  dxy         1    0.000082637  0.000081703   0.000164339   0.000000934     0.0000    5.1371
  dxz         1    0.000082809  0.000078269   0.000161078   0.000004540     0.0000   18.4021
  dyz         1    0.000815439  0.000815427   0.001630867   0.000000012   180.0000    0.0000
   sum over m     -0.006994317 -0.007004892  -0.013999209   0.000010576
   sum over m+mul  4.870053547  4.869961255   9.740014802   0.000092292

   13   Au          Up spin      Down spin     Sum           Diff           Angles(Deg)
            multiple
  s           0    0.558809853  0.558770367   1.117580220   0.000039486   180.0000   45.7267
   sum over m      0.558809853  0.558770367   1.117580220   0.000039486
  s           1   -0.001916494 -0.001922551  -0.003839045   0.000006057   180.0000  115.8702
   sum over m     -0.001916494 -0.001922551  -0.003839045   0.000006057
   sum over m+mul  0.556893359  0.556847816   1.113741175   0.000045543
  px          0    0.994387209  0.994372508   1.988759717   0.000014701     0.0000    0.0000
  py          0    0.997339856  0.997324740   1.994664596   0.000015116     0.0000    0.0000
  pz          0    0.997340537  0.997270448   1.994610985   0.000070089     0.0000    0.0000
   sum over m      2.989067603  2.988967695   5.978035298   0.000099907
  px          1    0.060321693  0.060305754   0.120627447   0.000015939   180.0000   61.5184
  py          1    0.012111512  0.012108178   0.024219690   0.000003334   180.0000  -11.2921
  pz          1    0.012116599  0.012107490   0.024224089   0.000009109   180.0000   25.6006
   sum over m      0.084549804  0.084521422   0.169071226   0.000028382
   sum over m+mul  3.073617407  3.073489117   6.147106524   0.000128289
  d3z^2-r^2   0    0.985062697  0.985032867   1.970095564   0.000029830   180.0000   56.9990
  dx^2-y^2    0    0.961996701  0.961987507   1.923984207   0.000009194   180.0000  102.1403
  dxy         0    0.966629225  0.966618732   1.933247957   0.000010493   180.0000  200.0010
  dxz         0    0.966639081  0.966629018   1.933268099   0.000010063     0.0000  151.1770
  dyz         0    0.996701895  0.996688218   1.993390113   0.000013677   180.0000  -41.7787
   sum over m      4.877029599  4.876956342   9.753985941   0.000073258
  d3z^2-r^2   1   -0.001568635 -0.001571655  -0.003140291   0.000003020   180.0000  177.7606
  dx^2-y^2    1   -0.006356346 -0.006368816  -0.012725161   0.000012470   180.0000  123.7981
  dxy         1    0.000111902  0.000094138   0.000206040   0.000017764   180.0000   10.3777
  dxz         1    0.000125090  0.000093229   0.000218319   0.000031862   180.0000   37.4877
  dyz         1    0.000816869  0.000816711   0.001633580   0.000000158   180.0000    0.0000
   sum over m     -0.006871120 -0.006936393  -0.013807513   0.000065273
   sum over m+mul  4.870158479  4.870019949   9.740178428   0.000138530

   14   Au          Up spin      Down spin     Sum           Diff           Angles(Deg)
            multiple
  s           0    0.558368989  0.558325327   1.116694316   0.000043662   180.0000  143.6509
   sum over m      0.558368989  0.558325327   1.116694316   0.000043662
  s           1   -0.001935453 -0.001955773  -0.003891226   0.000020320   180.0000    0.0000
   sum over m     -0.001935453 -0.001955773  -0.003891226   0.000020320
   sum over m+mul  0.556433536  0.556369554   1.112803090   0.000063982
  px          0    0.994379030  0.994378550   1.988757580   0.000000481   180.0000    0.0000
  py          0    0.997336324  0.997336093   1.994672417   0.000000231   180.0000    0.0000
  pz          0    0.997337303  0.997335354   1.994672657   0.000001950     0.0000    0.0000
   sum over m      2.989052658  2.989049996   5.978102654   0.000002661
  px          1    0.060251041  0.060200918   0.120451959   0.000050124   180.0000  -50.5561
  py          1    0.012103813  0.012099286   0.024203099   0.000004526   180.0000    0.0000
  pz          1    0.012093715  0.012091261   0.024184976   0.000002453     0.0000  -64.6048
   sum over m      0.084448569  0.084391465   0.168840034   0.000057103
   sum over m+mul  3.073501226  3.073441462   6.146942688   0.000059764
  d3z^2-r^2   0    0.985034567  0.985034057   1.970068625   0.000000510   180.0000   10.5801
  dx^2-y^2    0    0.961964577  0.961950467   1.923915044   0.000014110   180.0000  216.4720
  dxy         0    0.966504518  0.966485736   1.932990255   0.000018782   180.0000  203.4705
  dxz         0    0.966530228  0.966510166   1.933040393   0.000020062   180.0000  152.4235
  dyz         0    0.996686482  0.996683858   1.993370340   0.000002624   180.0000  -31.0540
   sum over m      4.876720372  4.876664284   9.753384656   0.000056089
  d3z^2-r^2   1   -0.001581992 -0.001595108  -0.003177100   0.000013116   180.0000    0.0000
  dx^2-y^2    1   -0.006401955 -0.006443307  -0.012845262   0.000041351   180.0000    0.0000
  dxy         1    0.000086866  0.000076553   0.000163419   0.000010312   180.0000    0.0000
  dxz         1    0.000079503  0.000060275   0.000139778   0.000019228   180.0000    0.0000
  dyz         1    0.000816040  0.000816004   0.001632044   0.000000036     0.0000    0.0000
   sum over m     -0.007001539 -0.007085582  -0.014087121   0.000084043
   sum over m+mul  4.869718834  4.869578702   9.739297535   0.000140132

   15   Au          Up spin      Down spin     Sum           Diff           Angles(Deg)
            multiple
  s           0    0.558353357  0.558110622   1.116463979   0.000242735     0.0000  -76.2924
   sum over m      0.558353357  0.558110622   1.116463979   0.000242735
  s           1   -0.001941019 -0.001974565  -0.003915584   0.000033546     0.0000    0.0000
   sum over m     -0.001941019 -0.001974565  -0.003915584   0.000033546
   sum over m+mul  0.556412338  0.556136057   1.112548396   0.000276281
  px          0    0.994398315  0.994024842   1.988423157   0.000373473   180.0000  166.4022
  py          0    0.997374132  0.997259862   1.994633993   0.000114270   180.0000    0.0000
  pz          0    0.997533280  0.997199477   1.994732757   0.000333803   180.0000    0.0000
   sum over m      2.989305727  2.988484180   5.977789907   0.000821547
  px          1    0.060025448  0.058779931   0.118805379   0.001245516   180.0000    0.0000
  py          1    0.012104864  0.011920671   0.024025535   0.000184193   180.0000    0.0000
  pz          1    0.012166453  0.011718387   0.023884839   0.000448066   180.0000    0.0000
   sum over m      0.084296764  0.082418989   0.166715753   0.001877776
   sum over m+mul  3.073602492  3.070903169   6.144505661   0.002699323
  d3z^2-r^2   0    0.984982804  0.984971457   1.969954261   0.000011346     0.0000   17.5456
  dx^2-y^2    0    0.961940983  0.961918603   1.923859587   0.000022380     0.0000  214.9521
  dxy         0    0.966450178  0.966417809   1.932867987   0.000032369     0.0000  194.9930
  dxz         0    0.966367375  0.966313482   1.932680857   0.000053893     0.0000  146.9202
  dyz         0    0.996687550  0.996654259   1.993341809   0.000033291     0.0000  -32.9733
   sum over m      4.876428890  4.876275611   9.752704501   0.000153279
  d3z^2-r^2   1   -0.001598624 -0.001620218  -0.003218842   0.000021594     0.0000    0.0000
  dx^2-y^2    1   -0.006431487 -0.006521258  -0.012952745   0.000089770     0.0000    0.0000
  dxy         1    0.000068834  0.000026680   0.000095514   0.000042154     0.0000    0.0000
  dxz         1    0.000050162 -0.000003347   0.000046815   0.000053509     0.0000    0.0000
  dyz         1    0.000815736  0.000814552   0.001630288   0.000001183   180.0000    0.0000
   sum over m     -0.007095379 -0.007303590  -0.014398969   0.000208211
   sum over m+mul  4.869333511  4.868972020   9.738305531   0.000361490

***********************************************************
***********************************************************
                     Orbital moments                       
***********************************************************
***********************************************************

   Total Orbital Moment (muB)   0.004971596   Angles  (Deg) 180.000000000  -2.462142242

          Orbital moment (muB)   theta (Deg)  phi (Deg)
    1   Au   0.00275           180.00000  -80.47611
    2   Au   0.00010             0.00000   39.01598
    3   Au   0.00006             0.00000  -48.13395
    4   Au   0.00008             0.00000  257.24621
    5   Au   0.00005             0.00000   85.45178
    6   Au   0.00001           179.99999  -35.15998
    7   Au   0.00001           179.99999  -29.80954
    8   Au   0.00001             0.00003   -4.31811
    9   Au   0.00001           179.99998  -21.65745
   10   Au   0.00001           179.99998    1.16129
   11   Au   0.00005             0.00001   28.29979
   12   Au   0.00008             0.00000  -53.20919
   13   Au   0.00006             0.00000  -22.51310
   14   Au   0.00010             0.00000   62.78272
   15   Au   0.00275           180.00000   91.75791


  Decomposed Orbital Moments

    1   Au         Orbital Moment(muB)    Angles (Deg)
            multiple
  s           0    0.000000000          180.0000    0.0000
   sum over m      0.000000000          180.0000    0.0000
  s           1    0.000000000           90.0000    0.0000
   sum over m      0.000000000           90.0000    0.0000
  px          0    0.000245647          180.0000  -90.0000
  py          0    0.000245647          180.0000  180.0000
  pz          0    0.000000000           90.2215  262.3553
   sum over m      0.000491293          180.0000  262.3553
  px          1    0.000663766          180.0000  -90.0000
  py          1    0.000663766          180.0000   -0.0000
  pz          1    0.000000000           89.9937  -86.3858
   sum over m      0.001327533          180.0000  -86.3858
  d3z^2-r^2   0    0.000000000           89.4112   71.6333
  dx^2-y^2    0    0.000099189          180.0000  261.2465
  dxy         0    0.000099189          180.0000  130.3594
  dxz         0    0.000067390          180.0000  236.7749
  dyz         0    0.000067390          180.0000   75.1937
   sum over m      0.000333157          180.0000  206.9318
  d3z^2-r^2   1    0.000000000           89.7922  157.9504
  dx^2-y^2    1    0.000295752          180.0000   12.5804
  dxy         1    0.000295752          180.0000  -11.4265
  dxz         1    0.000005699          180.0000   36.7960
  dyz         1    0.000005699          180.0000  216.9355
   sum over m      0.000602902          180.0000   36.7446

    2   Au         Orbital Moment(muB)    Angles (Deg)
            multiple
  s           0    0.000000000           90.0000    0.0000
   sum over m      0.000000000           90.0000    0.0000
  s           1    0.000000000           90.0000    0.0000
   sum over m      0.000000000           90.0000    0.0000
  px          0    0.000000187          180.0000   90.0000
  py          0    0.000000187          180.0000   -0.0000
  pz          0    0.000000000           90.0189   68.3590
   sum over m      0.000000375          180.0000   68.3590
  px          1    0.000001997            0.0000   90.0000
  py          1    0.000001997            0.0000   -0.0000
  pz          1    0.000000000           89.9944   79.8464
   sum over m      0.000003994            0.0000   79.8464
  d3z^2-r^2   0    0.000000000           89.9978  172.4298
  dx^2-y^2    0    0.000041692            0.0000  -53.3841
  dxy         0    0.000041692            0.0000   86.1086
  dxz         0    0.000006443            0.0000  -86.7813
  dyz         0    0.000006443            0.0000   94.4027
   sum over m      0.000096270            0.0000  267.5487
  d3z^2-r^2   1    0.000000000           90.0089   -0.4334
  dx^2-y^2    1    0.000001401            0.0000  138.2021
  dxy         1    0.000001401            0.0000   -3.2476
  dxz         1    0.000000873          180.0000   14.5011
  dyz         1    0.000000873          180.0000  205.7166
   sum over m      0.000001054            0.0000   12.8907

    3   Au         Orbital Moment(muB)    Angles (Deg)
            multiple
  s           0    0.000000000           90.0000    0.0000
   sum over m      0.000000000           90.0000    0.0000
  s           1    0.000000000           90.0000    0.0000
   sum over m      0.000000000           90.0000    0.0000
  px          0    0.000014615            0.0000  270.0000
  py          0    0.000014615            0.0000    0.0000
  pz          0    0.000000000           90.0436  -22.9621
   sum over m      0.000029229            0.0000  -22.9621
  px          1    0.000002829          180.0000   90.0000
  py          1    0.000002829          180.0000  180.0000
  pz          1    0.000000000           89.9998  109.8830
   sum over m      0.000005658          180.0000  109.8830
  d3z^2-r^2   0    0.000000000           90.0424  -78.4894
  dx^2-y^2    0    0.000027437          180.0000  245.2436
  dxy         0    0.000027437          180.0000   20.6991
  dxz         0    0.000022051            0.0000  -75.6410
  dyz         0    0.000022051            0.0000  129.7910
   sum over m      0.000010772          180.0000  -79.0091
  d3z^2-r^2   1    0.000000000           89.9940   -4.5838
  dx^2-y^2    1    0.000021921            0.0000  211.6981
  dxy         1    0.000021921            0.0000  -10.9713
  dxz         1    0.000000384          180.0000  -62.7326
  dyz         1    0.000000384          180.0000  -11.7351
   sum over m      0.000043074            0.0000  -47.8264

    4   Au         Orbital Moment(muB)    Angles (Deg)
            multiple
  s           0    0.000000000           90.0000    0.0000
   sum over m      0.000000000           90.0000    0.0000
  s           1    0.000000000           90.0000    0.0000
   sum over m      0.000000000           90.0000    0.0000
  px          0    0.000000345          180.0000  -90.0000
  py          0    0.000000345          180.0000    0.0000
  pz          0    0.000000000           90.0027  -59.7180
   sum over m      0.000000689          180.0000  -59.7180
  px          1    0.000000377          179.9999  -90.0000
  py          1    0.000000377          180.0000  180.0000
  pz          1    0.000000000           90.0006  262.1438
   sum over m      0.000000754          179.9999  262.1438
  d3z^2-r^2   0    0.000000000           90.0016  259.1776
  dx^2-y^2    0    0.000040871            0.0000  -66.7131
  dxy         0    0.000040871            0.0000  -41.3376
  dxz         0    0.000001972          180.0000  -79.3005
  dyz         0    0.000001972          180.0000  269.1453
   sum over m      0.000077799            0.0000  -80.9160
  d3z^2-r^2   1    0.000000000           90.0009  131.3490
  dx^2-y^2    1    0.000003398            0.0000   10.8248
  dxy         1    0.000003398            0.0000  130.8284
  dxz         1    0.000000009            0.0034  126.4225
  dyz         1    0.000000009            0.0024  103.5573
   sum over m      0.000006813            0.0000  116.9791

    5   Au         Orbital Moment(muB)    Angles (Deg)
            multiple
  s           0    0.000000000           90.0000    0.0000
   sum over m      0.000000000           90.0000    0.0000
  s           1    0.000000000           90.0000    0.0000
   sum over m      0.000000000           90.0000    0.0000
  px          0    0.000000006          179.9993  270.0000
  py          0    0.000000006          179.9997  180.0000
  pz          0    0.000000000           89.9855  249.0784
   sum over m      0.000000012          179.9992  249.0784
  px          1    0.000000131            0.0000  270.0000
  py          1    0.000000131            0.0001  180.0000
  pz          1    0.000000000           89.9999  202.2564
   sum over m      0.000000262            0.0001  202.2564
  d3z^2-r^2   0    0.000000000           89.9988  266.2007
  dx^2-y^2    0    0.000022652            0.0000  -56.3301
  dxy         0    0.000022652            0.0000   29.0047
  dxz         0    0.000002953            0.0000  -55.7745
  dyz         0    0.000002953            0.0000   77.6635
   sum over m      0.000051211            0.0000  -39.2356
  d3z^2-r^2   1    0.000000000           90.0002   72.9818
  dx^2-y^2    1    0.000000036            0.0011  122.1340
  dxy         1    0.000000036            0.0001  264.1328
  dxz         1    0.000000008          179.9910   90.3835
  dyz         1    0.000000008          179.9988  209.5540
   sum over m      0.000000055            0.0026   97.4086

    6   Au         Orbital Moment(muB)    Angles (Deg)
            multiple
  s           0    0.000000000           90.0000    0.0000
   sum over m      0.000000000           90.0000    0.0000
  s           1    0.000000000           90.0000    0.0000
   sum over m      0.000000000           90.0000    0.0000
  px          0    0.000000004          179.9980  270.0000
  py          0    0.000000004          179.9999    0.0000
  pz          0    0.000000000           89.9970  266.1281
   sum over m      0.000000008          179.9980  266.1281
  px          1    0.000000105            0.0002  270.0000
  py          1    0.000000105            0.0001   -0.0000
  pz          1    0.000000000           89.9998  -58.3107
   sum over m      0.000000210            0.0002  -58.3107
  d3z^2-r^2   0    0.000000000           89.9989  -75.9244
  dx^2-y^2    0    0.000006294          180.0000   78.8065
  dxy         0    0.000006294          180.0000   31.0793
  dxz         0    0.000000384            0.0001  -28.5638
  dyz         0    0.000000384            0.0001   67.7841
   sum over m      0.000011819          180.0000    2.6807
  d3z^2-r^2   1    0.000000000           90.0003  261.0174
  dx^2-y^2    1    0.000000148            0.0001  128.8582
  dxy         1    0.000000148            0.0000  135.7727
  dxz         1    0.000000010          179.9988  256.5657
  dyz         1    0.000000010          179.9989  165.3988
   sum over m      0.000000276            0.0001  214.1512

    7   Au         Orbital Moment(muB)    Angles (Deg)
            multiple
  s           0    0.000000000           90.0000    0.0000
   sum over m      0.000000000           90.0000    0.0000
  s           1    0.000000000           90.0000    0.0000
   sum over m      0.000000000           90.0000    0.0000
  px          0    0.000000004            0.0001    0.0000
  py          0    0.000000004            0.0001    0.0000
  pz          0    0.000000000           90.0000    0.0000
   sum over m      0.000000008            0.0001  122.2866
  px          1    0.000000456          179.9999  -90.0000
  py          1    0.000000456          180.0000   -0.0000
  pz          1    0.000000000           89.9998  -80.7409
   sum over m      0.000000911          179.9999  -80.7409
  d3z^2-r^2   0    0.000000000           89.9999  -66.8336
  dx^2-y^2    0    0.000006763          180.0000   92.8863
  dxy         0    0.000006763          180.0000   15.5501
  dxz         0    0.000000136          179.9994   -9.9643
  dyz         0    0.000000136          179.9998   62.4857
   sum over m      0.000013797          180.0000    5.1198
  d3z^2-r^2   1    0.000000000           89.9999  213.6570
  dx^2-y^2    1    0.000000018          179.9993  150.0802
  dxy         1    0.000000018          179.9985  188.2505
  dxz         1    0.000000005          179.9946  178.1398
  dyz         1    0.000000005          179.9958  190.7191
   sum over m      0.000000047          179.9979  183.6458

    8   Au         Orbital Moment(muB)    Angles (Deg)
            multiple
  s           0    0.000000000           90.0000    0.0000
   sum over m      0.000000000           90.0000    0.0000
  s           1    0.000000000           90.0000    0.0000
   sum over m      0.000000000           90.0000    0.0000
  px          0    0.000000006          179.9986   90.0000
  py          0    0.000000006          180.0000    0.0000
  pz          0    0.000000000           90.0000   88.4608
   sum over m      0.000000012          179.9986   88.4608
  px          1    0.000000068            0.0001  -90.0000
  py          1    0.000000068            0.0001  180.0000
  pz          1    0.000000000           90.0000  226.6472
   sum over m      0.000000135            0.0001  226.6472
  d3z^2-r^2   0    0.000000000           90.0000  -60.1094
  dx^2-y^2    0    0.000003787            0.0000  124.6472
  dxy         0    0.000003787            0.0000   15.8755
  dxz         0    0.000000106          179.9991  -19.7374
  dyz         0    0.000000106          179.9997   56.4669
   sum over m      0.000007362            0.0000   -3.5818
  d3z^2-r^2   1    0.000000000           90.0000  149.3319
  dx^2-y^2    1    0.000000070          179.9996  -15.7364
  dxy         1    0.000000070          179.9998  205.5323
  dxz         1    0.000000003            0.0041  172.5880
  dyz         1    0.000000003            0.0041  -28.5230
   sum over m      0.000000133          179.9999  250.7934

    9   Au         Orbital Moment(muB)    Angles (Deg)
            multiple
  s           0    0.000000000           90.0000    0.0000
   sum over m      0.000000000           90.0000    0.0000
  s           1    0.000000000           90.0000    0.0000
   sum over m      0.000000000           90.0000    0.0000
  px          0    0.000000004            0.0007   90.0000
  py          0    0.000000004            0.0006   -0.0000
  pz          0    0.000000000           89.9937   48.8867
   sum over m      0.000000008            0.0009   48.8867
  px          1    0.000000456          180.0000  270.0000
  py          1    0.000000456          180.0000   -0.0000
  pz          1    0.000000000           90.0015  -16.9813
   sum over m      0.000000911          180.0000  -16.9813
  d3z^2-r^2   0    0.000000000           90.0001  -79.0078
  dx^2-y^2    0    0.000006762          180.0000   31.3912
  dxy         0    0.000006762          180.0000   13.7557
  dxz         0    0.000000136          179.9992  -28.6043
  dyz         0    0.000000136          179.9998   46.4635
   sum over m      0.000013795          180.0000  -13.7014
  d3z^2-r^2   1    0.000000000           90.0000  256.9417
  dx^2-y^2    1    0.000000018          179.9987   36.2384
  dxy         1    0.000000018          179.9997  124.0597
  dxz         1    0.000000005          179.9943  264.7426
  dyz         1    0.000000005          179.9980   22.8324
   sum over m      0.000000047          179.9989  -75.0126

   10   Au         Orbital Moment(muB)    Angles (Deg)
            multiple
  s           0    0.000000000           90.0000    0.0000
   sum over m      0.000000000           90.0000    0.0000
  s           1    0.000000000           90.0000    0.0000
   sum over m      0.000000000           90.0000    0.0000
  px          0    0.000000004          179.9983   90.0000
  py          0    0.000000004          179.9985  180.0000
  pz          0    0.000000000           90.0026  130.6264
   sum over m      0.000000008          179.9978  130.6264
  px          1    0.000000105            0.0003   90.0000
  py          1    0.000000105            0.0000    0.0000
  pz          1    0.000000000           90.0001   84.7142
   sum over m      0.000000210            0.0003   84.7142
  d3z^2-r^2   0    0.000000000           90.0007  -57.8375
  dx^2-y^2    0    0.000006294          180.0000   93.6869
  dxy         0    0.000006294          180.0000   14.0464
  dxz         0    0.000000384            0.0003  -16.2712
  dyz         0    0.000000384            0.0001   45.2407
   sum over m      0.000011820          180.0000   -1.9130
  d3z^2-r^2   1    0.000000000           89.9999  223.6166
  dx^2-y^2    1    0.000000148            0.0003   24.3768
  dxy         1    0.000000148            0.0001  266.2390
  dxz         1    0.000000010          179.9985  266.3355
  dyz         1    0.000000010          179.9984  -68.4336
   sum over m      0.000000276            0.0002  -80.7640

   11   Au         Orbital Moment(muB)    Angles (Deg)
            multiple
  s           0    0.000000000           90.0000    0.0000
   sum over m      0.000000000           90.0000    0.0000
  s           1    0.000000000           90.0000    0.0000
   sum over m      0.000000000           90.0000    0.0000
  px          0    0.000000006          179.9999  -90.0000
  py          0    0.000000006          179.9999   -0.0000
  pz          0    0.000000000           90.0602  -42.3626
   sum over m      0.000000012          179.9998  -42.3625
  px          1    0.000000131            0.0001  -90.0000
  py          1    0.000000131            0.0000  180.0000
  pz          1    0.000000000           90.0002  239.8937
   sum over m      0.000000262            0.0001  239.8937
  d3z^2-r^2   0    0.000000000           90.0010  -61.8757
  dx^2-y^2    0    0.000022651            0.0000   70.2517
  dxy         0    0.000022651            0.0000   14.0747
  dxz         0    0.000002953            0.0000   -6.6946
  dyz         0    0.000002953            0.0000   44.3864
   sum over m      0.000051207            0.0000    6.0591
  d3z^2-r^2   1    0.000000000           89.9998   67.7571
  dx^2-y^2    1    0.000000036            0.0003  130.4838
  dxy         1    0.000000036            0.0007   52.5295
  dxz         1    0.000000008          179.9935   74.9837
  dyz         1    0.000000008          179.9974   59.2848
   sum over m      0.000000055            0.0028   70.5707

   12   Au         Orbital Moment(muB)    Angles (Deg)
            multiple
  s           0    0.000000000           90.0000    0.0000
   sum over m      0.000000000           90.0000    0.0000
  s           1    0.000000000           90.0000    0.0000
   sum over m      0.000000000           90.0000    0.0000
  px          0    0.000000345          180.0000  270.0000
  py          0    0.000000345          180.0000  180.0000
  pz          0    0.000000000           89.9956  261.7935
   sum over m      0.000000689          180.0000  261.7935
  px          1    0.000000377          180.0000  270.0000
  py          1    0.000000377          180.0000  180.0000
  pz          1    0.000000000           89.9968  240.7790
   sum over m      0.000000754          180.0000  240.7790
  d3z^2-r^2   0    0.000000000           89.9989  -61.6540
  dx^2-y^2    0    0.000040873            0.0000  117.1205
  dxy         0    0.000040873            0.0000    5.7113
  dxz         0    0.000001972          180.0000  -22.6313
  dyz         0    0.000001972          180.0000   23.8141
   sum over m      0.000077801            0.0000  -14.4853
  d3z^2-r^2   1    0.000000000           89.9983  233.7321
  dx^2-y^2    1    0.000003398            0.0000  -76.2094
  dxy         1    0.000003398            0.0000  218.5743
  dxz         1    0.000000009            0.0042  217.8303
  dyz         1    0.000000009            0.0027  256.6002
   sum over m      0.000006813            0.0000  232.9108

   13   Au         Orbital Moment(muB)    Angles (Deg)
            multiple
  s           0    0.000000000           90.0000    0.0000
   sum over m      0.000000000           90.0000    0.0000
  s           1    0.000000000           90.0000    0.0000
   sum over m      0.000000000           90.0000    0.0000
  px          0    0.000014615            0.0000   90.0000
  py          0    0.000014615            0.0000  180.0000
  pz          0    0.000000000           89.9400  141.0060
   sum over m      0.000029229            0.0000  141.0061
  px          1    0.000002829          180.0000  270.0000
  py          1    0.000002829          180.0000  180.0000
  pz          1    0.000000000           90.0001  226.4540
   sum over m      0.000005658          180.0000  226.4540
  d3z^2-r^2   0    0.000000000           89.9831  226.3155
  dx^2-y^2    0    0.000027437          180.0000   17.5219
  dxy         0    0.000027437          180.0000    8.1608
  dxz         0    0.000022052            0.0000   -4.3690
  dyz         0    0.000022052            0.0000   34.7890
   sum over m      0.000010770          180.0000    3.1788
  d3z^2-r^2   1    0.000000000           90.0109  -48.7578
  dx^2-y^2    1    0.000021921            0.0000  172.6069
  dxy         1    0.000021921            0.0000  206.5465
  dxz         1    0.000000385          180.0000  218.3773
  dyz         1    0.000000385          180.0000  -84.2292
   sum over m      0.000043074            0.0000  233.6775

   14   Au         Orbital Moment(muB)    Angles (Deg)
            multiple
  s           0    0.000000000           90.0000    0.0000
   sum over m      0.000000000           90.0000    0.0000
  s           1    0.000000000           90.0000    0.0000
   sum over m      0.000000000           90.0000    0.0000
  px          0    0.000000187          180.0000  -90.0000
  py          0    0.000000187          180.0000  180.0000
  pz          0    0.000000000           89.9839  258.2496
   sum over m      0.000000375          180.0000  258.2496
  px          1    0.000001997            0.0000  -90.0000
  py          1    0.000001997            0.0000  180.0000
  pz          1    0.000000000           90.0042  263.4723
   sum over m      0.000003994            0.0000  263.4723
  d3z^2-r^2   0    0.000000000           90.0051   67.9094
  dx^2-y^2    0    0.000041689            0.0000   32.3883
  dxy         0    0.000041689            0.0000   12.7209
  dxz         0    0.000006442            0.0000   12.4666
  dyz         0    0.000006442            0.0000   46.3074
   sum over m      0.000096263            0.0000   20.1812
  d3z^2-r^2   1    0.000000000           89.9984  122.9889
  dx^2-y^2    1    0.000001401            0.0000   67.2165
  dxy         1    0.000001401            0.0000  152.9148
  dxz         1    0.000000873          179.9999   95.3555
  dyz         1    0.000000873          180.0000  143.1054
   sum over m      0.000001055            0.0001   98.5530

   15   Au         Orbital Moment(muB)    Angles (Deg)
            multiple
  s           0    0.000000000            0.0000    0.0000
   sum over m      0.000000000            0.0000    0.0000
  s           1    0.000000000           90.0000    0.0000
   sum over m      0.000000000           90.0000    0.0000
  px          0    0.000245647          180.0000  270.0000
  py          0    0.000245647          180.0000   -0.0000
  pz          0    0.000000000           89.4007  -69.9497
   sum over m      0.000491293          180.0000  -69.9497
  px          1    0.000663766          180.0000   90.0000
  py          1    0.000663766          180.0000    0.0000
  pz          1    0.000000000           90.0102   65.2317
   sum over m      0.001327533          180.0000   65.2317
  d3z^2-r^2   0    0.000000000           90.4664   97.9073
  dx^2-y^2    0    0.000099188          180.0000   -8.5240
  dxy         0    0.000099188          180.0000  157.5921
  dxz         0    0.000067390          180.0000  125.5870
  dyz         0    0.000067390          180.0000   46.3249
   sum over m      0.000333155          180.0000  108.5218
  d3z^2-r^2   1    0.000000000           90.0807  113.3967
  dx^2-y^2    1    0.000295752          180.0000   74.5161
  dxy         1    0.000295752          180.0000  130.8861
  dxz         1    0.000005699          180.0000   96.3550
  dyz         1    0.000005699          180.0000  120.4160
   sum over m      0.000602902          180.0000   99.4023

***********************************************************
***********************************************************
                    Dipole moment (Debye)                  
***********************************************************
***********************************************************

 Absolute D        0.25098379

                      Dx                Dy                Dz
 Total              0.25098379        0.00000000        0.00000000
 Core           19842.04728454        0.00000000        0.00000000
 Electron      -19841.79630075        0.00000000        0.00000000
 Back ground       -0.00000000       -0.00000000       -0.00000000

***********************************************************
***********************************************************
       xyz-coordinates (Ang) and forces (Hartree/Bohr)  
***********************************************************
***********************************************************

<coordinates.forces
  15
    1    Au    -2.70000   0.00000   0.00000  -0.005184227865 -0.000000000161 -0.000000000010
    2    Au     0.00000   0.00000   0.00000  -0.001184399807 -0.000000000000 -0.000000000001
    3    Au     2.70000   0.00000   0.00000   0.000106061587  0.000000000044 -0.000000000019
    4    Au     5.40000   0.00000   0.00000  -0.000150536795  0.000000000061 -0.000000000001
    5    Au     8.10000   0.00000   0.00000   0.000200060185 -0.000000000073 -0.000000000018
    6    Au    10.80000   0.00000   0.00000   0.000288504901 -0.000000000133  0.000000000044
    7    Au    13.50000   0.00000   0.00000  -0.000100610433  0.000000000139 -0.000000000064
    8    Au    16.20000   0.00000   0.00000  -0.000018917483 -0.000000000061  0.000000000173
    9    Au    18.90000   0.00000   0.00000  -0.000129907977  0.000000000082 -0.000000000267
   10    Au    21.60000   0.00000   0.00000   0.000174181928  0.000000000015  0.000000000116
   11    Au    24.30000   0.00000   0.00000   0.000265255031  0.000000000010 -0.000000000060
   12    Au    27.00000   0.00000   0.00000  -0.000098279436 -0.000000000017  0.000000000026
   13    Au    29.70000   0.00000   0.00000  -0.000170610461 -0.000000000111  0.000000000255
   14    Au    32.40000   0.00000   0.00000   0.000952923038  0.000000000060 -0.000000000221
   15    Au    35.10000   0.00000   0.00000   0.005676577856  0.000000000123  0.000000000046
coordinates.forces>

***********************************************************
***********************************************************
       Fractional coordinates of the final structure       
***********************************************************
***********************************************************

     1     Au     0.93333333333333   0.00000000000000   0.00000000000000
     2     Au     0.00000000000000   0.00000000000000   0.00000000000000
     3     Au     0.06666666666667   0.00000000000000   0.00000000000000
     4     Au     0.13333333333333   0.00000000000000   0.00000000000000
     5     Au     0.20000000000000   0.00000000000000   0.00000000000000
     6     Au     0.26666666666667   0.00000000000000   0.00000000000000
     7     Au     0.33333333333333   0.00000000000000   0.00000000000000
     8     Au     0.40000000000000   0.00000000000000   0.00000000000000
     9     Au     0.46666666666667   0.00000000000000   0.00000000000000
    10     Au     0.53333333333333   0.00000000000000   0.00000000000000
    11     Au     0.60000000000000   0.00000000000000   0.00000000000000
    12     Au     0.66666666666667   0.00000000000000   0.00000000000000
    13     Au     0.73333333333333   0.00000000000000   0.00000000000000
    14     Au     0.80000000000000   0.00000000000000   0.00000000000000
    15     Au     0.86666666666667   0.00000000000000   0.00000000000000

***********************************************************
***********************************************************
               Computational Time (second)                 
***********************************************************
***********************************************************

   Elapsed.Time.       777.050

                               Min_ID   Min_Time       Max_ID   Max_Time
   Total Computational Time =    17      752.465          0      777.050
   readfile                 =    63       16.024          0       16.024
   truncation               =    15        0.690         13        0.773
   MD_pac                   =     0        0.004          3        0.009
   OutData                  =    29      171.966          0      196.551
   DFT                      =    13      436.649         15      436.731

*** In DFT ***

   Set_OLP_Kin              =    27        1.059         43        1.375
   Set_Nonlocal             =    13        1.225         27        1.735
   Set_ProExpn_VNA          =    47        1.696          0        2.115
   Set_Hamiltonian          =    25      224.944         50      224.945
   Poisson                  =     2        3.531         48        3.533
   Diagonalization          =     8       81.191          0       81.264
   Mixing_DM                =    38       57.349         57       57.351
   Force                    =    55        5.291         30        5.291
   Total_Energy             =     8        1.190          0        1.193
   Set_Aden_Grid            =     2        0.155         63        0.576
   Set_Orbitals_Grid        =    16        0.000          3        0.905
   Set_Density_Grid         =    45       36.550         57       41.361
   RestartFileDFT           =    12        0.112         36        0.152
   Mulliken_Charge          =    44        0.050         50        0.052
   FFT(2D)_Density          =     0        2.861         46        8.222
   Others                   =    46       12.650         49       16.395
