#
#      File Name      
#

System.CurrrentDirectory         ./    # default=./
System.Name                     d-H2O_EF
level.of.stdout                   1    # default=1 (1-3)
level.of.fileout                  0    # default=1 (1-3)

#
# Definition of Atomic Species
#

Species.Number       2
<Definition.of.Atomic.Species
 H   H7.0-s2p1     H_PBE11
 O   O7.0-s2p2d1   O_PBE11
Definition.of.Atomic.Species>

#
# Atoms
#

Atoms.Number         6
Atoms.SpeciesAndCoordinates.Unit   Ang # Ang|AU
<Atoms.SpeciesAndCoordinates           # Unit=Ang.
 1  O  0.000  0.000  0.000  3.0 3.0
 2  H  0.757  0.586  0.000  0.5 0.5
 3  H -0.757  0.586  0.000  0.5 0.5
 4  O  0.000  5.000  0.000  3.0 3.0
 5  H  0.000  5.586  0.757  0.5 0.5
 6  H  0.000  5.586 -0.757  0.5 0.5
Atoms.SpeciesAndCoordinates>
Atoms.UnitVectors.Unit             Ang #  Ang|AU
#<Atoms.UnitVectors                     
#   8.0   0.0   0.0  
#   0.0   8.0   0.0  
#   0.0   0.0   8.0  
#Atoms.UnitVectors>

#
# SCF or Electronic System
#

scf.XcType                 GGA-PBE     # LDA|LSDA-CA|LSDA-PW
scf.SpinPolarization        off        # on|off|nc
scf.ElectronicTemperature  100.0       # default=300 (K)
scf.energycutoff           180.0       # default=150 (Ry)
scf.maxIter                 60         # default=40
scf.EigenvalueSolver     cluster       # Recursion|Cluster|Band
scf.Kgrid                  4 4 4       # means 4x4x4
scf.Mixing.Type           rmm-diis     # Simple|Rmm-Diis|Gr-Pulay
scf.Init.Mixing.Weight     0.10        # default=0.30 
scf.Min.Mixing.Weight      0.001       # default=0.001 
scf.Max.Mixing.Weight      0.400       # default=0.40 
scf.Mixing.History          7          # default=5
scf.Mixing.StartPulay      10          # default=6
scf.criterion             1.0e-8       # default=1.0e-6 (Hartree) 

#
# MD or Geometry Optimization
#

MD.Type                     EF         # Nomd|Opt|DIIS|NVE|NVT_VS|NVT_NH
MD.Opt.DIIS.History          3         # default=3
MD.Opt.StartDIIS            12         # default=5
MD.Opt.EveryDIIS           10000       # default=10
MD.maxIter                  200        # default=1xsx
MD.TimeStep                1.0         # default=0.5 (fs)
MD.Opt.criterion          1.0e-4       # default=1.0e-4 (Hartree/bohr)


***********************************************************
***********************************************************

  Required cutoff energy (Ryd) for 3D-grids = 180.0000
      Used cutoff energy (Ryd) for 3D-grids = 180.0010, 180.0010, 180.0010
  Num. of grids of a-, b-, and c-axes = 80, 120, 80

  Num.Grid1.    80
  Num.Grid2.   120
  Num.Grid3.    80


  Cell_Volume =   9860.489190752132 (Bohr^3)
  GridVol     =      0.012839178634 (Bohr^3)
  Cell vectors (bohr) of the grid cell (gtv)
    gtv_a =  0.234159840592,  0.000000000000,  0.000000000000
    gtv_b =  0.000000000000,  0.234159840592,  0.000000000000
    gtv_c =  0.000000000000,  0.000000000000,  0.234159840592
    |gtv_a| =  0.234159840592
    |gtv_b| =  0.234159840592
    |gtv_c| =  0.234159840592

***********************************************************
***********************************************************


***********************************************************
***********************************************************
                  SCF history at MD= 1                    
***********************************************************
***********************************************************

   SCF=   1  NormRD=  1.000000000000  Uele= -10.715130623770
   SCF=   2  NormRD=  1.156030231109  Uele= -5.380960325813
   SCF=   3  NormRD=  0.996746200126  Uele= -5.746331688841
   SCF=   4  NormRD=  0.474328845752  Uele= -7.031994898015
   SCF=   5  NormRD=  0.180855011804  Uele= -7.796795799673
   SCF=   6  NormRD=  0.069365320674  Uele= -8.092663706313
   SCF=   7  NormRD=  0.035402428903  Uele= -8.173279277480
   SCF=   8  NormRD=  0.019725510035  Uele= -8.179114607919
   SCF=   9  NormRD=  0.011707674095  Uele= -8.169333427898
   SCF=  10  NormRD=  0.006915090677  Uele= -8.165717940775
   SCF=  11  NormRD=  0.004111603242  Uele= -8.163303122694
   SCF=  12  NormRD=  0.000071090690  Uele= -8.160284442687
   SCF=  13  NormRD=  0.000144553347  Uele= -8.159670318839
   SCF=  14  NormRD=  0.000005808252  Uele= -8.160079106700
   SCF=  15  NormRD=  0.000000587501  Uele= -8.160064608437
   SCF=  16  NormRD=  0.000000180919  Uele= -8.160067007804
   SCF=  17  NormRD=  0.000000081172  Uele= -8.160066496615
   SCF=  18  NormRD=  0.000000001287  Uele= -8.160066475412
   SCF=  19  NormRD=  0.000000000044  Uele= -8.160066478531

*******************************************************
        Total energy (Hartree) at MD = 1        
*******************************************************

  Uele.         -8.160066478531

  Ukin.         25.837605310042
  UH0.         -46.901086797693
  UH1.           0.101859437229
  Una.         -32.435338941247
  Unl.           6.918770257723
  Uxc0.         -4.599070498179
  Uxc1.         -4.599070498179
  Ucore.        20.734095958843
  Uhub.          0.000000000000
  Ucs.           0.000000000000
  Uzs.           0.000000000000
  Uzo.           0.000000000000
  Uef.           0.000000000000
  UvdW           0.000000000000
  Utot.        -34.942235771461

  Note:

  Utot = Ukin+UH0+UH1+Una+Unl+Uxc0+Uxc1+Ucore+Uhub+Ucs+Uzs+Uzo+Uef+UvdW

  Uene:   band energy
  Ukin:   kinetic energy
  UH0:    electric part of screened Coulomb energy
  UH1:    difference electron-electron Coulomb energy
  Una:    neutral atom potential energy
  Unl:    non-local potential energy
  Uxc0:   exchange-correlation energy for alpha spin
  Uxc1:   exchange-correlation energy for beta spin
  Ucore:  core-core Coulomb energy
  Uhub:   LDA+U energy
  Ucs:    constraint energy for spin orientation
  Uzs:    Zeeman term for spin magnetic moment
  Uzo:    Zeeman term for orbital magnetic moment
  Uef:    electric energy by electric field
  UvdW:   semi-empirical vdW energy 

  (see also PRB 72, 045121(2005) for the energy contributions)



  Chemical potential (Hartree)      -0.234375000000

***********************************************************
***********************************************************
                  SCF history at MD= 2                    
***********************************************************
***********************************************************

   SCF=   1  NormRD=  1.000000000000  Uele= -8.070864210660
   SCF=   2  NormRD=  0.027198476438  Uele= -8.203790865066
   SCF=   3  NormRD=  0.027119648295  Uele= -8.203558593558
   SCF=   4  NormRD=  0.027041053905  Uele= -8.203326984782
   SCF=   5  NormRD=  0.000899889593  Uele= -8.117957818011
   SCF=   6  NormRD=  0.000202494382  Uele= -8.121529389865
   SCF=   7  NormRD=  0.000036331275  Uele= -8.121000810041
   SCF=   8  NormRD=  0.000007146101  Uele= -8.120978089196
   SCF=   9  NormRD=  0.000000564831  Uele= -8.120962321744
   SCF=  10  NormRD=  0.000000056681  Uele= -8.120963681230
   SCF=  11  NormRD=  0.000000008002  Uele= -8.120963699969
   SCF=  12  NormRD=  0.000000002953  Uele= -8.120963703946

*******************************************************
        Total energy (Hartree) at MD = 2        
*******************************************************

  Uele.         -8.120963703946

  Ukin.         25.741546315328
  UH0.         -46.824729454276
  UH1.           0.099347553927
  Una.         -32.262629836070
  Unl.           6.908577279383
  Uxc0.         -4.588031818440
  Uxc1.         -4.588031818440
  Ucore.        20.571053046149
  Uhub.          0.000000000000
  Ucs.           0.000000000000
  Uzs.           0.000000000000
  Uzo.           0.000000000000
  Uef.           0.000000000000
  UvdW           0.000000000000
  Utot.        -34.942898732439

  Note:

  Utot = Ukin+UH0+UH1+Una+Unl+Uxc0+Uxc1+Ucore+Uhub+Ucs+Uzs+Uzo+Uef+UvdW

  Uene:   band energy
  Ukin:   kinetic energy
  UH0:    electric part of screened Coulomb energy
  UH1:    difference electron-electron Coulomb energy
  Una:    neutral atom potential energy
  Unl:    non-local potential energy
  Uxc0:   exchange-correlation energy for alpha spin
  Uxc1:   exchange-correlation energy for beta spin
  Ucore:  core-core Coulomb energy
  Uhub:   LDA+U energy
  Ucs:    constraint energy for spin orientation
  Uzs:    Zeeman term for spin magnetic moment
  Uzo:    Zeeman term for orbital magnetic moment
  Uef:    electric energy by electric field
  UvdW:   semi-empirical vdW energy 

  (see also PRB 72, 045121(2005) for the energy contributions)



  Chemical potential (Hartree)      -0.234375000000

***********************************************************
***********************************************************
                  SCF history at MD= 3                    
***********************************************************
***********************************************************

   SCF=   1  NormRD=  1.000000000000  Uele= -8.116125392133
   SCF=   2  NormRD=  0.000280783381  Uele= -8.115955257216
   SCF=   3  NormRD=  0.000279971714  Uele= -8.115955444500
   SCF=   4  NormRD=  0.000279162472  Uele= -8.115955631320
   SCF=   5  NormRD=  0.000019778997  Uele= -8.116048972524
   SCF=   6  NormRD=  0.000000820026  Uele= -8.116038469478
   SCF=   7  NormRD=  0.000000165563  Uele= -8.116038067595
   SCF=   8  NormRD=  0.000000078688  Uele= -8.116038734603
   SCF=   9  NormRD=  0.000000005375  Uele= -8.116038544249
   SCF=  10  NormRD=  0.000000001642  Uele= -8.116038536578

*******************************************************
        Total energy (Hartree) at MD = 3        
*******************************************************

  Uele.         -8.116038536578

  Ukin.         25.729398286265
  UH0.         -46.814988275205
  UH1.           0.099035644454
  Una.         -32.240857848786
  Unl.           6.907336265500
  Uxc0.         -4.586629264470
  Uxc1.         -4.586629264470
  Ucore.        20.550423151521
  Uhub.          0.000000000000
  Ucs.           0.000000000000
  Uzs.           0.000000000000
  Uzo.           0.000000000000
  Uef.           0.000000000000
  UvdW           0.000000000000
  Utot.        -34.942911305192

  Note:

  Utot = Ukin+UH0+UH1+Una+Unl+Uxc0+Uxc1+Ucore+Uhub+Ucs+Uzs+Uzo+Uef+UvdW

  Uene:   band energy
  Ukin:   kinetic energy
  UH0:    electric part of screened Coulomb energy
  UH1:    difference electron-electron Coulomb energy
  Una:    neutral atom potential energy
  Unl:    non-local potential energy
  Uxc0:   exchange-correlation energy for alpha spin
  Uxc1:   exchange-correlation energy for beta spin
  Ucore:  core-core Coulomb energy
  Uhub:   LDA+U energy
  Ucs:    constraint energy for spin orientation
  Uzs:    Zeeman term for spin magnetic moment
  Uzo:    Zeeman term for orbital magnetic moment
  Uef:    electric energy by electric field
  UvdW:   semi-empirical vdW energy 

  (see also PRB 72, 045121(2005) for the energy contributions)



  Chemical potential (Hartree)      -0.234375000000

***********************************************************
***********************************************************
                  SCF history at MD= 4                    
***********************************************************
***********************************************************

   SCF=   1  NormRD=  1.000000000000  Uele= -8.115447491954
   SCF=   2  NormRD=  0.000116931342  Uele= -8.114918533228
   SCF=   3  NormRD=  0.000116628759  Uele= -8.114919361728
   SCF=   4  NormRD=  0.000116327074  Uele= -8.114920187912
   SCF=   5  NormRD=  0.000018827362  Uele= -8.115219270680
   SCF=   6  NormRD=  0.000000801326  Uele= -8.115224604551
   SCF=   7  NormRD=  0.000000973766  Uele= -8.115227801183
   SCF=   8  NormRD=  0.000000072228  Uele= -8.115226484903
   SCF=   9  NormRD=  0.000000008456  Uele= -8.115226700467
   SCF=  10  NormRD=  0.000000001973  Uele= -8.115226689338
   SCF=  11  NormRD=  0.000000000157  Uele= -8.115226684393

*******************************************************
        Total energy (Hartree) at MD = 4        
*******************************************************

  Uele.         -8.115226684393

  Ukin.         25.727372047710
  UH0.         -46.813508969140
  UH1.           0.098983611281
  Una.         -32.237226458637
  Unl.           6.907129908152
  Uxc0.         -4.586395150581
  Uxc1.         -4.586395150581
  Ucore.        20.547128005990
  Uhub.          0.000000000000
  Ucs.           0.000000000000
  Uzs.           0.000000000000
  Uzo.           0.000000000000
  Uef.           0.000000000000
  UvdW           0.000000000000
  Utot.        -34.942912155807

  Note:

  Utot = Ukin+UH0+UH1+Una+Unl+Uxc0+Uxc1+Ucore+Uhub+Ucs+Uzs+Uzo+Uef+UvdW

  Uene:   band energy
  Ukin:   kinetic energy
  UH0:    electric part of screened Coulomb energy
  UH1:    difference electron-electron Coulomb energy
  Una:    neutral atom potential energy
  Unl:    non-local potential energy
  Uxc0:   exchange-correlation energy for alpha spin
  Uxc1:   exchange-correlation energy for beta spin
  Ucore:  core-core Coulomb energy
  Uhub:   LDA+U energy
  Ucs:    constraint energy for spin orientation
  Uzs:    Zeeman term for spin magnetic moment
  Uzo:    Zeeman term for orbital magnetic moment
  Uef:    electric energy by electric field
  UvdW:   semi-empirical vdW energy 

  (see also PRB 72, 045121(2005) for the energy contributions)



  Chemical potential (Hartree)      -0.234375000000

***********************************************************
***********************************************************
                  SCF history at MD= 5                    
***********************************************************
***********************************************************

   SCF=   1  NormRD=  1.000000000000  Uele= -8.115578276920
   SCF=   2  NormRD=  0.000247084180  Uele= -8.114343079963
   SCF=   3  NormRD=  0.000246378821  Uele= -8.114345180292
   SCF=   4  NormRD=  0.000245675581  Uele= -8.114347274634
   SCF=   5  NormRD=  0.000022117600  Uele= -8.115132970478
   SCF=   6  NormRD=  0.000001493964  Uele= -8.115093523040
   SCF=   7  NormRD=  0.000000386109  Uele= -8.115097165254
   SCF=   8  NormRD=  0.000000099918  Uele= -8.115097425699
   SCF=   9  NormRD=  0.000000006177  Uele= -8.115097687960
   SCF=  10  NormRD=  0.000000000614  Uele= -8.115097684427

*******************************************************
        Total energy (Hartree) at MD = 5        
*******************************************************

  Uele.         -8.115097684427

  Ukin.         25.727036020293
  UH0.         -46.813447881318
  UH1.           0.098974896831
  Una.         -32.236622008293
  Unl.           6.907094994207
  Uxc0.         -4.586356308900
  Uxc1.         -4.586356308900
  Ucore.        20.546763945675
  Uhub.          0.000000000000
  Ucs.           0.000000000000
  Uzs.           0.000000000000
  Uzo.           0.000000000000
  Uef.           0.000000000000
  UvdW           0.000000000000
  Utot.        -34.942912650405

  Note:

  Utot = Ukin+UH0+UH1+Una+Unl+Uxc0+Uxc1+Ucore+Uhub+Ucs+Uzs+Uzo+Uef+UvdW

  Uene:   band energy
  Ukin:   kinetic energy
  UH0:    electric part of screened Coulomb energy
  UH1:    difference electron-electron Coulomb energy
  Una:    neutral atom potential energy
  Unl:    non-local potential energy
  Uxc0:   exchange-correlation energy for alpha spin
  Uxc1:   exchange-correlation energy for beta spin
  Ucore:  core-core Coulomb energy
  Uhub:   LDA+U energy
  Ucs:    constraint energy for spin orientation
  Uzs:    Zeeman term for spin magnetic moment
  Uzo:    Zeeman term for orbital magnetic moment
  Uef:    electric energy by electric field
  UvdW:   semi-empirical vdW energy 

  (see also PRB 72, 045121(2005) for the energy contributions)



  Chemical potential (Hartree)      -0.234375000000

***********************************************************
***********************************************************
                  SCF history at MD= 6                    
***********************************************************
***********************************************************

   SCF=   1  NormRD=  1.000000000000  Uele= -8.115431357663
   SCF=   2  NormRD=  0.000199712063  Uele= -8.114462747133
   SCF=   3  NormRD=  0.000199134487  Uele= -8.114464414835
   SCF=   4  NormRD=  0.000198558642  Uele= -8.114466077769
   SCF=   5  NormRD=  0.000015550031  Uele= -8.115088253259
   SCF=   6  NormRD=  0.000001177309  Uele= -8.115055346366
   SCF=   7  NormRD=  0.000000609643  Uele= -8.115058233563
   SCF=   8  NormRD=  0.000000067880  Uele= -8.115058399346
   SCF=   9  NormRD=  0.000000003210  Uele= -8.115058593439
   SCF=  10  NormRD=  0.000000000422  Uele= -8.115058594864

*******************************************************
        Total energy (Hartree) at MD = 6        
*******************************************************

  Uele.         -8.115058594864

  Ukin.         25.726906317303
  UH0.         -46.813924956066
  UH1.           0.098971329037
  Una.         -32.236382367580
  Unl.           6.907079468169
  Uxc0.         -4.586341241067
  Uxc1.         -4.586341241067
  Ucore.        20.547118807521
  Uhub.          0.000000000000
  Ucs.           0.000000000000
  Uzs.           0.000000000000
  Uzo.           0.000000000000
  Uef.           0.000000000000
  UvdW           0.000000000000
  Utot.        -34.942913883750

  Note:

  Utot = Ukin+UH0+UH1+Una+Unl+Uxc0+Uxc1+Ucore+Uhub+Ucs+Uzs+Uzo+Uef+UvdW

  Uene:   band energy
  Ukin:   kinetic energy
  UH0:    electric part of screened Coulomb energy
  UH1:    difference electron-electron Coulomb energy
  Una:    neutral atom potential energy
  Unl:    non-local potential energy
  Uxc0:   exchange-correlation energy for alpha spin
  Uxc1:   exchange-correlation energy for beta spin
  Ucore:  core-core Coulomb energy
  Uhub:   LDA+U energy
  Ucs:    constraint energy for spin orientation
  Uzs:    Zeeman term for spin magnetic moment
  Uzo:    Zeeman term for orbital magnetic moment
  Uef:    electric energy by electric field
  UvdW:   semi-empirical vdW energy 

  (see also PRB 72, 045121(2005) for the energy contributions)



  Chemical potential (Hartree)      -0.234375000000

***********************************************************
***********************************************************
                  SCF history at MD= 7                    
***********************************************************
***********************************************************

   SCF=   1  NormRD=  1.000000000000  Uele= -8.115329169615
   SCF=   2  NormRD=  0.000100361666  Uele= -8.114853010699
   SCF=   3  NormRD=  0.000100079356  Uele= -8.114853807180
   SCF=   4  NormRD=  0.000099797894  Uele= -8.114854601393
   SCF=   5  NormRD=  0.000009771929  Uele= -8.115150575002
   SCF=   6  NormRD=  0.000000869884  Uele= -8.115137537656
   SCF=   7  NormRD=  0.000000512706  Uele= -8.115139922074
   SCF=   8  NormRD=  0.000000049792  Uele= -8.115139811192
   SCF=   9  NormRD=  0.000000003032  Uele= -8.115139951012
   SCF=  10  NormRD=  0.000000001212  Uele= -8.115139947234

*******************************************************
        Total energy (Hartree) at MD = 7        
*******************************************************

  Uele.         -8.115139947234

  Ukin.         25.727100692269
  UH0.         -46.814754002257
  UH1.           0.098976166897
  Una.         -32.236720427371
  Unl.           6.907095711525
  Uxc0.         -4.586363490906
  Uxc1.         -4.586363490906
  Ucore.        20.548113726579
  Uhub.          0.000000000000
  Ucs.           0.000000000000
  Uzs.           0.000000000000
  Uzo.           0.000000000000
  Uef.           0.000000000000
  UvdW           0.000000000000
  Utot.        -34.942915114171

  Note:

  Utot = Ukin+UH0+UH1+Una+Unl+Uxc0+Uxc1+Ucore+Uhub+Ucs+Uzs+Uzo+Uef+UvdW

  Uene:   band energy
  Ukin:   kinetic energy
  UH0:    electric part of screened Coulomb energy
  UH1:    difference electron-electron Coulomb energy
  Una:    neutral atom potential energy
  Unl:    non-local potential energy
  Uxc0:   exchange-correlation energy for alpha spin
  Uxc1:   exchange-correlation energy for beta spin
  Ucore:  core-core Coulomb energy
  Uhub:   LDA+U energy
  Ucs:    constraint energy for spin orientation
  Uzs:    Zeeman term for spin magnetic moment
  Uzo:    Zeeman term for orbital magnetic moment
  Uef:    electric energy by electric field
  UvdW:   semi-empirical vdW energy 

  (see also PRB 72, 045121(2005) for the energy contributions)



  Chemical potential (Hartree)      -0.234375000000

***********************************************************
***********************************************************
                  SCF history at MD= 8                    
***********************************************************
***********************************************************

   SCF=   1  NormRD=  1.000000000000  Uele= -8.114986343093
   SCF=   2  NormRD=  0.000073884809  Uele= -8.115324285178
   SCF=   3  NormRD=  0.000073670655  Uele= -8.115323668901
   SCF=   4  NormRD=  0.000073457138  Uele= -8.115323054401
   SCF=   5  NormRD=  0.000004827949  Uele= -8.115099586934
   SCF=   6  NormRD=  0.000000381634  Uele= -8.115108702570
   SCF=   7  NormRD=  0.000000097940  Uele= -8.115107739480
   SCF=   8  NormRD=  0.000000032662  Uele= -8.115107661187
   SCF=   9  NormRD=  0.000000001829  Uele= -8.115107623533
   SCF=  10  NormRD=  0.000000000685  Uele= -8.115107624493

*******************************************************
        Total energy (Hartree) at MD = 8        
*******************************************************

  Uele.         -8.115107624493

  Ukin.         25.727046138106
  UH0.         -46.815442474669
  UH1.           0.098974762178
  Una.         -32.236603929958
  Unl.           6.907082545584
  Uxc0.         -4.586356443413
  Uxc1.         -4.586356443413
  Ucore.        20.548739445221
  Uhub.          0.000000000000
  Ucs.           0.000000000000
  Uzs.           0.000000000000
  Uzo.           0.000000000000
  Uef.           0.000000000000
  UvdW           0.000000000000
  Utot.        -34.942916400365

  Note:

  Utot = Ukin+UH0+UH1+Una+Unl+Uxc0+Uxc1+Ucore+Uhub+Ucs+Uzs+Uzo+Uef+UvdW

  Uene:   band energy
  Ukin:   kinetic energy
  UH0:    electric part of screened Coulomb energy
  UH1:    difference electron-electron Coulomb energy
  Una:    neutral atom potential energy
  Unl:    non-local potential energy
  Uxc0:   exchange-correlation energy for alpha spin
  Uxc1:   exchange-correlation energy for beta spin
  Ucore:  core-core Coulomb energy
  Uhub:   LDA+U energy
  Ucs:    constraint energy for spin orientation
  Uzs:    Zeeman term for spin magnetic moment
  Uzo:    Zeeman term for orbital magnetic moment
  Uef:    electric energy by electric field
  UvdW:   semi-empirical vdW energy 

  (see also PRB 72, 045121(2005) for the energy contributions)



  Chemical potential (Hartree)      -0.234375000000

***********************************************************
***********************************************************
                  SCF history at MD= 9                    
***********************************************************
***********************************************************

   SCF=   1  NormRD=  1.000000000000  Uele= -8.115288630335
   SCF=   2  NormRD=  0.000067014233  Uele= -8.114961579604
   SCF=   3  NormRD=  0.000066819854  Uele= -8.114962144150
   SCF=   4  NormRD=  0.000066626056  Uele= -8.114962707080
   SCF=   5  NormRD=  0.000004829355  Uele= -8.115172216468
   SCF=   6  NormRD=  0.000000425512  Uele= -8.115161602872
   SCF=   7  NormRD=  0.000000262380  Uele= -8.115162651293
   SCF=   8  NormRD=  0.000000024561  Uele= -8.115162689752
   SCF=   9  NormRD=  0.000000001437  Uele= -8.115162754972
   SCF=  10  NormRD=  0.000000000144  Uele= -8.115162754808

*******************************************************
        Total energy (Hartree) at MD = 9        
*******************************************************

  Uele.         -8.115162754808

  Ukin.         25.727218381541
  UH0.         -46.816344973896
  UH1.           0.098979204723
  Una.         -32.236890767899
  Unl.           6.907091364683
  Uxc0.         -4.586375433980
  Uxc1.         -4.586375433980
  Ucore.        20.549779852553
  Uhub.          0.000000000000
  Ucs.           0.000000000000
  Uzs.           0.000000000000
  Uzo.           0.000000000000
  Uef.           0.000000000000
  UvdW           0.000000000000
  Utot.        -34.942917806254

  Note:

  Utot = Ukin+UH0+UH1+Una+Unl+Uxc0+Uxc1+Ucore+Uhub+Ucs+Uzs+Uzo+Uef+UvdW

  Uene:   band energy
  Ukin:   kinetic energy
  UH0:    electric part of screened Coulomb energy
  UH1:    difference electron-electron Coulomb energy
  Una:    neutral atom potential energy
  Unl:    non-local potential energy
  Uxc0:   exchange-correlation energy for alpha spin
  Uxc1:   exchange-correlation energy for beta spin
  Ucore:  core-core Coulomb energy
  Uhub:   LDA+U energy
  Ucs:    constraint energy for spin orientation
  Uzs:    Zeeman term for spin magnetic moment
  Uzo:    Zeeman term for orbital magnetic moment
  Uef:    electric energy by electric field
  UvdW:   semi-empirical vdW energy 

  (see also PRB 72, 045121(2005) for the energy contributions)



  Chemical potential (Hartree)      -0.234375000000

***********************************************************
***********************************************************
                  SCF history at MD=10                    
***********************************************************
***********************************************************

   SCF=   1  NormRD=  1.000000000000  Uele= -8.114694326491
   SCF=   2  NormRD=  0.000192099560  Uele= -8.115607066547
   SCF=   3  NormRD=  0.000191539201  Uele= -8.115605450823
   SCF=   4  NormRD=  0.000190980518  Uele= -8.115603839741
   SCF=   5  NormRD=  0.000013367814  Uele= -8.115006159620
   SCF=   6  NormRD=  0.000001023682  Uele= -8.115037557309
   SCF=   7  NormRD=  0.000000674398  Uele= -8.115035399715
   SCF=   8  NormRD=  0.000000059770  Uele= -8.115035112431
   SCF=   9  NormRD=  0.000000002547  Uele= -8.115034941893
   SCF=  10  NormRD=  0.000000000582  Uele= -8.115034939548

*******************************************************
        Total energy (Hartree) at MD =10        
*******************************************************

  Uele.         -8.115034939548

  Ukin.         25.727011034339
  UH0.         -46.818169028189
  UH1.           0.098974083804
  Una.         -32.236463951012
  Unl.           6.907048070081
  Uxc0.         -4.586349464066
  Uxc1.         -4.586349464066
  Ucore.        20.551376865365
  Uhub.          0.000000000000
  Ucs.           0.000000000000
  Uzs.           0.000000000000
  Uzo.           0.000000000000
  Uef.           0.000000000000
  UvdW           0.000000000000
  Utot.        -34.942921853745

  Note:

  Utot = Ukin+UH0+UH1+Una+Unl+Uxc0+Uxc1+Ucore+Uhub+Ucs+Uzs+Uzo+Uef+UvdW

  Uene:   band energy
  Ukin:   kinetic energy
  UH0:    electric part of screened Coulomb energy
  UH1:    difference electron-electron Coulomb energy
  Una:    neutral atom potential energy
  Unl:    non-local potential energy
  Uxc0:   exchange-correlation energy for alpha spin
  Uxc1:   exchange-correlation energy for beta spin
  Ucore:  core-core Coulomb energy
  Uhub:   LDA+U energy
  Ucs:    constraint energy for spin orientation
  Uzs:    Zeeman term for spin magnetic moment
  Uzo:    Zeeman term for orbital magnetic moment
  Uef:    electric energy by electric field
  UvdW:   semi-empirical vdW energy 

  (see also PRB 72, 045121(2005) for the energy contributions)



  Chemical potential (Hartree)      -0.234375000000

***********************************************************
***********************************************************
                  SCF history at MD=11                    
***********************************************************
***********************************************************

   SCF=   1  NormRD=  1.000000000000  Uele= -8.116536267697
   SCF=   2  NormRD=  0.000510259852  Uele= -8.114084864100
   SCF=   3  NormRD=  0.000508775760  Uele= -8.114089147083
   SCF=   4  NormRD=  0.000507296107  Uele= -8.114093417783
   SCF=   5  NormRD=  0.000036590212  Uele= -8.115681143385
   SCF=   6  NormRD=  0.000003100698  Uele= -8.115598686619
   SCF=   7  NormRD=  0.000001907302  Uele= -8.115605410925
   SCF=   8  NormRD=  0.000000147962  Uele= -8.115606382176
   SCF=   9  NormRD=  0.000000013835  Uele= -8.115606779929
   SCF=  10  NormRD=  0.000000001280  Uele= -8.115606799247
   SCF=  11  NormRD=  0.000000000256  Uele= -8.115606800431

*******************************************************
        Total energy (Hartree) at MD =11        
*******************************************************

  Uele.         -8.115606800431

  Ukin.         25.728534179360
  UH0.         -46.821460530565
  UH1.           0.099013277014
  Una.         -32.239133291294
  Unl.           6.907179214591
  Uxc0.         -4.586523367607
  Uxc1.         -4.586523367607
  Ucore.        20.555987783013
  Uhub.          0.000000000000
  Ucs.           0.000000000000
  Uzs.           0.000000000000
  Uzo.           0.000000000000
  Uef.           0.000000000000
  UvdW           0.000000000000
  Utot.        -34.942926103095

  Note:

  Utot = Ukin+UH0+UH1+Una+Unl+Uxc0+Uxc1+Ucore+Uhub+Ucs+Uzs+Uzo+Uef+UvdW

  Uene:   band energy
  Ukin:   kinetic energy
  UH0:    electric part of screened Coulomb energy
  UH1:    difference electron-electron Coulomb energy
  Una:    neutral atom potential energy
  Unl:    non-local potential energy
  Uxc0:   exchange-correlation energy for alpha spin
  Uxc1:   exchange-correlation energy for beta spin
  Ucore:  core-core Coulomb energy
  Uhub:   LDA+U energy
  Ucs:    constraint energy for spin orientation
  Uzs:    Zeeman term for spin magnetic moment
  Uzo:    Zeeman term for orbital magnetic moment
  Uef:    electric energy by electric field
  UvdW:   semi-empirical vdW energy 

  (see also PRB 72, 045121(2005) for the energy contributions)



  Chemical potential (Hartree)      -0.234375000000

***********************************************************
***********************************************************
                  SCF history at MD=12                    
***********************************************************
***********************************************************

   SCF=   1  NormRD=  1.000000000000  Uele= -8.109261172740
   SCF=   2  NormRD=  0.002185872454  Uele= -8.119655854988
   SCF=   3  NormRD=  0.002179491872  Uele= -8.119637518182
   SCF=   4  NormRD=  0.002173130362  Uele= -8.119619234054
   SCF=   5  NormRD=  0.000151154114  Uele= -8.112832189527
   SCF=   6  NormRD=  0.000012464645  Uele= -8.113192361997
   SCF=   7  NormRD=  0.000007900867  Uele= -8.113167335266
   SCF=   8  NormRD=  0.000000734613  Uele= -8.113163110634
   SCF=   9  NormRD=  0.000000080390  Uele= -8.113161157071
   SCF=  10  NormRD=  0.000000006093  Uele= -8.113161018968
   SCF=  11  NormRD=  0.000000001612  Uele= -8.113161006005
   SCF=  12  NormRD=  0.000000000098  Uele= -8.113161007473

*******************************************************
        Total energy (Hartree) at MD =12        
*******************************************************

  Uele.         -8.113161007473

  Ukin.         25.722655360744
  UH0.         -46.819041269229
  UH1.           0.098863154586
  Una.         -32.228558565348
  Unl.           6.906566437598
  Uxc0.         -4.585842516550
  Uxc1.         -4.585842516550
  Ucore.        20.548270895931
  Uhub.          0.000000000000
  Ucs.           0.000000000000
  Uzs.           0.000000000000
  Uzo.           0.000000000000
  Uef.           0.000000000000
  UvdW           0.000000000000
  Utot.        -34.942929018819

  Note:

  Utot = Ukin+UH0+UH1+Una+Unl+Uxc0+Uxc1+Ucore+Uhub+Ucs+Uzs+Uzo+Uef+UvdW

  Uene:   band energy
  Ukin:   kinetic energy
  UH0:    electric part of screened Coulomb energy
  UH1:    difference electron-electron Coulomb energy
  Una:    neutral atom potential energy
  Unl:    non-local potential energy
  Uxc0:   exchange-correlation energy for alpha spin
  Uxc1:   exchange-correlation energy for beta spin
  Ucore:  core-core Coulomb energy
  Uhub:   LDA+U energy
  Ucs:    constraint energy for spin orientation
  Uzs:    Zeeman term for spin magnetic moment
  Uzo:    Zeeman term for orbital magnetic moment
  Uef:    electric energy by electric field
  UvdW:   semi-empirical vdW energy 

  (see also PRB 72, 045121(2005) for the energy contributions)



  Chemical potential (Hartree)      -0.234375000000

***********************************************************
***********************************************************
                  SCF history at MD=13                    
***********************************************************
***********************************************************

   SCF=   1  NormRD=  1.000000000000  Uele= -8.117265193638
   SCF=   2  NormRD=  0.001295674237  Uele= -8.111015657403
   SCF=   3  NormRD=  0.001291918851  Uele= -8.111026487886
   SCF=   4  NormRD=  0.001288174722  Uele= -8.111037287361
   SCF=   5  NormRD=  0.000098444030  Uele= -8.115069372803
   SCF=   6  NormRD=  0.000008331534  Uele= -8.114855379826
   SCF=   7  NormRD=  0.000005207176  Uele= -8.114873475739
   SCF=   8  NormRD=  0.000000429874  Uele= -8.114875859788
   SCF=   9  NormRD=  0.000000041979  Uele= -8.114877007726
   SCF=  10  NormRD=  0.000000001395  Uele= -8.114877071733
   SCF=  11  NormRD=  0.000000000366  Uele= -8.114877069005

*******************************************************
        Total energy (Hartree) at MD =13        
*******************************************************

  Uele.         -8.114877069005

  Ukin.         25.726852845274
  UH0.         -46.822642467910
  UH1.           0.098970365635
  Una.         -32.236071001301
  Unl.           6.906989689414
  Uxc0.         -4.586327477256
  Uxc1.         -4.586327477256
  Ucore.        20.555625002582
  Uhub.          0.000000000000
  Ucs.           0.000000000000
  Uzs.           0.000000000000
  Uzo.           0.000000000000
  Uef.           0.000000000000
  UvdW           0.000000000000
  Utot.        -34.942930520817

  Note:

  Utot = Ukin+UH0+UH1+Una+Unl+Uxc0+Uxc1+Ucore+Uhub+Ucs+Uzs+Uzo+Uef+UvdW

  Uene:   band energy
  Ukin:   kinetic energy
  UH0:    electric part of screened Coulomb energy
  UH1:    difference electron-electron Coulomb energy
  Una:    neutral atom potential energy
  Unl:    non-local potential energy
  Uxc0:   exchange-correlation energy for alpha spin
  Uxc1:   exchange-correlation energy for beta spin
  Ucore:  core-core Coulomb energy
  Uhub:   LDA+U energy
  Ucs:    constraint energy for spin orientation
  Uzs:    Zeeman term for spin magnetic moment
  Uzo:    Zeeman term for orbital magnetic moment
  Uef:    electric energy by electric field
  UvdW:   semi-empirical vdW energy 

  (see also PRB 72, 045121(2005) for the energy contributions)



  Chemical potential (Hartree)      -0.234375000000

***********************************************************
***********************************************************
                  SCF history at MD=14                    
***********************************************************
***********************************************************

   SCF=   1  NormRD=  1.000000000000  Uele= -8.115119949739
   SCF=   2  NormRD=  0.000371381568  Uele= -8.116670113963
   SCF=   3  NormRD=  0.000370314652  Uele= -8.116667200779
   SCF=   4  NormRD=  0.000369250898  Uele= -8.116664296063
   SCF=   5  NormRD=  0.000026828784  Uele= -8.115649143567
   SCF=   6  NormRD=  0.000001739494  Uele= -8.115664848835
   SCF=   7  NormRD=  0.000001605057  Uele= -8.115661520260
   SCF=   8  NormRD=  0.000000127327  Uele= -8.115661686009
   SCF=   9  NormRD=  0.000000021987  Uele= -8.115661469215
   SCF=  10  NormRD=  0.000000001710  Uele= -8.115661443127
   SCF=  11  NormRD=  0.000000000446  Uele= -8.115661442729

*******************************************************
        Total energy (Hartree) at MD =14        
*******************************************************

  Uele.         -8.115661442729

  Ukin.         25.728779716821
  UH0.         -46.824758462522
  UH1.           0.099019596335
  Una.         -32.239516871430
  Unl.           6.907184205965
  Uxc0.         -4.586550278116
  Uxc1.         -4.586550278116
  Ucore.        20.559460845384
  Uhub.          0.000000000000
  Ucs.           0.000000000000
  Uzs.           0.000000000000
  Uzo.           0.000000000000
  Uef.           0.000000000000
  UvdW           0.000000000000
  Utot.        -34.942931525679

  Note:

  Utot = Ukin+UH0+UH1+Una+Unl+Uxc0+Uxc1+Ucore+Uhub+Ucs+Uzs+Uzo+Uef+UvdW

  Uene:   band energy
  Ukin:   kinetic energy
  UH0:    electric part of screened Coulomb energy
  UH1:    difference electron-electron Coulomb energy
  Una:    neutral atom potential energy
  Unl:    non-local potential energy
  Uxc0:   exchange-correlation energy for alpha spin
  Uxc1:   exchange-correlation energy for beta spin
  Ucore:  core-core Coulomb energy
  Uhub:   LDA+U energy
  Ucs:    constraint energy for spin orientation
  Uzs:    Zeeman term for spin magnetic moment
  Uzo:    Zeeman term for orbital magnetic moment
  Uef:    electric energy by electric field
  UvdW:   semi-empirical vdW energy 

  (see also PRB 72, 045121(2005) for the energy contributions)



  Chemical potential (Hartree)      -0.234375000000

***********************************************************
***********************************************************
                  SCF history at MD=15                    
***********************************************************
***********************************************************

   SCF=   1  NormRD=  1.000000000000  Uele= -8.121146685095
   SCF=   2  NormRD=  0.002310896143  Uele= -8.110419618667
   SCF=   3  NormRD=  0.002304148178  Uele= -8.110438771999
   SCF=   4  NormRD=  0.002297420347  Uele= -8.110457870191
   SCF=   5  NormRD=  0.000152403835  Uele= -8.117476565195
   SCF=   6  NormRD=  0.000012490847  Uele= -8.117144733371
   SCF=   7  NormRD=  0.000008391343  Uele= -8.117169930242
   SCF=   8  NormRD=  0.000000485300  Uele= -8.117173827012
   SCF=   9  NormRD=  0.000000036062  Uele= -8.117175217779
   SCF=  10  NormRD=  0.000000005375  Uele= -8.117175205730
   SCF=  11  NormRD=  0.000000000566  Uele= -8.117175200911

*******************************************************
        Total energy (Hartree) at MD =15        
*******************************************************

  Uele.         -8.117175200911

  Ukin.         25.732434486670
  UH0.         -46.825679770899
  UH1.           0.099113243008
  Una.         -32.246085199421
  Unl.           6.907561191213
  Uxc0.         -4.586972308521
  Uxc1.         -4.586972308521
  Ucore.        20.563674141994
  Uhub.          0.000000000000
  Ucs.           0.000000000000
  Uzs.           0.000000000000
  Uzo.           0.000000000000
  Uef.           0.000000000000
  UvdW           0.000000000000
  Utot.        -34.942926524478

  Note:

  Utot = Ukin+UH0+UH1+Una+Unl+Uxc0+Uxc1+Ucore+Uhub+Ucs+Uzs+Uzo+Uef+UvdW

  Uene:   band energy
  Ukin:   kinetic energy
  UH0:    electric part of screened Coulomb energy
  UH1:    difference electron-electron Coulomb energy
  Una:    neutral atom potential energy
  Unl:    non-local potential energy
  Uxc0:   exchange-correlation energy for alpha spin
  Uxc1:   exchange-correlation energy for beta spin
  Ucore:  core-core Coulomb energy
  Uhub:   LDA+U energy
  Ucs:    constraint energy for spin orientation
  Uzs:    Zeeman term for spin magnetic moment
  Uzo:    Zeeman term for orbital magnetic moment
  Uef:    electric energy by electric field
  UvdW:   semi-empirical vdW energy 

  (see also PRB 72, 045121(2005) for the energy contributions)



  Chemical potential (Hartree)      -0.234375000000

***********************************************************
***********************************************************
                  SCF history at MD=16                    
***********************************************************
***********************************************************

   SCF=   1  NormRD=  1.000000000000  Uele= -8.088283161765
   SCF=   2  NormRD=  0.013144606294  Uele= -8.151675934178
   SCF=   3  NormRD=  0.013106451681  Uele= -8.151565776633
   SCF=   4  NormRD=  0.013068411078  Uele= -8.151455934214
   SCF=   5  NormRD=  0.000434928952  Uele= -8.111081473275
   SCF=   6  NormRD=  0.000084195127  Uele= -8.112649245074
   SCF=   7  NormRD=  0.000036333626  Uele= -8.112433233050
   SCF=   8  NormRD=  0.000004649277  Uele= -8.112426994446
   SCF=   9  NormRD=  0.000000334202  Uele= -8.112414224327
   SCF=  10  NormRD=  0.000000071123  Uele= -8.112414019258
   SCF=  11  NormRD=  0.000000010955  Uele= -8.112414164249
   SCF=  12  NormRD=  0.000000001540  Uele= -8.112414131268
   SCF=  13  NormRD=  0.000000000701  Uele= -8.112414129222

*******************************************************
        Total energy (Hartree) at MD =16        
*******************************************************

  Uele.         -8.112414129222

  Ukin.         25.720367461274
  UH0.         -46.797440507372
  UH1.           0.098805674966
  Una.         -32.224672133380
  Unl.           6.906400091309
  Uxc0.         -4.585578239288
  Uxc1.         -4.585578239288
  Ucore.        20.524801113130
  Uhub.          0.000000000000
  Ucs.           0.000000000000
  Uzs.           0.000000000000
  Uzo.           0.000000000000
  Uef.           0.000000000000
  UvdW           0.000000000000
  Utot.        -34.942894778650

  Note:

  Utot = Ukin+UH0+UH1+Una+Unl+Uxc0+Uxc1+Ucore+Uhub+Ucs+Uzs+Uzo+Uef+UvdW

  Uene:   band energy
  Ukin:   kinetic energy
  UH0:    electric part of screened Coulomb energy
  UH1:    difference electron-electron Coulomb energy
  Una:    neutral atom potential energy
  Unl:    non-local potential energy
  Uxc0:   exchange-correlation energy for alpha spin
  Uxc1:   exchange-correlation energy for beta spin
  Ucore:  core-core Coulomb energy
  Uhub:   LDA+U energy
  Ucs:    constraint energy for spin orientation
  Uzs:    Zeeman term for spin magnetic moment
  Uzo:    Zeeman term for orbital magnetic moment
  Uef:    electric energy by electric field
  UvdW:   semi-empirical vdW energy 

  (see also PRB 72, 045121(2005) for the energy contributions)



  Chemical potential (Hartree)      -0.234375000000

***********************************************************
***********************************************************
                  SCF history at MD=17                    
***********************************************************
***********************************************************

   SCF=   1  NormRD=  1.000000000000  Uele= -8.122313681300
   SCF=   2  NormRD=  0.003400151078  Uele= -8.106479935221
   SCF=   3  NormRD=  0.003390235426  Uele= -8.106507934951
   SCF=   4  NormRD=  0.003380349433  Uele= -8.106535854210
   SCF=   5  NormRD=  0.000235854186  Uele= -8.116861099102
   SCF=   6  NormRD=  0.000021213147  Uele= -8.116338335421
   SCF=   7  NormRD=  0.000012985361  Uele= -8.116382464453
   SCF=   8  NormRD=  0.000000766686  Uele= -8.116389728957
   SCF=   9  NormRD=  0.000000089859  Uele= -8.116391748549
   SCF=  10  NormRD=  0.000000013888  Uele= -8.116391841237
   SCF=  11  NormRD=  0.000000002068  Uele= -8.116391804437
   SCF=  12  NormRD=  0.000000000544  Uele= -8.116391803859

*******************************************************
        Total energy (Hartree) at MD =17        
*******************************************************

  Uele.         -8.116391803859

  Ukin.         25.729867176248
  UH0.         -46.801719773087
  UH1.           0.099048156428
  Una.         -32.241775057791
  Unl.           6.907402216499
  Uxc0.         -4.586680734544
  Uxc1.         -4.586680734544
  Ucore.        20.537646414003
  Uhub.          0.000000000000
  Ucs.           0.000000000000
  Uzs.           0.000000000000
  Uzo.           0.000000000000
  Uef.           0.000000000000
  UvdW           0.000000000000
  Utot.        -34.942892336788

  Note:

  Utot = Ukin+UH0+UH1+Una+Unl+Uxc0+Uxc1+Ucore+Uhub+Ucs+Uzs+Uzo+Uef+UvdW

  Uene:   band energy
  Ukin:   kinetic energy
  UH0:    electric part of screened Coulomb energy
  UH1:    difference electron-electron Coulomb energy
  Una:    neutral atom potential energy
  Unl:    non-local potential energy
  Uxc0:   exchange-correlation energy for alpha spin
  Uxc1:   exchange-correlation energy for beta spin
  Ucore:  core-core Coulomb energy
  Uhub:   LDA+U energy
  Ucs:    constraint energy for spin orientation
  Uzs:    Zeeman term for spin magnetic moment
  Uzo:    Zeeman term for orbital magnetic moment
  Uef:    electric energy by electric field
  UvdW:   semi-empirical vdW energy 

  (see also PRB 72, 045121(2005) for the energy contributions)



  Chemical potential (Hartree)      -0.234375000000

***********************************************************
***********************************************************
                  SCF history at MD=18                    
***********************************************************
***********************************************************

   SCF=   1  NormRD=  1.000000000000  Uele= -8.109154456221
   SCF=   2  NormRD=  0.002830556213  Uele= -8.122859845656
   SCF=   3  NormRD=  0.002822368232  Uele= -8.122836183832
   SCF=   4  NormRD=  0.002814204782  Uele= -8.122812589675
   SCF=   5  NormRD=  0.000219550428  Uele= -8.113977431412
   SCF=   6  NormRD=  0.000017770818  Uele= -8.114458381837
   SCF=   7  NormRD=  0.000010970191  Uele= -8.114416933843
   SCF=   8  NormRD=  0.000001172158  Uele= -8.114414260062
   SCF=   9  NormRD=  0.000000104758  Uele= -8.114411076856
   SCF=  10  NormRD=  0.000000006629  Uele= -8.114410917196
   SCF=  11  NormRD=  0.000000000878  Uele= -8.114410914899

*******************************************************
        Total energy (Hartree) at MD =18        
*******************************************************

  Uele.         -8.114410914899

  Ukin.         25.724880709004
  UH0.         -46.795652721604
  UH1.           0.098920623037
  Una.         -32.232905240531
  Unl.           6.906926371271
  Uxc0.         -4.586108647777
  Uxc1.         -4.586108647777
  Ucore.        20.527156256718
  Uhub.          0.000000000000
  Ucs.           0.000000000000
  Uzs.           0.000000000000
  Uzo.           0.000000000000
  Uef.           0.000000000000
  UvdW           0.000000000000
  Utot.        -34.942891297659

  Note:

  Utot = Ukin+UH0+UH1+Una+Unl+Uxc0+Uxc1+Ucore+Uhub+Ucs+Uzs+Uzo+Uef+UvdW

  Uene:   band energy
  Ukin:   kinetic energy
  UH0:    electric part of screened Coulomb energy
  UH1:    difference electron-electron Coulomb energy
  Una:    neutral atom potential energy
  Unl:    non-local potential energy
  Uxc0:   exchange-correlation energy for alpha spin
  Uxc1:   exchange-correlation energy for beta spin
  Ucore:  core-core Coulomb energy
  Uhub:   LDA+U energy
  Ucs:    constraint energy for spin orientation
  Uzs:    Zeeman term for spin magnetic moment
  Uzo:    Zeeman term for orbital magnetic moment
  Uef:    electric energy by electric field
  UvdW:   semi-empirical vdW energy 

  (see also PRB 72, 045121(2005) for the energy contributions)



  Chemical potential (Hartree)      -0.234375000000

***********************************************************
***********************************************************
                  SCF history at MD=19                    
***********************************************************
***********************************************************

   SCF=   1  NormRD=  1.000000000000  Uele= -8.122319609286
   SCF=   2  NormRD=  0.004311207374  Uele= -8.102354569477
   SCF=   3  NormRD=  0.004298607755  Uele= -8.102390188316
   SCF=   4  NormRD=  0.004286045807  Uele= -8.102425704569
   SCF=   5  NormRD=  0.000288776335  Uele= -8.115490334693
   SCF=   6  NormRD=  0.000024881320  Uele= -8.114859238961
   SCF=   7  NormRD=  0.000016132655  Uele= -8.114910226357
   SCF=   8  NormRD=  0.000000800078  Uele= -8.114918414906
   SCF=   9  NormRD=  0.000000111068  Uele= -8.114920507538
   SCF=  10  NormRD=  0.000000021897  Uele= -8.114920523038
   SCF=  11  NormRD=  0.000000003113  Uele= -8.114920464643
   SCF=  12  NormRD=  0.000000000910  Uele= -8.114920466818

*******************************************************
        Total energy (Hartree) at MD =19        
*******************************************************

  Uele.         -8.114920466818

  Ukin.         25.725481589651
  UH0.         -46.789242183210
  UH1.           0.098935115141
  Una.         -32.234246794085
  Unl.           6.907118311304
  Uxc0.         -4.586196280591
  Uxc1.         -4.586196280591
  Ucore.        20.521459221159
  Uhub.          0.000000000000
  Ucs.           0.000000000000
  Uzs.           0.000000000000
  Uzo.           0.000000000000
  Uef.           0.000000000000
  UvdW           0.000000000000
  Utot.        -34.942887301222

  Note:

  Utot = Ukin+UH0+UH1+Una+Unl+Uxc0+Uxc1+Ucore+Uhub+Ucs+Uzs+Uzo+Uef+UvdW

  Uene:   band energy
  Ukin:   kinetic energy
  UH0:    electric part of screened Coulomb energy
  UH1:    difference electron-electron Coulomb energy
  Una:    neutral atom potential energy
  Unl:    non-local potential energy
  Uxc0:   exchange-correlation energy for alpha spin
  Uxc1:   exchange-correlation energy for beta spin
  Ucore:  core-core Coulomb energy
  Uhub:   LDA+U energy
  Ucs:    constraint energy for spin orientation
  Uzs:    Zeeman term for spin magnetic moment
  Uzo:    Zeeman term for orbital magnetic moment
  Uef:    electric energy by electric field
  UvdW:   semi-empirical vdW energy 

  (see also PRB 72, 045121(2005) for the energy contributions)



  Chemical potential (Hartree)      -0.234375000000

***********************************************************
***********************************************************
                  SCF history at MD=20                    
***********************************************************
***********************************************************

   SCF=   1  NormRD=  1.000000000000  Uele= -8.114199367774
   SCF=   2  NormRD=  0.000406561317  Uele= -8.116100901995
   SCF=   3  NormRD=  0.000405378180  Uele= -8.116097623115
   SCF=   4  NormRD=  0.000404198597  Uele= -8.116094353627
   SCF=   5  NormRD=  0.000031579739  Uele= -8.114864905442
   SCF=   6  NormRD=  0.000002698511  Uele= -8.114937595368
   SCF=   7  NormRD=  0.000001801592  Uele= -8.114931883091
   SCF=   8  NormRD=  0.000000217437  Uele= -8.114932466043
   SCF=   9  NormRD=  0.000000035851  Uele= -8.114931933157
   SCF=  10  NormRD=  0.000000003105  Uele= -8.114931875360
   SCF=  11  NormRD=  0.000000000512  Uele= -8.114931880069

*******************************************************
        Total energy (Hartree) at MD =20        
*******************************************************

  Uele.         -8.114931880069

  Ukin.         25.724833282474
  UH0.         -46.781728382336
  UH1.           0.098918133669
  Una.         -32.233360647186
  Unl.           6.907195734639
  Uxc0.         -4.586141977455
  Uxc1.         -4.586141977455
  Ucore.        20.513540738789
  Uhub.          0.000000000000
  Ucs.           0.000000000000
  Uzs.           0.000000000000
  Uzo.           0.000000000000
  Uef.           0.000000000000
  UvdW           0.000000000000
  Utot.        -34.942885094862

  Note:

  Utot = Ukin+UH0+UH1+Una+Unl+Uxc0+Uxc1+Ucore+Uhub+Ucs+Uzs+Uzo+Uef+UvdW

  Uene:   band energy
  Ukin:   kinetic energy
  UH0:    electric part of screened Coulomb energy
  UH1:    difference electron-electron Coulomb energy
  Una:    neutral atom potential energy
  Unl:    non-local potential energy
  Uxc0:   exchange-correlation energy for alpha spin
  Uxc1:   exchange-correlation energy for beta spin
  Ucore:  core-core Coulomb energy
  Uhub:   LDA+U energy
  Ucs:    constraint energy for spin orientation
  Uzs:    Zeeman term for spin magnetic moment
  Uzo:    Zeeman term for orbital magnetic moment
  Uef:    electric energy by electric field
  UvdW:   semi-empirical vdW energy 

  (see also PRB 72, 045121(2005) for the energy contributions)



  Chemical potential (Hartree)      -0.234375000000

***********************************************************
***********************************************************
                  SCF history at MD=21                    
***********************************************************
***********************************************************

   SCF=   1  NormRD=  1.000000000000  Uele= -8.114778959495
   SCF=   2  NormRD=  0.000046160451  Uele= -8.115017074277
   SCF=   3  NormRD=  0.000046032771  Uele= -8.115016684129
   SCF=   4  NormRD=  0.000045905475  Uele= -8.115016295089
   SCF=   5  NormRD=  0.000005165551  Uele= -8.114871906488
   SCF=   6  NormRD=  0.000000454161  Uele= -8.114877153827
   SCF=   7  NormRD=  0.000000108914  Uele= -8.114876223353
   SCF=   8  NormRD=  0.000000036505  Uele= -8.114876002842
   SCF=   9  NormRD=  0.000000006411  Uele= -8.114875975902
   SCF=  10  NormRD=  0.000000000459  Uele= -8.114875961949
   SCF=  11  NormRD=  0.000000000038  Uele= -8.114875963045

*******************************************************
        Total energy (Hartree) at MD =21        
*******************************************************

  Uele.         -8.114875963045

  Ukin.         25.724669510455
  UH0.         -46.781677550111
  UH1.           0.098913814549
  Una.         -32.233079083772
  Unl.           6.907185013903
  Uxc0.         -4.586124075300
  Uxc1.         -4.586124075300
  Ucore.        20.513350966625
  Uhub.          0.000000000000
  Ucs.           0.000000000000
  Uzs.           0.000000000000
  Uzo.           0.000000000000
  Uef.           0.000000000000
  UvdW           0.000000000000
  Utot.        -34.942885478952

  Note:

  Utot = Ukin+UH0+UH1+Una+Unl+Uxc0+Uxc1+Ucore+Uhub+Ucs+Uzs+Uzo+Uef+UvdW

  Uene:   band energy
  Ukin:   kinetic energy
  UH0:    electric part of screened Coulomb energy
  UH1:    difference electron-electron Coulomb energy
  Una:    neutral atom potential energy
  Unl:    non-local potential energy
  Uxc0:   exchange-correlation energy for alpha spin
  Uxc1:   exchange-correlation energy for beta spin
  Ucore:  core-core Coulomb energy
  Uhub:   LDA+U energy
  Ucs:    constraint energy for spin orientation
  Uzs:    Zeeman term for spin magnetic moment
  Uzo:    Zeeman term for orbital magnetic moment
  Uef:    electric energy by electric field
  UvdW:   semi-empirical vdW energy 

  (see also PRB 72, 045121(2005) for the energy contributions)



  Chemical potential (Hartree)      -0.234375000000

***********************************************************
***********************************************************
           Eigenvalues (Hartree) for SCF KS-eq.           
***********************************************************
***********************************************************

   Chemical Potential (Hartree) =  -0.23437500000000
   Number of States             =  16.00000000000000
   HOMO =  8
   Eigenvalues
                Up-spin            Down-spin
          1  -0.94018667664264  -0.94018667664264
          2  -0.92627763120105  -0.92627763120105
          3  -0.49177887444712  -0.49177887444712
          4  -0.47718229034789  -0.47718229034789
          5  -0.35210967162601  -0.35210967162601
          6  -0.33807394369606  -0.33807394369606
          7  -0.27278859475234  -0.27278859475234
          8  -0.25904029856871  -0.25904029856871
          9  -0.00723894214213  -0.00723894214213
         10   0.01100266268717   0.01100266268717
         11   0.07943902554795   0.07943902554795
         12   0.09279319604151   0.09279319604151
         13   0.20760082884948   0.20760082884948
         14   0.22310574611132   0.22310574611132
         15   0.25327337118548   0.25327337118548
         16   0.26556303710121   0.26556303710121
         17   0.30142230478196   0.30142230478196
         18   0.30384237530547   0.30384237530547
         19   0.31274871996355   0.31274871996355
         20   0.31734972104666   0.31734972104666
         21   0.32484981080044   0.32484981080044
         22   0.35057015651046   0.35057015651046
         23   0.45124306852563   0.45124306852563
         24   0.46330135482440   0.46330135482440
         25   0.57537651197694   0.57537651197694
         26   0.59687986109254   0.59687986109254
         27   0.60372049907728   0.60372049907728
         28   0.61008371945269   0.61008371945269
         29   0.69492900893789   0.69492900893789
         30   0.71203042967994   0.71203042967994
         31   0.79553327702806   0.79553327702806
         32   0.81114365241080   0.81114365241080
         33   1.23112431335521   1.23112431335521
         34   1.23745959274776   1.23745959274776
         35   1.65077435620920   1.65077435620920
         36   1.65554725058177   1.65554725058177
         37   1.66567590723583   1.66567590723583
         38   1.66953295323204   1.66953295323204
         39   1.68231574271111   1.68231574271111
         40   1.69578271745786   1.69578271745786
         41   1.87856787980371   1.87856787980371
         42   1.89282214137271   1.89282214137271
         43   1.89311986218031   1.89311986218031
         44   1.90659890776239   1.90659890776239
         45   2.03248133243838   2.03248133243838
         46   2.06064715105770   2.06064715105770

***********************************************************
***********************************************************
              History of geometry optimization             
***********************************************************
***********************************************************

  MD_iter   SD_scaling     |Maximum force|   Maximum step        Utot
                           (Hartree/Bohr)        (Ang)         (Hartree)

    1       0.94486299       0.01735305       0.00867652     -34.94223577
    2       0.94486299       0.00202507       0.00101253     -34.94289873
    3       0.94486299       0.00068106       0.00034053     -34.94291131
    4       0.94486299       0.00050091       0.00025045     -34.94291216
    5       2.36215747       0.00046748       0.00058435     -34.94291265
    6       2.36215747       0.00043661       0.00054576     -34.94291388
    7       2.36215747       0.00044265       0.00055331     -34.94291511
    8       2.36215747       0.00044318       0.00055397     -34.94291640
    9       5.90539368       0.00045096       0.00140924     -34.94291781
   10       5.90539368       0.00051105       0.00159704     -34.94292185
   11       5.90539368       0.00055057       0.00172054     -34.94292610
   12       5.90539368       0.00100224       0.00053036     -34.94292902
   13       5.90539368       0.00053532       0.00056172     -34.94293052
   14       5.90539368       0.00055017       0.00146131     -34.94293153
   15       5.90539368       0.00100799       0.01397728     -34.94292652
   16       5.90539368       0.00113249       0.00241648     -34.94289478
   17       5.90539368       0.00077314       0.00194810     -34.94289234
   18       5.90539368       0.00021742       0.00509966     -34.94289130
   19       5.90539368       0.00015400       0.00534528     -34.94288730
   20       5.90539368       0.00011148       0.00005339     -34.94288509
   21       5.90539368       0.00008685       0.00000000     -34.94288548

***********************************************************
***********************************************************
                   Mulliken populations                    
***********************************************************
***********************************************************

  Total spin S =  0.000000000000

                    Up spin      Down spin     Sum           Diff
      1    O      3.178072277  3.178072277   6.356144554   0.000000000
      2    H      0.411039411  0.411039411   0.822078822   0.000000000
      3    H      0.411032577  0.411032577   0.822065153   0.000000000
      4    O      3.178556754  3.178556754   6.357113508   0.000000000
      5    H      0.410649406  0.410649406   0.821298811   0.000000000
      6    H      0.410649576  0.410649576   0.821299152   0.000000000

 Sum of MulP: up   =     8.00000 down          =     8.00000
              total=    16.00000 ideal(neutral)=    16.00000


  Decomposed Mulliken populations

    1    O          Up spin      Down spin     Sum           Diff
            multiple
  s           0    0.883639509  0.883639509   1.767279018   0.000000000
   sum over m      0.883639509  0.883639509   1.767279018   0.000000000
  s           1   -0.003142837 -0.003142837  -0.006285673   0.000000000
   sum over m     -0.003142837 -0.003142837  -0.006285673   0.000000000
   sum over m+mul  0.880496673  0.880496673   1.760993345   0.000000000
  px          0    0.642964761  0.642964761   1.285929522   0.000000000
  py          0    0.773530942  0.773530942   1.547061883   0.000000000
  pz          0    0.896771686  0.896771686   1.793543372   0.000000000
   sum over m      2.313267389  2.313267389   4.626534777   0.000000000
  px          1   -0.012290739 -0.012290739  -0.024581477   0.000000000
  py          1   -0.004634358 -0.004634358  -0.009268715   0.000000000
  pz          1   -0.003115377 -0.003115377  -0.006230754   0.000000000
   sum over m     -0.020040473 -0.020040473  -0.040080946   0.000000000
   sum over m+mul  2.293226916  2.293226916   4.586453831   0.000000000
  d3z^2-r^2   0    0.001045814  0.001045814   0.002091628   0.000000000
  dx^2-y^2    0    0.000070815  0.000070815   0.000141630   0.000000000
  dxy         0    0.003095608  0.003095608   0.006191216   0.000000000
  dxz         0    0.000000000  0.000000000   0.000000000   0.000000000
  dyz         0    0.000136452  0.000136452   0.000272904   0.000000000
   sum over m      0.004348689  0.004348689   0.008697377   0.000000000
   sum over m+mul  0.004348689  0.004348689   0.008697377   0.000000000

    2    H          Up spin      Down spin     Sum           Diff
            multiple
  s           0    0.283354124  0.283354124   0.566708248   0.000000000
   sum over m      0.283354124  0.283354124   0.566708248   0.000000000
  s           1    0.028582388  0.028582388   0.057164776   0.000000000
   sum over m      0.028582388  0.028582388   0.057164776   0.000000000
   sum over m+mul  0.311936512  0.311936512   0.623873023   0.000000000
  px          0    0.013191109  0.013191109   0.026382218   0.000000000
  py          0    0.032809452  0.032809452   0.065618904   0.000000000
  pz          0    0.053102338  0.053102338   0.106204676   0.000000000
   sum over m      0.099102899  0.099102899   0.198205799   0.000000000
   sum over m+mul  0.099102899  0.099102899   0.198205799   0.000000000

    3    H          Up spin      Down spin     Sum           Diff
            multiple
  s           0    0.283348195  0.283348195   0.566696389   0.000000000
   sum over m      0.283348195  0.283348195   0.566696389   0.000000000
  s           1    0.028583085  0.028583085   0.057166170   0.000000000
   sum over m      0.028583085  0.028583085   0.057166170   0.000000000
   sum over m+mul  0.311931280  0.311931280   0.623862559   0.000000000
  px          0    0.013196144  0.013196144   0.026392288   0.000000000
  py          0    0.032802927  0.032802927   0.065605855   0.000000000
  pz          0    0.053102225  0.053102225   0.106204451   0.000000000
   sum over m      0.099101297  0.099101297   0.198202594   0.000000000
   sum over m+mul  0.099101297  0.099101297   0.198202594   0.000000000

    4    O          Up spin      Down spin     Sum           Diff
            multiple
  s           0    0.883117953  0.883117953   1.766235906   0.000000000
   sum over m      0.883117953  0.883117953   1.766235906   0.000000000
  s           1   -0.003168872 -0.003168872  -0.006337744   0.000000000
   sum over m     -0.003168872 -0.003168872  -0.006337744   0.000000000
   sum over m+mul  0.879949081  0.879949081   1.759898162   0.000000000
  px          0    0.896889023  0.896889023   1.793778046   0.000000000
  py          0    0.774021197  0.774021197   1.548042393   0.000000000
  pz          0    0.643252882  0.643252882   1.286505764   0.000000000
   sum over m      2.314163101  2.314163101   4.628326203   0.000000000
  px          1   -0.003130277 -0.003130277  -0.006260554   0.000000000
  py          1   -0.004576743 -0.004576743  -0.009153486   0.000000000
  pz          1   -0.012200483 -0.012200483  -0.024400966   0.000000000
   sum over m     -0.019907503 -0.019907503  -0.039815005   0.000000000
   sum over m+mul  2.294255599  2.294255599   4.588511198   0.000000000
  d3z^2-r^2   0    0.000229327  0.000229327   0.000458653   0.000000000
  dx^2-y^2    0    0.000888963  0.000888963   0.001777927   0.000000000
  dxy         0    0.000140675  0.000140675   0.000281351   0.000000000
  dxz         0    0.000000000  0.000000000   0.000000000   0.000000000
  dyz         0    0.003093109  0.003093109   0.006186217   0.000000000
   sum over m      0.004352074  0.004352074   0.008704148   0.000000000
   sum over m+mul  0.004352074  0.004352074   0.008704148   0.000000000

    5    H          Up spin      Down spin     Sum           Diff
            multiple
  s           0    0.283251261  0.283251261   0.566502523   0.000000000
   sum over m      0.283251261  0.283251261   0.566502523   0.000000000
  s           1    0.028610575  0.028610575   0.057221149   0.000000000
   sum over m      0.028610575  0.028610575   0.057221149   0.000000000
   sum over m+mul  0.311861836  0.311861836   0.623723672   0.000000000
  px          0    0.053040265  0.053040265   0.106080530   0.000000000
  py          0    0.032707729  0.032707729   0.065415457   0.000000000
  pz          0    0.013039576  0.013039576   0.026079152   0.000000000
   sum over m      0.098787570  0.098787570   0.197575139   0.000000000
   sum over m+mul  0.098787570  0.098787570   0.197575139   0.000000000

    6    H          Up spin      Down spin     Sum           Diff
            multiple
  s           0    0.283251459  0.283251459   0.566502919   0.000000000
   sum over m      0.283251459  0.283251459   0.566502919   0.000000000
  s           1    0.028610560  0.028610560   0.057221120   0.000000000
   sum over m      0.028610560  0.028610560   0.057221120   0.000000000
   sum over m+mul  0.311862019  0.311862019   0.623724039   0.000000000
  px          0    0.053040251  0.053040251   0.106080501   0.000000000
  py          0    0.032707756  0.032707756   0.065415512   0.000000000
  pz          0    0.013039550  0.013039550   0.026079100   0.000000000
   sum over m      0.098787557  0.098787557   0.197575113   0.000000000
   sum over m+mul  0.098787557  0.098787557   0.197575113   0.000000000

***********************************************************
***********************************************************
                    Dipole moment (Debye)                  
***********************************************************
***********************************************************

 Absolute D        3.73942700

                      Dx                Dy                Dz
 Total              0.00072785        3.73942693        0.00000039
 Core              -0.00618078      202.16834317       -0.00001913
 Electron           0.00690864     -198.42891625        0.00001952
 Back ground        0.00000000        0.00000000        0.00000000

***********************************************************
***********************************************************
       xyz-coordinates (Ang) and forces (Hartree/Bohr)  
***********************************************************
***********************************************************

<coordinates.forces
  6
    1     O    -0.00022  -0.03097  -0.00000   0.000006060119 -0.000084714246  0.000000034398
    2     H     0.76150   0.57149  -0.00000  -0.000086849367  0.000015194509  0.000000000409
    3     H    -0.76150   0.57205  -0.00000   0.000084539330  0.000000508269 -0.000000000283
    4     O    -0.00000   4.99152  -0.00000   0.000000011594 -0.000044770173 -0.000000020663
    5     H     0.00002   5.59171   0.76320  -0.000000483898 -0.000067621500 -0.000004578341
    6     H     0.00002   5.59171  -0.76320  -0.000000483821 -0.000067634606  0.000004608023
coordinates.forces>

***********************************************************
***********************************************************
       Fractional coordinates of the final structure       
***********************************************************
***********************************************************

     1      O     0.99997774051901   0.99791738939539   0.99999997240672
     2      H     0.07681875310136   0.03843386255334   0.99999999777014
     3      H     0.92318170400247   0.03847125458026   0.99999999879220
     4      O     0.99999997950237   0.33568978315047   0.99999997323617
     5      H     0.00000170381099   0.37605375949799   0.07698961851160
     6      H     0.00000170879374   0.37605375167216   0.92301030927423

***********************************************************
***********************************************************
               Computational Time (second)                 
***********************************************************
***********************************************************

   Elapsed.Time.       283.136

                            Min_ID    Min_Time    Max_ID    Max_Time
   Total Computational Time =  4      283.132       0      283.136
   readfile                 =  3        5.010       2        5.010
   truncation               =  5       18.376       1       18.388
   MD_pac                   =  0        0.051       5        0.068
   DFT                      =  1      259.505       0      259.562

*** In DFT ***

   Set_OLP_Kin              =  0        6.375       2        7.155
   Set_Nonlocal             =  2       13.674       5       14.447
   Set_Hamiltonian          =  1      133.126       4      133.126
   Poisson                  =  1       11.965       0       11.966
   Diagonalization          =  4        1.944       2        1.944
   Mixing_DM                =  2        0.084       3        0.084
   Force                    =  5       32.236       0       32.236
   Total_Energy             =  1       16.114       0       16.168
   Set_Aden_Grid            =  0        1.714       1        1.734
   Set_Orbitals_Grid        =  4        3.446       1        3.590
   Set_Density_Grid         =  4       28.451       3       28.596
   Others                   =  1        9.325       4        9.547
