#
#      File Name      
#

System.CurrrentDirectory         ./    # default=./
System.Name                     d-H2O_DIIS
level.of.stdout                   1    # default=1 (1-3)
level.of.fileout                  0    # default=1 (1-3)

#
# Definition of Atomic Species
#

Species.Number       2
<Definition.of.Atomic.Species
 H   H7.0-s2p1     H_PBE11
 O   O7.0-s2p2d1   O_PBE11
Definition.of.Atomic.Species>

#
# Atoms
#

Atoms.Number         6
Atoms.SpeciesAndCoordinates.Unit   Ang # Ang|AU
<Atoms.SpeciesAndCoordinates           # Unit=Ang.
 1  O  0.000  0.000  0.000  3.0 3.0
 2  H  0.757  0.586  0.000  0.5 0.5
 3  H -0.757  0.586  0.000  0.5 0.5
 4  O  0.000  5.000  0.000  3.0 3.0
 5  H  0.000  5.586  0.757  0.5 0.5
 6  H  0.000  5.586 -0.757  0.5 0.5
Atoms.SpeciesAndCoordinates>
Atoms.UnitVectors.Unit             Ang #  Ang|AU
#<Atoms.UnitVectors                     
#   8.0   0.0   0.0  
#   0.0   8.0   0.0  
#   0.0   0.0   8.0  
#Atoms.UnitVectors>

#
# SCF or Electronic System
#

scf.XcType                 GGA-PBE     # LDA|LSDA-CA|LSDA-PW
scf.SpinPolarization        off        # on|off|nc
scf.ElectronicTemperature  100.0       # default=300 (K)
scf.energycutoff           180.0       # default=150 (Ry)
scf.maxIter                 60         # default=40
scf.EigenvalueSolver     cluster       # Recursion|Cluster|Band
scf.Kgrid                  4 4 4       # means 4x4x4
scf.Mixing.Type           rmm-diis     # Simple|Rmm-Diis|Gr-Pulay
scf.Init.Mixing.Weight     0.10        # default=0.30 
scf.Min.Mixing.Weight      0.001       # default=0.001 
scf.Max.Mixing.Weight      0.400       # default=0.40 
scf.Mixing.History          7          # default=5
scf.Mixing.StartPulay      10          # default=6
scf.criterion             1.0e-8       # default=1.0e-6 (Hartree) 

#
# MD or Geometry Optimization
#

MD.Type                     DIIS       # Nomd|Opt|DIIS|NVE|NVT_VS|NVT_NH
MD.Opt.DIIS.History          3         # default=3
MD.Opt.StartDIIS            12         # default=5
MD.Opt.EveryDIIS           10000       # default=10
MD.maxIter                  200        # default=1xsx
MD.TimeStep                1.0         # default=0.5 (fs)
MD.Opt.criterion          1.0e-4       # default=1.0e-4 (Hartree/bohr)


***********************************************************
***********************************************************

  Required cutoff energy (Ryd) for 3D-grids = 180.0000
      Used cutoff energy (Ryd) for 3D-grids = 180.0010, 180.0010, 180.0010
  Num. of grids of a-, b-, and c-axes = 80, 120, 80

  Num.Grid1.    80
  Num.Grid2.   120
  Num.Grid3.    80


  Cell_Volume =   9860.489190752132 (Bohr^3)
  GridVol     =      0.012839178634 (Bohr^3)
  Cell vectors (bohr) of the grid cell (gtv)
    gtv_a =  0.234159840592,  0.000000000000,  0.000000000000
    gtv_b =  0.000000000000,  0.234159840592,  0.000000000000
    gtv_c =  0.000000000000,  0.000000000000,  0.234159840592
    |gtv_a| =  0.234159840592
    |gtv_b| =  0.234159840592
    |gtv_c| =  0.234159840592

***********************************************************
***********************************************************


***********************************************************
***********************************************************
                  SCF history at MD= 1                    
***********************************************************
***********************************************************

   SCF=   1  NormRD=  1.000000000000  Uele= -10.715130623770
   SCF=   2  NormRD=  1.156030231109  Uele= -5.380960325813
   SCF=   3  NormRD=  0.996746200126  Uele= -5.746331688841
   SCF=   4  NormRD=  0.474328845752  Uele= -7.031994898015
   SCF=   5  NormRD=  0.180855011804  Uele= -7.796795799673
   SCF=   6  NormRD=  0.069365320674  Uele= -8.092663706313
   SCF=   7  NormRD=  0.035402428903  Uele= -8.173279277480
   SCF=   8  NormRD=  0.019725510035  Uele= -8.179114607919
   SCF=   9  NormRD=  0.011707674095  Uele= -8.169333427898
   SCF=  10  NormRD=  0.006915090677  Uele= -8.165717940775
   SCF=  11  NormRD=  0.004111603242  Uele= -8.163303122694
   SCF=  12  NormRD=  0.000071090690  Uele= -8.160284442687
   SCF=  13  NormRD=  0.000144553347  Uele= -8.159670318839
   SCF=  14  NormRD=  0.000005808252  Uele= -8.160079106700
   SCF=  15  NormRD=  0.000000587501  Uele= -8.160064608437
   SCF=  16  NormRD=  0.000000180919  Uele= -8.160067007804
   SCF=  17  NormRD=  0.000000081172  Uele= -8.160066496615
   SCF=  18  NormRD=  0.000000001287  Uele= -8.160066475412
   SCF=  19  NormRD=  0.000000000044  Uele= -8.160066478531

*******************************************************
        Total energy (Hartree) at MD = 1        
*******************************************************

  Uele.         -8.160066478531

  Ukin.         25.837605310042
  UH0.         -46.901086797693
  UH1.           0.101859437229
  Una.         -32.435338941247
  Unl.           6.918770257723
  Uxc0.         -4.599070498179
  Uxc1.         -4.599070498179
  Ucore.        20.734095958843
  Uhub.          0.000000000000
  Ucs.           0.000000000000
  Uzs.           0.000000000000
  Uzo.           0.000000000000
  Uef.           0.000000000000
  UvdW           0.000000000000
  Utot.        -34.942235771461

  Note:

  Utot = Ukin+UH0+UH1+Una+Unl+Uxc0+Uxc1+Ucore+Uhub+Ucs+Uzs+Uzo+Uef+UvdW

  Uene:   band energy
  Ukin:   kinetic energy
  UH0:    electric part of screened Coulomb energy
  UH1:    difference electron-electron Coulomb energy
  Una:    neutral atom potential energy
  Unl:    non-local potential energy
  Uxc0:   exchange-correlation energy for alpha spin
  Uxc1:   exchange-correlation energy for beta spin
  Ucore:  core-core Coulomb energy
  Uhub:   LDA+U energy
  Ucs:    constraint energy for spin orientation
  Uzs:    Zeeman term for spin magnetic moment
  Uzo:    Zeeman term for orbital magnetic moment
  Uef:    electric energy by electric field
  UvdW:   semi-empirical vdW energy 

  (see also PRB 72, 045121(2005) for the energy contributions)



  Chemical potential (Hartree)      -0.234375000000

***********************************************************
***********************************************************
                  SCF history at MD= 2                    
***********************************************************
***********************************************************

   SCF=   1  NormRD=  1.000000000000  Uele= -8.070864210660
   SCF=   2  NormRD=  0.027198476438  Uele= -8.203790865066
   SCF=   3  NormRD=  0.027119648295  Uele= -8.203558593558
   SCF=   4  NormRD=  0.027041053905  Uele= -8.203326984782
   SCF=   5  NormRD=  0.000899889593  Uele= -8.117957818011
   SCF=   6  NormRD=  0.000202494382  Uele= -8.121529389865
   SCF=   7  NormRD=  0.000036331275  Uele= -8.121000810041
   SCF=   8  NormRD=  0.000007146101  Uele= -8.120978089196
   SCF=   9  NormRD=  0.000000564831  Uele= -8.120962321744
   SCF=  10  NormRD=  0.000000056681  Uele= -8.120963681230
   SCF=  11  NormRD=  0.000000008002  Uele= -8.120963699969
   SCF=  12  NormRD=  0.000000002953  Uele= -8.120963703946

*******************************************************
        Total energy (Hartree) at MD = 2        
*******************************************************

  Uele.         -8.120963703946

  Ukin.         25.741546315328
  UH0.         -46.824729454276
  UH1.           0.099347553927
  Una.         -32.262629836070
  Unl.           6.908577279383
  Uxc0.         -4.588031818440
  Uxc1.         -4.588031818440
  Ucore.        20.571053046149
  Uhub.          0.000000000000
  Ucs.           0.000000000000
  Uzs.           0.000000000000
  Uzo.           0.000000000000
  Uef.           0.000000000000
  UvdW           0.000000000000
  Utot.        -34.942898732439

  Note:

  Utot = Ukin+UH0+UH1+Una+Unl+Uxc0+Uxc1+Ucore+Uhub+Ucs+Uzs+Uzo+Uef+UvdW

  Uene:   band energy
  Ukin:   kinetic energy
  UH0:    electric part of screened Coulomb energy
  UH1:    difference electron-electron Coulomb energy
  Una:    neutral atom potential energy
  Unl:    non-local potential energy
  Uxc0:   exchange-correlation energy for alpha spin
  Uxc1:   exchange-correlation energy for beta spin
  Ucore:  core-core Coulomb energy
  Uhub:   LDA+U energy
  Ucs:    constraint energy for spin orientation
  Uzs:    Zeeman term for spin magnetic moment
  Uzo:    Zeeman term for orbital magnetic moment
  Uef:    electric energy by electric field
  UvdW:   semi-empirical vdW energy 

  (see also PRB 72, 045121(2005) for the energy contributions)



  Chemical potential (Hartree)      -0.234375000000

***********************************************************
***********************************************************
                  SCF history at MD= 3                    
***********************************************************
***********************************************************

   SCF=   1  NormRD=  1.000000000000  Uele= -8.116125392133
   SCF=   2  NormRD=  0.000280783381  Uele= -8.115955257216
   SCF=   3  NormRD=  0.000279971714  Uele= -8.115955444500
   SCF=   4  NormRD=  0.000279162472  Uele= -8.115955631320
   SCF=   5  NormRD=  0.000019778997  Uele= -8.116048972524
   SCF=   6  NormRD=  0.000000820026  Uele= -8.116038469478
   SCF=   7  NormRD=  0.000000165563  Uele= -8.116038067595
   SCF=   8  NormRD=  0.000000078688  Uele= -8.116038734603
   SCF=   9  NormRD=  0.000000005375  Uele= -8.116038544249
   SCF=  10  NormRD=  0.000000001642  Uele= -8.116038536578

*******************************************************
        Total energy (Hartree) at MD = 3        
*******************************************************

  Uele.         -8.116038536578

  Ukin.         25.729398286265
  UH0.         -46.814988275205
  UH1.           0.099035644454
  Una.         -32.240857848786
  Unl.           6.907336265500
  Uxc0.         -4.586629264470
  Uxc1.         -4.586629264470
  Ucore.        20.550423151521
  Uhub.          0.000000000000
  Ucs.           0.000000000000
  Uzs.           0.000000000000
  Uzo.           0.000000000000
  Uef.           0.000000000000
  UvdW           0.000000000000
  Utot.        -34.942911305192

  Note:

  Utot = Ukin+UH0+UH1+Una+Unl+Uxc0+Uxc1+Ucore+Uhub+Ucs+Uzs+Uzo+Uef+UvdW

  Uene:   band energy
  Ukin:   kinetic energy
  UH0:    electric part of screened Coulomb energy
  UH1:    difference electron-electron Coulomb energy
  Una:    neutral atom potential energy
  Unl:    non-local potential energy
  Uxc0:   exchange-correlation energy for alpha spin
  Uxc1:   exchange-correlation energy for beta spin
  Ucore:  core-core Coulomb energy
  Uhub:   LDA+U energy
  Ucs:    constraint energy for spin orientation
  Uzs:    Zeeman term for spin magnetic moment
  Uzo:    Zeeman term for orbital magnetic moment
  Uef:    electric energy by electric field
  UvdW:   semi-empirical vdW energy 

  (see also PRB 72, 045121(2005) for the energy contributions)



  Chemical potential (Hartree)      -0.234375000000

***********************************************************
***********************************************************
                  SCF history at MD= 4                    
***********************************************************
***********************************************************

   SCF=   1  NormRD=  1.000000000000  Uele= -8.115447491954
   SCF=   2  NormRD=  0.000116931342  Uele= -8.114918533228
   SCF=   3  NormRD=  0.000116628759  Uele= -8.114919361728
   SCF=   4  NormRD=  0.000116327074  Uele= -8.114920187912
   SCF=   5  NormRD=  0.000018827362  Uele= -8.115219270680
   SCF=   6  NormRD=  0.000000801326  Uele= -8.115224604551
   SCF=   7  NormRD=  0.000000973766  Uele= -8.115227801183
   SCF=   8  NormRD=  0.000000072228  Uele= -8.115226484903
   SCF=   9  NormRD=  0.000000008456  Uele= -8.115226700467
   SCF=  10  NormRD=  0.000000001973  Uele= -8.115226689338
   SCF=  11  NormRD=  0.000000000157  Uele= -8.115226684393

*******************************************************
        Total energy (Hartree) at MD = 4        
*******************************************************

  Uele.         -8.115226684393

  Ukin.         25.727372047710
  UH0.         -46.813508969140
  UH1.           0.098983611281
  Una.         -32.237226458637
  Unl.           6.907129908152
  Uxc0.         -4.586395150581
  Uxc1.         -4.586395150581
  Ucore.        20.547128005990
  Uhub.          0.000000000000
  Ucs.           0.000000000000
  Uzs.           0.000000000000
  Uzo.           0.000000000000
  Uef.           0.000000000000
  UvdW           0.000000000000
  Utot.        -34.942912155807

  Note:

  Utot = Ukin+UH0+UH1+Una+Unl+Uxc0+Uxc1+Ucore+Uhub+Ucs+Uzs+Uzo+Uef+UvdW

  Uene:   band energy
  Ukin:   kinetic energy
  UH0:    electric part of screened Coulomb energy
  UH1:    difference electron-electron Coulomb energy
  Una:    neutral atom potential energy
  Unl:    non-local potential energy
  Uxc0:   exchange-correlation energy for alpha spin
  Uxc1:   exchange-correlation energy for beta spin
  Ucore:  core-core Coulomb energy
  Uhub:   LDA+U energy
  Ucs:    constraint energy for spin orientation
  Uzs:    Zeeman term for spin magnetic moment
  Uzo:    Zeeman term for orbital magnetic moment
  Uef:    electric energy by electric field
  UvdW:   semi-empirical vdW energy 

  (see also PRB 72, 045121(2005) for the energy contributions)



  Chemical potential (Hartree)      -0.234375000000

***********************************************************
***********************************************************
                  SCF history at MD= 5                    
***********************************************************
***********************************************************

   SCF=   1  NormRD=  1.000000000000  Uele= -8.115578276920
   SCF=   2  NormRD=  0.000247084180  Uele= -8.114343079963
   SCF=   3  NormRD=  0.000246378821  Uele= -8.114345180292
   SCF=   4  NormRD=  0.000245675581  Uele= -8.114347274634
   SCF=   5  NormRD=  0.000022117600  Uele= -8.115132970478
   SCF=   6  NormRD=  0.000001493964  Uele= -8.115093523040
   SCF=   7  NormRD=  0.000000386109  Uele= -8.115097165254
   SCF=   8  NormRD=  0.000000099918  Uele= -8.115097425699
   SCF=   9  NormRD=  0.000000006177  Uele= -8.115097687960
   SCF=  10  NormRD=  0.000000000614  Uele= -8.115097684427

*******************************************************
        Total energy (Hartree) at MD = 5        
*******************************************************

  Uele.         -8.115097684427

  Ukin.         25.727036020293
  UH0.         -46.813447881318
  UH1.           0.098974896831
  Una.         -32.236622008293
  Unl.           6.907094994207
  Uxc0.         -4.586356308900
  Uxc1.         -4.586356308900
  Ucore.        20.546763945675
  Uhub.          0.000000000000
  Ucs.           0.000000000000
  Uzs.           0.000000000000
  Uzo.           0.000000000000
  Uef.           0.000000000000
  UvdW           0.000000000000
  Utot.        -34.942912650405

  Note:

  Utot = Ukin+UH0+UH1+Una+Unl+Uxc0+Uxc1+Ucore+Uhub+Ucs+Uzs+Uzo+Uef+UvdW

  Uene:   band energy
  Ukin:   kinetic energy
  UH0:    electric part of screened Coulomb energy
  UH1:    difference electron-electron Coulomb energy
  Una:    neutral atom potential energy
  Unl:    non-local potential energy
  Uxc0:   exchange-correlation energy for alpha spin
  Uxc1:   exchange-correlation energy for beta spin
  Ucore:  core-core Coulomb energy
  Uhub:   LDA+U energy
  Ucs:    constraint energy for spin orientation
  Uzs:    Zeeman term for spin magnetic moment
  Uzo:    Zeeman term for orbital magnetic moment
  Uef:    electric energy by electric field
  UvdW:   semi-empirical vdW energy 

  (see also PRB 72, 045121(2005) for the energy contributions)



  Chemical potential (Hartree)      -0.234375000000

***********************************************************
***********************************************************
                  SCF history at MD= 6                    
***********************************************************
***********************************************************

   SCF=   1  NormRD=  1.000000000000  Uele= -8.115431357663
   SCF=   2  NormRD=  0.000199712063  Uele= -8.114462747133
   SCF=   3  NormRD=  0.000199134487  Uele= -8.114464414835
   SCF=   4  NormRD=  0.000198558642  Uele= -8.114466077769
   SCF=   5  NormRD=  0.000015550031  Uele= -8.115088253259
   SCF=   6  NormRD=  0.000001177309  Uele= -8.115055346366
   SCF=   7  NormRD=  0.000000609643  Uele= -8.115058233563
   SCF=   8  NormRD=  0.000000067880  Uele= -8.115058399346
   SCF=   9  NormRD=  0.000000003210  Uele= -8.115058593439
   SCF=  10  NormRD=  0.000000000422  Uele= -8.115058594864

*******************************************************
        Total energy (Hartree) at MD = 6        
*******************************************************

  Uele.         -8.115058594864

  Ukin.         25.726906317303
  UH0.         -46.813924956066
  UH1.           0.098971329037
  Una.         -32.236382367580
  Unl.           6.907079468169
  Uxc0.         -4.586341241067
  Uxc1.         -4.586341241067
  Ucore.        20.547118807521
  Uhub.          0.000000000000
  Ucs.           0.000000000000
  Uzs.           0.000000000000
  Uzo.           0.000000000000
  Uef.           0.000000000000
  UvdW           0.000000000000
  Utot.        -34.942913883750

  Note:

  Utot = Ukin+UH0+UH1+Una+Unl+Uxc0+Uxc1+Ucore+Uhub+Ucs+Uzs+Uzo+Uef+UvdW

  Uene:   band energy
  Ukin:   kinetic energy
  UH0:    electric part of screened Coulomb energy
  UH1:    difference electron-electron Coulomb energy
  Una:    neutral atom potential energy
  Unl:    non-local potential energy
  Uxc0:   exchange-correlation energy for alpha spin
  Uxc1:   exchange-correlation energy for beta spin
  Ucore:  core-core Coulomb energy
  Uhub:   LDA+U energy
  Ucs:    constraint energy for spin orientation
  Uzs:    Zeeman term for spin magnetic moment
  Uzo:    Zeeman term for orbital magnetic moment
  Uef:    electric energy by electric field
  UvdW:   semi-empirical vdW energy 

  (see also PRB 72, 045121(2005) for the energy contributions)



  Chemical potential (Hartree)      -0.234375000000

***********************************************************
***********************************************************
                  SCF history at MD= 7                    
***********************************************************
***********************************************************

   SCF=   1  NormRD=  1.000000000000  Uele= -8.115329169615
   SCF=   2  NormRD=  0.000100361666  Uele= -8.114853010699
   SCF=   3  NormRD=  0.000100079356  Uele= -8.114853807180
   SCF=   4  NormRD=  0.000099797894  Uele= -8.114854601393
   SCF=   5  NormRD=  0.000009771929  Uele= -8.115150575002
   SCF=   6  NormRD=  0.000000869884  Uele= -8.115137537656
   SCF=   7  NormRD=  0.000000512706  Uele= -8.115139922074
   SCF=   8  NormRD=  0.000000049792  Uele= -8.115139811192
   SCF=   9  NormRD=  0.000000003032  Uele= -8.115139951012
   SCF=  10  NormRD=  0.000000001212  Uele= -8.115139947234

*******************************************************
        Total energy (Hartree) at MD = 7        
*******************************************************

  Uele.         -8.115139947234

  Ukin.         25.727100692269
  UH0.         -46.814754002257
  UH1.           0.098976166897
  Una.         -32.236720427371
  Unl.           6.907095711525
  Uxc0.         -4.586363490906
  Uxc1.         -4.586363490906
  Ucore.        20.548113726579
  Uhub.          0.000000000000
  Ucs.           0.000000000000
  Uzs.           0.000000000000
  Uzo.           0.000000000000
  Uef.           0.000000000000
  UvdW           0.000000000000
  Utot.        -34.942915114171

  Note:

  Utot = Ukin+UH0+UH1+Una+Unl+Uxc0+Uxc1+Ucore+Uhub+Ucs+Uzs+Uzo+Uef+UvdW

  Uene:   band energy
  Ukin:   kinetic energy
  UH0:    electric part of screened Coulomb energy
  UH1:    difference electron-electron Coulomb energy
  Una:    neutral atom potential energy
  Unl:    non-local potential energy
  Uxc0:   exchange-correlation energy for alpha spin
  Uxc1:   exchange-correlation energy for beta spin
  Ucore:  core-core Coulomb energy
  Uhub:   LDA+U energy
  Ucs:    constraint energy for spin orientation
  Uzs:    Zeeman term for spin magnetic moment
  Uzo:    Zeeman term for orbital magnetic moment
  Uef:    electric energy by electric field
  UvdW:   semi-empirical vdW energy 

  (see also PRB 72, 045121(2005) for the energy contributions)



  Chemical potential (Hartree)      -0.234375000000

***********************************************************
***********************************************************
                  SCF history at MD= 8                    
***********************************************************
***********************************************************

   SCF=   1  NormRD=  1.000000000000  Uele= -8.114986343093
   SCF=   2  NormRD=  0.000073884809  Uele= -8.115324285178
   SCF=   3  NormRD=  0.000073670655  Uele= -8.115323668901
   SCF=   4  NormRD=  0.000073457138  Uele= -8.115323054401
   SCF=   5  NormRD=  0.000004827949  Uele= -8.115099586934
   SCF=   6  NormRD=  0.000000381634  Uele= -8.115108702570
   SCF=   7  NormRD=  0.000000097940  Uele= -8.115107739480
   SCF=   8  NormRD=  0.000000032662  Uele= -8.115107661187
   SCF=   9  NormRD=  0.000000001829  Uele= -8.115107623533
   SCF=  10  NormRD=  0.000000000685  Uele= -8.115107624493

*******************************************************
        Total energy (Hartree) at MD = 8        
*******************************************************

  Uele.         -8.115107624493

  Ukin.         25.727046138106
  UH0.         -46.815442474669
  UH1.           0.098974762178
  Una.         -32.236603929958
  Unl.           6.907082545584
  Uxc0.         -4.586356443413
  Uxc1.         -4.586356443413
  Ucore.        20.548739445221
  Uhub.          0.000000000000
  Ucs.           0.000000000000
  Uzs.           0.000000000000
  Uzo.           0.000000000000
  Uef.           0.000000000000
  UvdW           0.000000000000
  Utot.        -34.942916400365

  Note:

  Utot = Ukin+UH0+UH1+Una+Unl+Uxc0+Uxc1+Ucore+Uhub+Ucs+Uzs+Uzo+Uef+UvdW

  Uene:   band energy
  Ukin:   kinetic energy
  UH0:    electric part of screened Coulomb energy
  UH1:    difference electron-electron Coulomb energy
  Una:    neutral atom potential energy
  Unl:    non-local potential energy
  Uxc0:   exchange-correlation energy for alpha spin
  Uxc1:   exchange-correlation energy for beta spin
  Ucore:  core-core Coulomb energy
  Uhub:   LDA+U energy
  Ucs:    constraint energy for spin orientation
  Uzs:    Zeeman term for spin magnetic moment
  Uzo:    Zeeman term for orbital magnetic moment
  Uef:    electric energy by electric field
  UvdW:   semi-empirical vdW energy 

  (see also PRB 72, 045121(2005) for the energy contributions)



  Chemical potential (Hartree)      -0.234375000000

***********************************************************
***********************************************************
                  SCF history at MD= 9                    
***********************************************************
***********************************************************

   SCF=   1  NormRD=  1.000000000000  Uele= -8.115288630335
   SCF=   2  NormRD=  0.000067014233  Uele= -8.114961579604
   SCF=   3  NormRD=  0.000066819854  Uele= -8.114962144150
   SCF=   4  NormRD=  0.000066626056  Uele= -8.114962707080
   SCF=   5  NormRD=  0.000004829355  Uele= -8.115172216468
   SCF=   6  NormRD=  0.000000425512  Uele= -8.115161602872
   SCF=   7  NormRD=  0.000000262380  Uele= -8.115162651293
   SCF=   8  NormRD=  0.000000024561  Uele= -8.115162689752
   SCF=   9  NormRD=  0.000000001437  Uele= -8.115162754972
   SCF=  10  NormRD=  0.000000000144  Uele= -8.115162754808

*******************************************************
        Total energy (Hartree) at MD = 9        
*******************************************************

  Uele.         -8.115162754808

  Ukin.         25.727218381541
  UH0.         -46.816344973896
  UH1.           0.098979204723
  Una.         -32.236890767899
  Unl.           6.907091364683
  Uxc0.         -4.586375433980
  Uxc1.         -4.586375433980
  Ucore.        20.549779852553
  Uhub.          0.000000000000
  Ucs.           0.000000000000
  Uzs.           0.000000000000
  Uzo.           0.000000000000
  Uef.           0.000000000000
  UvdW           0.000000000000
  Utot.        -34.942917806254

  Note:

  Utot = Ukin+UH0+UH1+Una+Unl+Uxc0+Uxc1+Ucore+Uhub+Ucs+Uzs+Uzo+Uef+UvdW

  Uene:   band energy
  Ukin:   kinetic energy
  UH0:    electric part of screened Coulomb energy
  UH1:    difference electron-electron Coulomb energy
  Una:    neutral atom potential energy
  Unl:    non-local potential energy
  Uxc0:   exchange-correlation energy for alpha spin
  Uxc1:   exchange-correlation energy for beta spin
  Ucore:  core-core Coulomb energy
  Uhub:   LDA+U energy
  Ucs:    constraint energy for spin orientation
  Uzs:    Zeeman term for spin magnetic moment
  Uzo:    Zeeman term for orbital magnetic moment
  Uef:    electric energy by electric field
  UvdW:   semi-empirical vdW energy 

  (see also PRB 72, 045121(2005) for the energy contributions)



  Chemical potential (Hartree)      -0.234375000000

***********************************************************
***********************************************************
                  SCF history at MD=10                    
***********************************************************
***********************************************************

   SCF=   1  NormRD=  1.000000000000  Uele= -8.114694326491
   SCF=   2  NormRD=  0.000192099560  Uele= -8.115607066547
   SCF=   3  NormRD=  0.000191539201  Uele= -8.115605450823
   SCF=   4  NormRD=  0.000190980518  Uele= -8.115603839741
   SCF=   5  NormRD=  0.000013367814  Uele= -8.115006159620
   SCF=   6  NormRD=  0.000001023682  Uele= -8.115037557309
   SCF=   7  NormRD=  0.000000674398  Uele= -8.115035399715
   SCF=   8  NormRD=  0.000000059770  Uele= -8.115035112431
   SCF=   9  NormRD=  0.000000002547  Uele= -8.115034941893
   SCF=  10  NormRD=  0.000000000582  Uele= -8.115034939548

*******************************************************
        Total energy (Hartree) at MD =10        
*******************************************************

  Uele.         -8.115034939548

  Ukin.         25.727011034339
  UH0.         -46.818169028189
  UH1.           0.098974083804
  Una.         -32.236463951012
  Unl.           6.907048070081
  Uxc0.         -4.586349464066
  Uxc1.         -4.586349464066
  Ucore.        20.551376865365
  Uhub.          0.000000000000
  Ucs.           0.000000000000
  Uzs.           0.000000000000
  Uzo.           0.000000000000
  Uef.           0.000000000000
  UvdW           0.000000000000
  Utot.        -34.942921853745

  Note:

  Utot = Ukin+UH0+UH1+Una+Unl+Uxc0+Uxc1+Ucore+Uhub+Ucs+Uzs+Uzo+Uef+UvdW

  Uene:   band energy
  Ukin:   kinetic energy
  UH0:    electric part of screened Coulomb energy
  UH1:    difference electron-electron Coulomb energy
  Una:    neutral atom potential energy
  Unl:    non-local potential energy
  Uxc0:   exchange-correlation energy for alpha spin
  Uxc1:   exchange-correlation energy for beta spin
  Ucore:  core-core Coulomb energy
  Uhub:   LDA+U energy
  Ucs:    constraint energy for spin orientation
  Uzs:    Zeeman term for spin magnetic moment
  Uzo:    Zeeman term for orbital magnetic moment
  Uef:    electric energy by electric field
  UvdW:   semi-empirical vdW energy 

  (see also PRB 72, 045121(2005) for the energy contributions)



  Chemical potential (Hartree)      -0.234375000000

***********************************************************
***********************************************************
                  SCF history at MD=11                    
***********************************************************
***********************************************************

   SCF=   1  NormRD=  1.000000000000  Uele= -8.116536267697
   SCF=   2  NormRD=  0.000510259852  Uele= -8.114084864100
   SCF=   3  NormRD=  0.000508775760  Uele= -8.114089147083
   SCF=   4  NormRD=  0.000507296107  Uele= -8.114093417783
   SCF=   5  NormRD=  0.000036590212  Uele= -8.115681143385
   SCF=   6  NormRD=  0.000003100698  Uele= -8.115598686619
   SCF=   7  NormRD=  0.000001907302  Uele= -8.115605410925
   SCF=   8  NormRD=  0.000000147962  Uele= -8.115606382176
   SCF=   9  NormRD=  0.000000013835  Uele= -8.115606779929
   SCF=  10  NormRD=  0.000000001280  Uele= -8.115606799247
   SCF=  11  NormRD=  0.000000000256  Uele= -8.115606800431

*******************************************************
        Total energy (Hartree) at MD =11        
*******************************************************

  Uele.         -8.115606800431

  Ukin.         25.728534179360
  UH0.         -46.821460530565
  UH1.           0.099013277014
  Una.         -32.239133291294
  Unl.           6.907179214591
  Uxc0.         -4.586523367607
  Uxc1.         -4.586523367607
  Ucore.        20.555987783013
  Uhub.          0.000000000000
  Ucs.           0.000000000000
  Uzs.           0.000000000000
  Uzo.           0.000000000000
  Uef.           0.000000000000
  UvdW           0.000000000000
  Utot.        -34.942926103095

  Note:

  Utot = Ukin+UH0+UH1+Una+Unl+Uxc0+Uxc1+Ucore+Uhub+Ucs+Uzs+Uzo+Uef+UvdW

  Uene:   band energy
  Ukin:   kinetic energy
  UH0:    electric part of screened Coulomb energy
  UH1:    difference electron-electron Coulomb energy
  Una:    neutral atom potential energy
  Unl:    non-local potential energy
  Uxc0:   exchange-correlation energy for alpha spin
  Uxc1:   exchange-correlation energy for beta spin
  Ucore:  core-core Coulomb energy
  Uhub:   LDA+U energy
  Ucs:    constraint energy for spin orientation
  Uzs:    Zeeman term for spin magnetic moment
  Uzo:    Zeeman term for orbital magnetic moment
  Uef:    electric energy by electric field
  UvdW:   semi-empirical vdW energy 

  (see also PRB 72, 045121(2005) for the energy contributions)



  Chemical potential (Hartree)      -0.234375000000

***********************************************************
***********************************************************
                  SCF history at MD=12                    
***********************************************************
***********************************************************

   SCF=   1  NormRD=  1.000000000000  Uele= -8.109261172740
   SCF=   2  NormRD=  0.002185872454  Uele= -8.119655854988
   SCF=   3  NormRD=  0.002179491872  Uele= -8.119637518182
   SCF=   4  NormRD=  0.002173130362  Uele= -8.119619234054
   SCF=   5  NormRD=  0.000151154114  Uele= -8.112832189527
   SCF=   6  NormRD=  0.000012464645  Uele= -8.113192361997
   SCF=   7  NormRD=  0.000007900867  Uele= -8.113167335266
   SCF=   8  NormRD=  0.000000734613  Uele= -8.113163110634
   SCF=   9  NormRD=  0.000000080390  Uele= -8.113161157071
   SCF=  10  NormRD=  0.000000006093  Uele= -8.113161018968
   SCF=  11  NormRD=  0.000000001612  Uele= -8.113161006005
   SCF=  12  NormRD=  0.000000000098  Uele= -8.113161007473

*******************************************************
        Total energy (Hartree) at MD =12        
*******************************************************

  Uele.         -8.113161007473

  Ukin.         25.722655360744
  UH0.         -46.819041269229
  UH1.           0.098863154586
  Una.         -32.228558565348
  Unl.           6.906566437598
  Uxc0.         -4.585842516550
  Uxc1.         -4.585842516550
  Ucore.        20.548270895931
  Uhub.          0.000000000000
  Ucs.           0.000000000000
  Uzs.           0.000000000000
  Uzo.           0.000000000000
  Uef.           0.000000000000
  UvdW           0.000000000000
  Utot.        -34.942929018819

  Note:

  Utot = Ukin+UH0+UH1+Una+Unl+Uxc0+Uxc1+Ucore+Uhub+Ucs+Uzs+Uzo+Uef+UvdW

  Uene:   band energy
  Ukin:   kinetic energy
  UH0:    electric part of screened Coulomb energy
  UH1:    difference electron-electron Coulomb energy
  Una:    neutral atom potential energy
  Unl:    non-local potential energy
  Uxc0:   exchange-correlation energy for alpha spin
  Uxc1:   exchange-correlation energy for beta spin
  Ucore:  core-core Coulomb energy
  Uhub:   LDA+U energy
  Ucs:    constraint energy for spin orientation
  Uzs:    Zeeman term for spin magnetic moment
  Uzo:    Zeeman term for orbital magnetic moment
  Uef:    electric energy by electric field
  UvdW:   semi-empirical vdW energy 

  (see also PRB 72, 045121(2005) for the energy contributions)



  Chemical potential (Hartree)      -0.234375000000

***********************************************************
***********************************************************
                  SCF history at MD=13                    
***********************************************************
***********************************************************

   SCF=   1  NormRD=  1.000000000000  Uele= -8.114801969036
   SCF=   2  NormRD=  0.000518210645  Uele= -8.112302766383
   SCF=   3  NormRD=  0.000516708249  Uele= -8.112307099015
   SCF=   4  NormRD=  0.000515210357  Uele= -8.112311419241
   SCF=   5  NormRD=  0.000039408315  Uele= -8.113924852209
   SCF=   6  NormRD=  0.000003356418  Uele= -8.113838492059
   SCF=   7  NormRD=  0.000002099485  Uele= -8.113845711125
   SCF=   8  NormRD=  0.000000178780  Uele= -8.113846684378
   SCF=   9  NormRD=  0.000000017624  Uele= -8.113847161372
   SCF=  10  NormRD=  0.000000000511  Uele= -8.113847189343
   SCF=  11  NormRD=  0.000000000170  Uele= -8.113847189698

*******************************************************
        Total energy (Hartree) at MD =13        
*******************************************************

  Uele.         -8.113847189698

  Ukin.         25.724333504286
  UH0.         -46.820481721484
  UH1.           0.098906001446
  Una.         -32.231562066505
  Unl.           6.906735602386
  Uxc0.         -4.586036336782
  Uxc1.         -4.586036336782
  Ucore.        20.551211739250
  Uhub.          0.000000000000
  Ucs.           0.000000000000
  Uzs.           0.000000000000
  Uzo.           0.000000000000
  Uef.           0.000000000000
  UvdW           0.000000000000
  Utot.        -34.942929614184

  Note:

  Utot = Ukin+UH0+UH1+Una+Unl+Uxc0+Uxc1+Ucore+Uhub+Ucs+Uzs+Uzo+Uef+UvdW

  Uene:   band energy
  Ukin:   kinetic energy
  UH0:    electric part of screened Coulomb energy
  UH1:    difference electron-electron Coulomb energy
  Una:    neutral atom potential energy
  Unl:    non-local potential energy
  Uxc0:   exchange-correlation energy for alpha spin
  Uxc1:   exchange-correlation energy for beta spin
  Ucore:  core-core Coulomb energy
  Uhub:   LDA+U energy
  Ucs:    constraint energy for spin orientation
  Uzs:    Zeeman term for spin magnetic moment
  Uzo:    Zeeman term for orbital magnetic moment
  Uef:    electric energy by electric field
  UvdW:   semi-empirical vdW energy 

  (see also PRB 72, 045121(2005) for the energy contributions)



  Chemical potential (Hartree)      -0.234375000000

***********************************************************
***********************************************************
                  SCF history at MD=14                    
***********************************************************
***********************************************************

   SCF=   1  NormRD=  1.000000000000  Uele= -8.114935603303
   SCF=   2  NormRD=  0.000115611318  Uele= -8.115418942681
   SCF=   3  NormRD=  0.000115279017  Uele= -8.115418034321
   SCF=   4  NormRD=  0.000114947700  Uele= -8.115417128601
   SCF=   5  NormRD=  0.000008290355  Uele= -8.115100722890
   SCF=   6  NormRD=  0.000000536028  Uele= -8.115105518489
   SCF=   7  NormRD=  0.000000497653  Uele= -8.115104526215
   SCF=   8  NormRD=  0.000000040482  Uele= -8.115104571116
   SCF=   9  NormRD=  0.000000006792  Uele= -8.115104503814
   SCF=  10  NormRD=  0.000000000528  Uele= -8.115104495539

*******************************************************
        Total energy (Hartree) at MD =14        
*******************************************************

  Uele.         -8.115104495539

  Ukin.         25.727411336705
  UH0.         -46.823265600089
  UH1.           0.098984633695
  Una.         -32.237070076709
  Unl.           6.907046315444
  Uxc0.         -4.586392093087
  Uxc1.         -4.586392093087
  Ucore.        20.556746745245
  Uhub.          0.000000000000
  Ucs.           0.000000000000
  Uzs.           0.000000000000
  Uzo.           0.000000000000
  Uef.           0.000000000000
  UvdW           0.000000000000
  Utot.        -34.942930831883

  Note:

  Utot = Ukin+UH0+UH1+Una+Unl+Uxc0+Uxc1+Ucore+Uhub+Ucs+Uzs+Uzo+Uef+UvdW

  Uene:   band energy
  Ukin:   kinetic energy
  UH0:    electric part of screened Coulomb energy
  UH1:    difference electron-electron Coulomb energy
  Una:    neutral atom potential energy
  Unl:    non-local potential energy
  Uxc0:   exchange-correlation energy for alpha spin
  Uxc1:   exchange-correlation energy for beta spin
  Ucore:  core-core Coulomb energy
  Uhub:   LDA+U energy
  Ucs:    constraint energy for spin orientation
  Uzs:    Zeeman term for spin magnetic moment
  Uzo:    Zeeman term for orbital magnetic moment
  Uef:    electric energy by electric field
  UvdW:   semi-empirical vdW energy 

  (see also PRB 72, 045121(2005) for the energy contributions)



  Chemical potential (Hartree)      -0.234375000000

***********************************************************
***********************************************************
                  SCF history at MD=15                    
***********************************************************
***********************************************************

   SCF=   1  NormRD=  1.000000000000  Uele= -8.129679577220
   SCF=   2  NormRD=  0.009226883343  Uele= -8.089075668503
   SCF=   3  NormRD=  0.009200021864  Uele= -8.089150099121
   SCF=   4  NormRD=  0.009173240510  Uele= -8.089224314050
   SCF=   5  NormRD=  0.000611082672  Uele= -8.115807240520
   SCF=   6  NormRD=  0.000052943522  Uele= -8.114947410139
   SCF=   7  NormRD=  0.000040009757  Uele= -8.115045066408
   SCF=   8  NormRD=  0.000001795625  Uele= -8.115052075661
   SCF=   9  NormRD=  0.000000546836  Uele= -8.115053583714
   SCF=  10  NormRD=  0.000000054574  Uele= -8.115052654058
   SCF=  11  NormRD=  0.000000019907  Uele= -8.115052523990
   SCF=  12  NormRD=  0.000000004103  Uele= -8.115052573439
   SCF=  13  NormRD=  0.000000000350  Uele= -8.115052580423

*******************************************************
        Total energy (Hartree) at MD =15        
*******************************************************

  Uele.         -8.115052580423

  Ukin.         25.727103038427
  UH0.         -46.813066816912
  UH1.           0.098977221172
  Una.         -32.236597533203
  Unl.           6.907030339653
  Uxc0.         -4.586353612610
  Uxc1.         -4.586353612610
  Ucore.        20.546348399760
  Uhub.          0.000000000000
  Ucs.           0.000000000000
  Uzs.           0.000000000000
  Uzo.           0.000000000000
  Uef.           0.000000000000
  UvdW           0.000000000000
  Utot.        -34.942912576324

  Note:

  Utot = Ukin+UH0+UH1+Una+Unl+Uxc0+Uxc1+Ucore+Uhub+Ucs+Uzs+Uzo+Uef+UvdW

  Uene:   band energy
  Ukin:   kinetic energy
  UH0:    electric part of screened Coulomb energy
  UH1:    difference electron-electron Coulomb energy
  Una:    neutral atom potential energy
  Unl:    non-local potential energy
  Uxc0:   exchange-correlation energy for alpha spin
  Uxc1:   exchange-correlation energy for beta spin
  Ucore:  core-core Coulomb energy
  Uhub:   LDA+U energy
  Ucs:    constraint energy for spin orientation
  Uzs:    Zeeman term for spin magnetic moment
  Uzo:    Zeeman term for orbital magnetic moment
  Uef:    electric energy by electric field
  UvdW:   semi-empirical vdW energy 

  (see also PRB 72, 045121(2005) for the energy contributions)



  Chemical potential (Hartree)      -0.234375000000

***********************************************************
***********************************************************
                  SCF history at MD=16                    
***********************************************************
***********************************************************

   SCF=   1  NormRD=  1.000000000000  Uele= -8.114800732791
   SCF=   2  NormRD=  0.000120663719  Uele= -8.115191577920
   SCF=   3  NormRD=  0.000120317232  Uele= -8.115190889440
   SCF=   4  NormRD=  0.000119971783  Uele= -8.115190202940
   SCF=   5  NormRD=  0.000011272128  Uele= -8.114938640570
   SCF=   6  NormRD=  0.000001102203  Uele= -8.114949753145
   SCF=   7  NormRD=  0.000000636703  Uele= -8.114947399661
   SCF=   8  NormRD=  0.000000164248  Uele= -8.114948513961
   SCF=   9  NormRD=  0.000000008722  Uele= -8.114948090341
   SCF=  10  NormRD=  0.000000000666  Uele= -8.114948071319
   SCF=  11  NormRD=  0.000000000178  Uele= -8.114948071148

*******************************************************
        Total energy (Hartree) at MD =16        
*******************************************************

  Uele.         -8.114948071148

  Ukin.         25.726840649386
  UH0.         -46.813305474021
  UH1.           0.098970413767
  Una.         -32.236133883801
  Unl.           6.907007715243
  Uxc0.         -4.586324035370
  Uxc1.         -4.586324035370
  Ucore.        20.546355434689
  Uhub.          0.000000000000
  Ucs.           0.000000000000
  Uzs.           0.000000000000
  Uzo.           0.000000000000
  Uef.           0.000000000000
  UvdW           0.000000000000
  Utot.        -34.942913215478

  Note:

  Utot = Ukin+UH0+UH1+Una+Unl+Uxc0+Uxc1+Ucore+Uhub+Ucs+Uzs+Uzo+Uef+UvdW

  Uene:   band energy
  Ukin:   kinetic energy
  UH0:    electric part of screened Coulomb energy
  UH1:    difference electron-electron Coulomb energy
  Una:    neutral atom potential energy
  Unl:    non-local potential energy
  Uxc0:   exchange-correlation energy for alpha spin
  Uxc1:   exchange-correlation energy for beta spin
  Ucore:  core-core Coulomb energy
  Uhub:   LDA+U energy
  Ucs:    constraint energy for spin orientation
  Uzs:    Zeeman term for spin magnetic moment
  Uzo:    Zeeman term for orbital magnetic moment
  Uef:    electric energy by electric field
  UvdW:   semi-empirical vdW energy 

  (see also PRB 72, 045121(2005) for the energy contributions)



  Chemical potential (Hartree)      -0.234375000000

***********************************************************
***********************************************************
                  SCF history at MD=17                    
***********************************************************
***********************************************************

   SCF=   1  NormRD=  1.000000000000  Uele= -8.108885943240
   SCF=   2  NormRD=  0.004588110393  Uele= -8.123989228060
   SCF=   3  NormRD=  0.004574945424  Uele= -8.123962949997
   SCF=   4  NormRD=  0.004561819834  Uele= -8.123936747264
   SCF=   5  NormRD=  0.000424321556  Uele= -8.114259365805
   SCF=   6  NormRD=  0.000043636887  Uele= -8.114715167561
   SCF=   7  NormRD=  0.000025599725  Uele= -8.114623927125
   SCF=   8  NormRD=  0.000006868767  Uele= -8.114668386731
   SCF=   9  NormRD=  0.000000527935  Uele= -8.114651614602
   SCF=  10  NormRD=  0.000000037555  Uele= -8.114650322782
   SCF=  11  NormRD=  0.000000008306  Uele= -8.114650353100
   SCF=  12  NormRD=  0.000000000792  Uele= -8.114650361324

*******************************************************
        Total energy (Hartree) at MD =17        
*******************************************************

  Uele.         -8.114650361324

  Ukin.         25.725808455320
  UH0.         -46.798261473595
  UH1.           0.098945176214
  Una.         -32.234414288398
  Unl.           6.906946299535
  Uxc0.         -4.586205548422
  Uxc1.         -4.586205548422
  Ucore.        20.530493916508
  Uhub.          0.000000000000
  Ucs.           0.000000000000
  Uzs.           0.000000000000
  Uzo.           0.000000000000
  Uef.           0.000000000000
  UvdW           0.000000000000
  Utot.        -34.942893011259

  Note:

  Utot = Ukin+UH0+UH1+Una+Unl+Uxc0+Uxc1+Ucore+Uhub+Ucs+Uzs+Uzo+Uef+UvdW

  Uene:   band energy
  Ukin:   kinetic energy
  UH0:    electric part of screened Coulomb energy
  UH1:    difference electron-electron Coulomb energy
  Una:    neutral atom potential energy
  Unl:    non-local potential energy
  Uxc0:   exchange-correlation energy for alpha spin
  Uxc1:   exchange-correlation energy for beta spin
  Ucore:  core-core Coulomb energy
  Uhub:   LDA+U energy
  Ucs:    constraint energy for spin orientation
  Uzs:    Zeeman term for spin magnetic moment
  Uzo:    Zeeman term for orbital magnetic moment
  Uef:    electric energy by electric field
  UvdW:   semi-empirical vdW energy 

  (see also PRB 72, 045121(2005) for the energy contributions)



  Chemical potential (Hartree)      -0.234375000000

***********************************************************
***********************************************************
                  SCF history at MD=18                    
***********************************************************
***********************************************************

   SCF=   1  NormRD=  1.000000000000  Uele= -8.114653385612
   SCF=   2  NormRD=  0.000041902341  Uele= -8.114646129996
   SCF=   3  NormRD=  0.000041784426  Uele= -8.114646195338
   SCF=   4  NormRD=  0.000041666872  Uele= -8.114646260475
   SCF=   5  NormRD=  0.000003943029  Uele= -8.114664555957
   SCF=   6  NormRD=  0.000000525796  Uele= -8.114664447934
   SCF=   7  NormRD=  0.000000125698  Uele= -8.114665049249
   SCF=   8  NormRD=  0.000000072002  Uele= -8.114664602612
   SCF=   9  NormRD=  0.000000007709  Uele= -8.114664799031
   SCF=  10  NormRD=  0.000000001470  Uele= -8.114664784307
   SCF=  11  NormRD=  0.000000000090  Uele= -8.114664786632

*******************************************************
        Total energy (Hartree) at MD =18        
*******************************************************

  Uele.         -8.114664786632

  Ukin.         25.725717216102
  UH0.         -46.796211350390
  UH1.           0.098942818272
  Una.         -32.234304046114
  Unl.           6.906962128033
  Uxc0.         -4.586198306609
  Uxc1.         -4.586198306609
  Ucore.        20.528398469136
  Uhub.          0.000000000000
  Ucs.           0.000000000000
  Uzs.           0.000000000000
  Uzo.           0.000000000000
  Uef.           0.000000000000
  UvdW           0.000000000000
  Utot.        -34.942891378179

  Note:

  Utot = Ukin+UH0+UH1+Una+Unl+Uxc0+Uxc1+Ucore+Uhub+Ucs+Uzs+Uzo+Uef+UvdW

  Uene:   band energy
  Ukin:   kinetic energy
  UH0:    electric part of screened Coulomb energy
  UH1:    difference electron-electron Coulomb energy
  Una:    neutral atom potential energy
  Unl:    non-local potential energy
  Uxc0:   exchange-correlation energy for alpha spin
  Uxc1:   exchange-correlation energy for beta spin
  Ucore:  core-core Coulomb energy
  Uhub:   LDA+U energy
  Ucs:    constraint energy for spin orientation
  Uzs:    Zeeman term for spin magnetic moment
  Uzo:    Zeeman term for orbital magnetic moment
  Uef:    electric energy by electric field
  UvdW:   semi-empirical vdW energy 

  (see also PRB 72, 045121(2005) for the energy contributions)



  Chemical potential (Hartree)      -0.234375000000

***********************************************************
***********************************************************
                  SCF history at MD=19                    
***********************************************************
***********************************************************

   SCF=   1  NormRD=  1.000000000000  Uele= -8.114685919517
   SCF=   2  NormRD=  0.000079726760  Uele= -8.114884579336
   SCF=   3  NormRD=  0.000079549827  Uele= -8.114884300871
   SCF=   4  NormRD=  0.000079373392  Uele= -8.114884023191
   SCF=   5  NormRD=  0.000023260063  Uele= -8.114807263986
   SCF=   6  NormRD=  0.000002578311  Uele= -8.114781745020
   SCF=   7  NormRD=  0.000000536010  Uele= -8.114779047593
   SCF=   8  NormRD=  0.000000419845  Uele= -8.114780614886
   SCF=   9  NormRD=  0.000000058165  Uele= -8.114779541199
   SCF=  10  NormRD=  0.000000001655  Uele= -8.114779638588
   SCF=  11  NormRD=  0.000000000242  Uele= -8.114779640864

*******************************************************
        Total energy (Hartree) at MD =19        
*******************************************************

  Uele.         -8.114779640864

  Ukin.         25.725122860555
  UH0.         -46.781392044215
  UH1.           0.098928121240
  Una.         -32.233583471084
  Unl.           6.907079338786
  Uxc0.         -4.586154122578
  Uxc1.         -4.586154122578
  Ucore.        20.513268960538
  Uhub.          0.000000000000
  Ucs.           0.000000000000
  Uzs.           0.000000000000
  Uzo.           0.000000000000
  Uef.           0.000000000000
  UvdW           0.000000000000
  Utot.        -34.942884479336

  Note:

  Utot = Ukin+UH0+UH1+Una+Unl+Uxc0+Uxc1+Ucore+Uhub+Ucs+Uzs+Uzo+Uef+UvdW

  Uene:   band energy
  Ukin:   kinetic energy
  UH0:    electric part of screened Coulomb energy
  UH1:    difference electron-electron Coulomb energy
  Una:    neutral atom potential energy
  Unl:    non-local potential energy
  Uxc0:   exchange-correlation energy for alpha spin
  Uxc1:   exchange-correlation energy for beta spin
  Ucore:  core-core Coulomb energy
  Uhub:   LDA+U energy
  Ucs:    constraint energy for spin orientation
  Uzs:    Zeeman term for spin magnetic moment
  Uzo:    Zeeman term for orbital magnetic moment
  Uef:    electric energy by electric field
  UvdW:   semi-empirical vdW energy 

  (see also PRB 72, 045121(2005) for the energy contributions)



  Chemical potential (Hartree)      -0.234375000000

***********************************************************
***********************************************************
                  SCF history at MD=20                    
***********************************************************
***********************************************************

   SCF=   1  NormRD=  1.000000000000  Uele= -8.114738759271
   SCF=   2  NormRD=  0.000026695489  Uele= -8.114854644698
   SCF=   3  NormRD=  0.000026622476  Uele= -8.114854480610
   SCF=   4  NormRD=  0.000026549688  Uele= -8.114854316978
   SCF=   5  NormRD=  0.000002953338  Uele= -8.114788711007
   SCF=   6  NormRD=  0.000000368765  Uele= -8.114793556575
   SCF=   7  NormRD=  0.000000211207  Uele= -8.114792744606
   SCF=   8  NormRD=  0.000000044826  Uele= -8.114793171437
   SCF=   9  NormRD=  0.000000004600  Uele= -8.114793047624
   SCF=  10  NormRD=  0.000000001062  Uele= -8.114793047991

*******************************************************
        Total energy (Hartree) at MD =20        
*******************************************************

  Uele.         -8.114793047991

  Ukin.         25.725021366212
  UH0.         -46.780151044540
  UH1.           0.098925414867
  Una.         -32.233455702317
  Unl.           6.907097360684
  Uxc0.         -4.586146705261
  Uxc1.         -4.586146705261
  Ucore.        20.511971405559
  Uhub.          0.000000000000
  Ucs.           0.000000000000
  Uzs.           0.000000000000
  Uzo.           0.000000000000
  Uef.           0.000000000000
  UvdW           0.000000000000
  Utot.        -34.942884610058

  Note:

  Utot = Ukin+UH0+UH1+Una+Unl+Uxc0+Uxc1+Ucore+Uhub+Ucs+Uzs+Uzo+Uef+UvdW

  Uene:   band energy
  Ukin:   kinetic energy
  UH0:    electric part of screened Coulomb energy
  UH1:    difference electron-electron Coulomb energy
  Una:    neutral atom potential energy
  Unl:    non-local potential energy
  Uxc0:   exchange-correlation energy for alpha spin
  Uxc1:   exchange-correlation energy for beta spin
  Ucore:  core-core Coulomb energy
  Uhub:   LDA+U energy
  Ucs:    constraint energy for spin orientation
  Uzs:    Zeeman term for spin magnetic moment
  Uzo:    Zeeman term for orbital magnetic moment
  Uef:    electric energy by electric field
  UvdW:   semi-empirical vdW energy 

  (see also PRB 72, 045121(2005) for the energy contributions)



  Chemical potential (Hartree)      -0.234375000000

***********************************************************
***********************************************************
                  SCF history at MD=21                    
***********************************************************
***********************************************************

   SCF=   1  NormRD=  1.000000000000  Uele= -8.114640987651
   SCF=   2  NormRD=  0.000099427643  Uele= -8.115122279101
   SCF=   3  NormRD=  0.000099190780  Uele= -8.115121645645
   SCF=   4  NormRD=  0.000098954621  Uele= -8.115121013936
   SCF=   5  NormRD=  0.000021156169  Uele= -8.114895590231
   SCF=   6  NormRD=  0.000001946899  Uele= -8.114885336239
   SCF=   7  NormRD=  0.000000865090  Uele= -8.114880253763
   SCF=   8  NormRD=  0.000000283164  Uele= -8.114881376543
   SCF=   9  NormRD=  0.000000021074  Uele= -8.114880640602
   SCF=  10  NormRD=  0.000000005459  Uele= -8.114880632794

*******************************************************
        Total energy (Hartree) at MD =21        
*******************************************************

  Uele.         -8.114880632794

  Ukin.         25.724647922166
  UH0.         -46.778664639288
  UH1.           0.098914134856
  Una.         -32.233042093992
  Unl.           6.907188023466
  Uxc0.         -4.586122450388
  Uxc1.         -4.586122450388
  Ucore.        20.510316572775
  Uhub.          0.000000000000
  Ucs.           0.000000000000
  Uzs.           0.000000000000
  Uzo.           0.000000000000
  Uef.           0.000000000000
  UvdW           0.000000000000
  Utot.        -34.942884980793

  Note:

  Utot = Ukin+UH0+UH1+Una+Unl+Uxc0+Uxc1+Ucore+Uhub+Ucs+Uzs+Uzo+Uef+UvdW

  Uene:   band energy
  Ukin:   kinetic energy
  UH0:    electric part of screened Coulomb energy
  UH1:    difference electron-electron Coulomb energy
  Una:    neutral atom potential energy
  Unl:    non-local potential energy
  Uxc0:   exchange-correlation energy for alpha spin
  Uxc1:   exchange-correlation energy for beta spin
  Ucore:  core-core Coulomb energy
  Uhub:   LDA+U energy
  Ucs:    constraint energy for spin orientation
  Uzs:    Zeeman term for spin magnetic moment
  Uzo:    Zeeman term for orbital magnetic moment
  Uef:    electric energy by electric field
  UvdW:   semi-empirical vdW energy 

  (see also PRB 72, 045121(2005) for the energy contributions)



  Chemical potential (Hartree)      -0.234375000000

***********************************************************
***********************************************************
                  SCF history at MD=22                    
***********************************************************
***********************************************************

   SCF=   1  NormRD=  1.000000000000  Uele= -8.114211944388
   SCF=   2  NormRD=  0.000362525826  Uele= -8.115793926443
   SCF=   3  NormRD=  0.000361566641  Uele= -8.115791714047
   SCF=   4  NormRD=  0.000360610319  Uele= -8.115789507862
   SCF=   5  NormRD=  0.000046990806  Uele= -8.114988337127
   SCF=   6  NormRD=  0.000004630459  Uele= -8.114985842393
   SCF=   7  NormRD=  0.000003422501  Uele= -8.114971497646
   SCF=   8  NormRD=  0.000000775962  Uele= -8.114977892866
   SCF=   9  NormRD=  0.000000067214  Uele= -8.114975844834
   SCF=  10  NormRD=  0.000000018951  Uele= -8.114975841435

*******************************************************
        Total energy (Hartree) at MD =22        
*******************************************************

  Uele.         -8.114975841435

  Ukin.         25.724575149174
  UH0.         -46.782337705109
  UH1.           0.098909936478
  Una.         -32.233063070527
  Unl.           6.907250106646
  Uxc0.         -4.586124120782
  Uxc1.         -4.586124120782
  Ucore.        20.514027971127
  Uhub.          0.000000000000
  Ucs.           0.000000000000
  Uzs.           0.000000000000
  Uzo.           0.000000000000
  Uef.           0.000000000000
  UvdW           0.000000000000
  Utot.        -34.942885853776

  Note:

  Utot = Ukin+UH0+UH1+Una+Unl+Uxc0+Uxc1+Ucore+Uhub+Ucs+Uzs+Uzo+Uef+UvdW

  Uene:   band energy
  Ukin:   kinetic energy
  UH0:    electric part of screened Coulomb energy
  UH1:    difference electron-electron Coulomb energy
  Una:    neutral atom potential energy
  Unl:    non-local potential energy
  Uxc0:   exchange-correlation energy for alpha spin
  Uxc1:   exchange-correlation energy for beta spin
  Ucore:  core-core Coulomb energy
  Uhub:   LDA+U energy
  Ucs:    constraint energy for spin orientation
  Uzs:    Zeeman term for spin magnetic moment
  Uzo:    Zeeman term for orbital magnetic moment
  Uef:    electric energy by electric field
  UvdW:   semi-empirical vdW energy 

  (see also PRB 72, 045121(2005) for the energy contributions)



  Chemical potential (Hartree)      -0.234375000000

***********************************************************
***********************************************************
           Eigenvalues (Hartree) for SCF KS-eq.           
***********************************************************
***********************************************************

   Chemical Potential (Hartree) =  -0.23437500000000
   Number of States             =  16.00000000000000
   HOMO =  8
   Eigenvalues
                Up-spin            Down-spin
          1  -0.94019036980178  -0.94019036980178
          2  -0.92630564930821  -0.92630564930821
          3  -0.49178368006149  -0.49178368006149
          4  -0.47710394459804  -0.47710394459804
          5  -0.35211507124888  -0.35211507124888
          6  -0.33814932707350  -0.33814932707350
          7  -0.27279373127437  -0.27279373127437
          8  -0.25904614754940  -0.25904614754940
          9  -0.00724786194455  -0.00724786194455
         10   0.01100345987016   0.01100345987016
         11   0.07943375888661   0.07943375888661
         12   0.09279400532425   0.09279400532425
         13   0.20759195974268   0.20759195974268
         14   0.22310003571307   0.22310003571307
         15   0.25326887829739   0.25326887829739
         16   0.26553433899463   0.26553433899463
         17   0.30142114459310   0.30142114459310
         18   0.30383755805018   0.30383755805018
         19   0.31274364561340   0.31274364561340
         20   0.31740626384398   0.31740626384398
         21   0.32489153735621   0.32489153735621
         22   0.35059513626615   0.35059513626615
         23   0.45123673433502   0.45123673433502
         24   0.46320108825938   0.46320108825938
         25   0.57537309470512   0.57537309470512
         26   0.59687300494279   0.59687300494279
         27   0.60374958897405   0.60374958897405
         28   0.61016674762266   0.61016674762266
         29   0.69492155984939   0.69492155984939
         30   0.71207878290946   0.71207878290946
         31   0.79552532652980   0.79552532652980
         32   0.81113907791160   0.81113907791160
         33   1.23123455728479   1.23123455728479
         34   1.23747784050944   1.23747784050944
         35   1.65078862459925   1.65078862459925
         36   1.65554210960735   1.65554210960735
         37   1.66568041005875   1.66568041005875
         38   1.66953235118059   1.66953235118059
         39   1.68233625577726   1.68233625577726
         40   1.69579304406366   1.69579304406366
         41   1.87856503894211   1.87856503894211
         42   1.89252153746692   1.89252153746692
         43   1.89311223631162   1.89311223631162
         44   1.90653216025507   1.90653216025507
         45   2.03247409422689   2.03247409422689
         46   2.06104922024524   2.06104922024524

***********************************************************
***********************************************************
              History of geometry optimization             
***********************************************************
***********************************************************

  MD_iter   SD_scaling     |Maximum force|   Maximum step        Utot
                           (Hartree/Bohr)        (Ang)         (Hartree)

    1       0.94486299       0.01735305       0.00867652     -34.94223577
    2       0.94486299       0.00202507       0.00101253     -34.94289873
    3       0.94486299       0.00068106       0.00034053     -34.94291131
    4       0.94486299       0.00050091       0.00025045     -34.94291216
    5       2.36215747       0.00046748       0.00058435     -34.94291265
    6       2.36215747       0.00043661       0.00054576     -34.94291388
    7       2.36215747       0.00044265       0.00055331     -34.94291511
    8       2.36215747       0.00044318       0.00055397     -34.94291640
    9       5.90539368       0.00045096       0.00140924     -34.94291781
   10       5.90539368       0.00051105       0.00159704     -34.94292185
   11       5.90539368       0.00055057       0.00172054     -34.94292610
   12       5.90539368       0.00100224       0.00021215     -34.94292902
   13       5.90539368       0.00081478       0.00048755     -34.94292961
   14       5.90539368       0.00047432       0.00687962     -34.94293083
   15       5.90539368       0.00044839       0.00027841     -34.94291258
   16       5.90539368       0.00044594       0.00998816     -34.94291322
   17       5.90539368       0.00029662       0.00144212     -34.94289301
   18       5.90539368       0.00026866       0.01047550     -34.94289138
   19       5.90539368       0.00027690       0.00089766     -34.94288448
   20       5.90539368       0.00026112       0.00126322     -34.94288461
   21       5.90539368       0.00016323       0.00261847     -34.94288498
   22       5.90539368       0.00007105       0.00000000     -34.94288585

***********************************************************
***********************************************************
                   Mulliken populations                    
***********************************************************
***********************************************************

  Total spin S =  0.000000000000

                    Up spin      Down spin     Sum           Diff
      1    O      3.178030721  3.178030721   6.356061441   0.000000000
      2    H      0.411065294  0.411065294   0.822130587   0.000000000
      3    H      0.411048610  0.411048610   0.822097221   0.000000000
      4    O      3.178559903  3.178559903   6.357119806   0.000000000
      5    H      0.410647110  0.410647110   0.821294220   0.000000000
      6    H      0.410648362  0.410648362   0.821296725   0.000000000

 Sum of MulP: up   =     8.00000 down          =     8.00000
              total=    16.00000 ideal(neutral)=    16.00000


  Decomposed Mulliken populations

    1    O          Up spin      Down spin     Sum           Diff
            multiple
  s           0    0.883676824  0.883676824   1.767353647   0.000000000
   sum over m      0.883676824  0.883676824   1.767353647   0.000000000
  s           1   -0.003143166 -0.003143166  -0.006286333   0.000000000
   sum over m     -0.003143166 -0.003143166  -0.006286333   0.000000000
   sum over m+mul  0.880533657  0.880533657   1.761067315   0.000000000
  px          0    0.642982581  0.642982581   1.285965163   0.000000000
  py          0    0.773436427  0.773436427   1.546872854   0.000000000
  pz          0    0.896772585  0.896772585   1.793545169   0.000000000
   sum over m      2.313191593  2.313191593   4.626383185   0.000000000
  px          1   -0.012290876 -0.012290876  -0.024581752   0.000000000
  py          1   -0.004638152 -0.004638152  -0.009276305   0.000000000
  pz          1   -0.003115330 -0.003115330  -0.006230660   0.000000000
   sum over m     -0.020044359 -0.020044359  -0.040088718   0.000000000
   sum over m+mul  2.293147234  2.293147234   4.586294468   0.000000000
  d3z^2-r^2   0    0.001046188  0.001046188   0.002092375   0.000000000
  dx^2-y^2    0    0.000070826  0.000070826   0.000141653   0.000000000
  dxy         0    0.003096352  0.003096352   0.006192705   0.000000000
  dxz         0    0.000000000  0.000000000   0.000000000   0.000000000
  dyz         0    0.000136463  0.000136463   0.000272926   0.000000000
   sum over m      0.004349829  0.004349829   0.008699659   0.000000000
   sum over m+mul  0.004349829  0.004349829   0.008699659   0.000000000

    2    H          Up spin      Down spin     Sum           Diff
            multiple
  s           0    0.283374944  0.283374944   0.566749889   0.000000000
   sum over m      0.283374944  0.283374944   0.566749889   0.000000000
  s           1    0.028581042  0.028581042   0.057162084   0.000000000
   sum over m      0.028581042  0.028581042   0.057162084   0.000000000
   sum over m+mul  0.311955986  0.311955986   0.623911973   0.000000000
  px          0    0.013206140  0.013206140   0.026412279   0.000000000
  py          0    0.032803074  0.032803074   0.065606148   0.000000000
  pz          0    0.053100094  0.053100094   0.106200187   0.000000000
   sum over m      0.099109307  0.099109307   0.198218615   0.000000000
   sum over m+mul  0.099109307  0.099109307   0.198218615   0.000000000

    3    H          Up spin      Down spin     Sum           Diff
            multiple
  s           0    0.283350013  0.283350013   0.566700026   0.000000000
   sum over m      0.283350013  0.283350013   0.566700026   0.000000000
  s           1    0.028586051  0.028586051   0.057172102   0.000000000
   sum over m      0.028586051  0.028586051   0.057172102   0.000000000
   sum over m+mul  0.311936064  0.311936064   0.623872127   0.000000000
  px          0    0.013210015  0.013210015   0.026420030   0.000000000
  py          0    0.032799022  0.032799022   0.065598044   0.000000000
  pz          0    0.053103510  0.053103510   0.106207019   0.000000000
   sum over m      0.099112547  0.099112547   0.198225093   0.000000000
   sum over m+mul  0.099112547  0.099112547   0.198225093   0.000000000

    4    O          Up spin      Down spin     Sum           Diff
            multiple
  s           0    0.883117463  0.883117463   1.766234926   0.000000000
   sum over m      0.883117463  0.883117463   1.766234926   0.000000000
  s           1   -0.003168963 -0.003168963  -0.006337926   0.000000000
   sum over m     -0.003168963 -0.003168963  -0.006337926   0.000000000
   sum over m+mul  0.879948500  0.879948500   1.759897000   0.000000000
  px          0    0.896890741  0.896890741   1.793781482   0.000000000
  py          0    0.774023062  0.774023062   1.548046125   0.000000000
  pz          0    0.643252770  0.643252770   1.286505540   0.000000000
   sum over m      2.314166573  2.314166573   4.628333146   0.000000000
  px          1   -0.003130117 -0.003130117  -0.006260233   0.000000000
  py          1   -0.004576510 -0.004576510  -0.009153020   0.000000000
  pz          1   -0.012200531 -0.012200531  -0.024401062   0.000000000
   sum over m     -0.019907158 -0.019907158  -0.039814315   0.000000000
   sum over m+mul  2.294259415  2.294259415   4.588518831   0.000000000
  d3z^2-r^2   0    0.000229334  0.000229334   0.000458669   0.000000000
  dx^2-y^2    0    0.000888937  0.000888937   0.001777874   0.000000000
  dxy         0    0.000140682  0.000140682   0.000281364   0.000000000
  dxz         0    0.000000000  0.000000000   0.000000000   0.000000000
  dyz         0    0.003093034  0.003093034   0.006186068   0.000000000
   sum over m      0.004351987  0.004351987   0.008703975   0.000000000
   sum over m+mul  0.004351987  0.004351987   0.008703975   0.000000000

    5    H          Up spin      Down spin     Sum           Diff
            multiple
  s           0    0.283250405  0.283250405   0.566500810   0.000000000
   sum over m      0.283250405  0.283250405   0.566500810   0.000000000
  s           1    0.028610614  0.028610614   0.057221229   0.000000000
   sum over m      0.028610614  0.028610614   0.057221229   0.000000000
   sum over m+mul  0.311861019  0.311861019   0.623722039   0.000000000
  px          0    0.053039641  0.053039641   0.106079282   0.000000000
  py          0    0.032707235  0.032707235   0.065414470   0.000000000
  pz          0    0.013039215  0.013039215   0.026078430   0.000000000
   sum over m      0.098786091  0.098786091   0.197572182   0.000000000
   sum over m+mul  0.098786091  0.098786091   0.197572182   0.000000000

    6    H          Up spin      Down spin     Sum           Diff
            multiple
  s           0    0.283253745  0.283253745   0.566507489   0.000000000
   sum over m      0.283253745  0.283253745   0.566507489   0.000000000
  s           1    0.028609688  0.028609688   0.057219375   0.000000000
   sum over m      0.028609688  0.028609688   0.057219375   0.000000000
   sum over m+mul  0.311863432  0.311863432   0.623726864   0.000000000
  px          0    0.053038957  0.053038957   0.106077915   0.000000000
  py          0    0.032706771  0.032706771   0.065413543   0.000000000
  pz          0    0.013039201  0.013039201   0.026078403   0.000000000
   sum over m      0.098784930  0.098784930   0.197569860   0.000000000
   sum over m+mul  0.098784930  0.098784930   0.197569860   0.000000000

***********************************************************
***********************************************************
                    Dipole moment (Debye)                  
***********************************************************
***********************************************************

 Absolute D        3.74007756

                      Dx                Dy                Dz
 Total              0.00072056        3.74007749       -0.00000669
 Core              -0.00580682      202.17781875        0.00004853
 Electron           0.00652738     -198.43774126       -0.00005522
 Back ground        0.00000000        0.00000000        0.00000000

***********************************************************
***********************************************************
       xyz-coordinates (Ang) and forces (Hartree/Bohr)  
***********************************************************
***********************************************************

<coordinates.forces
  6
    1     O    -0.00021  -0.03070  -0.00000   0.000030027033  0.000003974845  0.000000005740
    2     H     0.76129   0.57206  -0.00000  -0.000040444512 -0.000032361793  0.000000000276
    3     H    -0.76126   0.57257  -0.00000   0.000013477451 -0.000027319032  0.000000000109
    4     O     0.00000   4.99143   0.00000  -0.000000026934 -0.000037702934 -0.000004940458
    5     H     0.00002   5.59162   0.76320  -0.000000483566 -0.000067199756 -0.000005196874
    6     H     0.00002   5.59162  -0.76320  -0.000000484160 -0.000071053182  0.000010078112
coordinates.forces>

***********************************************************
***********************************************************
       Fractional coordinates of the final structure       
***********************************************************
***********************************************************

     1      O     0.99997862878488   0.99793531020310   0.99999999471318
     2      H     0.07679768805343   0.03847206934774   0.99999999939124
     3      H     0.92320525543805   0.03850644496948   0.99999999826916
     4      O     0.00000002163329   0.33568375680634   0.00000021033740
     5      H     0.00000159816347   0.37604762758318   0.07699000583409
     6      H     0.00000159973025   0.37604779173331   0.92300978553592

***********************************************************
***********************************************************
               Computational Time (second)                 
***********************************************************
***********************************************************

   Elapsed.Time.       294.982

                            Min_ID    Min_Time    Max_ID    Max_Time
   Total Computational Time =  4      294.980       0      294.982
   readfile                 =  3        4.980       0        4.980
   truncation               =  5       19.204       1       19.219
   MD_pac                   =  0        0.053       5        0.071
   DFT                      =  1      270.517       0      270.600

*** In DFT ***

   Set_OLP_Kin              =  5        6.479       3        7.808
   Set_Nonlocal             =  3       14.378       5       15.719
   Set_Hamiltonian          =  1      137.780       4      137.781
   Poisson                  =  1       12.339       2       12.340
   Diagonalization          =  4        2.135       2        2.135
   Mixing_DM                =  2        0.085       1        0.085
   Force                    =  5       33.742       0       33.742
   Total_Energy             =  1       18.019       0       18.098
   Set_Aden_Grid            =  0        1.809       5        1.853
   Set_Orbitals_Grid        =  4        3.715       1        3.857
   Set_Density_Grid         =  2       29.286       3       29.377
   Others                   =  1        9.161       4        9.359
