#
# File Name      
#

System.CurrrentDirectory         ./    # default=./
System.Name                     Methane_BFGS
level.of.stdout                   1    # default=1 (1-3)
level.of.fileout                  0    # default=1 (0-2)

#
# Definition of Atomic Species
#

Species.Number       2
<Definition.of.Atomic.Species
 H   H6.0-s2          H_PBE11
 C   C6.0-s2p2        C_PBE11
Definition.of.Atomic.Species>

#
# Atoms
#

Atoms.Number         5
Atoms.SpeciesAndCoordinates.Unit   Ang # Ang|AU
<Atoms.SpeciesAndCoordinates
 1  C      0.200000    0.000000   -0.300000     2.0  2.0 
 2  H     -0.889981   -0.629312    0.000000     0.5  0.5
 3  H      0.000000    0.629312   -0.889981     0.5  0.5
 4  H      0.000000    0.629312    0.889981     0.5  0.5
 5  H      0.889981   -0.629312    0.000000     0.5  0.5
Atoms.SpeciesAndCoordinates>
Atoms.UnitVectors.Unit             Ang # Ang|AU
#<Atoms.UnitVectors                     
#  10.0   0.0   0.0  
#   0.0  10.0   0.0  
#   0.0   0.0  10.0  
#Atoms.UnitVectors>

#
# SCF or Electronic System
#

scf.XcType                 GGA-PBE     # LDA|LSDA-CA|LSDA-PW|GGA-PBE
scf.SpinPolarization        off        # On|Off|NC
scf.ElectronicTemperature  200.0        # default=300 (K)
scf.energycutoff           150.0       # default=150 (Ry)
scf.maxIter                 100        # default=40
scf.EigenvalueSolver        cluster    # DC|GDC|Cluster|Band
scf.Kgrid                  1 1 1       # means n1 x n2 x n3
scf.Mixing.Type           rmm-diis     # Simple|Rmm-Diis|Gr-Pulay|Kerker|Rmm-Diisk
scf.Init.Mixing.Weight     0.010       # default=0.30 
scf.Min.Mixing.Weight      0.001       # default=0.001 
scf.Max.Mixing.Weight      0.100       # default=0.40 
scf.Mixing.History          10         # default=5
scf.Mixing.StartPulay       10         # default=6
scf.criterion             1.0e-9       # default=1.0e-6 (Hartree) 

#
# MD or Geometry Optimization
#

MD.Type                    BFGS        # Nomd|Opt|DIIS|NVE|NVT_VS|NVT_NH
MD.Opt.DIIS.History          3         # default=3
MD.Opt.StartDIIS             8         # default=5
MD.Opt.EveryDIIS           10000       # default=10
MD.maxIter                  200        # default=1xsx
MD.TimeStep                1.0         # default=0.5 (fs)
MD.Opt.criterion          1.0e-4       # default=1.0e-4 (Hartree/bohr)


***********************************************************
***********************************************************

  Required cutoff energy (Ryd) for 3D-grids = 150.0000
      Used cutoff energy (Ryd) for 3D-grids = 150.0010, 150.0010, 150.0010
  Num. of grids of a-, b-, and c-axes = 70, 63, 70

  Num.Grid1.    70
  Num.Grid2.    63
  Num.Grid3.    70


  Cell_Volume =   5210.087487992292 (Bohr^3)
  GridVol     =      0.016877510489 (Bohr^3)
  Cell vectors (bohr) of the grid cell (gtv)
    gtv_a =  0.256509111003,  0.000000000000,  0.000000000000
    gtv_b =  0.000000000000,  0.256509111003,  0.000000000000
    gtv_c =  0.000000000000,  0.000000000000,  0.256509111003
    |gtv_a| =  0.256509111003
    |gtv_b| =  0.256509111003
    |gtv_c| =  0.256509111003

***********************************************************
***********************************************************


***********************************************************
***********************************************************
                  SCF history at MD= 1                    
***********************************************************
***********************************************************

   SCF=   1  NormRD=  1.000000000000  Uele= -3.835820991265
   SCF=   2  NormRD=  0.201351415193  Uele= -3.495559710133
   SCF=   3  NormRD=  0.196358641256  Uele= -3.491796938879
   SCF=   4  NormRD=  0.150370458424  Uele= -3.457133193243
   SCF=   5  NormRD=  0.117360632523  Uele= -3.433887293771
   SCF=   6  NormRD=  0.093466732348  Uele= -3.418484571624
   SCF=   7  NormRD=  0.075926790419  Uele= -3.408471613989
   SCF=   8  NormRD=  0.062798929911  Uele= -3.402154902845
   SCF=   9  NormRD=  0.052741685281  Uele= -3.398360862338
   SCF=  10  NormRD=  0.044843067233  Uele= -3.396274571457
   SCF=  11  NormRD=  0.038489789683  Uele= -3.395330050485
   SCF=  12  NormRD=  0.011586163882  Uele= -3.416055211915
   SCF=  13  NormRD=  0.000818485449  Uele= -3.406927194361
   SCF=  14  NormRD=  0.000352508896  Uele= -3.407138171242
   SCF=  15  NormRD=  0.000018558041  Uele= -3.407493693996
   SCF=  16  NormRD=  0.000002116778  Uele= -3.407491706025
   SCF=  17  NormRD=  0.000000319236  Uele= -3.407491353543
   SCF=  18  NormRD=  0.000000077048  Uele= -3.407491530547
   SCF=  19  NormRD=  0.000000006611  Uele= -3.407491445684
   SCF=  20  NormRD=  0.000000000283  Uele= -3.407491452492
   SCF=  21  NormRD=  0.000000000056  Uele= -3.407491452382

*******************************************************
        Total energy (Hartree) at MD = 1        
*******************************************************

  Uele.         -3.407491452382

  Ukin.          6.559928653860
  UH0.         -14.538501896343
  UH1.           0.049167778449
  Una.          -6.210075393423
  Unl.          -0.143527934333
  Uxc0.         -1.666728755402
  Uxc1.         -1.666728755402
  Ucore.         9.523493893109
  Uhub.          0.000000000000
  Ucs.           0.000000000000
  Uzs.           0.000000000000
  Uzo.           0.000000000000
  Uef.           0.000000000000
  UvdW           0.000000000000
  Utot.         -8.092972409487

  Note:

  Utot = Ukin+UH0+UH1+Una+Unl+Uxc0+Uxc1+Ucore+Uhub+Ucs+Uzs+Uzo+Uef+UvdW

  Uene:   band energy
  Ukin:   kinetic energy
  UH0:    electric part of screened Coulomb energy
  UH1:    difference electron-electron Coulomb energy
  Una:    neutral atom potential energy
  Unl:    non-local potential energy
  Uxc0:   exchange-correlation energy for alpha spin
  Uxc1:   exchange-correlation energy for beta spin
  Ucore:  core-core Coulomb energy
  Uhub:   LDA+U energy
  Ucs:    constraint energy for spin orientation
  Uzs:    Zeeman term for spin magnetic moment
  Uzo:    Zeeman term for orbital magnetic moment
  Uef:    electric energy by electric field
  UvdW:   semi-empirical vdW energy 

  (see also PRB 72, 045121(2005) for the energy contributions)



  Chemical potential (Hartree)       0.000000000000

***********************************************************
***********************************************************
                  SCF history at MD= 2                    
***********************************************************
***********************************************************

   SCF=   1  NormRD=  1.000000000000  Uele= -3.379680186986
   SCF=   2  NormRD=  0.026892671048  Uele= -3.413904036041
   SCF=   3  NormRD=  0.026821321088  Uele= -3.413838165896
   SCF=   4  NormRD=  0.026750171429  Uele= -3.413772480024
   SCF=   5  NormRD=  0.001049125452  Uele= -3.390635255362
   SCF=   6  NormRD=  0.000331346367  Uele= -3.389668606827
   SCF=   7  NormRD=  0.000041003000  Uele= -3.389957790705
   SCF=   8  NormRD=  0.000003639024  Uele= -3.389990379554
   SCF=   9  NormRD=  0.000000426473  Uele= -3.389989531182
   SCF=  10  NormRD=  0.000000036897  Uele= -3.389989899060
   SCF=  11  NormRD=  0.000000008219  Uele= -3.389989897553
   SCF=  12  NormRD=  0.000000001670  Uele= -3.389989904979
   SCF=  13  NormRD=  0.000000000115  Uele= -3.389989902676
   SCF=  14  NormRD=  0.000000000014  Uele= -3.389989902751

*******************************************************
        Total energy (Hartree) at MD = 2        
*******************************************************

  Uele.         -3.389989902751

  Ukin.          6.515447339149
  UH0.         -14.526932645045
  UH1.           0.047671621579
  Una.          -6.138054697880
  Unl.          -0.148242080720
  Uxc0.         -1.662620984837
  Uxc1.         -1.662620984837
  Ucore.         9.452749411712
  Uhub.          0.000000000000
  Ucs.           0.000000000000
  Uzs.           0.000000000000
  Uzo.           0.000000000000
  Uef.           0.000000000000
  UvdW           0.000000000000
  Utot.         -8.122603020880

  Note:

  Utot = Ukin+UH0+UH1+Una+Unl+Uxc0+Uxc1+Ucore+Uhub+Ucs+Uzs+Uzo+Uef+UvdW

  Uene:   band energy
  Ukin:   kinetic energy
  UH0:    electric part of screened Coulomb energy
  UH1:    difference electron-electron Coulomb energy
  Una:    neutral atom potential energy
  Unl:    non-local potential energy
  Uxc0:   exchange-correlation energy for alpha spin
  Uxc1:   exchange-correlation energy for beta spin
  Ucore:  core-core Coulomb energy
  Uhub:   LDA+U energy
  Ucs:    constraint energy for spin orientation
  Uzs:    Zeeman term for spin magnetic moment
  Uzo:    Zeeman term for orbital magnetic moment
  Uef:    electric energy by electric field
  UvdW:   semi-empirical vdW energy 

  (see also PRB 72, 045121(2005) for the energy contributions)



  Chemical potential (Hartree)       0.000000000000

***********************************************************
***********************************************************
                  SCF history at MD= 3                    
***********************************************************
***********************************************************

   SCF=   1  NormRD=  1.000000000000  Uele= -3.380947780652
   SCF=   2  NormRD=  0.007808259953  Uele= -3.369318790858
   SCF=   3  NormRD=  0.007789495025  Uele= -3.369337008309
   SCF=   4  NormRD=  0.007770780438  Uele= -3.369355176725
   SCF=   5  NormRD=  0.001244563011  Uele= -3.375458713242
   SCF=   6  NormRD=  0.000025780514  Uele= -3.376180148435
   SCF=   7  NormRD=  0.000004295345  Uele= -3.376175000426
   SCF=   8  NormRD=  0.000001911629  Uele= -3.376171728866
   SCF=   9  NormRD=  0.000000241372  Uele= -3.376173460372
   SCF=  10  NormRD=  0.000000031030  Uele= -3.376173742851
   SCF=  11  NormRD=  0.000000001933  Uele= -3.376173708946
   SCF=  12  NormRD=  0.000000000153  Uele= -3.376173706761
   SCF=  13  NormRD=  0.000000000005  Uele= -3.376173706671

*******************************************************
        Total energy (Hartree) at MD = 3        
*******************************************************

  Uele.         -3.376173706671

  Ukin.          6.484659389449
  UH0.         -14.521743990899
  UH1.           0.046597914191
  Una.          -6.087117756797
  Unl.          -0.152486399397
  Uxc0.         -1.660024960913
  Uxc1.         -1.660024960913
  Ucore.         9.404804488223
  Uhub.          0.000000000000
  Ucs.           0.000000000000
  Uzs.           0.000000000000
  Uzo.           0.000000000000
  Uef.           0.000000000000
  UvdW           0.000000000000
  Utot.         -8.145336277058

  Note:

  Utot = Ukin+UH0+UH1+Una+Unl+Uxc0+Uxc1+Ucore+Uhub+Ucs+Uzs+Uzo+Uef+UvdW

  Uene:   band energy
  Ukin:   kinetic energy
  UH0:    electric part of screened Coulomb energy
  UH1:    difference electron-electron Coulomb energy
  Una:    neutral atom potential energy
  Unl:    non-local potential energy
  Uxc0:   exchange-correlation energy for alpha spin
  Uxc1:   exchange-correlation energy for beta spin
  Ucore:  core-core Coulomb energy
  Uhub:   LDA+U energy
  Ucs:    constraint energy for spin orientation
  Uzs:    Zeeman term for spin magnetic moment
  Uzo:    Zeeman term for orbital magnetic moment
  Uef:    electric energy by electric field
  UvdW:   semi-empirical vdW energy 

  (see also PRB 72, 045121(2005) for the energy contributions)



  Chemical potential (Hartree)       0.000000000000

***********************************************************
***********************************************************
                  SCF history at MD= 4                    
***********************************************************
***********************************************************

   SCF=   1  NormRD=  1.000000000000  Uele= -3.371065979128
   SCF=   2  NormRD=  0.006462687264  Uele= -3.359832287670
   SCF=   3  NormRD=  0.006446368883  Uele= -3.359849311225
   SCF=   4  NormRD=  0.006430094164  Uele= -3.359866290023
   SCF=   5  NormRD=  0.000640465605  Uele= -3.366236797071
   SCF=   6  NormRD=  0.000016946191  Uele= -3.366410460667
   SCF=   7  NormRD=  0.000003272796  Uele= -3.366398283384
   SCF=   8  NormRD=  0.000001483226  Uele= -3.366396943308
   SCF=   9  NormRD=  0.000000157858  Uele= -3.366398384521
   SCF=  10  NormRD=  0.000000015945  Uele= -3.366398575107
   SCF=  11  NormRD=  0.000000000770  Uele= -3.366398555907
   SCF=  12  NormRD=  0.000000000074  Uele= -3.366398555269

*******************************************************
        Total energy (Hartree) at MD = 4        
*******************************************************

  Uele.         -3.366398555269

  Ukin.          6.466218518977
  UH0.         -14.523065988150
  UH1.           0.045847200824
  Una.          -6.055401089931
  Unl.          -0.156250373867
  Uxc0.         -1.658862733171
  Uxc1.         -1.658862733171
  Ucore.         9.377131837921
  Uhub.          0.000000000000
  Ucs.           0.000000000000
  Uzs.           0.000000000000
  Uzo.           0.000000000000
  Uef.           0.000000000000
  UvdW           0.000000000000
  Utot.         -8.163245360570

  Note:

  Utot = Ukin+UH0+UH1+Una+Unl+Uxc0+Uxc1+Ucore+Uhub+Ucs+Uzs+Uzo+Uef+UvdW

  Uene:   band energy
  Ukin:   kinetic energy
  UH0:    electric part of screened Coulomb energy
  UH1:    difference electron-electron Coulomb energy
  Una:    neutral atom potential energy
  Unl:    non-local potential energy
  Uxc0:   exchange-correlation energy for alpha spin
  Uxc1:   exchange-correlation energy for beta spin
  Ucore:  core-core Coulomb energy
  Uhub:   LDA+U energy
  Ucs:    constraint energy for spin orientation
  Uzs:    Zeeman term for spin magnetic moment
  Uzo:    Zeeman term for orbital magnetic moment
  Uef:    electric energy by electric field
  UvdW:   semi-empirical vdW energy 

  (see also PRB 72, 045121(2005) for the energy contributions)



  Chemical potential (Hartree)       0.000000000000

***********************************************************
***********************************************************
                  SCF history at MD= 5                    
***********************************************************
***********************************************************

   SCF=   1  NormRD=  1.000000000000  Uele= -3.364695220960
   SCF=   2  NormRD=  0.005194063253  Uele= -3.354501295944
   SCF=   3  NormRD=  0.005180568048  Uele= -3.354516247005
   SCF=   4  NormRD=  0.005167108560  Uele= -3.354531159532
   SCF=   5  NormRD=  0.000311112322  Uele= -3.360503092492
   SCF=   6  NormRD=  0.000012233524  Uele= -3.360399553470
   SCF=   7  NormRD=  0.000002678038  Uele= -3.360385020289
   SCF=   8  NormRD=  0.000001081746  Uele= -3.360385213496
   SCF=   9  NormRD=  0.000000087929  Uele= -3.360386329630
   SCF=  10  NormRD=  0.000000005495  Uele= -3.360386439273
   SCF=  11  NormRD=  0.000000000740  Uele= -3.360386431571
   SCF=  12  NormRD=  0.000000000040  Uele= -3.360386431988

*******************************************************
        Total energy (Hartree) at MD = 5        
*******************************************************

  Uele.         -3.360386431988

  Ukin.          6.458677480795
  UH0.         -14.530275021971
  UH1.           0.045374076588
  Una.          -6.040691526795
  Unl.          -0.159578914756
  Uxc0.         -1.658986642826
  Uxc1.         -1.658986642826
  Ucore.         9.367136858498
  Uhub.          0.000000000000
  Ucs.           0.000000000000
  Uzs.           0.000000000000
  Uzo.           0.000000000000
  Uef.           0.000000000000
  UvdW           0.000000000000
  Utot.         -8.177330333294

  Note:

  Utot = Ukin+UH0+UH1+Una+Unl+Uxc0+Uxc1+Ucore+Uhub+Ucs+Uzs+Uzo+Uef+UvdW

  Uene:   band energy
  Ukin:   kinetic energy
  UH0:    electric part of screened Coulomb energy
  UH1:    difference electron-electron Coulomb energy
  Una:    neutral atom potential energy
  Unl:    non-local potential energy
  Uxc0:   exchange-correlation energy for alpha spin
  Uxc1:   exchange-correlation energy for beta spin
  Ucore:  core-core Coulomb energy
  Uhub:   LDA+U energy
  Ucs:    constraint energy for spin orientation
  Uzs:    Zeeman term for spin magnetic moment
  Uzo:    Zeeman term for orbital magnetic moment
  Uef:    electric energy by electric field
  UvdW:   semi-empirical vdW energy 

  (see also PRB 72, 045121(2005) for the energy contributions)



  Chemical potential (Hartree)       0.000000000000

***********************************************************
***********************************************************
                  SCF history at MD= 6                    
***********************************************************
***********************************************************

   SCF=   1  NormRD=  1.000000000000  Uele= -3.361865191971
   SCF=   2  NormRD=  0.004451604408  Uele= -3.352430562769
   SCF=   3  NormRD=  0.004440037012  Uele= -3.352443999171
   SCF=   4  NormRD=  0.004428499773  Uele= -3.352457401506
   SCF=   5  NormRD=  0.000204214599  Uele= -3.357980090948
   SCF=   6  NormRD=  0.000011836869  Uele= -3.357821474301
   SCF=   7  NormRD=  0.000002609952  Uele= -3.357804076151
   SCF=   8  NormRD=  0.000000750908  Uele= -3.357805593661
   SCF=   9  NormRD=  0.000000045020  Uele= -3.357806403133
   SCF=  10  NormRD=  0.000000001348  Uele= -3.357806459044
   SCF=  11  NormRD=  0.000000000336  Uele= -3.357806456785
   SCF=  12  NormRD=  0.000000000038  Uele= -3.357806457136

*******************************************************
        Total energy (Hartree) at MD = 6        
*******************************************************

  Uele.         -3.357806457136

  Ukin.          6.461061798678
  UH0.         -14.542839169930
  UH1.           0.045160947054
  Una.          -6.041437727153
  Unl.          -0.162527714165
  Uxc0.         -1.660287173892
  Uxc1.         -1.660287173892
  Ucore.         9.373048994919
  Uhub.          0.000000000000
  Ucs.           0.000000000000
  Uzs.           0.000000000000
  Uzo.           0.000000000000
  Uef.           0.000000000000
  UvdW           0.000000000000
  Utot.         -8.188107218380

  Note:

  Utot = Ukin+UH0+UH1+Una+Unl+Uxc0+Uxc1+Ucore+Uhub+Ucs+Uzs+Uzo+Uef+UvdW

  Uene:   band energy
  Ukin:   kinetic energy
  UH0:    electric part of screened Coulomb energy
  UH1:    difference electron-electron Coulomb energy
  Una:    neutral atom potential energy
  Unl:    non-local potential energy
  Uxc0:   exchange-correlation energy for alpha spin
  Uxc1:   exchange-correlation energy for beta spin
  Ucore:  core-core Coulomb energy
  Uhub:   LDA+U energy
  Ucs:    constraint energy for spin orientation
  Uzs:    Zeeman term for spin magnetic moment
  Uzo:    Zeeman term for orbital magnetic moment
  Uef:    electric energy by electric field
  UvdW:   semi-empirical vdW energy 

  (see also PRB 72, 045121(2005) for the energy contributions)



  Chemical potential (Hartree)       0.000000000000

***********************************************************
***********************************************************
                  SCF history at MD= 7                    
***********************************************************
***********************************************************

   SCF=   1  NormRD=  1.000000000000  Uele= -3.362346215289
   SCF=   2  NormRD=  0.004016935458  Uele= -3.353402961867
   SCF=   3  NormRD=  0.004006632714  Uele= -3.353415374406
   SCF=   4  NormRD=  0.003996356442  Uele= -3.353427755888
   SCF=   5  NormRD=  0.000175797230  Uele= -3.358589500812
   SCF=   6  NormRD=  0.000013789563  Uele= -3.358453640851
   SCF=   7  NormRD=  0.000002397572  Uele= -3.358432099241
   SCF=   8  NormRD=  0.000000328695  Uele= -3.358434380383
   SCF=   9  NormRD=  0.000000034135  Uele= -3.358434714850
   SCF=  10  NormRD=  0.000000000857  Uele= -3.358434753566
   SCF=  11  NormRD=  0.000000000067  Uele= -3.358434753028

*******************************************************
        Total energy (Hartree) at MD = 7        
*******************************************************

  Uele.         -3.358434753028

  Ukin.          6.472703327990
  UH0.         -14.560460953944
  UH1.           0.045204093248
  Una.          -6.056651061164
  Unl.          -0.165106203026
  Uxc0.         -1.662692514780
  Uxc1.         -1.662692514780
  Ucore.         9.393830442085
  Uhub.          0.000000000000
  Ucs.           0.000000000000
  Uzs.           0.000000000000
  Uzo.           0.000000000000
  Uef.           0.000000000000
  UvdW           0.000000000000
  Utot.         -8.195865384370

  Note:

  Utot = Ukin+UH0+UH1+Una+Unl+Uxc0+Uxc1+Ucore+Uhub+Ucs+Uzs+Uzo+Uef+UvdW

  Uene:   band energy
  Ukin:   kinetic energy
  UH0:    electric part of screened Coulomb energy
  UH1:    difference electron-electron Coulomb energy
  Una:    neutral atom potential energy
  Unl:    non-local potential energy
  Uxc0:   exchange-correlation energy for alpha spin
  Uxc1:   exchange-correlation energy for beta spin
  Ucore:  core-core Coulomb energy
  Uhub:   LDA+U energy
  Ucs:    constraint energy for spin orientation
  Uzs:    Zeeman term for spin magnetic moment
  Uzo:    Zeeman term for orbital magnetic moment
  Uef:    electric energy by electric field
  UvdW:   semi-empirical vdW energy 

  (see also PRB 72, 045121(2005) for the energy contributions)



  Chemical potential (Hartree)       0.000000000000

***********************************************************
***********************************************************
                  SCF history at MD= 8                    
***********************************************************
***********************************************************

   SCF=   1  NormRD=  1.000000000000  Uele= -3.366125295976
   SCF=   2  NormRD=  0.003910192326  Uele= -3.357227706166
   SCF=   3  NormRD=  0.003900381362  Uele= -3.357239796881
   SCF=   4  NormRD=  0.003890595256  Uele= -3.357251857647
   SCF=   5  NormRD=  0.000189080039  Uele= -3.362269677635
   SCF=   6  NormRD=  0.000017414986  Uele= -3.362200781028
   SCF=   7  NormRD=  0.000002111260  Uele= -3.362174571166
   SCF=   8  NormRD=  0.000000338197  Uele= -3.362176513804
   SCF=   9  NormRD=  0.000000017095  Uele= -3.362176955289
   SCF=  10  NormRD=  0.000000001377  Uele= -3.362176944150
   SCF=  11  NormRD=  0.000000000148  Uele= -3.362176943982

*******************************************************
        Total energy (Hartree) at MD = 8        
*******************************************************

  Uele.         -3.362176943982

  Ukin.          6.493188938275
  UH0.         -14.583180497591
  UH1.           0.045503466349
  Una.          -6.085809753998
  Unl.          -0.167285269258
  Uxc0.         -1.666165240400
  Uxc1.         -1.666165240400
  Ucore.         9.429129882647
  Uhub.          0.000000000000
  Ucs.           0.000000000000
  Uzs.           0.000000000000
  Uzo.           0.000000000000
  Uef.           0.000000000000
  UvdW           0.000000000000
  Utot.         -8.200783714376

  Note:

  Utot = Ukin+UH0+UH1+Una+Unl+Uxc0+Uxc1+Ucore+Uhub+Ucs+Uzs+Uzo+Uef+UvdW

  Uene:   band energy
  Ukin:   kinetic energy
  UH0:    electric part of screened Coulomb energy
  UH1:    difference electron-electron Coulomb energy
  Una:    neutral atom potential energy
  Unl:    non-local potential energy
  Uxc0:   exchange-correlation energy for alpha spin
  Uxc1:   exchange-correlation energy for beta spin
  Ucore:  core-core Coulomb energy
  Uhub:   LDA+U energy
  Ucs:    constraint energy for spin orientation
  Uzs:    Zeeman term for spin magnetic moment
  Uzo:    Zeeman term for orbital magnetic moment
  Uef:    electric energy by electric field
  UvdW:   semi-empirical vdW energy 

  (see also PRB 72, 045121(2005) for the energy contributions)



  Chemical potential (Hartree)       0.000000000000

***********************************************************
***********************************************************
                  SCF history at MD= 9                    
***********************************************************
***********************************************************

   SCF=   1  NormRD=  1.000000000000  Uele= -3.371096470644
   SCF=   2  NormRD=  0.003596196456  Uele= -3.362942286044
   SCF=   3  NormRD=  0.003587418545  Uele= -3.362953118421
   SCF=   4  NormRD=  0.003578662614  Uele= -3.362963924089
   SCF=   5  NormRD=  0.000186596903  Uele= -3.367376538364
   SCF=   6  NormRD=  0.000021499743  Uele= -3.367413885907
   SCF=   7  NormRD=  0.000001717691  Uele= -3.367391178536
   SCF=   8  NormRD=  0.000000468135  Uele= -3.367391704110
   SCF=   9  NormRD=  0.000000009432  Uele= -3.367392327753
   SCF=  10  NormRD=  0.000000001732  Uele= -3.367392327073

*******************************************************
        Total energy (Hartree) at MD = 9        
*******************************************************

  Uele.         -3.367392327073

  Ukin.          6.515656236047
  UH0.         -14.605348467002
  UH1.           0.045908443928
  Una.          -6.118757928830
  Unl.          -0.168720445170
  Uxc0.         -1.669692312800
  Uxc1.         -1.669692312800
  Ucore.         9.467833394969
  Uhub.          0.000000000000
  Ucs.           0.000000000000
  Uzs.           0.000000000000
  Uzo.           0.000000000000
  Uef.           0.000000000000
  UvdW           0.000000000000
  Utot.         -8.202813391657

  Note:

  Utot = Ukin+UH0+UH1+Una+Unl+Uxc0+Uxc1+Ucore+Uhub+Ucs+Uzs+Uzo+Uef+UvdW

  Uene:   band energy
  Ukin:   kinetic energy
  UH0:    electric part of screened Coulomb energy
  UH1:    difference electron-electron Coulomb energy
  Una:    neutral atom potential energy
  Unl:    non-local potential energy
  Uxc0:   exchange-correlation energy for alpha spin
  Uxc1:   exchange-correlation energy for beta spin
  Ucore:  core-core Coulomb energy
  Uhub:   LDA+U energy
  Ucs:    constraint energy for spin orientation
  Uzs:    Zeeman term for spin magnetic moment
  Uzo:    Zeeman term for orbital magnetic moment
  Uef:    electric energy by electric field
  UvdW:   semi-empirical vdW energy 

  (see also PRB 72, 045121(2005) for the energy contributions)



  Chemical potential (Hartree)       0.000000000000

***********************************************************
***********************************************************
                  SCF history at MD=10                    
***********************************************************
***********************************************************

   SCF=   1  NormRD=  1.000000000000  Uele= -3.376948364291
   SCF=   2  NormRD=  0.002852740730  Uele= -3.371713001295
   SCF=   3  NormRD=  0.002846788994  Uele= -3.371720019806
   SCF=   4  NormRD=  0.002840851438  Uele= -3.371727021035
   SCF=   5  NormRD=  0.000429768015  Uele= -3.374149239500
   SCF=   6  NormRD=  0.000040305567  Uele= -3.374625585083
   SCF=   7  NormRD=  0.000004674235  Uele= -3.374592496614
   SCF=   8  NormRD=  0.000000468655  Uele= -3.374592266969
   SCF=   9  NormRD=  0.000000020242  Uele= -3.374592814664
   SCF=  10  NormRD=  0.000000002921  Uele= -3.374592797356
   SCF=  11  NormRD=  0.000000000269  Uele= -3.374592792874
   SCF=  12  NormRD=  0.000000000018  Uele= -3.374592793198

*******************************************************
        Total energy (Hartree) at MD =10        
*******************************************************

  Uele.         -3.374592793198

  Ukin.          6.543863741836
  UH0.         -14.632625321413
  UH1.           0.046430021395
  Una.          -6.160634716989
  Unl.          -0.170018303562
  Uxc0.         -1.674015847800
  Uxc1.         -1.674015847800
  Ucore.         9.517140954335
  Uhub.          0.000000000000
  Ucs.           0.000000000000
  Uzs.           0.000000000000
  Uzo.           0.000000000000
  Uef.           0.000000000000
  UvdW           0.000000000000
  Utot.         -8.203875320000

  Note:

  Utot = Ukin+UH0+UH1+Una+Unl+Uxc0+Uxc1+Ucore+Uhub+Ucs+Uzs+Uzo+Uef+UvdW

  Uene:   band energy
  Ukin:   kinetic energy
  UH0:    electric part of screened Coulomb energy
  UH1:    difference electron-electron Coulomb energy
  Una:    neutral atom potential energy
  Unl:    non-local potential energy
  Uxc0:   exchange-correlation energy for alpha spin
  Uxc1:   exchange-correlation energy for beta spin
  Ucore:  core-core Coulomb energy
  Uhub:   LDA+U energy
  Ucs:    constraint energy for spin orientation
  Uzs:    Zeeman term for spin magnetic moment
  Uzo:    Zeeman term for orbital magnetic moment
  Uef:    electric energy by electric field
  UvdW:   semi-empirical vdW energy 

  (see also PRB 72, 045121(2005) for the energy contributions)



  Chemical potential (Hartree)       0.000000000000

***********************************************************
***********************************************************
                  SCF history at MD=11                    
***********************************************************
***********************************************************

   SCF=   1  NormRD=  1.000000000000  Uele= -3.373176795897
   SCF=   2  NormRD=  0.005809580706  Uele= -3.384454016270
   SCF=   3  NormRD=  0.005797758713  Uele= -3.384440088814
   SCF=   4  NormRD=  0.005785963823  Uele= -3.384426195248
   SCF=   5  NormRD=  0.001124314587  Uele= -3.379679157113
   SCF=   6  NormRD=  0.000054051511  Uele= -3.378579315873
   SCF=   7  NormRD=  0.000008638783  Uele= -3.378639440881
   SCF=   8  NormRD=  0.000000585072  Uele= -3.378636023984
   SCF=   9  NormRD=  0.000000059204  Uele= -3.378635470316
   SCF=  10  NormRD=  0.000000003741  Uele= -3.378635458833
   SCF=  11  NormRD=  0.000000000315  Uele= -3.378635464838
   SCF=  12  NormRD=  0.000000000045  Uele= -3.378635464489

*******************************************************
        Total energy (Hartree) at MD =11        
*******************************************************

  Uele.         -3.378635464489

  Ukin.          6.558643122999
  UH0.         -14.648172016222
  UH1.           0.046656055828
  Una.          -6.182747431620
  Unl.          -0.170597379717
  Uxc0.         -1.676357156504
  Uxc1.         -1.676357156504
  Ucore.         9.544053050502
  Uhub.          0.000000000000
  Ucs.           0.000000000000
  Uzs.           0.000000000000
  Uzo.           0.000000000000
  Uef.           0.000000000000
  UvdW           0.000000000000
  Utot.         -8.204878911238

  Note:

  Utot = Ukin+UH0+UH1+Una+Unl+Uxc0+Uxc1+Ucore+Uhub+Ucs+Uzs+Uzo+Uef+UvdW

  Uene:   band energy
  Ukin:   kinetic energy
  UH0:    electric part of screened Coulomb energy
  UH1:    difference electron-electron Coulomb energy
  Una:    neutral atom potential energy
  Unl:    non-local potential energy
  Uxc0:   exchange-correlation energy for alpha spin
  Uxc1:   exchange-correlation energy for beta spin
  Ucore:  core-core Coulomb energy
  Uhub:   LDA+U energy
  Ucs:    constraint energy for spin orientation
  Uzs:    Zeeman term for spin magnetic moment
  Uzo:    Zeeman term for orbital magnetic moment
  Uef:    electric energy by electric field
  UvdW:   semi-empirical vdW energy 

  (see also PRB 72, 045121(2005) for the energy contributions)



  Chemical potential (Hartree)       0.000000000000

***********************************************************
***********************************************************
                  SCF history at MD=12                    
***********************************************************
***********************************************************

   SCF=   1  NormRD=  1.000000000000  Uele= -3.374916368373
   SCF=   2  NormRD=  0.003749392386  Uele= -3.385600590568
   SCF=   3  NormRD=  0.003739921315  Uele= -3.385588218938
   SCF=   4  NormRD=  0.003730473958  Uele= -3.385575877329
   SCF=   5  NormRD=  0.000167723600  Uele= -3.380178180339
   SCF=   6  NormRD=  0.000025434848  Uele= -3.380365599477
   SCF=   7  NormRD=  0.000000878294  Uele= -3.380403806354
   SCF=   8  NormRD=  0.000000061145  Uele= -3.380402746043
   SCF=   9  NormRD=  0.000000003886  Uele= -3.380402675526
   SCF=  10  NormRD=  0.000000000597  Uele= -3.380402677205
   SCF=  11  NormRD=  0.000000000033  Uele= -3.380402677454

*******************************************************
        Total energy (Hartree) at MD =12        
*******************************************************

  Uele.         -3.380402677454

  Ukin.          6.565230323495
  UH0.         -14.654969575411
  UH1.           0.046763835340
  Una.          -6.192585221437
  Unl.          -0.170859167683
  Uxc0.         -1.677387588667
  Uxc1.         -1.677387588667
  Ucore.         9.555969270408
  Uhub.          0.000000000000
  Ucs.           0.000000000000
  Uzs.           0.000000000000
  Uzo.           0.000000000000
  Uef.           0.000000000000
  UvdW           0.000000000000
  Utot.         -8.205225712623

  Note:

  Utot = Ukin+UH0+UH1+Una+Unl+Uxc0+Uxc1+Ucore+Uhub+Ucs+Uzs+Uzo+Uef+UvdW

  Uene:   band energy
  Ukin:   kinetic energy
  UH0:    electric part of screened Coulomb energy
  UH1:    difference electron-electron Coulomb energy
  Una:    neutral atom potential energy
  Unl:    non-local potential energy
  Uxc0:   exchange-correlation energy for alpha spin
  Uxc1:   exchange-correlation energy for beta spin
  Ucore:  core-core Coulomb energy
  Uhub:   LDA+U energy
  Ucs:    constraint energy for spin orientation
  Uzs:    Zeeman term for spin magnetic moment
  Uzo:    Zeeman term for orbital magnetic moment
  Uef:    electric energy by electric field
  UvdW:   semi-empirical vdW energy 

  (see also PRB 72, 045121(2005) for the energy contributions)



  Chemical potential (Hartree)       0.000000000000

***********************************************************
***********************************************************
                  SCF history at MD=13                    
***********************************************************
***********************************************************

   SCF=   1  NormRD=  1.000000000000  Uele= -3.371569182157
   SCF=   2  NormRD=  0.005387367368  Uele= -3.385035521479
   SCF=   3  NormRD=  0.005373882455  Uele= -3.385018362004
   SCF=   4  NormRD=  0.005360431105  Uele= -3.385001244482
   SCF=   5  NormRD=  0.000094654326  Uele= -3.377760979488
   SCF=   6  NormRD=  0.000006849468  Uele= -3.377918005917
   SCF=   7  NormRD=  0.000003094436  Uele= -3.377922693219
   SCF=   8  NormRD=  0.000000043348  Uele= -3.377919066714
   SCF=   9  NormRD=  0.000000003888  Uele= -3.377919112779
   SCF=  10  NormRD=  0.000000000660  Uele= -3.377919115744
   SCF=  11  NormRD=  0.000000000052  Uele= -3.377919116288

*******************************************************
        Total energy (Hartree) at MD =13        
*******************************************************

  Uele.         -3.377919116288

  Ukin.          6.555774780382
  UH0.         -14.645150776242
  UH1.           0.046616083515
  Una.          -6.178871550668
  Unl.          -0.170358580223
  Uxc0.         -1.675986125615
  Uxc1.         -1.675986125615
  Ucore.         9.538711233498
  Uhub.          0.000000000000
  Ucs.           0.000000000000
  Uzs.           0.000000000000
  Uzo.           0.000000000000
  Uef.           0.000000000000
  UvdW           0.000000000000
  Utot.         -8.205251060968

  Note:

  Utot = Ukin+UH0+UH1+Una+Unl+Uxc0+Uxc1+Ucore+Uhub+Ucs+Uzs+Uzo+Uef+UvdW

  Uene:   band energy
  Ukin:   kinetic energy
  UH0:    electric part of screened Coulomb energy
  UH1:    difference electron-electron Coulomb energy
  Una:    neutral atom potential energy
  Unl:    non-local potential energy
  Uxc0:   exchange-correlation energy for alpha spin
  Uxc1:   exchange-correlation energy for beta spin
  Ucore:  core-core Coulomb energy
  Uhub:   LDA+U energy
  Ucs:    constraint energy for spin orientation
  Uzs:    Zeeman term for spin magnetic moment
  Uzo:    Zeeman term for orbital magnetic moment
  Uef:    electric energy by electric field
  UvdW:   semi-empirical vdW energy 

  (see also PRB 72, 045121(2005) for the energy contributions)



  Chemical potential (Hartree)       0.000000000000

***********************************************************
***********************************************************
                  SCF history at MD=14                    
***********************************************************
***********************************************************

   SCF=   1  NormRD=  1.000000000000  Uele= -3.373938449075
   SCF=   2  NormRD=  0.001945339957  Uele= -3.378780275187
   SCF=   3  NormRD=  0.001940466208  Uele= -3.378774090826
   SCF=   4  NormRD=  0.001935604603  Uele= -3.378767921593
   SCF=   5  NormRD=  0.000032425775  Uele= -3.376161799757
   SCF=   6  NormRD=  0.000003367650  Uele= -3.376221411479
   SCF=   7  NormRD=  0.000000816260  Uele= -3.376218969061
   SCF=   8  NormRD=  0.000000038178  Uele= -3.376218087015
   SCF=   9  NormRD=  0.000000001033  Uele= -3.376218041265
   SCF=  10  NormRD=  0.000000000097  Uele= -3.376218040591

*******************************************************
        Total energy (Hartree) at MD =14        
*******************************************************

  Uele.         -3.376218040591

  Ukin.          6.549312258559
  UH0.         -14.638425004490
  UH1.           0.046516541955
  Una.          -6.169503056513
  Unl.          -0.170015210150
  Uxc0.         -1.675027105090
  Uxc1.         -1.675027105090
  Ucore.         9.526912732399
  Uhub.          0.000000000000
  Ucs.           0.000000000000
  Uzs.           0.000000000000
  Uzo.           0.000000000000
  Uef.           0.000000000000
  UvdW           0.000000000000
  Utot.         -8.205255948420

  Note:

  Utot = Ukin+UH0+UH1+Una+Unl+Uxc0+Uxc1+Ucore+Uhub+Ucs+Uzs+Uzo+Uef+UvdW

  Uene:   band energy
  Ukin:   kinetic energy
  UH0:    electric part of screened Coulomb energy
  UH1:    difference electron-electron Coulomb energy
  Una:    neutral atom potential energy
  Unl:    non-local potential energy
  Uxc0:   exchange-correlation energy for alpha spin
  Uxc1:   exchange-correlation energy for beta spin
  Ucore:  core-core Coulomb energy
  Uhub:   LDA+U energy
  Ucs:    constraint energy for spin orientation
  Uzs:    Zeeman term for spin magnetic moment
  Uzo:    Zeeman term for orbital magnetic moment
  Uef:    electric energy by electric field
  UvdW:   semi-empirical vdW energy 

  (see also PRB 72, 045121(2005) for the energy contributions)



  Chemical potential (Hartree)       0.000000000000

***********************************************************
***********************************************************
                  SCF history at MD=15                    
***********************************************************
***********************************************************

   SCF=   1  NormRD=  1.000000000000  Uele= -3.376961334973
   SCF=   2  NormRD=  0.000692713335  Uele= -3.375242165119
   SCF=   3  NormRD=  0.000690980361  Uele= -3.375244361933
   SCF=   4  NormRD=  0.000689251706  Uele= -3.375246553374
   SCF=   5  NormRD=  0.000011532913  Uele= -3.376171248157
   SCF=   6  NormRD=  0.000001091451  Uele= -3.376151377723
   SCF=   7  NormRD=  0.000000354902  Uele= -3.376151881792
   SCF=   8  NormRD=  0.000000046267  Uele= -3.376152246612
   SCF=   9  NormRD=  0.000000001116  Uele= -3.376152306337
   SCF=  10  NormRD=  0.000000000046  Uele= -3.376152307275

*******************************************************
        Total energy (Hartree) at MD =15        
*******************************************************

  Uele.         -3.376152307275

  Ukin.          6.549064608604
  UH0.         -14.638167020562
  UH1.           0.046512773960
  Una.          -6.169144587758
  Unl.          -0.170001866284
  Uxc0.         -1.674990377893
  Uxc1.         -1.674990377893
  Ucore.         9.526460595732
  Uhub.          0.000000000000
  Ucs.           0.000000000000
  Uzs.           0.000000000000
  Uzo.           0.000000000000
  Uef.           0.000000000000
  UvdW           0.000000000000
  Utot.         -8.205256252095

  Note:

  Utot = Ukin+UH0+UH1+Una+Unl+Uxc0+Uxc1+Ucore+Uhub+Ucs+Uzs+Uzo+Uef+UvdW

  Uene:   band energy
  Ukin:   kinetic energy
  UH0:    electric part of screened Coulomb energy
  UH1:    difference electron-electron Coulomb energy
  Una:    neutral atom potential energy
  Unl:    non-local potential energy
  Uxc0:   exchange-correlation energy for alpha spin
  Uxc1:   exchange-correlation energy for beta spin
  Ucore:  core-core Coulomb energy
  Uhub:   LDA+U energy
  Ucs:    constraint energy for spin orientation
  Uzs:    Zeeman term for spin magnetic moment
  Uzo:    Zeeman term for orbital magnetic moment
  Uef:    electric energy by electric field
  UvdW:   semi-empirical vdW energy 

  (see also PRB 72, 045121(2005) for the energy contributions)



  Chemical potential (Hartree)       0.000000000000

***********************************************************
***********************************************************
                  SCF history at MD=16                    
***********************************************************
***********************************************************

   SCF=   1  NormRD=  1.000000000000  Uele= -3.377210417054
   SCF=   2  NormRD=  0.000873079553  Uele= -3.375043025641
   SCF=   3  NormRD=  0.000870895071  Uele= -3.375045794437
   SCF=   4  NormRD=  0.000868716031  Uele= -3.375048556463
   SCF=   5  NormRD=  0.000015352863  Uele= -3.376214093831
   SCF=   6  NormRD=  0.000001372356  Uele= -3.376190258666
   SCF=   7  NormRD=  0.000000623633  Uele= -3.376189533882
   SCF=   8  NormRD=  0.000000047893  Uele= -3.376190177996
   SCF=   9  NormRD=  0.000000001350  Uele= -3.376190241593
   SCF=  10  NormRD=  0.000000000132  Uele= -3.376190242753
   SCF=  11  NormRD=  0.000000000009  Uele= -3.376190242852

*******************************************************
        Total energy (Hartree) at MD =16        
*******************************************************

  Uele.         -3.376190242852

  Ukin.          6.549221547761
  UH0.         -14.638330651944
  UH1.           0.046515269773
  Una.          -6.169373745610
  Unl.          -0.170009554736
  Uxc0.         -1.675013783496
  Uxc1.         -1.675013783496
  Ucore.         9.526747528757
  Uhub.          0.000000000000
  Ucs.           0.000000000000
  Uzs.           0.000000000000
  Uzo.           0.000000000000
  Uef.           0.000000000000
  UvdW           0.000000000000
  Utot.         -8.205257172991

  Note:

  Utot = Ukin+UH0+UH1+Una+Unl+Uxc0+Uxc1+Ucore+Uhub+Ucs+Uzs+Uzo+Uef+UvdW

  Uene:   band energy
  Ukin:   kinetic energy
  UH0:    electric part of screened Coulomb energy
  UH1:    difference electron-electron Coulomb energy
  Una:    neutral atom potential energy
  Unl:    non-local potential energy
  Uxc0:   exchange-correlation energy for alpha spin
  Uxc1:   exchange-correlation energy for beta spin
  Ucore:  core-core Coulomb energy
  Uhub:   LDA+U energy
  Ucs:    constraint energy for spin orientation
  Uzs:    Zeeman term for spin magnetic moment
  Uzo:    Zeeman term for orbital magnetic moment
  Uef:    electric energy by electric field
  UvdW:   semi-empirical vdW energy 

  (see also PRB 72, 045121(2005) for the energy contributions)



  Chemical potential (Hartree)       0.000000000000

***********************************************************
***********************************************************
           Eigenvalues (Hartree) for SCF KS-eq.           
***********************************************************
***********************************************************

   Chemical Potential (Hartree) =   0.00000000000000
   Number of States             =   8.00000000000000
   HOMO =  4
   Eigenvalues
                Up-spin            Down-spin
          1  -0.63273530355468  -0.63273530355468
          2  -0.35185516697604  -0.35185516697604
          3  -0.35178086806375  -0.35178086806375
          4  -0.35172378284598  -0.35172378284598
          5   0.15871827028993   0.15871827028993
          6   0.19334599074144   0.19334599074144
          7   0.19342529829904   0.19342529829904
          8   0.19351199900665   0.19351199900665
          9   0.40366571134103   0.40366571134103
         10   0.40369376585565   0.40369376585565
         11   0.40372098861463   0.40372098861463
         12   0.87797785604442   0.87797785604442
         13   1.42011678015321   1.42011678015321
         14   1.42018654880360   1.42018654880360
         15   1.42028914915303   1.42028914915303
         16   2.19452464622225   2.19452464622225

***********************************************************
***********************************************************
              History of geometry optimization             
***********************************************************
***********************************************************

  MD_iter   SD_scaling     |Maximum force|   Maximum step        Utot
                           (Hartree/Bohr)        (Ang)         (Hartree)

    1       0.94486299       0.31785607       0.03175063      -8.09297241
    2       0.94486299       0.25411952       0.03175063      -8.12260302
    3       0.94486299       0.21471923       0.03175063      -8.14533628
    4       0.94486299       0.18122567       0.03175063      -8.16324536
    5       2.36215748       0.14826502       0.03175063      -8.17733033
    6       2.36215748       0.11471687       0.03175063      -8.18810722
    7       2.36215748       0.08045460       0.03175063      -8.19586538
    8       2.36215748       0.03857995       0.02041563      -8.20078371
    9       2.36215748       0.01650900       0.02084632      -8.20281339
   10       2.36215748       0.00919652       0.01675078      -8.20387532
   11       2.36215748       0.00503973       0.01604022      -8.20487891
   12       2.36215748       0.00200706       0.00213091      -8.20522571
   13       2.36215748       0.00083117       0.00133134      -8.20525106
   14       2.36215748       0.00024177       0.00019043      -8.20525595
   15       2.36215748       0.00020534       0.00106225      -8.20525625
   16       2.36215748       0.00006919       0.00000000      -8.20525717

***********************************************************
***********************************************************
                   Mulliken populations                    
***********************************************************
***********************************************************

  Total spin S =  0.000000000000

                    Up spin      Down spin     Sum           Diff
      1    C      2.170344697  2.170344697   4.340689395   0.000000000
      2    H      0.457414041  0.457414041   0.914828082   0.000000000
      3    H      0.457407054  0.457407054   0.914814107   0.000000000
      4    H      0.457414514  0.457414514   0.914829028   0.000000000
      5    H      0.457419694  0.457419694   0.914839388   0.000000000

 Sum of MulP: up   =     4.00000 down          =     4.00000
              total=     8.00000 ideal(neutral)=     8.00000


  Decomposed Mulliken populations

    1    C          Up spin      Down spin     Sum           Diff
            multiple
  s           0    0.580268743  0.580268743   1.160537487   0.000000000
   sum over m      0.580268743  0.580268743   1.160537487   0.000000000
  s           1   -0.004938011 -0.004938011  -0.009876022   0.000000000
   sum over m     -0.004938011 -0.004938011  -0.009876022   0.000000000
   sum over m+mul  0.575330732  0.575330732   1.150661464   0.000000000
  px          0    0.540457029  0.540457029   1.080914057   0.000000000
  py          0    0.540465271  0.540465271   1.080930543   0.000000000
  pz          0    0.540459046  0.540459046   1.080918092   0.000000000
   sum over m      1.621381346  1.621381346   3.242762692   0.000000000
  px          1   -0.008790497 -0.008790497  -0.017580994   0.000000000
  py          1   -0.008790221 -0.008790221  -0.017580442   0.000000000
  pz          1   -0.008786663 -0.008786663  -0.017573325   0.000000000
   sum over m     -0.026367381 -0.026367381  -0.052734762   0.000000000
   sum over m+mul  1.595013965  1.595013965   3.190027931   0.000000000

    2    H          Up spin      Down spin     Sum           Diff
            multiple
  s           0    0.452627958  0.452627958   0.905255916   0.000000000
   sum over m      0.452627958  0.452627958   0.905255916   0.000000000
  s           1    0.004786083  0.004786083   0.009572166   0.000000000
   sum over m      0.004786083  0.004786083   0.009572166   0.000000000
   sum over m+mul  0.457414041  0.457414041   0.914828082   0.000000000

    3    H          Up spin      Down spin     Sum           Diff
            multiple
  s           0    0.452616540  0.452616540   0.905233081   0.000000000
   sum over m      0.452616540  0.452616540   0.905233081   0.000000000
  s           1    0.004790513  0.004790513   0.009581026   0.000000000
   sum over m      0.004790513  0.004790513   0.009581026   0.000000000
   sum over m+mul  0.457407054  0.457407054   0.914814107   0.000000000

    4    H          Up spin      Down spin     Sum           Diff
            multiple
  s           0    0.452628724  0.452628724   0.905257447   0.000000000
   sum over m      0.452628724  0.452628724   0.905257447   0.000000000
  s           1    0.004785790  0.004785790   0.009571581   0.000000000
   sum over m      0.004785790  0.004785790   0.009571581   0.000000000
   sum over m+mul  0.457414514  0.457414514   0.914829028   0.000000000

    5    H          Up spin      Down spin     Sum           Diff
            multiple
  s           0    0.452637550  0.452637550   0.905275099   0.000000000
   sum over m      0.452637550  0.452637550   0.905275099   0.000000000
  s           1    0.004782145  0.004782145   0.009564289   0.000000000
   sum over m      0.004782145  0.004782145   0.009564289   0.000000000
   sum over m+mul  0.457419694  0.457419694   0.914839388   0.000000000

***********************************************************
***********************************************************
                    Dipole moment (Debye)                  
***********************************************************
***********************************************************

 Absolute D        0.00011155

                      Dx                Dy                Dz
 Total             -0.00007642        0.00008098       -0.00000669
 Core               1.53551574       -0.00194273       -2.30471024
 Electron          -1.53559216        0.00202372        2.30470355
 Back ground        0.00000000        0.00000000        0.00000000

***********************************************************
***********************************************************
       xyz-coordinates (Ang) and forces (Hartree/Bohr)  
***********************************************************
***********************************************************

<coordinates.forces
  5
    1     C     0.03995  -0.00003  -0.06000   0.000039898354 -0.000069193162  0.000057063953
    2     H    -0.85124  -0.63254  -0.06131   0.000027597703  0.000029581828  0.000011150866
    3     H     0.03880   0.63288  -0.95080   0.000017309747 -0.000006818118 -0.000011733093
    4     H     0.03909   0.62915   0.83354  -0.000014799088 -0.000032748077 -0.000035503296
    5     H     0.93322  -0.62976  -0.06123  -0.000063387490  0.000057776962 -0.000020892690
coordinates.forces>

***********************************************************
***********************************************************
       Fractional coordinates of the final structure       
***********************************************************
***********************************************************

     1      C     0.00420483471822   0.99999604202149   0.99368486140314
     2      H     0.91041247383332   0.92603188248060   0.99354710395409
     3      H     0.00408299785293   0.07400737358295   0.89993417483379
     4      H     0.00411415774522   0.07357193770056   0.08772481920157
     5      H     0.09821606698013   0.92635734077754   0.99355542518306

***********************************************************
***********************************************************
               Computational Time (second)                 
***********************************************************
***********************************************************

   Elapsed.Time.        89.935

                            Min_ID    Min_Time    Max_ID    Max_Time
   Total Computational Time =  4       89.933       0       89.935
   readfile                 =  1        4.785       4        4.785
   truncation               =  4        6.930       1        6.948
   MD_pac                   =  0        0.042       4        0.055
   DFT                      =  1       77.983       0       78.062

*** In DFT ***

   Set_OLP_Kin              =  4        4.279       3        4.922
   Set_Nonlocal             =  3        6.901       4        7.562
   Set_Hamiltonian          =  0       35.429       2       35.430
   Poisson                  =  1        3.972       4        3.973
   Diagonalization          =  1        0.694       4        0.696
   Mixing_DM                =  2        0.060       4        0.062
   Force                    =  3        6.747       4        6.747
   Total_Energy             =  4        6.998       0        7.075
   Set_Aden_Grid            =  4        0.509       2        0.546
   Set_Orbitals_Grid        =  0        0.870       4        0.892
   Set_Density_Grid         =  4        5.341       3        5.501
   Others                   =  3        5.349       4        5.510
