#
# File Name      
#

System.CurrrentDirectory         ./    # default=./
System.Name                     Methane_EF
level.of.stdout                   1    # default=1 (1-3)
level.of.fileout                  0    # default=1 (0-2)

#
# Definition of Atomic Species
#

Species.Number       2
<Definition.of.Atomic.Species
 H   H6.0-s2          H_PBE11
 C   C6.0-s2p2        C_PBE11
Definition.of.Atomic.Species>

#
# Atoms
#

Atoms.Number         5
Atoms.SpeciesAndCoordinates.Unit   Ang # Ang|AU
<Atoms.SpeciesAndCoordinates
 1  C      0.200000    0.000000   -0.300000     2.0  2.0 
 2  H     -0.889981   -0.629312    0.000000     0.5  0.5
 3  H      0.000000    0.629312   -0.889981     0.5  0.5
 4  H      0.000000    0.629312    0.889981     0.5  0.5
 5  H      0.889981   -0.629312    0.000000     0.5  0.5
Atoms.SpeciesAndCoordinates>
Atoms.UnitVectors.Unit             Ang # Ang|AU
#<Atoms.UnitVectors                     
#  10.0   0.0   0.0  
#   0.0  10.0   0.0  
#   0.0   0.0  10.0  
#Atoms.UnitVectors>

#
# SCF or Electronic System
#

scf.XcType                 GGA-PBE     # LDA|LSDA-CA|LSDA-PW|GGA-PBE
scf.SpinPolarization        off        # On|Off|NC
scf.ElectronicTemperature  200.0        # default=300 (K)
scf.energycutoff           150.0       # default=150 (Ry)
scf.maxIter                 100        # default=40
scf.EigenvalueSolver        cluster    # DC|GDC|Cluster|Band
scf.Kgrid                  1 1 1       # means n1 x n2 x n3
scf.Mixing.Type           rmm-diis     # Simple|Rmm-Diis|Gr-Pulay|Kerker|Rmm-Diisk
scf.Init.Mixing.Weight     0.010       # default=0.30 
scf.Min.Mixing.Weight      0.001       # default=0.001 
scf.Max.Mixing.Weight      0.100       # default=0.40 
scf.Mixing.History          10         # default=5
scf.Mixing.StartPulay       10         # default=6
scf.criterion             1.0e-9       # default=1.0e-6 (Hartree) 

#
# MD or Geometry Optimization
#

MD.Type                     EF         # Nomd|Opt|DIIS|NVE|NVT_VS|NVT_NH
MD.Opt.DIIS.History          3         # default=3
MD.Opt.StartDIIS             8         # default=5
MD.Opt.EveryDIIS           10000       # default=10
MD.maxIter                  200        # default=1xsx
MD.TimeStep                1.0         # default=0.5 (fs)
MD.Opt.criterion          1.0e-4       # default=1.0e-4 (Hartree/bohr)


***********************************************************
***********************************************************

  Required cutoff energy (Ryd) for 3D-grids = 150.0000
      Used cutoff energy (Ryd) for 3D-grids = 150.0010, 150.0010, 150.0010
  Num. of grids of a-, b-, and c-axes = 70, 63, 70

  Num.Grid1.    70
  Num.Grid2.    63
  Num.Grid3.    70


  Cell_Volume =   5210.087487992292 (Bohr^3)
  GridVol     =      0.016877510489 (Bohr^3)
  Cell vectors (bohr) of the grid cell (gtv)
    gtv_a =  0.256509111003,  0.000000000000,  0.000000000000
    gtv_b =  0.000000000000,  0.256509111003,  0.000000000000
    gtv_c =  0.000000000000,  0.000000000000,  0.256509111003
    |gtv_a| =  0.256509111003
    |gtv_b| =  0.256509111003
    |gtv_c| =  0.256509111003

***********************************************************
***********************************************************


***********************************************************
***********************************************************
                  SCF history at MD= 1                    
***********************************************************
***********************************************************

   SCF=   1  NormRD=  1.000000000000  Uele= -3.835820991265
   SCF=   2  NormRD=  0.201351415193  Uele= -3.495559710133
   SCF=   3  NormRD=  0.196358641256  Uele= -3.491796938879
   SCF=   4  NormRD=  0.150370458424  Uele= -3.457133193243
   SCF=   5  NormRD=  0.117360632523  Uele= -3.433887293771
   SCF=   6  NormRD=  0.093466732348  Uele= -3.418484571624
   SCF=   7  NormRD=  0.075926790419  Uele= -3.408471613989
   SCF=   8  NormRD=  0.062798929911  Uele= -3.402154902845
   SCF=   9  NormRD=  0.052741685281  Uele= -3.398360862338
   SCF=  10  NormRD=  0.044843067233  Uele= -3.396274571457
   SCF=  11  NormRD=  0.038489789683  Uele= -3.395330050485
   SCF=  12  NormRD=  0.011586163882  Uele= -3.416055211915
   SCF=  13  NormRD=  0.000818485449  Uele= -3.406927194361
   SCF=  14  NormRD=  0.000352508896  Uele= -3.407138171242
   SCF=  15  NormRD=  0.000018558041  Uele= -3.407493693996
   SCF=  16  NormRD=  0.000002116778  Uele= -3.407491706025
   SCF=  17  NormRD=  0.000000319236  Uele= -3.407491353543
   SCF=  18  NormRD=  0.000000077048  Uele= -3.407491530547
   SCF=  19  NormRD=  0.000000006611  Uele= -3.407491445684
   SCF=  20  NormRD=  0.000000000283  Uele= -3.407491452492
   SCF=  21  NormRD=  0.000000000056  Uele= -3.407491452382

*******************************************************
        Total energy (Hartree) at MD = 1        
*******************************************************

  Uele.         -3.407491452382

  Ukin.          6.559928653860
  UH0.         -14.538501896343
  UH1.           0.049167778449
  Una.          -6.210075393423
  Unl.          -0.143527934333
  Uxc0.         -1.666728755402
  Uxc1.         -1.666728755402
  Ucore.         9.523493893109
  Uhub.          0.000000000000
  Ucs.           0.000000000000
  Uzs.           0.000000000000
  Uzo.           0.000000000000
  Uef.           0.000000000000
  UvdW           0.000000000000
  Utot.         -8.092972409487

  Note:

  Utot = Ukin+UH0+UH1+Una+Unl+Uxc0+Uxc1+Ucore+Uhub+Ucs+Uzs+Uzo+Uef+UvdW

  Uene:   band energy
  Ukin:   kinetic energy
  UH0:    electric part of screened Coulomb energy
  UH1:    difference electron-electron Coulomb energy
  Una:    neutral atom potential energy
  Unl:    non-local potential energy
  Uxc0:   exchange-correlation energy for alpha spin
  Uxc1:   exchange-correlation energy for beta spin
  Ucore:  core-core Coulomb energy
  Uhub:   LDA+U energy
  Ucs:    constraint energy for spin orientation
  Uzs:    Zeeman term for spin magnetic moment
  Uzo:    Zeeman term for orbital magnetic moment
  Uef:    electric energy by electric field
  UvdW:   semi-empirical vdW energy 

  (see also PRB 72, 045121(2005) for the energy contributions)



  Chemical potential (Hartree)       0.000000000000

***********************************************************
***********************************************************
                  SCF history at MD= 2                    
***********************************************************
***********************************************************

   SCF=   1  NormRD=  1.000000000000  Uele= -3.379680186986
   SCF=   2  NormRD=  0.026892671048  Uele= -3.413904036041
   SCF=   3  NormRD=  0.026821321088  Uele= -3.413838165896
   SCF=   4  NormRD=  0.026750171429  Uele= -3.413772480024
   SCF=   5  NormRD=  0.001049125452  Uele= -3.390635255362
   SCF=   6  NormRD=  0.000331346367  Uele= -3.389668606827
   SCF=   7  NormRD=  0.000041003000  Uele= -3.389957790705
   SCF=   8  NormRD=  0.000003639024  Uele= -3.389990379554
   SCF=   9  NormRD=  0.000000426473  Uele= -3.389989531182
   SCF=  10  NormRD=  0.000000036897  Uele= -3.389989899060
   SCF=  11  NormRD=  0.000000008219  Uele= -3.389989897553
   SCF=  12  NormRD=  0.000000001670  Uele= -3.389989904979
   SCF=  13  NormRD=  0.000000000115  Uele= -3.389989902676
   SCF=  14  NormRD=  0.000000000014  Uele= -3.389989902751

*******************************************************
        Total energy (Hartree) at MD = 2        
*******************************************************

  Uele.         -3.389989902751

  Ukin.          6.515447339149
  UH0.         -14.526932645045
  UH1.           0.047671621579
  Una.          -6.138054697880
  Unl.          -0.148242080720
  Uxc0.         -1.662620984837
  Uxc1.         -1.662620984837
  Ucore.         9.452749411712
  Uhub.          0.000000000000
  Ucs.           0.000000000000
  Uzs.           0.000000000000
  Uzo.           0.000000000000
  Uef.           0.000000000000
  UvdW           0.000000000000
  Utot.         -8.122603020880

  Note:

  Utot = Ukin+UH0+UH1+Una+Unl+Uxc0+Uxc1+Ucore+Uhub+Ucs+Uzs+Uzo+Uef+UvdW

  Uene:   band energy
  Ukin:   kinetic energy
  UH0:    electric part of screened Coulomb energy
  UH1:    difference electron-electron Coulomb energy
  Una:    neutral atom potential energy
  Unl:    non-local potential energy
  Uxc0:   exchange-correlation energy for alpha spin
  Uxc1:   exchange-correlation energy for beta spin
  Ucore:  core-core Coulomb energy
  Uhub:   LDA+U energy
  Ucs:    constraint energy for spin orientation
  Uzs:    Zeeman term for spin magnetic moment
  Uzo:    Zeeman term for orbital magnetic moment
  Uef:    electric energy by electric field
  UvdW:   semi-empirical vdW energy 

  (see also PRB 72, 045121(2005) for the energy contributions)



  Chemical potential (Hartree)       0.000000000000

***********************************************************
***********************************************************
                  SCF history at MD= 3                    
***********************************************************
***********************************************************

   SCF=   1  NormRD=  1.000000000000  Uele= -3.380947780652
   SCF=   2  NormRD=  0.007808259953  Uele= -3.369318790858
   SCF=   3  NormRD=  0.007789495025  Uele= -3.369337008309
   SCF=   4  NormRD=  0.007770780438  Uele= -3.369355176725
   SCF=   5  NormRD=  0.001244563011  Uele= -3.375458713242
   SCF=   6  NormRD=  0.000025780514  Uele= -3.376180148435
   SCF=   7  NormRD=  0.000004295345  Uele= -3.376175000426
   SCF=   8  NormRD=  0.000001911629  Uele= -3.376171728866
   SCF=   9  NormRD=  0.000000241372  Uele= -3.376173460372
   SCF=  10  NormRD=  0.000000031030  Uele= -3.376173742851
   SCF=  11  NormRD=  0.000000001933  Uele= -3.376173708946
   SCF=  12  NormRD=  0.000000000153  Uele= -3.376173706761
   SCF=  13  NormRD=  0.000000000005  Uele= -3.376173706671

*******************************************************
        Total energy (Hartree) at MD = 3        
*******************************************************

  Uele.         -3.376173706671

  Ukin.          6.484659389449
  UH0.         -14.521743990899
  UH1.           0.046597914191
  Una.          -6.087117756797
  Unl.          -0.152486399397
  Uxc0.         -1.660024960913
  Uxc1.         -1.660024960913
  Ucore.         9.404804488223
  Uhub.          0.000000000000
  Ucs.           0.000000000000
  Uzs.           0.000000000000
  Uzo.           0.000000000000
  Uef.           0.000000000000
  UvdW           0.000000000000
  Utot.         -8.145336277058

  Note:

  Utot = Ukin+UH0+UH1+Una+Unl+Uxc0+Uxc1+Ucore+Uhub+Ucs+Uzs+Uzo+Uef+UvdW

  Uene:   band energy
  Ukin:   kinetic energy
  UH0:    electric part of screened Coulomb energy
  UH1:    difference electron-electron Coulomb energy
  Una:    neutral atom potential energy
  Unl:    non-local potential energy
  Uxc0:   exchange-correlation energy for alpha spin
  Uxc1:   exchange-correlation energy for beta spin
  Ucore:  core-core Coulomb energy
  Uhub:   LDA+U energy
  Ucs:    constraint energy for spin orientation
  Uzs:    Zeeman term for spin magnetic moment
  Uzo:    Zeeman term for orbital magnetic moment
  Uef:    electric energy by electric field
  UvdW:   semi-empirical vdW energy 

  (see also PRB 72, 045121(2005) for the energy contributions)



  Chemical potential (Hartree)       0.000000000000

***********************************************************
***********************************************************
                  SCF history at MD= 4                    
***********************************************************
***********************************************************

   SCF=   1  NormRD=  1.000000000000  Uele= -3.371065979128
   SCF=   2  NormRD=  0.006462687264  Uele= -3.359832287670
   SCF=   3  NormRD=  0.006446368883  Uele= -3.359849311225
   SCF=   4  NormRD=  0.006430094164  Uele= -3.359866290023
   SCF=   5  NormRD=  0.000640465605  Uele= -3.366236797071
   SCF=   6  NormRD=  0.000016946191  Uele= -3.366410460667
   SCF=   7  NormRD=  0.000003272796  Uele= -3.366398283384
   SCF=   8  NormRD=  0.000001483226  Uele= -3.366396943308
   SCF=   9  NormRD=  0.000000157858  Uele= -3.366398384521
   SCF=  10  NormRD=  0.000000015945  Uele= -3.366398575107
   SCF=  11  NormRD=  0.000000000770  Uele= -3.366398555907
   SCF=  12  NormRD=  0.000000000074  Uele= -3.366398555269

*******************************************************
        Total energy (Hartree) at MD = 4        
*******************************************************

  Uele.         -3.366398555269

  Ukin.          6.466218518977
  UH0.         -14.523065988150
  UH1.           0.045847200824
  Una.          -6.055401089931
  Unl.          -0.156250373867
  Uxc0.         -1.658862733171
  Uxc1.         -1.658862733171
  Ucore.         9.377131837921
  Uhub.          0.000000000000
  Ucs.           0.000000000000
  Uzs.           0.000000000000
  Uzo.           0.000000000000
  Uef.           0.000000000000
  UvdW           0.000000000000
  Utot.         -8.163245360570

  Note:

  Utot = Ukin+UH0+UH1+Una+Unl+Uxc0+Uxc1+Ucore+Uhub+Ucs+Uzs+Uzo+Uef+UvdW

  Uene:   band energy
  Ukin:   kinetic energy
  UH0:    electric part of screened Coulomb energy
  UH1:    difference electron-electron Coulomb energy
  Una:    neutral atom potential energy
  Unl:    non-local potential energy
  Uxc0:   exchange-correlation energy for alpha spin
  Uxc1:   exchange-correlation energy for beta spin
  Ucore:  core-core Coulomb energy
  Uhub:   LDA+U energy
  Ucs:    constraint energy for spin orientation
  Uzs:    Zeeman term for spin magnetic moment
  Uzo:    Zeeman term for orbital magnetic moment
  Uef:    electric energy by electric field
  UvdW:   semi-empirical vdW energy 

  (see also PRB 72, 045121(2005) for the energy contributions)



  Chemical potential (Hartree)       0.000000000000

***********************************************************
***********************************************************
                  SCF history at MD= 5                    
***********************************************************
***********************************************************

   SCF=   1  NormRD=  1.000000000000  Uele= -3.364695220960
   SCF=   2  NormRD=  0.005194063253  Uele= -3.354501295944
   SCF=   3  NormRD=  0.005180568048  Uele= -3.354516247005
   SCF=   4  NormRD=  0.005167108560  Uele= -3.354531159532
   SCF=   5  NormRD=  0.000311112322  Uele= -3.360503092492
   SCF=   6  NormRD=  0.000012233524  Uele= -3.360399553470
   SCF=   7  NormRD=  0.000002678038  Uele= -3.360385020289
   SCF=   8  NormRD=  0.000001081746  Uele= -3.360385213496
   SCF=   9  NormRD=  0.000000087929  Uele= -3.360386329630
   SCF=  10  NormRD=  0.000000005495  Uele= -3.360386439273
   SCF=  11  NormRD=  0.000000000740  Uele= -3.360386431571
   SCF=  12  NormRD=  0.000000000040  Uele= -3.360386431988

*******************************************************
        Total energy (Hartree) at MD = 5        
*******************************************************

  Uele.         -3.360386431988

  Ukin.          6.458677480795
  UH0.         -14.530275021971
  UH1.           0.045374076588
  Una.          -6.040691526795
  Unl.          -0.159578914756
  Uxc0.         -1.658986642826
  Uxc1.         -1.658986642826
  Ucore.         9.367136858498
  Uhub.          0.000000000000
  Ucs.           0.000000000000
  Uzs.           0.000000000000
  Uzo.           0.000000000000
  Uef.           0.000000000000
  UvdW           0.000000000000
  Utot.         -8.177330333294

  Note:

  Utot = Ukin+UH0+UH1+Una+Unl+Uxc0+Uxc1+Ucore+Uhub+Ucs+Uzs+Uzo+Uef+UvdW

  Uene:   band energy
  Ukin:   kinetic energy
  UH0:    electric part of screened Coulomb energy
  UH1:    difference electron-electron Coulomb energy
  Una:    neutral atom potential energy
  Unl:    non-local potential energy
  Uxc0:   exchange-correlation energy for alpha spin
  Uxc1:   exchange-correlation energy for beta spin
  Ucore:  core-core Coulomb energy
  Uhub:   LDA+U energy
  Ucs:    constraint energy for spin orientation
  Uzs:    Zeeman term for spin magnetic moment
  Uzo:    Zeeman term for orbital magnetic moment
  Uef:    electric energy by electric field
  UvdW:   semi-empirical vdW energy 

  (see also PRB 72, 045121(2005) for the energy contributions)



  Chemical potential (Hartree)       0.000000000000

***********************************************************
***********************************************************
                  SCF history at MD= 6                    
***********************************************************
***********************************************************

   SCF=   1  NormRD=  1.000000000000  Uele= -3.361865191971
   SCF=   2  NormRD=  0.004451604408  Uele= -3.352430562769
   SCF=   3  NormRD=  0.004440037012  Uele= -3.352443999171
   SCF=   4  NormRD=  0.004428499773  Uele= -3.352457401506
   SCF=   5  NormRD=  0.000204214599  Uele= -3.357980090948
   SCF=   6  NormRD=  0.000011836869  Uele= -3.357821474301
   SCF=   7  NormRD=  0.000002609952  Uele= -3.357804076151
   SCF=   8  NormRD=  0.000000750908  Uele= -3.357805593661
   SCF=   9  NormRD=  0.000000045020  Uele= -3.357806403133
   SCF=  10  NormRD=  0.000000001348  Uele= -3.357806459044
   SCF=  11  NormRD=  0.000000000336  Uele= -3.357806456785
   SCF=  12  NormRD=  0.000000000038  Uele= -3.357806457136

*******************************************************
        Total energy (Hartree) at MD = 6        
*******************************************************

  Uele.         -3.357806457136

  Ukin.          6.461061798678
  UH0.         -14.542839169930
  UH1.           0.045160947054
  Una.          -6.041437727153
  Unl.          -0.162527714165
  Uxc0.         -1.660287173892
  Uxc1.         -1.660287173892
  Ucore.         9.373048994919
  Uhub.          0.000000000000
  Ucs.           0.000000000000
  Uzs.           0.000000000000
  Uzo.           0.000000000000
  Uef.           0.000000000000
  UvdW           0.000000000000
  Utot.         -8.188107218380

  Note:

  Utot = Ukin+UH0+UH1+Una+Unl+Uxc0+Uxc1+Ucore+Uhub+Ucs+Uzs+Uzo+Uef+UvdW

  Uene:   band energy
  Ukin:   kinetic energy
  UH0:    electric part of screened Coulomb energy
  UH1:    difference electron-electron Coulomb energy
  Una:    neutral atom potential energy
  Unl:    non-local potential energy
  Uxc0:   exchange-correlation energy for alpha spin
  Uxc1:   exchange-correlation energy for beta spin
  Ucore:  core-core Coulomb energy
  Uhub:   LDA+U energy
  Ucs:    constraint energy for spin orientation
  Uzs:    Zeeman term for spin magnetic moment
  Uzo:    Zeeman term for orbital magnetic moment
  Uef:    electric energy by electric field
  UvdW:   semi-empirical vdW energy 

  (see also PRB 72, 045121(2005) for the energy contributions)



  Chemical potential (Hartree)       0.000000000000

***********************************************************
***********************************************************
                  SCF history at MD= 7                    
***********************************************************
***********************************************************

   SCF=   1  NormRD=  1.000000000000  Uele= -3.362346215289
   SCF=   2  NormRD=  0.004016935458  Uele= -3.353402961867
   SCF=   3  NormRD=  0.004006632714  Uele= -3.353415374406
   SCF=   4  NormRD=  0.003996356442  Uele= -3.353427755888
   SCF=   5  NormRD=  0.000175797230  Uele= -3.358589500812
   SCF=   6  NormRD=  0.000013789563  Uele= -3.358453640851
   SCF=   7  NormRD=  0.000002397572  Uele= -3.358432099241
   SCF=   8  NormRD=  0.000000328695  Uele= -3.358434380383
   SCF=   9  NormRD=  0.000000034135  Uele= -3.358434714850
   SCF=  10  NormRD=  0.000000000857  Uele= -3.358434753566
   SCF=  11  NormRD=  0.000000000067  Uele= -3.358434753028

*******************************************************
        Total energy (Hartree) at MD = 7        
*******************************************************

  Uele.         -3.358434753028

  Ukin.          6.472703327990
  UH0.         -14.560460953944
  UH1.           0.045204093248
  Una.          -6.056651061164
  Unl.          -0.165106203026
  Uxc0.         -1.662692514780
  Uxc1.         -1.662692514780
  Ucore.         9.393830442085
  Uhub.          0.000000000000
  Ucs.           0.000000000000
  Uzs.           0.000000000000
  Uzo.           0.000000000000
  Uef.           0.000000000000
  UvdW           0.000000000000
  Utot.         -8.195865384370

  Note:

  Utot = Ukin+UH0+UH1+Una+Unl+Uxc0+Uxc1+Ucore+Uhub+Ucs+Uzs+Uzo+Uef+UvdW

  Uene:   band energy
  Ukin:   kinetic energy
  UH0:    electric part of screened Coulomb energy
  UH1:    difference electron-electron Coulomb energy
  Una:    neutral atom potential energy
  Unl:    non-local potential energy
  Uxc0:   exchange-correlation energy for alpha spin
  Uxc1:   exchange-correlation energy for beta spin
  Ucore:  core-core Coulomb energy
  Uhub:   LDA+U energy
  Ucs:    constraint energy for spin orientation
  Uzs:    Zeeman term for spin magnetic moment
  Uzo:    Zeeman term for orbital magnetic moment
  Uef:    electric energy by electric field
  UvdW:   semi-empirical vdW energy 

  (see also PRB 72, 045121(2005) for the energy contributions)



  Chemical potential (Hartree)       0.000000000000

***********************************************************
***********************************************************
                  SCF history at MD= 8                    
***********************************************************
***********************************************************

   SCF=   1  NormRD=  1.000000000000  Uele= -3.366125295976
   SCF=   2  NormRD=  0.003910192326  Uele= -3.357227706166
   SCF=   3  NormRD=  0.003900381362  Uele= -3.357239796881
   SCF=   4  NormRD=  0.003890595256  Uele= -3.357251857647
   SCF=   5  NormRD=  0.000189080039  Uele= -3.362269677635
   SCF=   6  NormRD=  0.000017414986  Uele= -3.362200781028
   SCF=   7  NormRD=  0.000002111260  Uele= -3.362174571166
   SCF=   8  NormRD=  0.000000338197  Uele= -3.362176513804
   SCF=   9  NormRD=  0.000000017095  Uele= -3.362176955289
   SCF=  10  NormRD=  0.000000001377  Uele= -3.362176944150
   SCF=  11  NormRD=  0.000000000148  Uele= -3.362176943982

*******************************************************
        Total energy (Hartree) at MD = 8        
*******************************************************

  Uele.         -3.362176943982

  Ukin.          6.493188938275
  UH0.         -14.583180497591
  UH1.           0.045503466349
  Una.          -6.085809753998
  Unl.          -0.167285269258
  Uxc0.         -1.666165240400
  Uxc1.         -1.666165240400
  Ucore.         9.429129882647
  Uhub.          0.000000000000
  Ucs.           0.000000000000
  Uzs.           0.000000000000
  Uzo.           0.000000000000
  Uef.           0.000000000000
  UvdW           0.000000000000
  Utot.         -8.200783714376

  Note:

  Utot = Ukin+UH0+UH1+Una+Unl+Uxc0+Uxc1+Ucore+Uhub+Ucs+Uzs+Uzo+Uef+UvdW

  Uene:   band energy
  Ukin:   kinetic energy
  UH0:    electric part of screened Coulomb energy
  UH1:    difference electron-electron Coulomb energy
  Una:    neutral atom potential energy
  Unl:    non-local potential energy
  Uxc0:   exchange-correlation energy for alpha spin
  Uxc1:   exchange-correlation energy for beta spin
  Ucore:  core-core Coulomb energy
  Uhub:   LDA+U energy
  Ucs:    constraint energy for spin orientation
  Uzs:    Zeeman term for spin magnetic moment
  Uzo:    Zeeman term for orbital magnetic moment
  Uef:    electric energy by electric field
  UvdW:   semi-empirical vdW energy 

  (see also PRB 72, 045121(2005) for the energy contributions)



  Chemical potential (Hartree)       0.000000000000

***********************************************************
***********************************************************
                  SCF history at MD= 9                    
***********************************************************
***********************************************************

   SCF=   1  NormRD=  1.000000000000  Uele= -3.371096470644
   SCF=   2  NormRD=  0.003596196456  Uele= -3.362942286044
   SCF=   3  NormRD=  0.003587418545  Uele= -3.362953118421
   SCF=   4  NormRD=  0.003578662614  Uele= -3.362963924089
   SCF=   5  NormRD=  0.000186596903  Uele= -3.367376538364
   SCF=   6  NormRD=  0.000021499743  Uele= -3.367413885907
   SCF=   7  NormRD=  0.000001717691  Uele= -3.367391178536
   SCF=   8  NormRD=  0.000000468135  Uele= -3.367391704110
   SCF=   9  NormRD=  0.000000009432  Uele= -3.367392327753
   SCF=  10  NormRD=  0.000000001732  Uele= -3.367392327073

*******************************************************
        Total energy (Hartree) at MD = 9        
*******************************************************

  Uele.         -3.367392327073

  Ukin.          6.515656236047
  UH0.         -14.605348467002
  UH1.           0.045908443928
  Una.          -6.118757928830
  Unl.          -0.168720445170
  Uxc0.         -1.669692312800
  Uxc1.         -1.669692312800
  Ucore.         9.467833394969
  Uhub.          0.000000000000
  Ucs.           0.000000000000
  Uzs.           0.000000000000
  Uzo.           0.000000000000
  Uef.           0.000000000000
  UvdW           0.000000000000
  Utot.         -8.202813391657

  Note:

  Utot = Ukin+UH0+UH1+Una+Unl+Uxc0+Uxc1+Ucore+Uhub+Ucs+Uzs+Uzo+Uef+UvdW

  Uene:   band energy
  Ukin:   kinetic energy
  UH0:    electric part of screened Coulomb energy
  UH1:    difference electron-electron Coulomb energy
  Una:    neutral atom potential energy
  Unl:    non-local potential energy
  Uxc0:   exchange-correlation energy for alpha spin
  Uxc1:   exchange-correlation energy for beta spin
  Ucore:  core-core Coulomb energy
  Uhub:   LDA+U energy
  Ucs:    constraint energy for spin orientation
  Uzs:    Zeeman term for spin magnetic moment
  Uzo:    Zeeman term for orbital magnetic moment
  Uef:    electric energy by electric field
  UvdW:   semi-empirical vdW energy 

  (see also PRB 72, 045121(2005) for the energy contributions)



  Chemical potential (Hartree)       0.000000000000

***********************************************************
***********************************************************
                  SCF history at MD=10                    
***********************************************************
***********************************************************

   SCF=   1  NormRD=  1.000000000000  Uele= -3.376948364291
   SCF=   2  NormRD=  0.002852740730  Uele= -3.371713001295
   SCF=   3  NormRD=  0.002846788994  Uele= -3.371720019806
   SCF=   4  NormRD=  0.002840851438  Uele= -3.371727021035
   SCF=   5  NormRD=  0.000429768015  Uele= -3.374149239498
   SCF=   6  NormRD=  0.000040305569  Uele= -3.374625585083
   SCF=   7  NormRD=  0.000004674234  Uele= -3.374592496618
   SCF=   8  NormRD=  0.000000468652  Uele= -3.374592266982
   SCF=   9  NormRD=  0.000000020240  Uele= -3.374592814654
   SCF=  10  NormRD=  0.000000002922  Uele= -3.374592797365
   SCF=  11  NormRD=  0.000000000270  Uele= -3.374592792873
   SCF=  12  NormRD=  0.000000000018  Uele= -3.374592793196

*******************************************************
        Total energy (Hartree) at MD =10        
*******************************************************

  Uele.         -3.374592793196

  Ukin.          6.543863741831
  UH0.         -14.632625321413
  UH1.           0.046430021395
  Una.          -6.160634716985
  Unl.          -0.170018303562
  Uxc0.         -1.674015847799
  Uxc1.         -1.674015847799
  Ucore.         9.517140954335
  Uhub.          0.000000000000
  Ucs.           0.000000000000
  Uzs.           0.000000000000
  Uzo.           0.000000000000
  Uef.           0.000000000000
  UvdW           0.000000000000
  Utot.         -8.203875319997

  Note:

  Utot = Ukin+UH0+UH1+Una+Unl+Uxc0+Uxc1+Ucore+Uhub+Ucs+Uzs+Uzo+Uef+UvdW

  Uene:   band energy
  Ukin:   kinetic energy
  UH0:    electric part of screened Coulomb energy
  UH1:    difference electron-electron Coulomb energy
  Una:    neutral atom potential energy
  Unl:    non-local potential energy
  Uxc0:   exchange-correlation energy for alpha spin
  Uxc1:   exchange-correlation energy for beta spin
  Ucore:  core-core Coulomb energy
  Uhub:   LDA+U energy
  Ucs:    constraint energy for spin orientation
  Uzs:    Zeeman term for spin magnetic moment
  Uzo:    Zeeman term for orbital magnetic moment
  Uef:    electric energy by electric field
  UvdW:   semi-empirical vdW energy 

  (see also PRB 72, 045121(2005) for the energy contributions)



  Chemical potential (Hartree)       0.000000000000

***********************************************************
***********************************************************
                  SCF history at MD=11                    
***********************************************************
***********************************************************

   SCF=   1  NormRD=  1.000000000000  Uele= -3.373176795914
   SCF=   2  NormRD=  0.005809580717  Uele= -3.384454016318
   SCF=   3  NormRD=  0.005797758724  Uele= -3.384440088862
   SCF=   4  NormRD=  0.005785963834  Uele= -3.384426195296
   SCF=   5  NormRD=  0.001124314581  Uele= -3.379679157148
   SCF=   6  NormRD=  0.000054051513  Uele= -3.378579315908
   SCF=   7  NormRD=  0.000008638784  Uele= -3.378639440924
   SCF=   8  NormRD=  0.000000585072  Uele= -3.378636024021
   SCF=   9  NormRD=  0.000000059204  Uele= -3.378635470359
   SCF=  10  NormRD=  0.000000003742  Uele= -3.378635458868
   SCF=  11  NormRD=  0.000000000317  Uele= -3.378635464885
   SCF=  12  NormRD=  0.000000000044  Uele= -3.378635464521

*******************************************************
        Total energy (Hartree) at MD =11        
*******************************************************

  Uele.         -3.378635464521

  Ukin.          6.558643123026
  UH0.         -14.648172016217
  UH1.           0.046656055828
  Una.          -6.182747431622
  Unl.          -0.170597379742
  Uxc0.         -1.676357156500
  Uxc1.         -1.676357156500
  Ucore.         9.544053050495
  Uhub.          0.000000000000
  Ucs.           0.000000000000
  Uzs.           0.000000000000
  Uzo.           0.000000000000
  Uef.           0.000000000000
  UvdW           0.000000000000
  Utot.         -8.204878911231

  Note:

  Utot = Ukin+UH0+UH1+Una+Unl+Uxc0+Uxc1+Ucore+Uhub+Ucs+Uzs+Uzo+Uef+UvdW

  Uene:   band energy
  Ukin:   kinetic energy
  UH0:    electric part of screened Coulomb energy
  UH1:    difference electron-electron Coulomb energy
  Una:    neutral atom potential energy
  Unl:    non-local potential energy
  Uxc0:   exchange-correlation energy for alpha spin
  Uxc1:   exchange-correlation energy for beta spin
  Ucore:  core-core Coulomb energy
  Uhub:   LDA+U energy
  Ucs:    constraint energy for spin orientation
  Uzs:    Zeeman term for spin magnetic moment
  Uzo:    Zeeman term for orbital magnetic moment
  Uef:    electric energy by electric field
  UvdW:   semi-empirical vdW energy 

  (see also PRB 72, 045121(2005) for the energy contributions)



  Chemical potential (Hartree)       0.000000000000

***********************************************************
***********************************************************
                  SCF history at MD=12                    
***********************************************************
***********************************************************

   SCF=   1  NormRD=  1.000000000000  Uele= -3.374916368570
   SCF=   2  NormRD=  0.003749392064  Uele= -3.385600589908
   SCF=   3  NormRD=  0.003739920993  Uele= -3.385588218279
   SCF=   4  NormRD=  0.003730473637  Uele= -3.385575876672
   SCF=   5  NormRD=  0.000167723607  Uele= -3.380178180131
   SCF=   6  NormRD=  0.000025434854  Uele= -3.380365599247
   SCF=   7  NormRD=  0.000000878291  Uele= -3.380403806128
   SCF=   8  NormRD=  0.000000061146  Uele= -3.380402745826
   SCF=   9  NormRD=  0.000000003886  Uele= -3.380402675299
   SCF=  10  NormRD=  0.000000000597  Uele= -3.380402676987
   SCF=  11  NormRD=  0.000000000033  Uele= -3.380402677233

*******************************************************
        Total energy (Hartree) at MD =12        
*******************************************************

  Uele.         -3.380402677233

  Ukin.          6.565230323893
  UH0.         -14.654969575410
  UH1.           0.046763835350
  Una.          -6.192585221704
  Unl.          -0.170859167804
  Uxc0.         -1.677387588724
  Uxc1.         -1.677387588724
  Ucore.         9.555969270405
  Uhub.          0.000000000000
  Ucs.           0.000000000000
  Uzs.           0.000000000000
  Uzo.           0.000000000000
  Uef.           0.000000000000
  UvdW           0.000000000000
  Utot.         -8.205225712718

  Note:

  Utot = Ukin+UH0+UH1+Una+Unl+Uxc0+Uxc1+Ucore+Uhub+Ucs+Uzs+Uzo+Uef+UvdW

  Uene:   band energy
  Ukin:   kinetic energy
  UH0:    electric part of screened Coulomb energy
  UH1:    difference electron-electron Coulomb energy
  Una:    neutral atom potential energy
  Unl:    non-local potential energy
  Uxc0:   exchange-correlation energy for alpha spin
  Uxc1:   exchange-correlation energy for beta spin
  Ucore:  core-core Coulomb energy
  Uhub:   LDA+U energy
  Ucs:    constraint energy for spin orientation
  Uzs:    Zeeman term for spin magnetic moment
  Uzo:    Zeeman term for orbital magnetic moment
  Uef:    electric energy by electric field
  UvdW:   semi-empirical vdW energy 

  (see also PRB 72, 045121(2005) for the energy contributions)



  Chemical potential (Hartree)       0.000000000000

***********************************************************
***********************************************************
                  SCF history at MD=13                    
***********************************************************
***********************************************************

   SCF=   1  NormRD=  1.000000000000  Uele= -3.371569187431
   SCF=   2  NormRD=  0.005387367416  Uele= -3.385035527277
   SCF=   3  NormRD=  0.005373882502  Uele= -3.385018367801
   SCF=   4  NormRD=  0.005360431153  Uele= -3.385001250278
   SCF=   5  NormRD=  0.000094654402  Uele= -3.377760984983
   SCF=   6  NormRD=  0.000006849462  Uele= -3.377918011464
   SCF=   7  NormRD=  0.000003094439  Uele= -3.377922698815
   SCF=   8  NormRD=  0.000000043347  Uele= -3.377919072309
   SCF=   9  NormRD=  0.000000003890  Uele= -3.377919118361
   SCF=  10  NormRD=  0.000000000665  Uele= -3.377919121308
   SCF=  11  NormRD=  0.000000000046  Uele= -3.377919121903

*******************************************************
        Total energy (Hartree) at MD =13        
*******************************************************

  Uele.         -3.377919121903

  Ukin.          6.555774780036
  UH0.         -14.645150776465
  UH1.           0.046616083480
  Una.          -6.178871555966
  Unl.          -0.170358580024
  Uxc0.         -1.675986125686
  Uxc1.         -1.675986125686
  Ucore.         9.538711233890
  Uhub.          0.000000000000
  Ucs.           0.000000000000
  Uzs.           0.000000000000
  Uzo.           0.000000000000
  Uef.           0.000000000000
  UvdW           0.000000000000
  Utot.         -8.205251066420

  Note:

  Utot = Ukin+UH0+UH1+Una+Unl+Uxc0+Uxc1+Ucore+Uhub+Ucs+Uzs+Uzo+Uef+UvdW

  Uene:   band energy
  Ukin:   kinetic energy
  UH0:    electric part of screened Coulomb energy
  UH1:    difference electron-electron Coulomb energy
  Una:    neutral atom potential energy
  Unl:    non-local potential energy
  Uxc0:   exchange-correlation energy for alpha spin
  Uxc1:   exchange-correlation energy for beta spin
  Ucore:  core-core Coulomb energy
  Uhub:   LDA+U energy
  Ucs:    constraint energy for spin orientation
  Uzs:    Zeeman term for spin magnetic moment
  Uzo:    Zeeman term for orbital magnetic moment
  Uef:    electric energy by electric field
  UvdW:   semi-empirical vdW energy 

  (see also PRB 72, 045121(2005) for the energy contributions)



  Chemical potential (Hartree)       0.000000000000

***********************************************************
***********************************************************
                  SCF history at MD=14                    
***********************************************************
***********************************************************

   SCF=   1  NormRD=  1.000000000000  Uele= -3.373938441412
   SCF=   2  NormRD=  0.001945347771  Uele= -3.378780286392
   SCF=   3  NormRD=  0.001940474002  Uele= -3.378774102007
   SCF=   4  NormRD=  0.001935612378  Uele= -3.378767932750
   SCF=   5  NormRD=  0.000032425786  Uele= -3.376161800881
   SCF=   6  NormRD=  0.000003367658  Uele= -3.376221412650
   SCF=   7  NormRD=  0.000000816266  Uele= -3.376218970239
   SCF=   8  NormRD=  0.000000038177  Uele= -3.376218088173
   SCF=   9  NormRD=  0.000000001032  Uele= -3.376218042419
   SCF=  10  NormRD=  0.000000000098  Uele= -3.376218041743

*******************************************************
        Total energy (Hartree) at MD =14        
*******************************************************

  Uele.         -3.376218041743

  Ukin.          6.549312258210
  UH0.         -14.638424999735
  UH1.           0.046516542050
  Una.          -6.169503054374
  Unl.          -0.170015211942
  Uxc0.         -1.675027104536
  Uxc1.         -1.675027104536
  Ucore.         9.526912724067
  Uhub.          0.000000000000
  Ucs.           0.000000000000
  Uzs.           0.000000000000
  Uzo.           0.000000000000
  Uef.           0.000000000000
  UvdW           0.000000000000
  Utot.         -8.205255950796

  Note:

  Utot = Ukin+UH0+UH1+Una+Unl+Uxc0+Uxc1+Ucore+Uhub+Ucs+Uzs+Uzo+Uef+UvdW

  Uene:   band energy
  Ukin:   kinetic energy
  UH0:    electric part of screened Coulomb energy
  UH1:    difference electron-electron Coulomb energy
  Una:    neutral atom potential energy
  Unl:    non-local potential energy
  Uxc0:   exchange-correlation energy for alpha spin
  Uxc1:   exchange-correlation energy for beta spin
  Ucore:  core-core Coulomb energy
  Uhub:   LDA+U energy
  Ucs:    constraint energy for spin orientation
  Uzs:    Zeeman term for spin magnetic moment
  Uzo:    Zeeman term for orbital magnetic moment
  Uef:    electric energy by electric field
  UvdW:   semi-empirical vdW energy 

  (see also PRB 72, 045121(2005) for the energy contributions)



  Chemical potential (Hartree)       0.000000000000

***********************************************************
***********************************************************
                  SCF history at MD=15                    
***********************************************************
***********************************************************

   SCF=   1  NormRD=  1.000000000000  Uele= -3.376961342730
   SCF=   2  NormRD=  0.000692722473  Uele= -3.375242151361
   SCF=   3  NormRD=  0.000690989476  Uele= -3.375244348203
   SCF=   4  NormRD=  0.000689260799  Uele= -3.375246539673
   SCF=   5  NormRD=  0.000011532846  Uele= -3.376171246079
   SCF=   6  NormRD=  0.000001091466  Uele= -3.376151375527
   SCF=   7  NormRD=  0.000000354848  Uele= -3.376151879726
   SCF=   8  NormRD=  0.000000046262  Uele= -3.376152244501
   SCF=   9  NormRD=  0.000000001116  Uele= -3.376152304220
   SCF=  10  NormRD=  0.000000000047  Uele= -3.376152305151

*******************************************************
        Total energy (Hartree) at MD =15        
*******************************************************

  Uele.         -3.376152305151

  Ukin.          6.549064609703
  UH0.         -14.638167027659
  UH1.           0.046512773898
  Una.          -6.169144590591
  Unl.          -0.170001864871
  Uxc0.         -1.674990378984
  Uxc1.         -1.674990378984
  Ucore.         9.526460608171
  Uhub.          0.000000000000
  Ucs.           0.000000000000
  Uzs.           0.000000000000
  Uzo.           0.000000000000
  Uef.           0.000000000000
  UvdW           0.000000000000
  Utot.         -8.205256249317

  Note:

  Utot = Ukin+UH0+UH1+Una+Unl+Uxc0+Uxc1+Ucore+Uhub+Ucs+Uzs+Uzo+Uef+UvdW

  Uene:   band energy
  Ukin:   kinetic energy
  UH0:    electric part of screened Coulomb energy
  UH1:    difference electron-electron Coulomb energy
  Una:    neutral atom potential energy
  Unl:    non-local potential energy
  Uxc0:   exchange-correlation energy for alpha spin
  Uxc1:   exchange-correlation energy for beta spin
  Ucore:  core-core Coulomb energy
  Uhub:   LDA+U energy
  Ucs:    constraint energy for spin orientation
  Uzs:    Zeeman term for spin magnetic moment
  Uzo:    Zeeman term for orbital magnetic moment
  Uef:    electric energy by electric field
  UvdW:   semi-empirical vdW energy 

  (see also PRB 72, 045121(2005) for the energy contributions)



  Chemical potential (Hartree)       0.000000000000

***********************************************************
***********************************************************
                  SCF history at MD=16                    
***********************************************************
***********************************************************

   SCF=   1  NormRD=  1.000000000000  Uele= -3.377210307895
   SCF=   2  NormRD=  0.000872977918  Uele= -3.375043147666
   SCF=   3  NormRD=  0.000870793689  Uele= -3.375045916148
   SCF=   4  NormRD=  0.000868614901  Uele= -3.375048677862
   SCF=   5  NormRD=  0.000015351386  Uele= -3.376214087003
   SCF=   6  NormRD=  0.000001372328  Uele= -3.376190250840
   SCF=   7  NormRD=  0.000000623408  Uele= -3.376189528013
   SCF=   8  NormRD=  0.000000047912  Uele= -3.376190171814
   SCF=   9  NormRD=  0.000000001348  Uele= -3.376190235442
   SCF=  10  NormRD=  0.000000000131  Uele= -3.376190236607
   SCF=  11  NormRD=  0.000000000010  Uele= -3.376190236695

*******************************************************
        Total energy (Hartree) at MD =16        
*******************************************************

  Uele.         -3.376190236695

  Ukin.          6.549221522323
  UH0.         -14.638330620870
  UH1.           0.046515271056
  Una.          -6.169373717415
  Unl.          -0.170009542392
  Uxc0.         -1.675013781090
  Uxc1.         -1.675013781090
  Ucore.         9.526747474288
  Uhub.          0.000000000000
  Ucs.           0.000000000000
  Uzs.           0.000000000000
  Uzo.           0.000000000000
  Uef.           0.000000000000
  UvdW           0.000000000000
  Utot.         -8.205257175189

  Note:

  Utot = Ukin+UH0+UH1+Una+Unl+Uxc0+Uxc1+Ucore+Uhub+Ucs+Uzs+Uzo+Uef+UvdW

  Uene:   band energy
  Ukin:   kinetic energy
  UH0:    electric part of screened Coulomb energy
  UH1:    difference electron-electron Coulomb energy
  Una:    neutral atom potential energy
  Unl:    non-local potential energy
  Uxc0:   exchange-correlation energy for alpha spin
  Uxc1:   exchange-correlation energy for beta spin
  Ucore:  core-core Coulomb energy
  Uhub:   LDA+U energy
  Ucs:    constraint energy for spin orientation
  Uzs:    Zeeman term for spin magnetic moment
  Uzo:    Zeeman term for orbital magnetic moment
  Uef:    electric energy by electric field
  UvdW:   semi-empirical vdW energy 

  (see also PRB 72, 045121(2005) for the energy contributions)



  Chemical potential (Hartree)       0.000000000000

***********************************************************
***********************************************************
           Eigenvalues (Hartree) for SCF KS-eq.           
***********************************************************
***********************************************************

   Chemical Potential (Hartree) =   0.00000000000000
   Number of States             =   8.00000000000000
   HOMO =  4
   Eigenvalues
                Up-spin            Down-spin
          1  -0.63273530022829  -0.63273530022829
          2  -0.35185516984159  -0.35185516984159
          3  -0.35178087146280  -0.35178087146280
          4  -0.35172377682946  -0.35172377682946
          5   0.15871826660211   0.15871826660211
          6   0.19334595433911   0.19334595433911
          7   0.19342527412785   0.19342527412785
          8   0.19351198048643   0.19351198048643
          9   0.40366570482964   0.40366570482964
         10   0.40369376949888   0.40369376949888
         11   0.40372096937043   0.40372096937043
         12   0.87797785031699   0.87797785031699
         13   1.42011676669923   1.42011676669923
         14   1.42018654491146   1.42018654491146
         15   1.42028910909435   1.42028910909435
         16   2.19452458904343   2.19452458904343

***********************************************************
***********************************************************
              History of geometry optimization             
***********************************************************
***********************************************************

  MD_iter   SD_scaling     |Maximum force|   Maximum step        Utot
                           (Hartree/Bohr)        (Ang)         (Hartree)

    1       0.94486299       0.31785607       0.03175063      -8.09297241
    2       0.94486299       0.25411952       0.03175063      -8.12260302
    3       0.94486299       0.21471923       0.03175063      -8.14533628
    4       0.94486299       0.18122567       0.03175063      -8.16324536
    5       2.36215748       0.14826502       0.03175063      -8.17733033
    6       2.36215748       0.11471687       0.03175063      -8.18810722
    7       2.36215748       0.08045460       0.03175063      -8.19586538
    8       2.36215748       0.03857995       0.02041563      -8.20078371
    9       2.36215748       0.01650900       0.02084632      -8.20281339
   10       2.36215748       0.00919652       0.01675078      -8.20387532
   11       2.36215748       0.00503973       0.01604022      -8.20487891
   12       2.36215748       0.00200706       0.00213091      -8.20522571
   13       2.36215748       0.00083117       0.00133134      -8.20525107
   14       2.36215748       0.00024177       0.00019043      -8.20525595
   15       2.36215748       0.00020534       0.00106220      -8.20525625
   16       2.36215748       0.00006918       0.00000000      -8.20525718

***********************************************************
***********************************************************
                   Mulliken populations                    
***********************************************************
***********************************************************

  Total spin S =  0.000000000000

                    Up spin      Down spin     Sum           Diff
      1    C      2.170344673  2.170344673   4.340689346   0.000000000
      2    H      0.457414052  0.457414052   0.914828105   0.000000000
      3    H      0.457407046  0.457407046   0.914814092   0.000000000
      4    H      0.457414525  0.457414525   0.914829049   0.000000000
      5    H      0.457419705  0.457419705   0.914839409   0.000000000

 Sum of MulP: up   =     4.00000 down          =     4.00000
              total=     8.00000 ideal(neutral)=     8.00000


  Decomposed Mulliken populations

    1    C          Up spin      Down spin     Sum           Diff
            multiple
  s           0    0.580268778  0.580268778   1.160537556   0.000000000
   sum over m      0.580268778  0.580268778   1.160537556   0.000000000
  s           1   -0.004938011 -0.004938011  -0.009876021   0.000000000
   sum over m     -0.004938011 -0.004938011  -0.009876021   0.000000000
   sum over m+mul  0.575330768  0.575330768   1.150661535   0.000000000
  px          0    0.540457026  0.540457026   1.080914053   0.000000000
  py          0    0.540465252  0.540465252   1.080930504   0.000000000
  pz          0    0.540459010  0.540459010   1.080918021   0.000000000
   sum over m      1.621381289  1.621381289   3.242762578   0.000000000
  px          1   -0.008790496 -0.008790496  -0.017580993   0.000000000
  py          1   -0.008790222 -0.008790222  -0.017580444   0.000000000
  pz          1   -0.008786665 -0.008786665  -0.017573331   0.000000000
   sum over m     -0.026367384 -0.026367384  -0.052734768   0.000000000
   sum over m+mul  1.595013905  1.595013905   3.190027810   0.000000000

    2    H          Up spin      Down spin     Sum           Diff
            multiple
  s           0    0.452627963  0.452627963   0.905255926   0.000000000
   sum over m      0.452627963  0.452627963   0.905255926   0.000000000
  s           1    0.004786089  0.004786089   0.009572178   0.000000000
   sum over m      0.004786089  0.004786089   0.009572178   0.000000000
   sum over m+mul  0.457414052  0.457414052   0.914828105   0.000000000

    3    H          Up spin      Down spin     Sum           Diff
            multiple
  s           0    0.452616542  0.452616542   0.905233083   0.000000000
   sum over m      0.452616542  0.452616542   0.905233083   0.000000000
  s           1    0.004790504  0.004790504   0.009581008   0.000000000
   sum over m      0.004790504  0.004790504   0.009581008   0.000000000
   sum over m+mul  0.457407046  0.457407046   0.914814092   0.000000000

    4    H          Up spin      Down spin     Sum           Diff
            multiple
  s           0    0.452628737  0.452628737   0.905257474   0.000000000
   sum over m      0.452628737  0.452628737   0.905257474   0.000000000
  s           1    0.004785787  0.004785787   0.009571575   0.000000000
   sum over m      0.004785787  0.004785787   0.009571575   0.000000000
   sum over m+mul  0.457414525  0.457414525   0.914829049   0.000000000

    5    H          Up spin      Down spin     Sum           Diff
            multiple
  s           0    0.452637563  0.452637563   0.905275125   0.000000000
   sum over m      0.452637563  0.452637563   0.905275125   0.000000000
  s           1    0.004782142  0.004782142   0.009564284   0.000000000
   sum over m      0.004782142  0.004782142   0.009564284   0.000000000
   sum over m+mul  0.457419705  0.457419705   0.914839409   0.000000000

***********************************************************
***********************************************************
                    Dipole moment (Debye)                  
***********************************************************
***********************************************************

 Absolute D        0.00011149

                      Dx                Dy                Dz
 Total             -0.00007657        0.00008077       -0.00000656
 Core               1.53551536       -0.00194308       -2.30470989
 Electron          -1.53559192        0.00202385        2.30470334
 Back ground        0.00000000        0.00000000        0.00000000

***********************************************************
***********************************************************
       xyz-coordinates (Ang) and forces (Hartree/Bohr)  
***********************************************************
***********************************************************

<coordinates.forces
  5
    1     C     0.03995  -0.00003  -0.06000   0.000039918401 -0.000069179976  0.000057079858
    2     H    -0.85124  -0.63254  -0.06131   0.000027587063  0.000029598662  0.000011158309
    3     H     0.03880   0.63288  -0.95080   0.000017308393 -0.000006819056 -0.000011735018
    4     H     0.03909   0.62915   0.83354  -0.000014806254 -0.000032771030 -0.000035529047
    5     H     0.93322  -0.62976  -0.06123  -0.000063387144  0.000057772207 -0.000020891473
coordinates.forces>

***********************************************************
***********************************************************
       Fractional coordinates of the final structure       
***********************************************************
***********************************************************

     1      C     0.00420483170409   0.99999603910369   0.99368486393184
     2      H     0.91041247409279   0.92603187777556   0.99354709845751
     3      H     0.00408299852763   0.07400737092387   0.89993417691579
     4      H     0.00411416155874   0.07357194517331   0.08772482183454
     5      H     0.09821606585709   0.92635734393485   0.99355542343743

***********************************************************
***********************************************************
               Computational Time (second)                 
***********************************************************
***********************************************************

   Elapsed.Time.        89.957

                            Min_ID    Min_Time    Max_ID    Max_Time
   Total Computational Time =  4       89.955       0       89.957
   readfile                 =  1        4.777       4        4.777
   truncation               =  4        6.935       1        6.952
   MD_pac                   =  0        0.072       4        0.085
   DFT                      =  1       77.978       0       78.058

*** In DFT ***

   Set_OLP_Kin              =  4        4.283       2        4.960
   Set_Nonlocal             =  2        6.653       4        7.359
   Set_Hamiltonian          =  0       35.490       2       35.490
   Poisson                  =  1        3.970       4        3.976
   Diagonalization          =  1        0.680       4        0.695
   Mixing_DM                =  2        0.060       4        0.077
   Force                    =  3        6.742       0        6.742
   Total_Energy             =  4        6.992       0        7.071
   Set_Aden_Grid            =  4        0.508       2        0.546
   Set_Orbitals_Grid        =  3        0.871       4        0.894
   Set_Density_Grid         =  4        5.338       3        5.495
   Others                   =  3        5.513       4        5.641
