***********************************************************
***********************************************************

  This calculation was performed by OpenMX Ver. 3.7.33
  using 16 MPI processes and 1 OpenMP threads.

  Sun Mar 27 21:57:55 2016

***********************************************************
***********************************************************

#
#  sialic acid
#

System.CurrrentDirectory         ./    # default=./
System.Name                    SialicAcid
level.of.stdout                   1    # default=1 (1-3)
level.of.fileout                  1    # default=1 (1-3)

#
# Definition of Atomic Species
#

Species.Number       4
<Definition.of.Atomic.Species
 H   H7.0-s2         H_PBE13
 C   C7.0-s2p2d1     C_PBE13
 N   N7.0-s2p2d1     N_PBE13
 O   O7.0-s2p2d1     O_PBE13
Definition.of.Atomic.Species>

#
# Atoms
#

Atoms.Number        40
Atoms.SpeciesAndCoordinates.Unit   Ang # Ang|AU
<Atoms.SpeciesAndCoordinates           # Unit=Ang.
  1    C      2.582389    0.082263    0.275981  2.0 2.0
  2    C      2.373302   -1.138641    1.194045  2.0 2.0
  3    C      1.025279   -1.046303    1.915805  2.0 2.0
  4    O      1.494760    0.417412   -0.551026  3.0 3.0
  5    O      2.737365    1.290409    0.959881  3.0 3.0
  6    C      3.786642   -0.218196   -0.669598  2.0 2.0
  7    C     -0.094548   -0.880994    0.852978  2.0 2.0
  8    O      0.818810   -2.142299    2.769607  3.0 3.0
  9    C      0.189860    0.406427    0.032303  2.0 2.0
 10    O      3.643031   -0.765984   -1.887826  3.0 3.0
 11    N     -1.439593   -0.763227    1.473170  2.5 2.5
 12    C     -0.794830    0.555420   -1.164775  2.0 2.0
 13    C     -2.201474   -1.933622    1.785979  2.0 2.0
 14    C     -0.699037    1.970172   -1.816905  2.0 2.0
 15    O     -0.492165   -0.473838   -2.086758  3.0 3.0
 16    C     -3.380212   -1.734942    2.703342  2.0 2.0
 17    C     -1.692264    2.084875   -3.001286  2.0 2.0
 18    O     -1.043670    2.903447   -0.812168  3.0 3.0
 19    O     -1.330304    3.229879   -3.734910  3.0 3.0
 20    H      2.425174   -2.068894    0.591604  0.5 0.5
 21    H      3.200545   -1.206435    1.928208  0.5 0.5
 22    H      1.026448   -0.193694    2.636486  0.5 0.5
 23    H      3.581516    1.287328    1.392610  0.5 0.5
 24    O      4.952256   -0.033514   -0.388556  3.0 3.0
 25    H     -0.102022   -1.766810    0.166650  0.5 0.5
 26    H      0.735183   -2.921643    2.231726  0.5 0.5
 27    H      0.107549    1.303998    0.694823  0.5 0.5
 28    H      2.725125   -0.850757   -2.119188  0.5 0.5
 29    H     -1.471475   -0.065661    2.186538  0.5 0.5
 30    H     -1.836523    0.400014   -0.786384  0.5 0.5
 31    O     -1.917639   -2.999691    1.261455  3.0 3.0
 32    H      0.345774    2.154635   -2.170503  0.5 0.5
 33    H     -0.997689   -0.290669   -2.871991  0.5 0.5
 34    H     -4.034390   -0.927209    2.348403  0.5 0.5
 35    H     -3.989613   -2.645567    2.777278  0.5 0.5
 36    H     -3.048059   -1.477466    3.718235  0.5 0.5
 37    H     -1.627818    1.184534   -3.650635  0.5 0.5
 38    H     -2.737481    2.157517   -2.640910  0.5 0.5
 39    H     -0.814953    3.755808   -1.157336  0.5 0.5
 40    H     -2.005246    3.361919   -4.386353  0.5 0.5
Atoms.SpeciesAndCoordinates>
Atoms.UnitVectors.Unit             Ang #  Ang|AU
<Atoms.UnitVectors          
  16.0   0.0   0.0
   0.0  14.0   0.0
   0.0   0.0  15.0
Atoms.UnitVectors>

#
# SCF or Electronic System
#

scf.XcType                GGA-PBE      # LDA|LSDA-CA|LSDA-PW
scf.SpinPolarization       off         # On|Off
scf.ElectronicTemperature  900.0       # default=300 (K)
scf.energycutoff           150.0       # default=150 (Ry)
scf.maxIter                100         # default=40
scf.EigenvalueSolver       cluster     # Recursion|Cluster|Band
scf.Kgrid                  1 1 1       # means 4x4x4
scf.Mixing.Type           rmm-diisk    # Simple|Rmm-Diis|Gr-Pulay
scf.Init.Mixing.Weight     0.100       # default=0.30 
scf.Min.Mixing.Weight      0.001       # default=0.001 
scf.Max.Mixing.Weight      0.600       # default=0.40 
scf.Mixing.History          15         # default=5
scf.Mixing.StartPulay       9          # default=6
scf.criterion             1.0e-10      # default=1.0e-6 (Hartree) 

#
# MD or Geometry Optimization
#

MD.Type                     nomd       # Nomd|Opt|NVE|NVT_VS|NVT_NH
MD.maxIter                   1         # default=1
MD.TimeStep                1.0         # default=0.5 (fs)
MD.Opt.criterion          1.0e-4       # default=1.0e-4 (Hartree/bohr)



***********************************************************
***********************************************************

  Required cutoff energy (Ryd) for 3D-grids = 150.0000
      Used cutoff energy (Ryd) for 3D-grids = 155.4621, 155.4621, 154.0833
  Num. of grids of a-, b-, and c-axes = 120, 105, 112

  Num.Grid1.   120
  Num.Grid2.   105
  Num.Grid3.   112


  Cell_Volume =  22674.399004669944 (Bohr^3)
  GridVol     =      0.016067459612 (Bohr^3)
  Cell vectors (bohr) of the grid cell (gtv)
    gtv_a =  0.251963465144,  0.000000000000,  0.000000000000
    gtv_b =  0.000000000000,  0.251963465144,  0.000000000000
    gtv_c =  0.000000000000,  0.000000000000,  0.253088302042
    |gtv_a| =  0.251963465144
    |gtv_b| =  0.251963465144
    |gtv_c| =  0.253088302042

***********************************************************
***********************************************************


***********************************************************
***********************************************************
                  SCF history at MD= 1                    
***********************************************************
***********************************************************

   SCF=   1  NormRD=  1.000000000000  Uele= -68.542792454083
   SCF=   2  NormRD=  4.120985194010  Uele= -67.503994154858
   SCF=   3  NormRD=  4.075869993780  Uele= -67.456261677190
   SCF=   4  NormRD=  2.172547256515  Uele= -65.402364276670
   SCF=   5  NormRD=  1.240280938053  Uele= -64.246858283615
   SCF=   6  NormRD=  0.556187440622  Uele= -63.515070793213
   SCF=   7  NormRD=  0.228403415277  Uele= -62.805038093064
   SCF=   8  NormRD=  0.107095824454  Uele= -62.400227808896
   SCF=   9  NormRD=  0.082419444696  Uele= -62.185742487709
   SCF=  10  NormRD=  0.035317015078  Uele= -61.895445112768
   SCF=  11  NormRD=  0.008530174369  Uele= -61.815035083599
   SCF=  12  NormRD=  0.004845708572  Uele= -61.777147372168
   SCF=  13  NormRD=  0.002120874693  Uele= -61.769554351294
   SCF=  14  NormRD=  0.000791264455  Uele= -61.770153686721
   SCF=  15  NormRD=  0.000160453531  Uele= -61.769834538098
   SCF=  16  NormRD=  0.000051728334  Uele= -61.769689719249
   SCF=  17  NormRD=  0.000016139600  Uele= -61.769664371272
   SCF=  18  NormRD=  0.000005640495  Uele= -61.769662701144
   SCF=  19  NormRD=  0.000001591127  Uele= -61.769657382824
   SCF=  20  NormRD=  0.000000599440  Uele= -61.769655574915
   SCF=  21  NormRD=  0.000000119097  Uele= -61.769655298627
   SCF=  22  NormRD=  0.000000049823  Uele= -61.769655243579
   SCF=  23  NormRD=  0.000000009531  Uele= -61.769655275324
   SCF=  24  NormRD=  0.000000004579  Uele= -61.769655270463
   SCF=  25  NormRD=  0.000000001182  Uele= -61.769655271344
   SCF=  26  NormRD=  0.000000000412  Uele= -61.769655272470
   SCF=  27  NormRD=  0.000000000076  Uele= -61.769655272519

*******************************************************
        Total energy (Hartree) at MD = 1        
*******************************************************

  Uele.        -61.769655272519

  Ukin.        169.635795789488
  UH0.       -1198.310945845790
  UH1.           0.780141754524
  Una.        -184.592450060805
  Unl.          25.678999807154
  Uxc0.        -32.936955534234
  Uxc1.        -32.936955534234
  Ucore.      1020.638740305686
  Uhub.          0.000000000000
  Ucs.           0.000000000000
  Uzs.           0.000000000000
  Uzo.           0.000000000000
  Uef.           0.000000000000
  UvdW           0.000000000000
  Utot.       -232.043629318212

  Note:

  Utot = Ukin+UH0+UH1+Una+Unl+Uxc0+Uxc1+Ucore+Uhub+Ucs+Uzs+Uzo+Uef+UvdW

  Uene:   band energy
  Ukin:   kinetic energy
  UH0:    electric part of screened Coulomb energy
  UH1:    difference electron-electron Coulomb energy
  Una:    neutral atom potential energy
  Unl:    non-local potential energy
  Uxc0:   exchange-correlation energy for alpha spin
  Uxc1:   exchange-correlation energy for beta spin
  Ucore:  core-core Coulomb energy
  Uhub:   LDA+U energy
  Ucs:    constraint energy for spin orientation
  Uzs:    Zeeman term for spin magnetic moment
  Uzo:    Zeeman term for orbital magnetic moment
  Uef:    electric energy by electric field
  UvdW:   semi-empirical vdW energy 

  (see also PRB 72, 045121(2005) for the energy contributions)



  Chemical potential (Hartree)      -0.131607055664

***********************************************************
***********************************************************
           Eigenvalues (Hartree) for SCF KS-eq.           
***********************************************************
***********************************************************

   Chemical Potential (Hartree) =  -0.13160705566406
   Number of States             = 122.00000000000000
   HOMO = 61
   Eigenvalues
                Up-spin            Down-spin
          1  -1.03771923700651  -1.03771923700651
          2  -1.01327043258985  -1.01327043258985
          3  -0.98041384196769  -0.98041384196769
          4  -0.96890272257277  -0.96890272257277
          5  -0.96766754006024  -0.96766754006024
          6  -0.95747889711370  -0.95747889711370
          7  -0.95632830909448  -0.95632830909448
          8  -0.94768476603854  -0.94768476603854
          9  -0.93342878941510  -0.93342878941510
         10  -0.84723033528142  -0.84723033528142
         11  -0.73820871603827  -0.73820871603827
         12  -0.73318685193370  -0.73318685193370
         13  -0.69876950397245  -0.69876950397245
         14  -0.67960369023877  -0.67960369023877
         15  -0.64510661754464  -0.64510661754464
         16  -0.61911789559266  -0.61911789559266
         17  -0.59392538440547  -0.59392538440547
         18  -0.57502127678046  -0.57502127678046
         19  -0.55679227280673  -0.55679227280673
         20  -0.54871158605006  -0.54871158605006
         21  -0.53888754298910  -0.53888754298910
         22  -0.52569208891960  -0.52569208891960
         23  -0.51523777435452  -0.51523777435452
         24  -0.48943157343987  -0.48943157343987
         25  -0.48532247580798  -0.48532247580798
         26  -0.47368221807513  -0.47368221807513
         27  -0.46373101915609  -0.46373101915609
         28  -0.45013123201065  -0.45013123201065
         29  -0.43609042892503  -0.43609042892503
         30  -0.43350509809403  -0.43350509809403
         31  -0.43270643871762  -0.43270643871762
         32  -0.42478190920653  -0.42478190920653
         33  -0.40748642031079  -0.40748642031079
         34  -0.40547254744424  -0.40547254744424
         35  -0.39480893867892  -0.39480893867892
         36  -0.39315995273737  -0.39315995273737
         37  -0.38940924179101  -0.38940924179101
         38  -0.38065807829464  -0.38065807829464
         39  -0.37638889747368  -0.37638889747368
         40  -0.37171113301606  -0.37171113301606
         41  -0.36687362093621  -0.36687362093621
         42  -0.35910734680526  -0.35910734680526
         43  -0.35712796171518  -0.35712796171518
         44  -0.34270387582972  -0.34270387582972
         45  -0.33092827521249  -0.33092827521249
         46  -0.32873304398728  -0.32873304398728
         47  -0.32759377970287  -0.32759377970287
         48  -0.32206603433340  -0.32206603433340
         49  -0.31325513334479  -0.31325513334479
         50  -0.30597495043315  -0.30597495043315
         51  -0.28996179899998  -0.28996179899998
         52  -0.27930866602575  -0.27930866602575
         53  -0.26696221683313  -0.26696221683313
         54  -0.25931579808500  -0.25931579808500
         55  -0.25381925365560  -0.25381925365560
         56  -0.24736791963693  -0.24736791963693
         57  -0.24332542005579  -0.24332542005579
         58  -0.23305314103774  -0.23305314103774
         59  -0.23257043185654  -0.23257043185654
         60  -0.22414250598690  -0.22414250598690
         61  -0.21377278667791  -0.21377278667791
         62  -0.04946813346241  -0.04946813346241
         63  -0.03403319873625  -0.03403319873625
         64   0.01000891384819   0.01000891384819
         65   0.01590328136618   0.01590328136618
         66   0.03402479371634   0.03402479371634
         67   0.03825333714023   0.03825333714023
         68   0.04146439419180   0.04146439419180
         69   0.05197372273645   0.05197372273645
         70   0.05649629781935   0.05649629781935
         71   0.06798133613559   0.06798133613559
         72   0.07992734844755   0.07992734844755
         73   0.09309283061482   0.09309283061482
         74   0.09725215835880   0.09725215835880
         75   0.10688836804808   0.10688836804808
         76   0.11267230285066   0.11267230285066
         77   0.11886209822781   0.11886209822781
         78   0.12050207016590   0.12050207016590
         79   0.13098764779052   0.13098764779052
         80   0.13579608497952   0.13579608497952
         81   0.14383187778077   0.14383187778077
         82   0.14538563313925   0.14538563313925
         83   0.15125545058154   0.15125545058154
         84   0.15350000513241   0.15350000513241
         85   0.15943475401461   0.15943475401461
         86   0.16140688874524   0.16140688874524
         87   0.17298566534968   0.17298566534968
         88   0.17878013559257   0.17878013559257
         89   0.18494583443377   0.18494583443377
         90   0.19396109564744   0.19396109564744
         91   0.20442432815223   0.20442432815223
         92   0.20533132521004   0.20533132521004
         93   0.21360441730804   0.21360441730804
         94   0.21862828993707   0.21862828993707
         95   0.22816575346849   0.22816575346849
         96   0.23849342397378   0.23849342397378
         97   0.24088988450902   0.24088988450902
         98   0.25371586552108   0.25371586552108
         99   0.25520709603093   0.25520709603093
        100   0.26609453246955   0.26609453246955
        101   0.27032346676656   0.27032346676656
        102   0.28024000645660   0.28024000645660
        103   0.28648953584045   0.28648953584045
        104   0.28988123161075   0.28988123161075
        105   0.29724755136353   0.29724755136353
        106   0.29869216917194   0.29869216917194
        107   0.30581202549885   0.30581202549885
        108   0.31546800864595   0.31546800864595
        109   0.32312204175514   0.32312204175514
        110   0.32610577378669   0.32610577378669
        111   0.33032891618731   0.33032891618731
        112   0.33515093704116   0.33515093704116
        113   0.33788372444904   0.33788372444904
        114   0.34812212628587   0.34812212628587
        115   0.35575289734533   0.35575289734533
        116   0.36411059227757   0.36411059227757
        117   0.37230377188851   0.37230377188851
        118   0.37364730661078   0.37364730661078
        119   0.38163731566691   0.38163731566691
        120   0.39482174634124   0.39482174634124
        121   0.39738920793993   0.39738920793993
        122   0.40324246146860   0.40324246146860
        123   0.41374539620684   0.41374539620684
        124   0.42149725973463   0.42149725973463
        125   0.42313790724357   0.42313790724357
        126   0.43583827461838   0.43583827461838
        127   0.44250284466512   0.44250284466512
        128   0.44545911113630   0.44545911113630
        129   0.44821272239830   0.44821272239830
        130   0.46137503558810   0.46137503558810
        131   0.46739301729427   0.46739301729427
        132   0.47785089867473   0.47785089867473
        133   0.48626760641791   0.48626760641791
        134   0.49316188763226   0.49316188763226
        135   0.50312926417762   0.50312926417762
        136   0.51136210978012   0.51136210978012
        137   0.52899911644440   0.52899911644440
        138   0.54207987405008   0.54207987405008
        139   0.54557072574709   0.54557072574709
        140   0.56043505193997   0.56043505193997
        141   0.57136813423852   0.57136813423852
        142   0.58500924597178   0.58500924597178
        143   0.59001145720855   0.59001145720855
        144   0.60738426317734   0.60738426317734
        145   0.61582205942592   0.61582205942592
        146   0.63098386050586   0.63098386050586
        147   0.64402546237060   0.64402546237060
        148   0.65579414665624   0.65579414665624
        149   0.67298313810734   0.67298313810734
        150   0.68903402409497   0.68903402409497
        151   0.71068023506716   0.71068023506716
        152   0.71847907468748   0.71847907468748
        153   0.73997175602548   0.73997175602548
        154   0.75214476353814   0.75214476353814
        155   0.76254336644852   0.76254336644852
        156   0.76556653893816   0.76556653893816
        157   0.77297969453295   0.77297969453295
        158   0.78986043972716   0.78986043972716
        159   0.79782527544729   0.79782527544729
        160   0.80539703842182   0.80539703842182
        161   0.80893345310334   0.80893345310334
        162   0.82128998264631   0.82128998264631
        163   0.82564996981996   0.82564996981996
        164   0.82938327470107   0.82938327470107
        165   0.83779299414882   0.83779299414882
        166   0.85558409919262   0.85558409919262
        167   0.86336531748368   0.86336531748368
        168   0.87498835307624   0.87498835307624
        169   0.88023734322312   0.88023734322312
        170   0.89242948315183   0.89242948315183
        171   0.89647702358090   0.89647702358090
        172   0.90179626178758   0.90179626178758
        173   0.91523393829501   0.91523393829501
        174   0.92876932828440   0.92876932828440
        175   0.93420201581663   0.93420201581663
        176   0.96133163537678   0.96133163537678
        177   0.97592131323890   0.97592131323890
        178   0.98223904942778   0.98223904942778
        179   1.00669862593531   1.00669862593531
        180   1.01320859848428   1.01320859848428
        181   1.02895165145030   1.02895165145030
        182   1.03644138700025   1.03644138700025
        183   1.04355376240003   1.04355376240003
        184   1.07041679778955   1.07041679778955
        185   1.08276215543154   1.08276215543154
        186   1.09486012903453   1.09486012903453
        187   1.10498860745092   1.10498860745092
        188   1.12027903501806   1.12027903501806
        189   1.14016960657514   1.14016960657514
        190   1.14880416086648   1.14880416086648
        191   1.17400226454296   1.17400226454296
        192   1.18180403274488   1.18180403274488
        193   1.20443729641423   1.20443729641423
        194   1.20733315951162   1.20733315951162
        195   1.23919105730970   1.23919105730970
        196   1.26449169702228   1.26449169702228
        197   1.26654976918074   1.26654976918074
        198   1.27399795241629   1.27399795241629
        199   1.28812233191175   1.28812233191175
        200   1.30581040149870   1.30581040149870
        201   1.31551570512561   1.31551570512561
        202   1.33684005185323   1.33684005185323
        203   1.34531444378657   1.34531444378657
        204   1.36064449238732   1.36064449238732
        205   1.37422637552307   1.37422637552307
        206   1.38421306496517   1.38421306496517
        207   1.40294096907264   1.40294096907264
        208   1.42913601128010   1.42913601128010
        209   1.43705015357700   1.43705015357700
        210   1.44696959869733   1.44696959869733
        211   1.45826455624780   1.45826455624780
        212   1.46004152391581   1.46004152391581
        213   1.47234160048951   1.47234160048951
        214   1.49005594840632   1.49005594840632
        215   1.51386717860062   1.51386717860062
        216   1.52025739525380   1.52025739525380
        217   1.53303688360294   1.53303688360294
        218   1.54447682422940   1.54447682422940
        219   1.54727355805029   1.54727355805029
        220   1.56284837664275   1.56284837664275
        221   1.57043304909852   1.57043304909852
        222   1.58731508372135   1.58731508372135
        223   1.59424000944075   1.59424000944075
        224   1.61498655189297   1.61498655189297
        225   1.62947192170114   1.62947192170114
        226   1.64931248823794   1.64931248823794
        227   1.65204350530232   1.65204350530232
        228   1.66825317321230   1.66825317321230
        229   1.67209041735603   1.67209041735603
        230   1.67810187734842   1.67810187734842
        231   1.69324828110852   1.69324828110852
        232   1.70455257365723   1.70455257365723
        233   1.70634451994993   1.70634451994993
        234   1.70750199559208   1.70750199559208
        235   1.72628737743465   1.72628737743465
        236   1.73187881213039   1.73187881213039
        237   1.73908557413281   1.73908557413281
        238   1.74403451288771   1.74403451288771
        239   1.75146311758622   1.75146311758622
        240   1.76816018274880   1.76816018274880
        241   1.77021064041698   1.77021064041698
        242   1.77916713120796   1.77916713120796
        243   1.78730764124728   1.78730764124728
        244   1.80029890961930   1.80029890961930
        245   1.81303139634787   1.81303139634787
        246   1.82038311488196   1.82038311488196
        247   1.82195054498469   1.82195054498469
        248   1.82684922681925   1.82684922681925
        249   1.84425999530800   1.84425999530800
        250   1.86270342089500   1.86270342089500
        251   1.87552101664505   1.87552101664505
        252   1.88286006233344   1.88286006233344
        253   1.88439359506482   1.88439359506482
        254   1.90341615605632   1.90341615605632
        255   1.90800770040651   1.90800770040651
        256   1.91795530921807   1.91795530921807
        257   1.93796351631274   1.93796351631274
        258   1.94626457668023   1.94626457668023
        259   1.95303694413146   1.95303694413146
        260   1.95751962279780   1.95751962279780
        261   1.97035794919115   1.97035794919115
        262   1.98654401952054   1.98654401952054
        263   1.99828240456164   1.99828240456164
        264   2.00429380526248   2.00429380526248
        265   2.00978372677987   2.00978372677987
        266   2.01475159853611   2.01475159853611
        267   2.02226749835983   2.02226749835983
        268   2.04652613072639   2.04652613072639
        269   2.07404923359013   2.07404923359013
        270   2.08186163271909   2.08186163271909
        271   2.09342173607543   2.09342173607543
        272   2.10439037032145   2.10439037032145
        273   2.11794886378634   2.11794886378634
        274   2.12665198785826   2.12665198785826
        275   2.13583202948685   2.13583202948685
        276   2.16392411026602   2.16392411026602
        277   2.17057874980031   2.17057874980031
        278   2.18826456215631   2.18826456215631
        279   2.19802106059232   2.19802106059232
        280   2.21317320621030   2.21317320621030
        281   2.23232641926985   2.23232641926985
        282   2.25058505716168   2.25058505716168
        283   2.28235570112293   2.28235570112293
        284   2.32101085106509   2.32101085106509
        285   2.34413646949732   2.34413646949732
        286   2.35987293795524   2.35987293795524
        287   2.40533997668473   2.40533997668473
        288   2.42047085844179   2.42047085844179
        289   2.46109635428449   2.46109635428449
        290   2.47739906680522   2.47739906680522
        291   2.54199839316270   2.54199839316270
        292   2.58221166088595   2.58221166088595
        293   2.59988479059760   2.59988479059760
        294   2.62850222388154   2.62850222388154
        295   2.64820625067139   2.64820625067139
        296   2.67231379207797   2.67231379207797
        297   2.70596747122911   2.70596747122911
        298   2.74470073960645   2.74470073960645
        299   2.86823915933960   2.86823915933960
        300   2.99216458251793   2.99216458251793
        301   3.29495861123272   3.29495861123272
        302   3.35538311664051   3.35538311664051
        303   3.79475017283194   3.79475017283194
        304   4.04186661059654   4.04186661059654
        305   4.17827503565521   4.17827503565521
        306   4.30159658984048   4.30159658984048
        307   4.44142258458243   4.44142258458243
        308   4.76814081044547   4.76814081044547
        309   4.97442134978156   4.97442134978156
        310   5.23972998172108   5.23972998172108
        311   5.35149071804027   5.35149071804027

***********************************************************
***********************************************************
                   Mulliken populations                    
***********************************************************
***********************************************************

  Total spin moment (muB)   0.000000000

                    Up spin      Down spin     Sum           Diff
      1    C      1.939004258  1.939004258   3.878008515   0.000000000
      2    C      2.197467865  2.197467865   4.394935730   0.000000000
      3    C      2.034731487  2.034731487   4.069462975   0.000000000
      4    O      3.106963139  3.106963139   6.213926278   0.000000000
      5    O      3.200562995  3.200562995   6.401125990   0.000000000
      6    C      1.878109752  1.878109752   3.756219505   0.000000000
      7    C      1.974771773  1.974771773   3.949543546   0.000000000
      8    O      3.199579372  3.199579372   6.399158743   0.000000000
      9    C      2.057423493  2.057423493   4.114846986   0.000000000
     10    O      3.160511661  3.160511661   6.321023323   0.000000000
     11    N      2.896898007  2.896898007   5.793796015   0.000000000
     12    C      2.056284154  2.056284154   4.112568307   0.000000000
     13    C      1.781202162  1.781202162   3.562404325   0.000000000
     14    C      2.045304583  2.045304583   4.090609165   0.000000000
     15    O      3.209692191  3.209692191   6.419384382   0.000000000
     16    C      2.307390971  2.307390971   4.614781942   0.000000000
     17    C      2.153743069  2.153743069   4.307486138   0.000000000
     18    O      3.208485493  3.208485493   6.416970986   0.000000000
     19    O      3.201743292  3.201743292   6.403486584   0.000000000
     20    H      0.409655944  0.409655944   0.819311889   0.000000000
     21    H      0.397236559  0.397236559   0.794473119   0.000000000
     22    H      0.410488339  0.410488339   0.820976679   0.000000000
     23    H      0.325023496  0.325023496   0.650046991   0.000000000
     24    O      3.150768611  3.150768611   6.301537222   0.000000000
     25    H      0.394676093  0.394676093   0.789352186   0.000000000
     26    H      0.327198906  0.327198906   0.654397812   0.000000000
     27    H      0.391714926  0.391714926   0.783429851   0.000000000
     28    H      0.310550677  0.310550677   0.621101355   0.000000000
     29    H      0.294988101  0.294988101   0.589976202   0.000000000
     30    H      0.404710827  0.404710827   0.809421653   0.000000000
     31    O      3.168678806  3.168678806   6.337357611   0.000000000
     32    H      0.400960945  0.400960945   0.801921889   0.000000000
     33    H      0.330458174  0.330458174   0.660916348   0.000000000
     34    H      0.398089023  0.398089023   0.796178047   0.000000000
     35    H      0.389545372  0.389545372   0.779090744   0.000000000
     36    H      0.401249527  0.401249527   0.802499053   0.000000000
     37    H      0.429055284  0.429055284   0.858110568   0.000000000
     38    H      0.405539377  0.405539377   0.811078755   0.000000000
     39    H      0.321018965  0.321018965   0.642037931   0.000000000
     40    H      0.328522331  0.328522331   0.657044661   0.000000000

 Sum of MulP: up   =    61.00000 down          =    61.00000
              total=   122.00000 ideal(neutral)=   122.00000


  Decomposed Mulliken populations

    1    C          Up spin      Down spin     Sum           Diff
            multiple
  s           0    0.533281841  0.533281841   1.066563681   0.000000000
   sum over m      0.533281841  0.533281841   1.066563681   0.000000000
  s           1    0.007153937  0.007153937   0.014307875   0.000000000
   sum over m      0.007153937  0.007153937   0.014307875   0.000000000
   sum over m+mul  0.540435778  0.540435778   1.080871556   0.000000000
  px          0    0.404865660  0.404865660   0.809731321   0.000000000
  py          0    0.358882069  0.358882069   0.717764139   0.000000000
  pz          0    0.398006019  0.398006019   0.796012039   0.000000000
   sum over m      1.161753749  1.161753749   2.323507498   0.000000000
  px          1    0.031076432  0.031076432   0.062152863   0.000000000
  py          1    0.047004006  0.047004006   0.094008012   0.000000000
  pz          1    0.033602810  0.033602810   0.067205620   0.000000000
   sum over m      0.111683248  0.111683248   0.223366495   0.000000000
   sum over m+mul  1.273436997  1.273436997   2.546873993   0.000000000
  d3z^2-r^2   0    0.020986716  0.020986716   0.041973432   0.000000000
  dx^2-y^2    0    0.025661183  0.025661183   0.051322367   0.000000000
  dxy         0    0.023783413  0.023783413   0.047566825   0.000000000
  dxz         0    0.024941758  0.024941758   0.049883515   0.000000000
  dyz         0    0.029758413  0.029758413   0.059516827   0.000000000
   sum over m      0.125131483  0.125131483   0.250262966   0.000000000
   sum over m+mul  0.125131483  0.125131483   0.250262966   0.000000000

    2    C          Up spin      Down spin     Sum           Diff
            multiple
  s           0    0.555640317  0.555640317   1.111280635   0.000000000
   sum over m      0.555640317  0.555640317   1.111280635   0.000000000
  s           1   -0.001021855 -0.001021855  -0.002043710   0.000000000
   sum over m     -0.001021855 -0.001021855  -0.002043710   0.000000000
   sum over m+mul  0.554618463  0.554618463   1.109236925   0.000000000
  px          0    0.526822809  0.526822809   1.053645617   0.000000000
  py          0    0.517954570  0.517954570   1.035909140   0.000000000
  pz          0    0.531828806  0.531828806   1.063657613   0.000000000
   sum over m      1.576606185  1.576606185   3.153212370   0.000000000
  px          1    0.009848987  0.009848987   0.019697974   0.000000000
  py          1    0.005166267  0.005166267   0.010332534   0.000000000
  pz          1    0.004958394  0.004958394   0.009916788   0.000000000
   sum over m      0.019973648  0.019973648   0.039947296   0.000000000
   sum over m+mul  1.596579833  1.596579833   3.193159666   0.000000000
  d3z^2-r^2   0    0.004658025  0.004658025   0.009316050   0.000000000
  dx^2-y^2    0    0.012176605  0.012176605   0.024353209   0.000000000
  dxy         0    0.005014569  0.005014569   0.010029137   0.000000000
  dxz         0    0.012682622  0.012682622   0.025365244   0.000000000
  dyz         0    0.011737749  0.011737749   0.023475498   0.000000000
   sum over m      0.046269569  0.046269569   0.092539139   0.000000000
   sum over m+mul  0.046269569  0.046269569   0.092539139   0.000000000

    3    C          Up spin      Down spin     Sum           Diff
            multiple
  s           0    0.535441519  0.535441519   1.070883038   0.000000000
   sum over m      0.535441519  0.535441519   1.070883038   0.000000000
  s           1    0.005653461  0.005653461   0.011306923   0.000000000
   sum over m      0.005653461  0.005653461   0.011306923   0.000000000
   sum over m+mul  0.541094980  0.541094980   1.082189961   0.000000000
  px          0    0.465613641  0.465613641   0.931227283   0.000000000
  py          0    0.434125467  0.434125467   0.868250934   0.000000000
  pz          0    0.436594954  0.436594954   0.873189907   0.000000000
   sum over m      1.336334062  1.336334062   2.672668125   0.000000000
  px          1    0.024514300  0.024514300   0.049028599   0.000000000
  py          1    0.014977098  0.014977098   0.029954196   0.000000000
  pz          1    0.030896601  0.030896601   0.061793201   0.000000000
   sum over m      0.070387998  0.070387998   0.140775996   0.000000000
   sum over m+mul  1.406722060  1.406722060   2.813444121   0.000000000
  d3z^2-r^2   0    0.012223124  0.012223124   0.024446249   0.000000000
  dx^2-y^2    0    0.016240601  0.016240601   0.032481203   0.000000000
  dxy         0    0.014405058  0.014405058   0.028810116   0.000000000
  dxz         0    0.020748971  0.020748971   0.041497942   0.000000000
  dyz         0    0.023296692  0.023296692   0.046593384   0.000000000
   sum over m      0.086914447  0.086914447   0.173828893   0.000000000
   sum over m+mul  0.086914447  0.086914447   0.173828893   0.000000000

    4    O          Up spin      Down spin     Sum           Diff
            multiple
  s           0    0.875711419  0.875711419   1.751422837   0.000000000
   sum over m      0.875711419  0.875711419   1.751422837   0.000000000
  s           1   -0.007229577 -0.007229577  -0.014459155   0.000000000
   sum over m     -0.007229577 -0.007229577  -0.014459155   0.000000000
   sum over m+mul  0.868481841  0.868481841   1.736963683   0.000000000
  px          0    0.583968287  0.583968287   1.167936574   0.000000000
  py          0    0.900634816  0.900634816   1.801269632   0.000000000
  pz          0    0.790286232  0.790286232   1.580572464   0.000000000
   sum over m      2.274889335  2.274889335   4.549778670   0.000000000
  px          1   -0.003409407 -0.003409407  -0.006818815   0.000000000
  py          1   -0.014465871 -0.014465871  -0.028931742   0.000000000
  pz          1   -0.011996711 -0.011996711  -0.023993422   0.000000000
   sum over m     -0.029871990 -0.029871990  -0.059743979   0.000000000
   sum over m+mul  2.245017346  2.245017346   4.490034691   0.000000000
  d3z^2-r^2   0   -0.001481190 -0.001481190  -0.002962380   0.000000000
  dx^2-y^2    0   -0.001944582 -0.001944582  -0.003889164   0.000000000
  dxy         0   -0.003305206 -0.003305206  -0.006610412   0.000000000
  dxz         0    0.000636397  0.000636397   0.001272795   0.000000000
  dyz         0   -0.000441467 -0.000441467  -0.000882934   0.000000000
   sum over m     -0.006536048 -0.006536048  -0.013072096   0.000000000
   sum over m+mul -0.006536048 -0.006536048  -0.013072096   0.000000000

    5    O          Up spin      Down spin     Sum           Diff
            multiple
  s           0    0.892148230  0.892148230   1.784296460   0.000000000
   sum over m      0.892148230  0.892148230   1.784296460   0.000000000
  s           1   -0.007531438 -0.007531438  -0.015062876   0.000000000
   sum over m     -0.007531438 -0.007531438  -0.015062876   0.000000000
   sum over m+mul  0.884616792  0.884616792   1.769233584   0.000000000
  px          0    0.754240869  0.754240869   1.508481738   0.000000000
  py          0    0.741828071  0.741828071   1.483656142   0.000000000
  pz          0    0.837468264  0.837468264   1.674936527   0.000000000
   sum over m      2.333537204  2.333537204   4.667074408   0.000000000
  px          1   -0.006759058 -0.006759058  -0.013518115   0.000000000
  py          1   -0.004291479 -0.004291479  -0.008582958   0.000000000
  pz          1   -0.008676301 -0.008676301  -0.017352603   0.000000000
   sum over m     -0.019726838 -0.019726838  -0.039453676   0.000000000
   sum over m+mul  2.313810366  2.313810366   4.627620732   0.000000000
  d3z^2-r^2   0   -0.000912502 -0.000912502  -0.001825004   0.000000000
  dx^2-y^2    0    0.002238697  0.002238697   0.004477393   0.000000000
  dxy         0   -0.000240783 -0.000240783  -0.000481566   0.000000000
  dxz         0   -0.000205096 -0.000205096  -0.000410191   0.000000000
  dyz         0    0.001255521  0.001255521   0.002511042   0.000000000
   sum over m      0.002135837  0.002135837   0.004271674   0.000000000
   sum over m+mul  0.002135837  0.002135837   0.004271674   0.000000000

    6    C          Up spin      Down spin     Sum           Diff
            multiple
  s           0    0.509691870  0.509691870   1.019383739   0.000000000
   sum over m      0.509691870  0.509691870   1.019383739   0.000000000
  s           1    0.020327098  0.020327098   0.040654195   0.000000000
   sum over m      0.020327098  0.020327098   0.040654195   0.000000000
   sum over m+mul  0.530018967  0.530018967   1.060037934   0.000000000
  px          0    0.319747222  0.319747222   0.639494444   0.000000000
  py          0    0.416130879  0.416130879   0.832261757   0.000000000
  pz          0    0.326866346  0.326866346   0.653732692   0.000000000
   sum over m      1.062744447  1.062744447   2.125488893   0.000000000
  px          1    0.102884783  0.102884783   0.205769565   0.000000000
  py          1    0.006203423  0.006203423   0.012406846   0.000000000
  pz          1    0.046001949  0.046001949   0.092003898   0.000000000
   sum over m      0.155090154  0.155090154   0.310180309   0.000000000
   sum over m+mul  1.217834601  1.217834601   2.435669202   0.000000000
  d3z^2-r^2   0    0.028792449  0.028792449   0.057584898   0.000000000
  dx^2-y^2    0    0.018285754  0.018285754   0.036571508   0.000000000
  dxy         0    0.023266587  0.023266587   0.046533174   0.000000000
  dxz         0    0.042144459  0.042144459   0.084288917   0.000000000
  dyz         0    0.017766935  0.017766935   0.035533871   0.000000000
   sum over m      0.130256184  0.130256184   0.260512368   0.000000000
   sum over m+mul  0.130256184  0.130256184   0.260512368   0.000000000

    7    C          Up spin      Down spin     Sum           Diff
            multiple
  s           0    0.499476648  0.499476648   0.998953296   0.000000000
   sum over m      0.499476648  0.499476648   0.998953296   0.000000000
  s           1    0.003197655  0.003197655   0.006395311   0.000000000
   sum over m      0.003197655  0.003197655   0.006395311   0.000000000
   sum over m+mul  0.502674303  0.502674303   1.005348607   0.000000000
  px          0    0.378806544  0.378806544   0.757613088   0.000000000
  py          0    0.510065636  0.510065636   1.020131271   0.000000000
  pz          0    0.472338022  0.472338022   0.944676044   0.000000000
   sum over m      1.361210201  1.361210201   2.722420403   0.000000000
  px          1    0.023229247  0.023229247   0.046458495   0.000000000
  py          1    0.010014095  0.010014095   0.020028190   0.000000000
  pz          1    0.010127315  0.010127315   0.020254631   0.000000000
   sum over m      0.043370658  0.043370658   0.086741316   0.000000000
   sum over m+mul  1.404580859  1.404580859   2.809161719   0.000000000
  d3z^2-r^2   0    0.009989462  0.009989462   0.019978924   0.000000000
  dx^2-y^2    0    0.018378071  0.018378071   0.036756143   0.000000000
  dxy         0    0.009152061  0.009152061   0.018304121   0.000000000
  dxz         0    0.015349354  0.015349354   0.030698709   0.000000000
  dyz         0    0.014647662  0.014647662   0.029295324   0.000000000
   sum over m      0.067516610  0.067516610   0.135033220   0.000000000
   sum over m+mul  0.067516610  0.067516610   0.135033220   0.000000000

    8    O          Up spin      Down spin     Sum           Diff
            multiple
  s           0    0.890034444  0.890034444   1.780068888   0.000000000
   sum over m      0.890034444  0.890034444   1.780068888   0.000000000
  s           1   -0.005604368 -0.005604368  -0.011208735   0.000000000
   sum over m     -0.005604368 -0.005604368  -0.011208735   0.000000000
   sum over m+mul  0.884430077  0.884430077   1.768860153   0.000000000
  px          0    0.942354494  0.942354494   1.884708988   0.000000000
  py          0    0.615278009  0.615278009   1.230556018   0.000000000
  pz          0    0.782443464  0.782443464   1.564886927   0.000000000
   sum over m      2.340075967  2.340075967   4.680151934   0.000000000
  px          1   -0.007881241 -0.007881241  -0.015762481   0.000000000
  py          1   -0.012178179 -0.012178179  -0.024356357   0.000000000
  pz          1   -0.005717057 -0.005717057  -0.011434115   0.000000000
   sum over m     -0.025776477 -0.025776477  -0.051552953   0.000000000
   sum over m+mul  2.314299491  2.314299491   4.628598981   0.000000000
  d3z^2-r^2   0   -0.000479639 -0.000479639  -0.000959278   0.000000000
  dx^2-y^2    0   -0.001541133 -0.001541133  -0.003082265   0.000000000
  dxy         0   -0.001287575 -0.001287575  -0.002575150   0.000000000
  dxz         0    0.000785112  0.000785112   0.001570223   0.000000000
  dyz         0    0.003373040  0.003373040   0.006746079   0.000000000
   sum over m      0.000849805  0.000849805   0.001699609   0.000000000
   sum over m+mul  0.000849805  0.000849805   0.001699609   0.000000000

    9    C          Up spin      Down spin     Sum           Diff
            multiple
  s           0    0.555329739  0.555329739   1.110659478   0.000000000
   sum over m      0.555329739  0.555329739   1.110659478   0.000000000
  s           1    0.009626579  0.009626579   0.019253158   0.000000000
   sum over m      0.009626579  0.009626579   0.019253158   0.000000000
   sum over m+mul  0.564956318  0.564956318   1.129912635   0.000000000
  px          0    0.342986280  0.342986280   0.685972561   0.000000000
  py          0    0.519231139  0.519231139   1.038462278   0.000000000
  pz          0    0.484721175  0.484721175   0.969442351   0.000000000
   sum over m      1.346938595  1.346938595   2.693877190   0.000000000
  px          1    0.026824808  0.026824808   0.053649616   0.000000000
  py          1    0.011403149  0.011403149   0.022806299   0.000000000
  pz          1    0.027811459  0.027811459   0.055622918   0.000000000
   sum over m      0.066039416  0.066039416   0.132078833   0.000000000
   sum over m+mul  1.412978011  1.412978011   2.825956022   0.000000000
  d3z^2-r^2   0    0.010416463  0.010416463   0.020832925   0.000000000
  dx^2-y^2    0    0.016951910  0.016951910   0.033903819   0.000000000
  dxy         0    0.015812222  0.015812222   0.031624443   0.000000000
  dxz         0    0.018002630  0.018002630   0.036005260   0.000000000
  dyz         0    0.018305940  0.018305940   0.036611880   0.000000000
   sum over m      0.079489164  0.079489164   0.158978328   0.000000000
   sum over m+mul  0.079489164  0.079489164   0.158978328   0.000000000

   10    O          Up spin      Down spin     Sum           Diff
            multiple
  s           0    0.892905489  0.892905489   1.785810978   0.000000000
   sum over m      0.892905489  0.892905489   1.785810978   0.000000000
  s           1   -0.007982640 -0.007982640  -0.015965280   0.000000000
   sum over m     -0.007982640 -0.007982640  -0.015965280   0.000000000
   sum over m+mul  0.884922849  0.884922849   1.769845698   0.000000000
  px          0    0.731762304  0.731762304   1.463524609   0.000000000
  py          0    0.844548066  0.844548066   1.689096132   0.000000000
  pz          0    0.713722445  0.713722445   1.427444891   0.000000000
   sum over m      2.290032816  2.290032816   4.580065631   0.000000000
  px          1   -0.004649329 -0.004649329  -0.009298659   0.000000000
  py          1   -0.008045328 -0.008045328  -0.016090656   0.000000000
  pz          1   -0.005259575 -0.005259575  -0.010519150   0.000000000
   sum over m     -0.017954232 -0.017954232  -0.035908464   0.000000000
   sum over m+mul  2.272078584  2.272078584   4.544157167   0.000000000
  d3z^2-r^2   0    0.001717211  0.001717211   0.003434423   0.000000000
  dx^2-y^2    0    0.001344713  0.001344713   0.002689427   0.000000000
  dxy         0   -0.000501128 -0.000501128  -0.001002256   0.000000000
  dxz         0    0.000005203  0.000005203   0.000010406   0.000000000
  dyz         0    0.000944229  0.000944229   0.001888458   0.000000000
   sum over m      0.003510229  0.003510229   0.007020458   0.000000000
   sum over m+mul  0.003510229  0.003510229   0.007020458   0.000000000

   11    N          Up spin      Down spin     Sum           Diff
            multiple
  s           0    0.810520301  0.810520301   1.621040603   0.000000000
   sum over m      0.810520301  0.810520301   1.621040603   0.000000000
  s           1    0.008773789  0.008773789   0.017547579   0.000000000
   sum over m      0.008773789  0.008773789   0.017547579   0.000000000
   sum over m+mul  0.819294091  0.819294091   1.638588182   0.000000000
  px          0    0.644181072  0.644181072   1.288362144   0.000000000
  py          0    0.654954343  0.654954343   1.309908685   0.000000000
  pz          0    0.728511222  0.728511222   1.457022444   0.000000000
   sum over m      2.027646637  2.027646637   4.055293273   0.000000000
  px          1    0.003260270  0.003260270   0.006520539   0.000000000
  py          1    0.002433573  0.002433573   0.004867146   0.000000000
  pz          1   -0.001716153 -0.001716153  -0.003432306   0.000000000
   sum over m      0.003977689  0.003977689   0.007955379   0.000000000
   sum over m+mul  2.031624326  2.031624326   4.063248652   0.000000000
  d3z^2-r^2   0    0.006543928  0.006543928   0.013087855   0.000000000
  dx^2-y^2    0    0.011427936  0.011427936   0.022855872   0.000000000
  dxy         0    0.008871572  0.008871572   0.017743144   0.000000000
  dxz         0    0.006126041  0.006126041   0.012252082   0.000000000
  dyz         0    0.013010114  0.013010114   0.026020228   0.000000000
   sum over m      0.045979590  0.045979590   0.091959181   0.000000000
   sum over m+mul  0.045979590  0.045979590   0.091959181   0.000000000

   12    C          Up spin      Down spin     Sum           Diff
            multiple
  s           0    0.547292815  0.547292815   1.094585631   0.000000000
   sum over m      0.547292815  0.547292815   1.094585631   0.000000000
  s           1    0.009868804  0.009868804   0.019737608   0.000000000
   sum over m      0.009868804  0.009868804   0.019737608   0.000000000
   sum over m+mul  0.557161619  0.557161619   1.114323239   0.000000000
  px          0    0.542772995  0.542772995   1.085545990   0.000000000
  py          0    0.386485927  0.386485927   0.772971854   0.000000000
  pz          0    0.423772243  0.423772243   0.847544486   0.000000000
   sum over m      1.353031165  1.353031165   2.706062330   0.000000000
  px          1    0.011409750  0.011409750   0.022819499   0.000000000
  py          1    0.035829099  0.035829099   0.071658197   0.000000000
  pz          1    0.018521747  0.018521747   0.037043495   0.000000000
   sum over m      0.065760596  0.065760596   0.131521191   0.000000000
   sum over m+mul  1.418791760  1.418791760   2.837583521   0.000000000
  d3z^2-r^2   0    0.014605165  0.014605165   0.029210331   0.000000000
  dx^2-y^2    0    0.020412174  0.020412174   0.040824348   0.000000000
  dxy         0    0.011069797  0.011069797   0.022139595   0.000000000
  dxz         0    0.017292886  0.017292886   0.034585772   0.000000000
  dyz         0    0.016950751  0.016950751   0.033901503   0.000000000
   sum over m      0.080330774  0.080330774   0.160661547   0.000000000
   sum over m+mul  0.080330774  0.080330774   0.160661547   0.000000000

   13    C          Up spin      Down spin     Sum           Diff
            multiple
  s           0    0.460618108  0.460618108   0.921236215   0.000000000
   sum over m      0.460618108  0.460618108   0.921236215   0.000000000
  s           1    0.027158494  0.027158494   0.054316988   0.000000000
   sum over m      0.027158494  0.027158494   0.054316988   0.000000000
   sum over m+mul  0.487776601  0.487776601   0.975553203   0.000000000
  px          0    0.390947278  0.390947278   0.781894556   0.000000000
  py          0    0.272740171  0.272740171   0.545480342   0.000000000
  pz          0    0.388931732  0.388931732   0.777863463   0.000000000
   sum over m      1.052619181  1.052619181   2.105238361   0.000000000
  px          1    0.023310585  0.023310585   0.046621169   0.000000000
  py          1    0.078008528  0.078008528   0.156017056   0.000000000
  pz          1    0.019977113  0.019977113   0.039954225   0.000000000
   sum over m      0.121296225  0.121296225   0.242592451   0.000000000
   sum over m+mul  1.173915406  1.173915406   2.347830812   0.000000000
  d3z^2-r^2   0    0.016752616  0.016752616   0.033505232   0.000000000
  dx^2-y^2    0    0.028956967  0.028956967   0.057913935   0.000000000
  dxy         0    0.035471914  0.035471914   0.070943828   0.000000000
  dxz         0    0.012824858  0.012824858   0.025649716   0.000000000
  dyz         0    0.025503800  0.025503800   0.051007599   0.000000000
   sum over m      0.119510155  0.119510155   0.239020310   0.000000000
   sum over m+mul  0.119510155  0.119510155   0.239020310   0.000000000

   14    C          Up spin      Down spin     Sum           Diff
            multiple
  s           0    0.548984421  0.548984421   1.097968842   0.000000000
   sum over m      0.548984421  0.548984421   1.097968842   0.000000000
  s           1    0.007551354  0.007551354   0.015102708   0.000000000
   sum over m      0.007551354  0.007551354   0.015102708   0.000000000
   sum over m+mul  0.556535775  0.556535775   1.113071550   0.000000000
  px          0    0.516060169  0.516060169   1.032120339   0.000000000
  py          0    0.434962227  0.434962227   0.869924454   0.000000000
  pz          0    0.398640279  0.398640279   0.797280557   0.000000000
   sum over m      1.349662675  1.349662675   2.699325350   0.000000000
  px          1    0.008569317  0.008569317   0.017138634   0.000000000
  py          1    0.013660531  0.013660531   0.027321062   0.000000000
  pz          1    0.036419330  0.036419330   0.072838661   0.000000000
   sum over m      0.058649178  0.058649178   0.117298356   0.000000000
   sum over m+mul  1.408311853  1.408311853   2.816623706   0.000000000
  d3z^2-r^2   0    0.016803485  0.016803485   0.033606969   0.000000000
  dx^2-y^2    0    0.016671029  0.016671029   0.033342058   0.000000000
  dxy         0    0.011824746  0.011824746   0.023649492   0.000000000
  dxz         0    0.018895609  0.018895609   0.037791217   0.000000000
  dyz         0    0.016262086  0.016262086   0.032524172   0.000000000
   sum over m      0.080456954  0.080456954   0.160913909   0.000000000
   sum over m+mul  0.080456954  0.080456954   0.160913909   0.000000000

   15    O          Up spin      Down spin     Sum           Diff
            multiple
  s           0    0.889771011  0.889771011   1.779542022   0.000000000
   sum over m      0.889771011  0.889771011   1.779542022   0.000000000
  s           1   -0.004852323 -0.004852323  -0.009704645   0.000000000
   sum over m     -0.004852323 -0.004852323  -0.009704645   0.000000000
   sum over m+mul  0.884918688  0.884918688   1.769837376   0.000000000
  px          0    0.881252171  0.881252171   1.762504343   0.000000000
  py          0    0.810279911  0.810279911   1.620559822   0.000000000
  pz          0    0.661281856  0.661281856   1.322563712   0.000000000
   sum over m      2.352813939  2.352813939   4.705627878   0.000000000
  px          1   -0.012311283 -0.012311283  -0.024622566   0.000000000
  py          1   -0.004863772 -0.004863772  -0.009727545   0.000000000
  pz          1   -0.011164869 -0.011164869  -0.022329739   0.000000000
   sum over m     -0.028339925 -0.028339925  -0.056679849   0.000000000
   sum over m+mul  2.324474014  2.324474014   4.648948029   0.000000000
  d3z^2-r^2   0   -0.001725654 -0.001725654  -0.003451308   0.000000000
  dx^2-y^2    0    0.000685613  0.000685613   0.001371225   0.000000000
  dxy         0    0.000550515  0.000550515   0.001101030   0.000000000
  dxz         0   -0.000269058 -0.000269058  -0.000538116   0.000000000
  dyz         0    0.001058073  0.001058073   0.002116145   0.000000000
   sum over m      0.000299489  0.000299489   0.000598977   0.000000000
   sum over m+mul  0.000299489  0.000299489   0.000598977   0.000000000

   16    C          Up spin      Down spin     Sum           Diff
            multiple
  s           0    0.591234265  0.591234265   1.182468530   0.000000000
   sum over m      0.591234265  0.591234265   1.182468530   0.000000000
  s           1   -0.002776222 -0.002776222  -0.005552444   0.000000000
   sum over m     -0.002776222 -0.002776222  -0.005552444   0.000000000
   sum over m+mul  0.588458043  0.588458043   1.176916086   0.000000000
  px          0    0.536117411  0.536117411   1.072234821   0.000000000
  py          0    0.597962026  0.597962026   1.195924051   0.000000000
  pz          0    0.549564416  0.549564416   1.099128832   0.000000000
   sum over m      1.683643852  1.683643852   3.367287704   0.000000000
  px          1    0.001774619  0.001774619   0.003549238   0.000000000
  py          1    0.000467714  0.000467714   0.000935427   0.000000000
  pz          1   -0.000792134 -0.000792134  -0.001584268   0.000000000
   sum over m      0.001450199  0.001450199   0.002900397   0.000000000
   sum over m+mul  1.685094051  1.685094051   3.370188101   0.000000000
  d3z^2-r^2   0    0.008521272  0.008521272   0.017042543   0.000000000
  dx^2-y^2    0    0.003593307  0.003593307   0.007186613   0.000000000
  dxy         0    0.010799212  0.010799212   0.021598425   0.000000000
  dxz         0    0.006819258  0.006819258   0.013638517   0.000000000
  dyz         0    0.004105828  0.004105828   0.008211656   0.000000000
   sum over m      0.033838877  0.033838877   0.067677754   0.000000000
   sum over m+mul  0.033838877  0.033838877   0.067677754   0.000000000

   17    C          Up spin      Down spin     Sum           Diff
            multiple
  s           0    0.574247593  0.574247593   1.148495187   0.000000000
   sum over m      0.574247593  0.574247593   1.148495187   0.000000000
  s           1    0.004058888  0.004058888   0.008117776   0.000000000
   sum over m      0.004058888  0.004058888   0.008117776   0.000000000
   sum over m+mul  0.578306482  0.578306482   1.156612963   0.000000000
  px          0    0.551193636  0.551193636   1.102387272   0.000000000
  py          0    0.422826349  0.422826349   0.845652698   0.000000000
  pz          0    0.493254127  0.493254127   0.986508254   0.000000000
   sum over m      1.467274112  1.467274112   2.934548224   0.000000000
  px          1    0.007619230  0.007619230   0.015238460   0.000000000
  py          1    0.017732928  0.017732928   0.035465856   0.000000000
  pz          1    0.009483876  0.009483876   0.018967751   0.000000000
   sum over m      0.034836034  0.034836034   0.069672067   0.000000000
   sum over m+mul  1.502110146  1.502110146   3.004220291   0.000000000
  d3z^2-r^2   0    0.013408872  0.013408872   0.026817744   0.000000000
  dx^2-y^2    0    0.021264442  0.021264442   0.042528884   0.000000000
  dxy         0    0.008830091  0.008830091   0.017660182   0.000000000
  dxz         0    0.012187802  0.012187802   0.024375603   0.000000000
  dyz         0    0.017635235  0.017635235   0.035270470   0.000000000
   sum over m      0.073326442  0.073326442   0.146652883   0.000000000
   sum over m+mul  0.073326442  0.073326442   0.146652883   0.000000000

   18    O          Up spin      Down spin     Sum           Diff
            multiple
  s           0    0.889111486  0.889111486   1.778222972   0.000000000
   sum over m      0.889111486  0.889111486   1.778222972   0.000000000
  s           1   -0.005153814 -0.005153814  -0.010307628   0.000000000
   sum over m     -0.005153814 -0.005153814  -0.010307628   0.000000000
   sum over m+mul  0.883957672  0.883957672   1.767915344   0.000000000
  px          0    0.928990861  0.928990861   1.857981722   0.000000000
  py          0    0.625175510  0.625175510   1.250351019   0.000000000
  pz          0    0.795870101  0.795870101   1.591740203   0.000000000
   sum over m      2.350036472  2.350036472   4.700072944   0.000000000
  px          1   -0.009640507 -0.009640507  -0.019281013   0.000000000
  py          1   -0.008880637 -0.008880637  -0.017761273   0.000000000
  pz          1   -0.006598344 -0.006598344  -0.013196689   0.000000000
   sum over m     -0.025119488 -0.025119488  -0.050238976   0.000000000
   sum over m+mul  2.324916984  2.324916984   4.649833969   0.000000000
  d3z^2-r^2   0    0.000080313  0.000080313   0.000160626   0.000000000
  dx^2-y^2    0   -0.001005788 -0.001005788  -0.002011577   0.000000000
  dxy         0   -0.000949788 -0.000949788  -0.001899575   0.000000000
  dxz         0    0.000035735  0.000035735   0.000071470   0.000000000
  dyz         0    0.001450365  0.001450365   0.002900730   0.000000000
   sum over m     -0.000389163 -0.000389163  -0.000778326   0.000000000
   sum over m+mul -0.000389163 -0.000389163  -0.000778326   0.000000000

   19    O          Up spin      Down spin     Sum           Diff
            multiple
  s           0    0.889808859  0.889808859   1.779617718   0.000000000
   sum over m      0.889808859  0.889808859   1.779617718   0.000000000
  s           1   -0.005790405 -0.005790405  -0.011580811   0.000000000
   sum over m     -0.005790405 -0.005790405  -0.011580811   0.000000000
   sum over m+mul  0.884018453  0.884018453   1.768036907   0.000000000
  px          0    0.816834777  0.816834777   1.633669553   0.000000000
  py          0    0.770286576  0.770286576   1.540573152   0.000000000
  pz          0    0.757464755  0.757464755   1.514929510   0.000000000
   sum over m      2.344586108  2.344586108   4.689172215   0.000000000
  px          1   -0.011327187 -0.011327187  -0.022654373   0.000000000
  py          1   -0.007626290 -0.007626290  -0.015252580   0.000000000
  pz          1   -0.008265167 -0.008265167  -0.016530333   0.000000000
   sum over m     -0.027218643 -0.027218643  -0.054437287   0.000000000
   sum over m+mul  2.317367464  2.317367464   4.634734929   0.000000000
  d3z^2-r^2   0   -0.001081443 -0.001081443  -0.002162885   0.000000000
  dx^2-y^2    0    0.000532626  0.000532626   0.001065252   0.000000000
  dxy         0    0.000077059  0.000077059   0.000154118   0.000000000
  dxz         0    0.000788404  0.000788404   0.001576808   0.000000000
  dyz         0    0.000040728  0.000040728   0.000081457   0.000000000
   sum over m      0.000357374  0.000357374   0.000714749   0.000000000
   sum over m+mul  0.000357374  0.000357374   0.000714749   0.000000000

   20    H          Up spin      Down spin     Sum           Diff
            multiple
  s           0    0.392900333  0.392900333   0.785800666   0.000000000
   sum over m      0.392900333  0.392900333   0.785800666   0.000000000
  s           1    0.016755611  0.016755611   0.033511222   0.000000000
   sum over m      0.016755611  0.016755611   0.033511222   0.000000000
   sum over m+mul  0.409655944  0.409655944   0.819311889   0.000000000

   21    H          Up spin      Down spin     Sum           Diff
            multiple
  s           0    0.379823564  0.379823564   0.759647129   0.000000000
   sum over m      0.379823564  0.379823564   0.759647129   0.000000000
  s           1    0.017412995  0.017412995   0.034825990   0.000000000
   sum over m      0.017412995  0.017412995   0.034825990   0.000000000
   sum over m+mul  0.397236559  0.397236559   0.794473119   0.000000000

   22    H          Up spin      Down spin     Sum           Diff
            multiple
  s           0    0.394338315  0.394338315   0.788676630   0.000000000
   sum over m      0.394338315  0.394338315   0.788676630   0.000000000
  s           1    0.016150024  0.016150024   0.032300048   0.000000000
   sum over m      0.016150024  0.016150024   0.032300048   0.000000000
   sum over m+mul  0.410488339  0.410488339   0.820976679   0.000000000

   23    H          Up spin      Down spin     Sum           Diff
            multiple
  s           0    0.294344557  0.294344557   0.588689114   0.000000000
   sum over m      0.294344557  0.294344557   0.588689114   0.000000000
  s           1    0.030678939  0.030678939   0.061357877   0.000000000
   sum over m      0.030678939  0.030678939   0.061357877   0.000000000
   sum over m+mul  0.325023496  0.325023496   0.650046991   0.000000000

   24    O          Up spin      Down spin     Sum           Diff
            multiple
  s           0    0.906641877  0.906641877   1.813283753   0.000000000
   sum over m      0.906641877  0.906641877   1.813283753   0.000000000
  s           1   -0.001898171 -0.001898171  -0.003796341   0.000000000
   sum over m     -0.001898171 -0.001898171  -0.003796341   0.000000000
   sum over m+mul  0.904743706  0.904743706   1.809487412   0.000000000
  px          0    0.685034056  0.685034056   1.370068111   0.000000000
  py          0    0.711544059  0.711544059   1.423088118   0.000000000
  pz          0    0.850997579  0.850997579   1.701995158   0.000000000
   sum over m      2.247575694  2.247575694   4.495151388   0.000000000
  px          1    0.001267721  0.001267721   0.002535443   0.000000000
  py          1   -0.008204686 -0.008204686  -0.016409372   0.000000000
  pz          1   -0.003287369 -0.003287369  -0.006574738   0.000000000
   sum over m     -0.010224334 -0.010224334  -0.020448668   0.000000000
   sum over m+mul  2.237351360  2.237351360   4.474702720   0.000000000
  d3z^2-r^2   0    0.001136979  0.001136979   0.002273957   0.000000000
  dx^2-y^2    0    0.005022357  0.005022357   0.010044713   0.000000000
  dxy         0    0.000507081  0.000507081   0.001014162   0.000000000
  dxz         0    0.002158185  0.002158185   0.004316370   0.000000000
  dyz         0   -0.000151057 -0.000151057  -0.000302113   0.000000000
   sum over m      0.008673545  0.008673545   0.017347090   0.000000000
   sum over m+mul  0.008673545  0.008673545   0.017347090   0.000000000

   25    H          Up spin      Down spin     Sum           Diff
            multiple
  s           0    0.377163771  0.377163771   0.754327541   0.000000000
   sum over m      0.377163771  0.377163771   0.754327541   0.000000000
  s           1    0.017512322  0.017512322   0.035024645   0.000000000
   sum over m      0.017512322  0.017512322   0.035024645   0.000000000
   sum over m+mul  0.394676093  0.394676093   0.789352186   0.000000000

   26    H          Up spin      Down spin     Sum           Diff
            multiple
  s           0    0.297532457  0.297532457   0.595064914   0.000000000
   sum over m      0.297532457  0.297532457   0.595064914   0.000000000
  s           1    0.029666449  0.029666449   0.059332897   0.000000000
   sum over m      0.029666449  0.029666449   0.059332897   0.000000000
   sum over m+mul  0.327198906  0.327198906   0.654397812   0.000000000

   27    H          Up spin      Down spin     Sum           Diff
            multiple
  s           0    0.375907313  0.375907313   0.751814625   0.000000000
   sum over m      0.375907313  0.375907313   0.751814625   0.000000000
  s           1    0.015807613  0.015807613   0.031615226   0.000000000
   sum over m      0.015807613  0.015807613   0.031615226   0.000000000
   sum over m+mul  0.391714926  0.391714926   0.783429851   0.000000000

   28    H          Up spin      Down spin     Sum           Diff
            multiple
  s           0    0.279719742  0.279719742   0.559439484   0.000000000
   sum over m      0.279719742  0.279719742   0.559439484   0.000000000
  s           1    0.030830935  0.030830935   0.061661871   0.000000000
   sum over m      0.030830935  0.030830935   0.061661871   0.000000000
   sum over m+mul  0.310550677  0.310550677   0.621101355   0.000000000

   29    H          Up spin      Down spin     Sum           Diff
            multiple
  s           0    0.259511917  0.259511917   0.519023834   0.000000000
   sum over m      0.259511917  0.259511917   0.519023834   0.000000000
  s           1    0.035476184  0.035476184   0.070952368   0.000000000
   sum over m      0.035476184  0.035476184   0.070952368   0.000000000
   sum over m+mul  0.294988101  0.294988101   0.589976202   0.000000000

   30    H          Up spin      Down spin     Sum           Diff
            multiple
  s           0    0.390151095  0.390151095   0.780302190   0.000000000
   sum over m      0.390151095  0.390151095   0.780302190   0.000000000
  s           1    0.014559732  0.014559732   0.029119463   0.000000000
   sum over m      0.014559732  0.014559732   0.029119463   0.000000000
   sum over m+mul  0.404710827  0.404710827   0.809421653   0.000000000

   31    O          Up spin      Down spin     Sum           Diff
            multiple
  s           0    0.904087211  0.904087211   1.808174421   0.000000000
   sum over m      0.904087211  0.904087211   1.808174421   0.000000000
  s           1   -0.002514927 -0.002514927  -0.005029854   0.000000000
   sum over m     -0.002514927 -0.002514927  -0.005029854   0.000000000
   sum over m+mul  0.901572284  0.901572284   1.803144568   0.000000000
  px          0    0.823107321  0.823107321   1.646214643   0.000000000
  py          0    0.718410278  0.718410278   1.436820556   0.000000000
  pz          0    0.733439281  0.733439281   1.466878562   0.000000000
   sum over m      2.274956880  2.274956880   4.549913760   0.000000000
  px          1   -0.007225881 -0.007225881  -0.014451761   0.000000000
  py          1    0.000410352  0.000410352   0.000820704   0.000000000
  pz          1   -0.007468310 -0.007468310  -0.014936620   0.000000000
   sum over m     -0.014283839 -0.014283839  -0.028567678   0.000000000
   sum over m+mul  2.260673041  2.260673041   4.521346083   0.000000000
  d3z^2-r^2   0    0.000282617  0.000282617   0.000565233   0.000000000
  dx^2-y^2    0    0.002807464  0.002807464   0.005614928   0.000000000
  dxy         0    0.000761954  0.000761954   0.001523908   0.000000000
  dxz         0   -0.000053259 -0.000053259  -0.000106518   0.000000000
  dyz         0    0.002634705  0.002634705   0.005269409   0.000000000
   sum over m      0.006433481  0.006433481   0.012866961   0.000000000
   sum over m+mul  0.006433481  0.006433481   0.012866961   0.000000000

   32    H          Up spin      Down spin     Sum           Diff
            multiple
  s           0    0.386918783  0.386918783   0.773837567   0.000000000
   sum over m      0.386918783  0.386918783   0.773837567   0.000000000
  s           1    0.014042161  0.014042161   0.028084323   0.000000000
   sum over m      0.014042161  0.014042161   0.028084323   0.000000000
   sum over m+mul  0.400960945  0.400960945   0.801921889   0.000000000

   33    H          Up spin      Down spin     Sum           Diff
            multiple
  s           0    0.297526393  0.297526393   0.595052785   0.000000000
   sum over m      0.297526393  0.297526393   0.595052785   0.000000000
  s           1    0.032931781  0.032931781   0.065863563   0.000000000
   sum over m      0.032931781  0.032931781   0.065863563   0.000000000
   sum over m+mul  0.330458174  0.330458174   0.660916348   0.000000000

   34    H          Up spin      Down spin     Sum           Diff
            multiple
  s           0    0.381909880  0.381909880   0.763819761   0.000000000
   sum over m      0.381909880  0.381909880   0.763819761   0.000000000
  s           1    0.016179143  0.016179143   0.032358286   0.000000000
   sum over m      0.016179143  0.016179143   0.032358286   0.000000000
   sum over m+mul  0.398089023  0.398089023   0.796178047   0.000000000

   35    H          Up spin      Down spin     Sum           Diff
            multiple
  s           0    0.371354692  0.371354692   0.742709384   0.000000000
   sum over m      0.371354692  0.371354692   0.742709384   0.000000000
  s           1    0.018190680  0.018190680   0.036381360   0.000000000
   sum over m      0.018190680  0.018190680   0.036381360   0.000000000
   sum over m+mul  0.389545372  0.389545372   0.779090744   0.000000000

   36    H          Up spin      Down spin     Sum           Diff
            multiple
  s           0    0.385560513  0.385560513   0.771121027   0.000000000
   sum over m      0.385560513  0.385560513   0.771121027   0.000000000
  s           1    0.015689013  0.015689013   0.031378026   0.000000000
   sum over m      0.015689013  0.015689013   0.031378026   0.000000000
   sum over m+mul  0.401249527  0.401249527   0.802499053   0.000000000

   37    H          Up spin      Down spin     Sum           Diff
            multiple
  s           0    0.417442215  0.417442215   0.834884430   0.000000000
   sum over m      0.417442215  0.417442215   0.834884430   0.000000000
  s           1    0.011613069  0.011613069   0.023226138   0.000000000
   sum over m      0.011613069  0.011613069   0.023226138   0.000000000
   sum over m+mul  0.429055284  0.429055284   0.858110568   0.000000000

   38    H          Up spin      Down spin     Sum           Diff
            multiple
  s           0    0.391496914  0.391496914   0.782993828   0.000000000
   sum over m      0.391496914  0.391496914   0.782993828   0.000000000
  s           1    0.014042463  0.014042463   0.028084927   0.000000000
   sum over m      0.014042463  0.014042463   0.028084927   0.000000000
   sum over m+mul  0.405539377  0.405539377   0.811078755   0.000000000

   39    H          Up spin      Down spin     Sum           Diff
            multiple
  s           0    0.290847899  0.290847899   0.581695797   0.000000000
   sum over m      0.290847899  0.290847899   0.581695797   0.000000000
  s           1    0.030171067  0.030171067   0.060342133   0.000000000
   sum over m      0.030171067  0.030171067   0.060342133   0.000000000
   sum over m+mul  0.321018965  0.321018965   0.642037931   0.000000000

   40    H          Up spin      Down spin     Sum           Diff
            multiple
  s           0    0.299692393  0.299692393   0.599384786   0.000000000
   sum over m      0.299692393  0.299692393   0.599384786   0.000000000
  s           1    0.028829937  0.028829937   0.057659875   0.000000000
   sum over m      0.028829937  0.028829937   0.057659875   0.000000000
   sum over m+mul  0.328522331  0.328522331   0.657044661   0.000000000

***********************************************************
***********************************************************
                    Dipole moment (Debye)                  
***********************************************************
***********************************************************

 Absolute D        6.72875690

                      Dx                Dy                Dz
 Total             -6.17466039        2.51759227       -0.90081498
 Core             200.96219539       -7.13000025      -48.68155280
 Electron        -207.13685578        9.64759252       47.78073782
 Back ground       -0.00000000       -0.00000000        0.00000000

***********************************************************
***********************************************************
       xyz-coordinates (Ang) and forces (Hartree/Bohr)  
***********************************************************
***********************************************************

<coordinates.forces
  40
    1     C     2.58239   0.08226   0.27598  -0.006248592129  0.005090743132 -0.015420564108
    2     C     2.37330  -1.13864   1.19404   0.001758806855  0.002601561657  0.000310747997
    3     C     1.02528  -1.04630   1.91580  -0.002541678730  0.007826964944 -0.002332018229
    4     O     1.49476   0.41741  -0.55103  -0.002430455908 -0.028139504200 -0.022375210113
    5     O     2.73737   1.29041   0.95988  -0.006429055616  0.007605938307  0.007538529199
    6     C     3.78664  -0.21820  -0.66960   0.019677992582  0.000678694867 -0.011543090784
    7     C    -0.09455  -0.88099   0.85298  -0.004179592439  0.001754294669  0.002539838481
    8     O     0.81881  -2.14230   2.76961   0.002096437571  0.010419951272  0.024904311556
    9     C     0.18986   0.40643   0.03230  -0.014333941809  0.004089829057 -0.000045248119
   10     O     3.64303  -0.76598  -1.88783   0.000515188648 -0.006152225244 -0.005044990893
   11     N    -1.43959  -0.76323   1.47317  -0.001368326053 -0.028694945927 -0.006386498173
   12     C    -0.79483   0.55542  -1.16477  -0.001607695848  0.011704798046  0.011747247319
   13     C    -2.20147  -1.93362   1.78598   0.017097549619  0.024464796672 -0.009510292412
   14     C    -0.69904   1.97017  -1.81690  -0.006349170942 -0.015839406021 -0.005514036272
   15     O    -0.49217  -0.47384  -2.08676   0.019685813865 -0.013811333386  0.012961169951
   16     C    -3.38021  -1.73494   2.70334  -0.004439086237  0.003092967966  0.003064669509
   17     C    -1.69226   2.08487  -3.00129   0.007188924104 -0.013079212294  0.009199575778
   18     O    -1.04367   2.90345  -0.81217  -0.008028517219 -0.019355897375  0.019941507073
   19     O    -1.33030   3.22988  -3.73491   0.025008877587  0.008912101759  0.013826661341
   20     H     2.42517  -2.06889   0.59160  -0.002380992662  0.003386361230  0.001256168069
   21     H     3.20054  -1.20643   1.92821  -0.003346154539  0.001877375115 -0.003490944891
   22     H     1.02645  -0.19369   2.63649   0.000225675292 -0.000645998572 -0.011696637592
   23     H     3.58152   1.28733   1.39261   0.032647925631  0.001261312713  0.016639603300
   24     O     4.95226  -0.03351  -0.38856   0.013155758209  0.015328034598  0.036364226846
   25     H    -0.10202  -1.76681   0.16665  -0.002277137983  0.009441728824  0.008467506007
   26     H     0.73518  -2.92164   2.23173  -0.005313956979 -0.027049135089 -0.016645950686
   27     H     0.10755   1.30400   0.69482  -0.003572670686 -0.007520696336 -0.005534010966
   28     H     2.72512  -0.85076  -2.11919  -0.039177395792 -0.001109549143 -0.008093180578
   29     H    -1.47148  -0.06566   2.18654  -0.003177162472  0.017394169614  0.014053171858
   30     H    -1.83652   0.40001  -0.78638   0.008355090689  0.006023356960  0.001834766484
   31     O    -1.91764  -2.99969   1.26145  -0.000019135706 -0.021005853630 -0.004745118984
   32     H     0.34577   2.15463  -2.17050  -0.008901826725 -0.004648549820 -0.001238541359
   33     H    -0.99769  -0.29067  -2.87199  -0.013789318202  0.000552925433 -0.021805411407
   34     H    -4.03439  -0.92721   2.34840   0.000893372013  0.002221937789  0.000037817845
   35     H    -3.98961  -2.64557   2.77728   0.004373479384 -0.000551531667 -0.002687730584
   36     H    -3.04806  -1.47747   3.71823   0.001166647094  0.001627006748  0.001016220815
   37     H    -1.62782   1.18453  -3.65063  -0.000454691934  0.000961208325 -0.001074118530
   38     H    -2.73748   2.15752  -2.64091   0.003518692971 -0.001867183194  0.004769847901
   39     H    -0.81495   3.75581  -1.15734   0.006468250776  0.030645133853 -0.010395081505
   40     H    -2.00525   3.36192  -4.38635  -0.021935309772  0.008746799415 -0.024040477381
coordinates.forces>

***********************************************************
***********************************************************
       Fractional coordinates of the final structure       
***********************************************************
***********************************************************

     1      C     0.16139931250000   0.00587592857143   0.01839873333333
     2      C     0.14833137500000   0.91866850000000   0.07960300000000
     3      C     0.06407993750000   0.92526407142857   0.12772033333333
     4      O     0.09342250000000   0.02981514285714   0.96326493333333
     5      O     0.17108531250000   0.09217207142857   0.06399206666667
     6      C     0.23666512500000   0.98441457142857   0.95536013333333
     7      C     0.99409075000000   0.93707185714286   0.05686520000000
     8      O     0.05117562500000   0.84697864285714   0.18464046666667
     9      C     0.01186625000000   0.02903050000000   0.00215353333333
    10      O     0.22768943750000   0.94528685714286   0.87414493333333
    11      N     0.91002543750000   0.94548378571429   0.09821133333333
    12      C     0.95032312500000   0.03967285714286   0.92234833333333
    13      C     0.86240787500000   0.86188414285714   0.11906526666667
    14      C     0.95631018750000   0.14072657142857   0.87887300000000
    15      O     0.96923968750000   0.96615442857143   0.86088280000000
    16      C     0.78873675000000   0.87607557142857   0.18022280000000
    17      C     0.89423350000000   0.14891964285714   0.79991426666667
    18      O     0.93477062500000   0.20738907142857   0.94585546666667
    19      O     0.91685600000000   0.23070564285714   0.75100600000000
    20      H     0.15157337500000   0.85222185714286   0.03944026666667
    21      H     0.20003406250000   0.91382607142857   0.12854720000000
    22      H     0.06415300000000   0.98616471428571   0.17576573333333
    23      H     0.22384475000000   0.09195200000000   0.09284066666667
    24      O     0.30951600000000   0.99760614285714   0.97409626666667
    25      H     0.99362362500000   0.87379928571429   0.01111000000000
    26      H     0.04594893750000   0.79131121428571   0.14878173333333
    27      H     0.00672181250000   0.09314271428571   0.04632153333333
    28      H     0.17032031250000   0.93923164285714   0.85872080000000
    29      H     0.90803281250000   0.99530992857143   0.14576920000000
    30      H     0.88521731250000   0.02857242857143   0.94757440000000
    31      O     0.88014756250000   0.78573635714286   0.08409700000000
    32      H     0.02161087500000   0.15390250000000   0.85529980000000
    33      H     0.93764443750000   0.97923792857143   0.80853393333333
    34      H     0.74785062500000   0.93377078571429   0.15656020000000
    35      H     0.75064918750000   0.81103092857143   0.18515186666667
    36      H     0.80949631250000   0.89446671428571   0.24788233333333
    37      H     0.89826137500000   0.08460957142857   0.75662433333333
    38      H     0.82890743750000   0.15410835714286   0.82393933333333
    39      H     0.94906543750000   0.26827200000000   0.92284426666667
    40      H     0.87467212500000   0.24013707142857   0.70757646666667

***********************************************************
***********************************************************
               Computational Time (second)                 
***********************************************************
***********************************************************

   Elapsed.Time.        41.801

                               Min_ID   Min_Time       Max_ID   Max_Time
   Total Computational Time =    13       41.393          0       41.801
   readfile                 =    15        5.402          0        5.408
   truncation               =     0        0.000          0        0.000
   MD_pac                   =     0        0.000          6        0.001
   OutData                  =    11        2.307          0        2.710
   DFT                      =     5       32.775          8       32.883

*** In DFT ***

   Set_OLP_Kin              =     8        0.439          7        1.244
   Set_Nonlocal             =     7        1.798          8        2.646
   Set_ProExpn_VNA          =    14        2.518          7        2.662
   Set_Hamiltonian          =     4       12.104          1       12.105
   Poisson                  =     5        0.221          2        0.230
   Diagonalization          =     4        0.806         14        0.809
   Mixing_DM                =    12        1.588          1        1.589
   Force                    =     8        2.302          1        2.302
   Total_Energy             =     7        2.067          0        2.067
   Set_Aden_Grid            =     7        0.070         14        0.215
   Set_Orbitals_Grid        =     8        0.317          5        1.080
   Set_Density_Grid         =    13        6.493         10        6.584
   RestartFileDFT           =    14        0.025          5        0.030
   Mulliken_Charge          =     6        0.007         11        0.021
   FFT(2D)_Density          =     4        0.240         11        0.240
   Others                   =     5        0.040          8        0.788
