***********************************************************
***********************************************************

  This calculation was performed by OpenMX Ver. 3.7.33
  using 16 MPI processes and 1 OpenMP threads.

  Thu Mar 31 09:38:48 2016

***********************************************************
***********************************************************

#
# Find maximally localized wannier function from six molecular orbitals of Benezene  
# 
  
#
#
#  SCF calculation of a Benzene molecule by the LDA
#  and the cluster method
#

System.CurrrentDirectory         ./    # default=./
System.Name                     Benzene 
level.of.stdout                   1    # default=1 (1-3)
level.of.fileout                  1    # default=1 (0-2)

#
# Definition of Atomic Species
#

Species.Number       4
<Definition.of.Atomic.Species
 H   H5.0-s2p1        H_CA13
 C   C5.0-s2p2d1      C_CA13
Cpro C5.0-s1p1        C_CA13
Hpro H5.0-s1          H_CA13
Definition.of.Atomic.Species>

#
# Atoms
#

Atoms.Number        12
toms.SpeciesAndCoordinates.Unit   Ang # Ang|AU
<Atoms.SpeciesAndCoordinates
   1   C      4.60890000000000    6.00000000000000    6.00000000000000      2.00      2.00
   2   C      5.30445000000000    7.20473000000000    6.00000000000000      2.00      2.00
   3   C      6.69555000000000    7.20473000000000    6.00000000000000      2.00      2.00
   4   C      7.39110000000000    6.00000000000000    6.00000000000000      2.00      2.00
   5   C      6.69555000000000    4.79527000000000    6.00000000000000      2.00      2.00
   6   C      5.30445000000000    4.79527000000000    6.00000000000000      2.00      2.00
   7   H      3.51418000000000    6.00000000000000    6.00000000000000      0.50      0.50
   8   H      8.48582000000000    6.00000000000000    6.00000000000000      0.50      0.50
   9   H      4.75709000000000    8.15278500000000    6.00000000000000      0.50      0.50
  10   H      7.24291000000000    8.15278500000000    6.00000000000000      0.50      0.50
  11   H      7.24291000000000    3.84721500000000    6.00000000000000      0.50      0.50
  12   H      4.75709000000000    3.84721500000000    6.00000000000000      0.50      0.50
Atoms.SpeciesAndCoordinates>
Atoms.UnitVectors.Unit             Ang # Ang|AU
<Atoms.UnitVectors
  12.0   0.0   0.0
   0.0  12.0   0.0
   0.0   0.0  12.0
Atoms.UnitVectors>

#
# SCF or Electronic System
#

scf.XcType                 LSDA-CA     # LDA|LSDA-CA|LSDA-PW|GGA-PBE
scf.SpinPolarization        off        # On|Off|NC
scf.SpinOrbit.Coupling      off        # On|Off, default=off       
scf.ElectronicTemperature  300.0       # default=300 (K)
scf.energycutoff           350.0       # default=150 (Ry)
scf.maxIter                  50        # default=40
scf.EigenvalueSolver       Cluster     # DC|GDC|Cluster|Band
scf.Kgrid                  1 1 1       # means n1 x n2 x n3
scf.Generation.Kpoint       regular    # regular|MP
scf.Mixing.Type           rmm-diisk    # Simple|Rmm-Diis|Gr-Pulay|Kerker|Rmm-Diisk
scf.Init.Mixing.Weight     0.20        # default=0.30 
scf.Min.Mixing.Weight      0.001       # default=0.001 
scf.Max.Mixing.Weight      0.500       # default=0.40 
scf.Mixing.History          7          # default=5
scf.Mixing.StartPulay       7          # default=6
scf.Mixing.EveryPulay       1          # default=6
scf.criterion             1.0e-7       # default=1.0e-6 (Hartree) 
scf.lapack.dste            dstevx      # dstevx|dstedc|dstegr,default=dstevx

#
# 1D FFT
#

1DFFT.NumGridK             900         # default=900
1DFFT.NumGridR             900         # default=900
1DFFT.EnergyCutoff        3600.0       # default=3600 (Ry)

#
# Orbital Optimization
#

orbitalOpt.Method           Off        # Off|Unrestricted|Restricted|species
orbitalOpt.InitCoes     Symmetrical    # Symmetrical|Free
orbitalOpt.initPrefactor   0.1         # default=0.1
orbitalOpt.scf.maxIter      12         # default=12
orbitalOpt.MD.maxIter        2         # default=5
orbitalOpt.per.MDIter        2         # default=1000000
orbitalOpt.criterion      1.0e-4       # default=1.0e-4 (Hartree/borh)

#
# output of contracted orbitals
#

CntOrb.fileout               off       # on|off, default=off
Num.CntOrb.Atoms              1        # default=1
<Atoms.Cont.Orbitals
 1
Atoms.Cont.Orbitals>
 
#
# SCF Order-N
#

orderN.HoppingRanges        4.0        # default=5.0 (Ang) 
orderN.NumHoppings           1         # default=2

#
# MD or Geometry Optimization
#

MD.Type                      opt       # Nomd|Constant_Energy_MD|Opt
MD.maxIter                    1        # default=1
MD.TimeStep                   1        # default=0.5 (fs)
MD.Opt.criterion         1.0e-5        # default=1.0e-4 (Hartree/bohr)

#
# MO output
#

MO.fileout                       off   # on|off
num.HOMOs                         5    # default=2
num.LUMOs                         6    # default=2

MO.Nkpoint                        1    # default=1 
<MO.kpoint
  0.0  0.0  0.0
MO.kpoint>

#
# DOS and PDOS
#

Dos.fileout                  off        # on|off, default=off
Dos.Erange              -20.0  20.0    # default = -20 20 
Dos.Kgrid                1  1  1       # default = Kgrid1 Kgrid2 Kgrid3

HS.fileout               off     # on|off, default=off

Band.dispersion              on         # on|off, default=off
# if <Band.KPath.UnitCell does not exist,
#     the reciprical lattice vector is employed.
Band.Nkpath                1
<Band.kpath
   2  0.0 0.0 0.0   0.0 0.0 0.5  g X
Band.kpath>


Wannier.Func.Calc        on  
Wannier.Func.Num          6 
Wannier.Outer.Window.Bottom -6.0
Wannier.Outer.Window.Top     6.8 
Wannier.Inner.Window.Bottom   0.0 
Wannier.Inner.Window.Top       0.0 
Wannier.Initial.Guess         on  
Wannier.Initial.Projectors.Unit ANG     # AU, ANG or FRAC 
<Wannier.Initial.Projectors
Cpro-pz  4.60890000    6.000000    6.00000000            0.0 0.0 1.0 1.0 0.0 0.0 
Cpro-pz  5.30445000    7.204730    6.00000000000000      0.0 0.0 1.0 1.0 0.0 0.0
Cpro-pz  6.69555000    7.204730    6.00000000000000      0.0 0.0 1.0 1.0 0.0 0.0 
Cpro-pz  7.3911000     6.000000    6.00000000000000      0.0 0.0 1.0 1.0 0.0 0.0 
Cpro-pz  6.69555000    4.795270    6.00000000000000      0.0 0.0 1.0 1.0 0.0 0.0  
Cpro-pz  5.30445000    4.795270    6.00000000000000      0.0 0.0 1.0 1.0 0.0 0.0  
Wannier.Initial.Projectors>
# Si1-s  1.275 1.275 1.275  0.0 0.0 1.0    1.0 0.0 0.0 
# Si1-s  -1.275 -1.275 1.275 0.0 0.0 1.0    1.0 0.0 0.0 
# Si1-s  -1.275 1.275 -1.275 0.0 0.0 1.0    1.0 0.0 0.0 
# Si1-s  1.275 -1.275 -1.275 0.0 0.0 1.0    1.0 0.0 0.0 
Wannier.Kgrid   1 1 1
Wannier.MaxShells   12 


Wannier.Interpolated.Bands              on   # on|off, default=off

Wannier.Function.Plot                   on   # on|off, default=off
Wannier.Function.Plot.SuperCells        0 0 0   # default=0 0 0 

Wannier.Dis.Mixing.Para                 0.5
Wannier.Dis.Conv.Criterion               1e-11
Wannier.Dis.SCF.Max.Steps               38000 

Wannier.Minimizing.Max.Steps            3000 
Wannier.Minimizing.Scheme               2
Wannier.Minimizing.StepLength  2.0 
Wannier.Minimizing.Secant.Steps         5
Wannier.Minimizing.Secant.StepLength    2.0 
Wannier.Minimizing.Conv.Criterion        1e-11 


Wannier.Readin.Overlap.Matrix            off    
scf.restart    off



***********************************************************
***********************************************************

  Required cutoff energy (Ryd) for 3D-grids = 350.0000
      Used cutoff energy (Ryd) for 3D-grids = 349.7898, 349.7898, 349.7898
  Num. of grids of a-, b-, and c-axes = 135, 135, 135

  Num.Grid1.   135
  Num.Grid2.   135
  Num.Grid3.   135


  Cell_Volume =  11661.119488115972 (Bohr^3)
  GridVol     =      0.004739569979 (Bohr^3)
  Cell vectors (bohr) of the grid cell (gtv)
    gtv_a =  0.167975643429,  0.000000000000,  0.000000000000
    gtv_b =  0.000000000000,  0.167975643429,  0.000000000000
    gtv_c =  0.000000000000,  0.000000000000,  0.167975643429
    |gtv_a| =  0.167975643429
    |gtv_b| =  0.167975643429
    |gtv_c| =  0.167975643429

***********************************************************
***********************************************************


***********************************************************
***********************************************************
                  SCF history at MD= 1                    
***********************************************************
***********************************************************

   SCF=   1  NormRD=  1.000000000000  Uele= -12.264526409076
   SCF=   2  NormRD=  2.476662200147  Uele= -12.918574139237
   SCF=   3  NormRD=  2.388964983737  Uele= -12.949392957392
   SCF=   4  NormRD=  1.217571140359  Uele= -13.359727472938
   SCF=   5  NormRD=  0.566312262145  Uele= -13.286400366754
   SCF=   6  NormRD=  0.277616331226  Uele= -13.150911516234
   SCF=   7  NormRD=  0.137217667587  Uele= -13.072009698321
   SCF=   8  NormRD=  0.009012185564  Uele= -12.965996317871
   SCF=   9  NormRD=  0.002932603943  Uele= -12.952221758629
   SCF=  10  NormRD=  0.000649727845  Uele= -12.946281753988
   SCF=  11  NormRD=  0.000166101157  Uele= -12.946742317725
   SCF=  12  NormRD=  0.000019624073  Uele= -12.946621167866
   SCF=  13  NormRD=  0.000004512819  Uele= -12.946608134992
   SCF=  14  NormRD=  0.000004718503  Uele= -12.946609036433
   SCF=  15  NormRD=  0.000000524833  Uele= -12.946608488184
   SCF=  16  NormRD=  0.000000084772  Uele= -12.946608550762

*******************************************************
        Total energy (Hartree) at MD = 1        
*******************************************************

  Uele.        -12.946608550762

  Ukin.         28.151758011403
  UH0.        -132.318527691227
  UH1.           0.150542091978
  Una.         -21.477462515533
  Unl.          -2.541766897809
  Uxc0.         -6.748353570577
  Uxc1.         -6.748353570577
  Ucore.       103.181215952872
  Uhub.          0.000000000000
  Ucs.           0.000000000000
  Uzs.           0.000000000000
  Uzo.           0.000000000000
  Uef.           0.000000000000
  UvdW           0.000000000000
  Utot.        -38.350948189471

  Note:

  Utot = Ukin+UH0+UH1+Una+Unl+Uxc0+Uxc1+Ucore+Uhub+Ucs+Uzs+Uzo+Uef+UvdW

  Uene:   band energy
  Ukin:   kinetic energy
  UH0:    electric part of screened Coulomb energy
  UH1:    difference electron-electron Coulomb energy
  Una:    neutral atom potential energy
  Unl:    non-local potential energy
  Uxc0:   exchange-correlation energy for alpha spin
  Uxc1:   exchange-correlation energy for beta spin
  Ucore:  core-core Coulomb energy
  Uhub:   LDA+U energy
  Ucs:    constraint energy for spin orientation
  Uzs:    Zeeman term for spin magnetic moment
  Uzo:    Zeeman term for orbital magnetic moment
  Uef:    electric energy by electric field
  UvdW:   semi-empirical vdW energy 

  (see also PRB 72, 045121(2005) for the energy contributions)



  Chemical potential (Hartree)      -0.117187500000

***********************************************************
***********************************************************
           Eigenvalues (Hartree) for SCF KS-eq.           
***********************************************************
***********************************************************

   Chemical Potential (Hartree) =  -0.11718750000000
   Number of States             =  30.00000000000000
   HOMO = 15
   Eigenvalues
                Up-spin            Down-spin
          1  -0.76792695807103  -0.76792695807103
          2  -0.66360642062413  -0.66360642062413
          3  -0.66360373141682  -0.66360373141682
          4  -0.53108534803077  -0.53108534803077
          5  -0.53108118794481  -0.53108118794481
          6  -0.46304124046061  -0.46304124046061
          7  -0.39445576279104  -0.39445576279104
          8  -0.39181557250898  -0.39181557250898
          9  -0.36267972688339  -0.36267972688339
         10  -0.36267518265002  -0.36267518265002
         11  -0.32184444744693  -0.32184444744693
         12  -0.28931096711321  -0.28931096711321
         13  -0.28930897246565  -0.28930897246565
         14  -0.22043532018596  -0.22043532018596
         15  -0.22043343656195  -0.22043343656195
         16  -0.02587596847306  -0.02587596847306
         17  -0.02587243846301  -0.02587243846301
         18   0.07517828494264   0.07517828494264
         19   0.11985529498177   0.11985529498177
         20   0.13089267843411   0.13089267843411
         21   0.13091215811421   0.13091215811421
         22   0.15286623889444   0.15286623889444
         23   0.15288229996281   0.15288229996281
         24   0.18285124216586   0.18285124216586
         25   0.23685322090934   0.23685322090934
         26   0.25161212748496   0.25161212748496
         27   0.25161632145464   0.25161632145464
         28   0.26345097392775   0.26345097392775
         29   0.27432311498363   0.27432311498363
         30   0.27432882608776   0.27432882608776
         31   0.33601001831914   0.33601001831914
         32   0.33602112550962   0.33602112550962
         33   0.40146755768733   0.40146755768733
         34   0.43532026100611   0.43532026100611
         35   0.43533426841822   0.43533426841822
         36   0.44963164650724   0.44963164650724
         37   0.44963569375646   0.44963569375646
         38   0.46425318123545   0.46425318123545
         39   0.48587808333269   0.48587808333269
         40   0.48588630765368   0.48588630765368
         41   0.49337918928649   0.49337918928649
         42   0.50342360371234   0.50342360371234
         43   0.54588174363180   0.54588174363180
         44   0.56669538885477   0.56669538885477
         45   0.61545712259572   0.61545712259572
         46   0.61546315142548   0.61546315142548
         47   0.70477210757676   0.70477210757676
         48   0.70946245722724   0.70946245722724
         49   0.70946409198894   0.70946409198894
         50   0.72261185635686   0.72261185635686
         51   0.72261442248858   0.72261442248858
         52   0.78285787506747   0.78285787506747
         53   0.81215957430071   0.81215957430071
         54   0.81216002709995   0.81216002709995
         55   0.83947326166078   0.83947326166078
         56   0.85303192992340   0.85303192992340
         57   0.87892838850607   0.87892838850607
         58   0.87893785416225   0.87893785416225
         59   0.90364656177491   0.90364656177491
         60   0.90560471724604   0.90560471724604
         61   0.94173076014307   0.94173076014307
         62   0.94173154549523   0.94173154549523
         63   0.97237754551182   0.97237754551182
         64   0.99219584075610   0.99219584075610
         65   0.99221535833195   0.99221535833195
         66   1.08819967847210   1.08819967847210
         67   1.08820467490438   1.08820467490438
         68   1.12555102544434   1.12555102544434
         69   1.12557897145527   1.12557897145527
         70   1.14188273200968   1.14188273200968
         71   1.16984304646327   1.16984304646327
         72   1.16984868849032   1.16984868849032
         73   1.35338614089824   1.35338614089824
         74   1.54367527677334   1.54367527677334
         75   1.54368147029124   1.54368147029124
         76   1.57495040108261   1.57495040108261
         77   1.57505092341639   1.57505092341639
         78   1.59115455889038   1.59115455889038
         79   1.59115980948374   1.59115980948374
         80   1.67800069426628   1.67800069426628
         81   1.67800518463825   1.67800518463825
         82   1.68748455961252   1.68748455961252
         83   1.68748618275184   1.68748618275184
         84   1.77174103149446   1.77174103149446
         85   1.77174515500725   1.77174515500725
         86   1.88936198987684   1.88936198987684
         87   1.98516597725364   1.98516597725364
         88   2.01962620339547   2.01962620339547
         89   2.05561980883270   2.05561980883270
         90   2.05563053091216   2.05563053091216
         91   2.13536346006064   2.13536346006064
         92   2.13536689091751   2.13536689091751
         93   2.14557294304760   2.14557294304760
         94   2.14558263470451   2.14558263470451
         95   2.20657059404883   2.20657059404883
         96   2.21532711531706   2.21532711531706
         97   2.29402689068182   2.29402689068182
         98   2.46639084567698   2.46639084567698
         99   2.46641748332099   2.46641748332099
        100   2.67035828977357   2.67035828977357
        101   2.67040430692624   2.67040430692624
        102   2.96128333067165   2.96128333067165
        103   2.96130944162125   2.96130944162125
        104   3.11072924234072   3.11072924234072
        105   3.11075833371983   3.11075833371983
        106   3.45839999963066   3.45839999963066
        107   4.28839285815886   4.28839285815886
        108   6.66292297831739   6.66292297831739

***********************************************************
***********************************************************
              History of geometry optimization             
***********************************************************
***********************************************************

  MD_iter   SD_scaling     |Maximum force|   Maximum step        Utot
                           (Hartree/Bohr)        (Ang)         (Hartree)

    1       1.25981731       0.00877921       0.00585280     -38.35094819

***********************************************************
***********************************************************
                   Mulliken populations                    
***********************************************************
***********************************************************

  Total spin moment (muB)   0.000000000

                    Up spin      Down spin     Sum           Diff
      1    C      1.914238566  1.914238566   3.828477132   0.000000000
      2    C      1.914219687  1.914219687   3.828439374   0.000000000
      3    C      1.914219678  1.914219678   3.828439357   0.000000000
      4    C      1.914238562  1.914238562   3.828477124   0.000000000
      5    C      1.914219700  1.914219700   3.828439400   0.000000000
      6    C      1.914219699  1.914219699   3.828439398   0.000000000
      7    H      0.585788053  0.585788053   1.171576107   0.000000000
      8    H      0.585788055  0.585788055   1.171576109   0.000000000
      9    H      0.585767001  0.585767001   1.171534002   0.000000000
     10    H      0.585767000  0.585767000   1.171534001   0.000000000
     11    H      0.585767000  0.585767000   1.171534001   0.000000000
     12    H      0.585766998  0.585766998   1.171533997   0.000000000

 Sum of MulP: up   =    15.00000 down          =    15.00000
              total=    30.00000 ideal(neutral)=    30.00000


  Decomposed Mulliken populations

    1    C          Up spin      Down spin     Sum           Diff
            multiple
  s           0    0.522318973  0.522318973   1.044637946   0.000000000
   sum over m      0.522318973  0.522318973   1.044637946   0.000000000
  s           1    0.000741944  0.000741944   0.001483889   0.000000000
   sum over m      0.000741944  0.000741944   0.001483889   0.000000000
   sum over m+mul  0.523060917  0.523060917   1.046121834   0.000000000
  px          0    0.442523396  0.442523396   0.885046793   0.000000000
  py          0    0.428366732  0.428366732   0.856733464   0.000000000
  pz          0    0.471161480  0.471161480   0.942322960   0.000000000
   sum over m      1.342051608  1.342051608   2.684103216   0.000000000
  px          1   -0.007363967 -0.007363967  -0.014727934   0.000000000
  py          1    0.008371025  0.008371025   0.016742051   0.000000000
  pz          1   -0.008107902 -0.008107902  -0.016215804   0.000000000
   sum over m     -0.007100844 -0.007100844  -0.014201688   0.000000000
   sum over m+mul  1.334950764  1.334950764   2.669901528   0.000000000
  d3z^2-r^2   0    0.002405017  0.002405017   0.004810034   0.000000000
  dx^2-y^2    0    0.025456580  0.025456580   0.050913160   0.000000000
  dxy         0    0.013366891  0.013366891   0.026733781   0.000000000
  dxz         0    0.003147819  0.003147819   0.006295637   0.000000000
  dyz         0    0.011850578  0.011850578   0.023701155   0.000000000
   sum over m      0.056226884  0.056226884   0.112453769   0.000000000
   sum over m+mul  0.056226884  0.056226884   0.112453769   0.000000000

    2    C          Up spin      Down spin     Sum           Diff
            multiple
  s           0    0.522316692  0.522316692   1.044633384   0.000000000
   sum over m      0.522316692  0.522316692   1.044633384   0.000000000
  s           1    0.000732252  0.000732252   0.001464504   0.000000000
   sum over m      0.000732252  0.000732252   0.001464504   0.000000000
   sum over m+mul  0.523048944  0.523048944   1.046097888   0.000000000
  px          0    0.431888237  0.431888237   0.863776474   0.000000000
  py          0    0.438993660  0.438993660   0.877987321   0.000000000
  pz          0    0.471158273  0.471158273   0.942316547   0.000000000
   sum over m      1.342040170  1.342040170   2.684080341   0.000000000
  px          1    0.004434550  0.004434550   0.008869100   0.000000000
  py          1   -0.003420526 -0.003420526  -0.006841052   0.000000000
  pz          1   -0.008107660 -0.008107660  -0.016215321   0.000000000
   sum over m     -0.007093637 -0.007093637  -0.014187273   0.000000000
   sum over m+mul  1.334946534  1.334946534   2.669893068   0.000000000
  d3z^2-r^2   0    0.002404896  0.002404896   0.004809793   0.000000000
  dx^2-y^2    0    0.016388286  0.016388286   0.032776571   0.000000000
  dxy         0    0.022432612  0.022432612   0.044865224   0.000000000
  dxz         0    0.009674763  0.009674763   0.019349526   0.000000000
  dyz         0    0.005323652  0.005323652   0.010647304   0.000000000
   sum over m      0.056224209  0.056224209   0.112448418   0.000000000
   sum over m+mul  0.056224209  0.056224209   0.112448418   0.000000000

    3    C          Up spin      Down spin     Sum           Diff
            multiple
  s           0    0.522316691  0.522316691   1.044633383   0.000000000
   sum over m      0.522316691  0.522316691   1.044633383   0.000000000
  s           1    0.000732252  0.000732252   0.001464503   0.000000000
   sum over m      0.000732252  0.000732252   0.001464503   0.000000000
   sum over m+mul  0.523048943  0.523048943   1.046097886   0.000000000
  px          0    0.431888235  0.431888235   0.863776469   0.000000000
  py          0    0.438993661  0.438993661   0.877987322   0.000000000
  pz          0    0.471158268  0.471158268   0.942316536   0.000000000
   sum over m      1.342040164  1.342040164   2.684080327   0.000000000
  px          1    0.004434550  0.004434550   0.008869100   0.000000000
  py          1   -0.003420526 -0.003420526  -0.006841052   0.000000000
  pz          1   -0.008107661 -0.008107661  -0.016215321   0.000000000
   sum over m     -0.007093637 -0.007093637  -0.014187274   0.000000000
   sum over m+mul  1.334946527  1.334946527   2.669893054   0.000000000
  d3z^2-r^2   0    0.002404896  0.002404896   0.004809793   0.000000000
  dx^2-y^2    0    0.016388286  0.016388286   0.032776571   0.000000000
  dxy         0    0.022432612  0.022432612   0.044865223   0.000000000
  dxz         0    0.009674763  0.009674763   0.019349526   0.000000000
  dyz         0    0.005323652  0.005323652   0.010647304   0.000000000
   sum over m      0.056224209  0.056224209   0.112448417   0.000000000
   sum over m+mul  0.056224209  0.056224209   0.112448417   0.000000000

    4    C          Up spin      Down spin     Sum           Diff
            multiple
  s           0    0.522318972  0.522318972   1.044637944   0.000000000
   sum over m      0.522318972  0.522318972   1.044637944   0.000000000
  s           1    0.000741944  0.000741944   0.001483888   0.000000000
   sum over m      0.000741944  0.000741944   0.001483888   0.000000000
   sum over m+mul  0.523060916  0.523060916   1.046121832   0.000000000
  px          0    0.442523395  0.442523395   0.885046790   0.000000000
  py          0    0.428366732  0.428366732   0.856733464   0.000000000
  pz          0    0.471161479  0.471161479   0.942322959   0.000000000
   sum over m      1.342051606  1.342051606   2.684103213   0.000000000
  px          1   -0.007363967 -0.007363967  -0.014727934   0.000000000
  py          1    0.008371025  0.008371025   0.016742050   0.000000000
  pz          1   -0.008107902 -0.008107902  -0.016215804   0.000000000
   sum over m     -0.007100844 -0.007100844  -0.014201688   0.000000000
   sum over m+mul  1.334950762  1.334950762   2.669901524   0.000000000
  d3z^2-r^2   0    0.002405017  0.002405017   0.004810034   0.000000000
  dx^2-y^2    0    0.025456580  0.025456580   0.050913160   0.000000000
  dxy         0    0.013366890  0.013366890   0.026733781   0.000000000
  dxz         0    0.003147819  0.003147819   0.006295637   0.000000000
  dyz         0    0.011850577  0.011850577   0.023701155   0.000000000
   sum over m      0.056226884  0.056226884   0.112453767   0.000000000
   sum over m+mul  0.056226884  0.056226884   0.112453767   0.000000000

    5    C          Up spin      Down spin     Sum           Diff
            multiple
  s           0    0.522316693  0.522316693   1.044633386   0.000000000
   sum over m      0.522316693  0.522316693   1.044633386   0.000000000
  s           1    0.000732252  0.000732252   0.001464505   0.000000000
   sum over m      0.000732252  0.000732252   0.001464505   0.000000000
   sum over m+mul  0.523048945  0.523048945   1.046097891   0.000000000
  px          0    0.431888238  0.431888238   0.863776477   0.000000000
  py          0    0.438993661  0.438993661   0.877987323   0.000000000
  pz          0    0.471158281  0.471158281   0.942316562   0.000000000
   sum over m      1.342040181  1.342040181   2.684080361   0.000000000
  px          1    0.004434550  0.004434550   0.008869100   0.000000000
  py          1   -0.003420526 -0.003420526  -0.006841052   0.000000000
  pz          1   -0.008107660 -0.008107660  -0.016215321   0.000000000
   sum over m     -0.007093636 -0.007093636  -0.014187272   0.000000000
   sum over m+mul  1.334946545  1.334946545   2.669893089   0.000000000
  d3z^2-r^2   0    0.002404896  0.002404896   0.004809793   0.000000000
  dx^2-y^2    0    0.016388286  0.016388286   0.032776572   0.000000000
  dxy         0    0.022432612  0.022432612   0.044865224   0.000000000
  dxz         0    0.009674763  0.009674763   0.019349527   0.000000000
  dyz         0    0.005323652  0.005323652   0.010647305   0.000000000
   sum over m      0.056224210  0.056224210   0.112448420   0.000000000
   sum over m+mul  0.056224210  0.056224210   0.112448420   0.000000000

    6    C          Up spin      Down spin     Sum           Diff
            multiple
  s           0    0.522316693  0.522316693   1.044633387   0.000000000
   sum over m      0.522316693  0.522316693   1.044633387   0.000000000
  s           1    0.000732252  0.000732252   0.001464504   0.000000000
   sum over m      0.000732252  0.000732252   0.001464504   0.000000000
   sum over m+mul  0.523048945  0.523048945   1.046097890   0.000000000
  px          0    0.431888237  0.431888237   0.863776473   0.000000000
  py          0    0.438993663  0.438993663   0.877987326   0.000000000
  pz          0    0.471158280  0.471158280   0.942316560   0.000000000
   sum over m      1.342040180  1.342040180   2.684080359   0.000000000
  px          1    0.004434551  0.004434551   0.008869101   0.000000000
  py          1   -0.003420526 -0.003420526  -0.006841052   0.000000000
  pz          1   -0.008107660 -0.008107660  -0.016215321   0.000000000
   sum over m     -0.007093636 -0.007093636  -0.014187271   0.000000000
   sum over m+mul  1.334946544  1.334946544   2.669893088   0.000000000
  d3z^2-r^2   0    0.002404896  0.002404896   0.004809793   0.000000000
  dx^2-y^2    0    0.016388286  0.016388286   0.032776572   0.000000000
  dxy         0    0.022432612  0.022432612   0.044865224   0.000000000
  dxz         0    0.009674763  0.009674763   0.019349527   0.000000000
  dyz         0    0.005323652  0.005323652   0.010647304   0.000000000
   sum over m      0.056224210  0.056224210   0.112448420   0.000000000
   sum over m+mul  0.056224210  0.056224210   0.112448420   0.000000000

    7    H          Up spin      Down spin     Sum           Diff
            multiple
  s           0    0.521917268  0.521917268   1.043834536   0.000000000
   sum over m      0.521917268  0.521917268   1.043834536   0.000000000
  s           1    0.005611149  0.005611149   0.011222297   0.000000000
   sum over m      0.005611149  0.005611149   0.011222297   0.000000000
   sum over m+mul  0.527528416  0.527528416   1.055056833   0.000000000
  px          0    0.019665284  0.019665284   0.039330569   0.000000000
  py          0    0.016642692  0.016642692   0.033285384   0.000000000
  pz          0    0.021951661  0.021951661   0.043903322   0.000000000
   sum over m      0.058259637  0.058259637   0.116519274   0.000000000
   sum over m+mul  0.058259637  0.058259637   0.116519274   0.000000000

    8    H          Up spin      Down spin     Sum           Diff
            multiple
  s           0    0.521917270  0.521917270   1.043834539   0.000000000
   sum over m      0.521917270  0.521917270   1.043834539   0.000000000
  s           1    0.005611148  0.005611148   0.011222297   0.000000000
   sum over m      0.005611148  0.005611148   0.011222297   0.000000000
   sum over m+mul  0.527528418  0.527528418   1.055056836   0.000000000
  px          0    0.019665284  0.019665284   0.039330568   0.000000000
  py          0    0.016642692  0.016642692   0.033285384   0.000000000
  pz          0    0.021951661  0.021951661   0.043903321   0.000000000
   sum over m      0.058259637  0.058259637   0.116519273   0.000000000
   sum over m+mul  0.058259637  0.058259637   0.116519273   0.000000000

    9    H          Up spin      Down spin     Sum           Diff
            multiple
  s           0    0.521906987  0.521906987   1.043813975   0.000000000
   sum over m      0.521906987  0.521906987   1.043813975   0.000000000
  s           1    0.005609327  0.005609327   0.011218654   0.000000000
   sum over m      0.005609327  0.005609327   0.011218654   0.000000000
   sum over m+mul  0.527516314  0.527516314   1.055032629   0.000000000
  px          0    0.017399417  0.017399417   0.034798833   0.000000000
  py          0    0.018902118  0.018902118   0.037804236   0.000000000
  pz          0    0.021949152  0.021949152   0.043898304   0.000000000
   sum over m      0.058250687  0.058250687   0.116501374   0.000000000
   sum over m+mul  0.058250687  0.058250687   0.116501374   0.000000000

   10    H          Up spin      Down spin     Sum           Diff
            multiple
  s           0    0.521906987  0.521906987   1.043813973   0.000000000
   sum over m      0.521906987  0.521906987   1.043813973   0.000000000
  s           1    0.005609327  0.005609327   0.011218654   0.000000000
   sum over m      0.005609327  0.005609327   0.011218654   0.000000000
   sum over m+mul  0.527516314  0.527516314   1.055032627   0.000000000
  px          0    0.017399417  0.017399417   0.034798833   0.000000000
  py          0    0.018902118  0.018902118   0.037804236   0.000000000
  pz          0    0.021949152  0.021949152   0.043898304   0.000000000
   sum over m      0.058250687  0.058250687   0.116501374   0.000000000
   sum over m+mul  0.058250687  0.058250687   0.116501374   0.000000000

   11    H          Up spin      Down spin     Sum           Diff
            multiple
  s           0    0.521906986  0.521906986   1.043813972   0.000000000
   sum over m      0.521906986  0.521906986   1.043813972   0.000000000
  s           1    0.005609327  0.005609327   0.011218654   0.000000000
   sum over m      0.005609327  0.005609327   0.011218654   0.000000000
   sum over m+mul  0.527516313  0.527516313   1.055032626   0.000000000
  px          0    0.017399417  0.017399417   0.034798833   0.000000000
  py          0    0.018902118  0.018902118   0.037804236   0.000000000
  pz          0    0.021949153  0.021949153   0.043898305   0.000000000
   sum over m      0.058250687  0.058250687   0.116501375   0.000000000
   sum over m+mul  0.058250687  0.058250687   0.116501375   0.000000000

   12    H          Up spin      Down spin     Sum           Diff
            multiple
  s           0    0.521906984  0.521906984   1.043813968   0.000000000
   sum over m      0.521906984  0.521906984   1.043813968   0.000000000
  s           1    0.005609327  0.005609327   0.011218654   0.000000000
   sum over m      0.005609327  0.005609327   0.011218654   0.000000000
   sum over m+mul  0.527516311  0.527516311   1.055032622   0.000000000
  px          0    0.017399417  0.017399417   0.034798833   0.000000000
  py          0    0.018902118  0.018902118   0.037804237   0.000000000
  pz          0    0.021949153  0.021949153   0.043898305   0.000000000
   sum over m      0.058250688  0.058250688   0.116501375   0.000000000
   sum over m+mul  0.058250688  0.058250688   0.116501375   0.000000000

***********************************************************
***********************************************************
                    Dipole moment (Debye)                  
***********************************************************
***********************************************************

 Absolute D        0.00026151

                      Dx                Dy                Dz
 Total              0.00015094        0.00015106        0.00015095
 Core             864.57722373      864.57722373      864.57722373
 Electron        -864.57707279     -864.57707267     -864.57707278
 Back ground       -0.00000000       -0.00000000       -0.00000000

***********************************************************
***********************************************************
       xyz-coordinates (Ang) and forces (Hartree/Bohr)  
***********************************************************
***********************************************************

<coordinates.forces
  12
    1     C     4.60890   6.00000   6.00000   0.008779207522 -0.000000000569  0.000000000294
    2     C     5.30445   7.20473   6.00000   0.004227459859 -0.007489556743 -0.000000000218
    3     C     6.69555   7.20473   6.00000  -0.004227459304 -0.007489556826  0.000000000324
    4     C     7.39110   6.00000   6.00000  -0.008779206956  0.000000000902 -0.000000000111
    5     C     6.69555   4.79527   6.00000  -0.004227461948  0.007489557078 -0.000000001119
    6     C     5.30445   4.79527   6.00000   0.004227461011  0.007489556688  0.000000000288
    7     H     3.51418   6.00000   6.00000  -0.002554722188  0.000000000023 -0.000000000143
    8     H     8.48582   6.00000   6.00000   0.002554722600 -0.000000000198 -0.000000000130
    9     H     4.75709   8.15278   6.00000  -0.001290376272  0.002229062014 -0.000000000145
   10     H     7.24291   8.15278   6.00000   0.001290376127  0.002229062099  0.000000000126
   11     H     7.24291   3.84721   6.00000   0.001290375630 -0.002229060962 -0.000000000058
   12     H     4.75709   3.84721   6.00000  -0.001290375388 -0.002229060689  0.000000000117
coordinates.forces>

***********************************************************
***********************************************************
       Fractional coordinates of the final structure       
***********************************************************
***********************************************************

     1      C     0.38407500000000   0.50000000000000   0.50000000000000
     2      C     0.44203750000000   0.60039416666667   0.50000000000000
     3      C     0.55796250000000   0.60039416666667   0.50000000000000
     4      C     0.61592500000000   0.50000000000000   0.50000000000000
     5      C     0.55796250000000   0.39960583333333   0.50000000000000
     6      C     0.44203750000000   0.39960583333333   0.50000000000000
     7      H     0.29284833333333   0.50000000000000   0.50000000000000
     8      H     0.70715166666667   0.50000000000000   0.50000000000000
     9      H     0.39642416666667   0.67939875000000   0.50000000000000
    10      H     0.60357583333333   0.67939875000000   0.50000000000000
    11      H     0.60357583333333   0.32060125000000   0.50000000000000
    12      H     0.39642416666667   0.32060125000000   0.50000000000000

***********************************************************
***********************************************************
                   Wannier functions                       
***********************************************************
***********************************************************

          Center of Wannier Function (Angs)   |   Spread (Angs^2) 
 WF   1 ( 4.42912741, 0.00000000, 0.00000000) |   1.02623148
 WF   2 ( 2.22433153,-3.84144273, 0.00000000) |   1.02614097
 WF   3 (-2.22433153,-3.84144273, 0.00000000) |   1.02614097
 WF   4 (-4.42912741, 0.00000000, 0.00000000) |   1.02623148
 WF   5 (-2.22433153, 3.84144273, 0.00000000) |   1.02614097
 WF   6 ( 2.22433153, 3.84144273, 0.00000000) |   1.02614096

 Total Center ( 0.00000000,-0.00000000, 0.00000000)
 Sum.of.Spreads.  6.157026833181273

The component of spread function is:
 Omega I     =  6.106819135153
 Omega D     =  0.000000000000
 Omega OD    =  0.050207698028
 Total.Omega.=  6.157026833181290

***********************************************************
***********************************************************
               Computational Time (second)                 
***********************************************************
***********************************************************

   Elapsed.Time.        27.333

                               Min_ID   Min_Time       Max_ID   Max_Time
   Total Computational Time =     7       26.910          0       27.333
   readfile                 =     9        4.819          0        4.829
   truncation               =     0        0.000          0        0.000
   MD_pac                   =     0        0.001          9        0.001
   OutData                  =     0        4.733         10        5.798
   DFT                      =     6        6.387         15        6.417

*** In DFT ***

   Set_OLP_Kin              =    15        0.092          5        0.202
   Set_Nonlocal             =     5        0.231         15        0.367
   Set_ProExpn_VNA          =    15        0.320          0        0.385
   Set_Hamiltonian          =     0        1.647         15        1.647
   Poisson                  =    11        0.280          6        0.280
   Diagonalization          =    11        0.083         12        0.084
   Mixing_DM                =     3        1.264         10        1.264
   Force                    =     0        0.448          1        0.448
   Total_Energy             =    13        0.241          0        0.241
   Set_Aden_Grid            =     0        0.042         12        0.104
   Set_Orbitals_Grid        =    13        0.000          0        0.187
   Set_Density_Grid         =    14        0.868          9        0.956
   RestartFileDFT           =    15        0.058          9        0.073
   Mulliken_Charge          =    10        0.011         11        0.011
   FFT(2D)_Density          =    15        0.310          8        0.311
   Others                   =     9        0.032         14        0.315
