***********************************************************
***********************************************************

  This calculation was performed by OpenMX Ver. 3.7.33
  using 16 MPI processes and 1 OpenMP threads.

  Thu Mar 31 09:58:56 2016

***********************************************************
***********************************************************

#
# File Name
#

System.CurrrentDirectory         ./    # default=./
System.Name                      Si    # 
level.of.stdout                   1    # default=1 (1-3)
level.of.fileout                  1    # default=1 (0-2)

#
# Definition of Atomic Species
#

Species.Number       2
<Definition.of.Atomic.Species
 Si     Si7.0-s2p2d1      Si_CA13
 proj1  Si7.0-s1p1d1f1    Si_CA13
Definition.of.Atomic.Species>

#
# Atoms
#

Atoms.Number         2
Atoms.SpeciesAndCoordinates.Unit   FRAC # Ang|AU
<Atoms.SpeciesAndCoordinates           
   1   Si    0.25000000000000    0.25000000000000    0.25000000000000     2.0     2.0     
   2   Si    0.00000000000000    0.00000000000000    0.00000000000000     2.0     2.0     
Atoms.SpeciesAndCoordinates>
Atoms.UnitVectors.Unit             AU # Ang|AU
<Atoms.UnitVectors                     
 5.10   0.00   5.10
 0.00   5.10   5.10
 5.10   5.10   0.00
Atoms.UnitVectors>

#
# SCF or Electronic System
#

scf.XcType                 LSDA-CA     # LDA|LSDA-CA|LSDA-PW|GGA-PBE
scf.SpinPolarization        off        # On|Off|NC
scf.SpinOrbit.Coupling      off        # On|Off, default=off       
scf.ElectronicTemperature  300.0       # default=300 (K)
scf.energycutoff           350.0       # default=150 (Ry)
scf.maxIter                  40        # default=40
scf.EigenvalueSolver       band        # DC|GDC|Cluster|Band
scf.Kgrid                  5 5 5       # means n1 x n2 x n3
scf.Mixing.Type           rmm-diisk    # Simple|Rmm-Diis|Gr-Pulay|Kerker|Rmm-Diisk
scf.Init.Mixing.Weight     0.20        # default=0.30 
scf.Min.Mixing.Weight      0.001       # default=0.001 
scf.Max.Mixing.Weight      0.500       # default=0.40 
scf.Mixing.History          7          # default=5
scf.Mixing.StartPulay       7          # default=6
scf.Mixing.EveryPulay       1          # default=6
scf.criterion             1.0e-12      # default=1.0e-6 (Hartree) 
scf.lapack.dste            dstevx      # dstevx|dstedc|dstegr,default=dstevx

#
# MD or Geometry Optimization
#

MD.Type                      nomd      # Nomd|Constant_Energy_MD|Opt
MD.maxIter                    1        # default=1
MD.TimeStep                   1        # default=0.5 (fs)
MD.Opt.criterion         1.0e-5        # default=1.0e-4 (Hartree/bohr)

#
# Band dispersion 
#

Band.dispersion              on        # on|off, default=off
<Band.KPath.UnitCell
 10.20   0.00  0.00
 0.00   10.20  0.00
 0.00   0.00   10.20 
Band.KPath.UnitCell>
# if <Band.KPath.UnitCell does not exist,
#     the reciprical lattice vector is employed. 
Band.Nkpath                4
<Band.kpath
   25  0.5 0.5 0.5   0.0 0.0 0.0   L G
   25  0.0 0.0 0.0   1.0 0.0 0.0   G X
   25  1.0 0.0 0.0   0.75 0.75 0.0 X K
   25  0.75 0.75 0.0 0.0 0.0 0.0   K G
Band.kpath>
#   25  1.0 0.5 0.0   0.5 0.5 0.5   W L
#   25  1.0 0.0 0.0   1.0 0.5 0.0   X W
#   25  1.0 0.5 0.0   0.75 0.75 0.0   W K
#
# MO output
#

MO.fileout                       off   # on|off
num.HOMOs                         4    # default=2
num.LUMOs                         1    # default=2

MO.Nkpoint                        1    # default=1 
<MO.kpoint
  0.0  0.0  0.0
MO.kpoint>

#
# DOS and PDOS
#

Dos.fileout                  off       # on|off, default=off
Dos.Erange              -20.0  20.0    # default = -20 20 
Dos.Kgrid                12 12 12      # default = Kgrid1 Kgrid2 Kgrid3

HS.fileout               off     # on|off, default=off


#
# Generation of Wannier functions
#


Wannier.Func.Calc        on             # on|off, default=off 
Wannier.Func.Num          8             # default=0
Wannier.Outer.Window.Bottom -14.0       # default=-10.0 (eV)
Wannier.Outer.Window.Top     11.0       # default= 10.0 (eV)
Wannier.Inner.Window.Bottom   0.0       # default= 0.0 (eV)
Wannier.Inner.Window.Top      0.0       # default= 0.0 (eV)
Wannier.Initial.Guess          on       # on|off, default=on

Wannier.Initial.Projectors.Unit FRAC    # AU, ANG or FRAC 
<Wannier.Initial.Projectors
 proj1-sp3 0.250 0.250 0.250 -1.0 0.0 0.0  0.0 0.0 -1.0
 proj1-sp3 0.000 0.000 0.000  0.0 0.0 1.0  1.0 0.0  0.0
Wannier.Initial.Projectors>

Wannier.Kgrid   8 8 8                        # default=4x4x4
Wannier.MaxShells   12                       # default=12
Wannier.Interpolated.Bands              on   # on|off, default=off

Wannier.Function.Plot                   on   # on|off, default=off
Wannier.Function.Plot.SuperCells     1 1 1   # default=0 0 0 



Wannier.Dis.Mixing.Para                0.5    # default=0.5  
Wannier.Dis.Conv.Criterion             1e-10  # default=1e-8
Wannier.Dis.SCF.Max.Steps              2000   # default=200
Wannier.Minimizing.Max.Steps            200   # default=200
Wannier.Minimizing.Scheme                2    # 0=SD, 1=CG, 2=SD+CG
Wannier.Minimizing.StepLength           0.1   # default=2.0
Wannier.Minimizing.Secant.Steps          5    # default=5   
Wannier.Minimizing.Secant.StepLength    0.5   # default=2.0 
Wannier.Minimizing.Conv.Criterion      1e-8   # default=1e-8 

Wannier.Readin.Overlap.Matrix          off   # on|off, default=off

scf.restart    off



***********************************************************
***********************************************************

  Required cutoff energy (Ryd) for 3D-grids = 350.0000
      Used cutoff energy (Ryd) for 3D-grids = 348.6236, 348.6236, 348.6236
  Num. of grids of a-, b-, and c-axes = 35, 35, 35

  Num.Grid1.    35
  Num.Grid2.    35
  Num.Grid3.    35


  Cell_Volume =    265.302000000000 (Bohr^3)
  GridVol     =      0.006187801749 (Bohr^3)
  Cell vectors (bohr) of the grid cell (gtv)
    gtv_a =  0.145714285714,  0.000000000000,  0.145714285714
    gtv_b =  0.000000000000,  0.145714285714,  0.145714285714
    gtv_c =  0.145714285714,  0.145714285714,  0.000000000000
    |gtv_a| =  0.206071119089
    |gtv_b| =  0.206071119089
    |gtv_c| =  0.206071119089

***********************************************************
***********************************************************


***********************************************************
***********************************************************
                  SCF history at MD= 1                    
***********************************************************
***********************************************************

   SCF=   1  NormRD=  1.000000000000  Uele= -2.378825402222
   SCF=   2  NormRD=  0.700087230184  Uele= -2.408492471011
   SCF=   3  NormRD=  0.427409610806  Uele= -2.445932730692
   SCF=   4  NormRD=  0.216501469214  Uele= -2.469723716797
   SCF=   5  NormRD=  0.110068260206  Uele= -2.478568191651
   SCF=   6  NormRD=  0.056024841375  Uele= -2.481828971536
   SCF=   7  NormRD=  0.028516703567  Uele= -2.483003726585
   SCF=   8  NormRD=  0.000497144266  Uele= -2.483698501447
   SCF=   9  NormRD=  0.000027507012  Uele= -2.483554654581
   SCF=  10  NormRD=  0.000000748700  Uele= -2.483551152717
   SCF=  11  NormRD=  0.000000047573  Uele= -2.483551380934
   SCF=  12  NormRD=  0.000000004181  Uele= -2.483551367653
   SCF=  13  NormRD=  0.000000001939  Uele= -2.483551366967
   SCF=  14  NormRD=  0.000000000003  Uele= -2.483551366374
   SCF=  15  NormRD=  0.000000000000  Uele= -2.483551366374

*******************************************************
        Total energy (Hartree) at MD = 1        
*******************************************************

  Uele.         -2.483551366374

  Ukin.          3.066039697253
  UH0.        -146.847338448912
  UH1.           0.029821169819
  Una.          -3.420342896450
  Unl.           1.189631866681
  Uxc0.         -1.424943924005
  Uxc1.         -1.424943924005
  Ucore.       140.557475303542
  Uhub.          0.000000000000
  Ucs.           0.000000000000
  Uzs.           0.000000000000
  Uzo.           0.000000000000
  Uef.           0.000000000000
  UvdW           0.000000000000
  Utot.         -8.274601156077

  Note:

  Utot = Ukin+UH0+UH1+Una+Unl+Uxc0+Uxc1+Ucore+Uhub+Ucs+Uzs+Uzo+Uef+UvdW

  Uene:   band energy
  Ukin:   kinetic energy
  UH0:    electric part of screened Coulomb energy
  UH1:    difference electron-electron Coulomb energy
  Una:    neutral atom potential energy
  Unl:    non-local potential energy
  Uxc0:   exchange-correlation energy for alpha spin
  Uxc1:   exchange-correlation energy for beta spin
  Ucore:  core-core Coulomb energy
  Uhub:   LDA+U energy
  Ucs:    constraint energy for spin orientation
  Uzs:    Zeeman term for spin magnetic moment
  Uzo:    Zeeman term for orbital magnetic moment
  Uef:    electric energy by electric field
  UvdW:   semi-empirical vdW energy 

  (see also PRB 72, 045121(2005) for the energy contributions)



  Chemical potential (Hartree)      -0.112733754358

***********************************************************
***********************************************************
           Eigenvalues (Hartree) of SCF KS-eq.           
***********************************************************
***********************************************************

   Chemical Potential (Hatree) =  -0.11273375435849
   Number of States            =   7.99999999999993
   Eigenvalues
              Up-spin           Down-spin

   kloop=0
   k1=  -0.40000 k2=  -0.40000 k3=  -0.40000

    1   -0.49640572276883  -0.49640572276883
    2   -0.35640039462539  -0.35640039462539
    3   -0.16412123707342  -0.16412123707342
    4   -0.16412085167938  -0.16412085167938
    5   -0.05752104489929  -0.05752104489929
    6    0.00779856198145   0.00779856198145
    7    0.00779892350630   0.00779892350630
    8    0.23107584817940   0.23107584817940
    9    0.23107794501261   0.23107794501261
   10    0.23472508633238   0.23472508633238
   11    0.30865979808212   0.30865979808212
   12    0.39420108330235   0.39420108330235
   13    0.39420333783784   0.39420333783784
   14    0.48955862617957   0.48955862617957
   15    0.65539750046122   0.65539750046122
   16    0.70039207399937   0.70039207399937
   17    0.70039261743881   0.70039261743881
   18    0.85626414819273   0.85626414819273
   19    0.85626597985650   0.85626597985650
   20    0.87206708663003   0.87206708663003
   21    1.16599035784226   1.16599035784226
   22    1.16600209824633   1.16600209824633
   23    1.54674414233270   1.54674414233270
   24    1.54676239614754   1.54676239614754
   25    2.96564986020555   2.96564986020555
   26    4.14168307227546   4.14168307227546

   kloop=1
   k1=  -0.40000 k2=  -0.40000 k3=  -0.20000

    1   -0.49822097260932  -0.49822097260932
    2   -0.31956217054990  -0.31956217054990
    3   -0.22060962740601  -0.22060962740601
    4   -0.19685732200484  -0.19685732200484
    5   -0.05377709132861  -0.05377709132861
    6    0.04573830632246   0.04573830632246
    7    0.06600815319076   0.06600815319076
    8    0.08306402335764   0.08306402335764
    9    0.27377709098045   0.27377709098045
   10    0.27937951170773   0.27937951170773
   11    0.32436026977232   0.32436026977232
   12    0.36958362598300   0.36958362598300
   13    0.48451088535495   0.48451088535495
   14    0.51622084459279   0.51622084459279
   15    0.60470655947797   0.60470655947797
   16    0.62154109446933   0.62154109446933
   17    0.67363862968630   0.67363862968630
   18    0.71707369333361   0.71707369333361
   19    0.82940599259370   0.82940599259370
   20    0.94411901362482   0.94411901362482
   21    0.94511611779709   0.94511611779709
   22    1.39385179765293   1.39385179765293
   23    2.17203865632738   2.17203865632738
   24    3.20663239195979   3.20663239195979
   25    3.34062261865475   3.34062261865475
   26    4.38490138979682   4.38490138979682

   kloop=2
   k1=  -0.40000 k2=  -0.40000 k3=   0.00000

    1   -0.46569477540483  -0.46569477540483
    2   -0.35116775702200  -0.35116775702200
    3   -0.22294465012464  -0.22294465012464
    4   -0.22294464561620  -0.22294464561620
    5   -0.10228800843693  -0.10228800843693
    6   -0.06939140055356  -0.06939140055356
    7    0.19708348954004   0.19708348954004
    8    0.19708348995695   0.19708348995695
    9    0.30239474637237   0.30239474637237
   10    0.30904136376392   0.30904136376392
   11    0.34976037425334   0.34976037425334
   12    0.34976037502254   0.34976037502254
   13    0.40960275704487   0.40960275704487
   14    0.46981020951844   0.46981020951844
   15    0.63063193240687   0.63063193240687
   16    0.63485109900921   0.63485109900921
   17    0.66712130461305   0.66712130461305
   18    0.66712130834241   0.66712130834241
   19    0.84516345039272   0.84516345039272
   20    0.84992014036463   0.84992014036463
   21    0.84992014723434   0.84992014723434
   22    0.85554258692779   0.85554258692779
   23    3.21944389300746   3.21944389300746
   24    3.36215596885596   3.36215596885596
   25    4.56924845432522   4.56924845432522
   26    4.56924845644164   4.56924845644164

   kloop=3
   k1=  -0.40000 k2=  -0.40000 k3=   0.20000

    1   -0.42035749890547  -0.42035749890547
    2   -0.39824674194545  -0.39824674194545
    3   -0.27548965635805  -0.27548965635805
    4   -0.21848434084879  -0.21848434084879
    5   -0.08381912624658  -0.08381912624658
    6    0.00032396743024   0.00032396743024
    7    0.18735924012759   0.18735924012759
    8    0.20399285531142   0.20399285531142
    9    0.21659902789909   0.21659902789909
   10    0.22371875811243   0.22371875811243
   11    0.42167596508568   0.42167596508568
   12    0.44193700653685   0.44193700653685
   13    0.45724051608367   0.45724051608367
   14    0.48753401338106   0.48753401338106
   15    0.59273128478154   0.59273128478154
   16    0.60688300803963   0.60688300803963
   17    0.66845468405137   0.66845468405137
   18    0.76834191711708   0.76834191711708
   19    0.77391432400894   0.77391432400894
   20    0.81760146815237   0.81760146815237
   21    0.88485968955114   0.88485968955114
   22    0.89595531483116   0.89595531483116
   23    3.00538817763875   3.00538817763875
   24    3.64859850048296   3.64859850048296
   25    4.20533881839903   4.20533881839903
   26    4.24504280243186   4.24504280243186

   kloop=4
   k1=  -0.40000 k2=  -0.40000 k3=   0.40000

    1   -0.46488817510008  -0.46488817510008
    2   -0.37199867299639  -0.37199867299639
    3   -0.25109519180817  -0.25109519180817
    4   -0.18613720758847  -0.18613720758847
    5   -0.04344173626378  -0.04344173626378
    6    0.05535450129668   0.05535450129668
    7    0.06141175500742   0.06141175500742
    8    0.17026676210186   0.17026676210186
    9    0.20487325067095   0.20487325067095
   10    0.21011422930667   0.21011422930667
   11    0.41571261953854   0.41571261953854
   12    0.43218240942135   0.43218240942135
   13    0.45833911960062   0.45833911960062
   14    0.49853274793157   0.49853274793157
   15    0.61150731988162   0.61150731988162
   16    0.63278868704625   0.63278868704625
   17    0.66381671695310   0.66381671695310
   18    0.72254769352582   0.72254769352582
   19    0.84433886704530   0.84433886704530
   20    0.94133893036045   0.94133893036045
   21    0.99516765714803   0.99516765714803
   22    1.14752914329082   1.14752914329082
   23    2.39459355600524   2.39459355600524
   24    2.41279634882595   2.41279634882595
   25    3.63272694669923   3.63272694669923
   26    4.21161856326371   4.21161856326371

   kloop=5
   k1=  -0.40000 k2=  -0.20000 k3=  -0.40000

    1   -0.49822173864126  -0.49822173864126
    2   -0.31956195021684  -0.31956195021684
    3   -0.22060807550730  -0.22060807550730
    4   -0.19685644283069  -0.19685644283069
    5   -0.05377580671698  -0.05377580671698
    6    0.04574156086369   0.04574156086369
    7    0.06600490597808   0.06600490597808
    8    0.08306157496107   0.08306157496107
    9    0.27377548106865   0.27377548106865
   10    0.27937798042876   0.27937798042876
   11    0.32435991494585   0.32435991494585
   12    0.36958500578259   0.36958500578259
   13    0.48450978628031   0.48450978628031
   14    0.51622079094626   0.51622079094626
   15    0.60470875113079   0.60470875113079
   16    0.62154002059035   0.62154002059035
   17    0.67363997792260   0.67363997792260
   18    0.71707668067106   0.71707668067106
   19    0.82940647222855   0.82940647222855
   20    0.94412022460389   0.94412022460389
   21    0.94511880348511   0.94511880348511
   22    1.39387692337857   1.39387692337857
   23    2.17201012892902   2.17201012892902
   24    3.20662068381489   3.20662068381489
   25    3.34058145846412   3.34058145846412
   26    4.38490151011770   4.38490151011770

   kloop=6
   k1=  -0.40000 k2=  -0.20000 k3=  -0.20000

    1   -0.51635710413469  -0.51635710413469
    2   -0.28837961866905  -0.28837961866905
    3   -0.23517847455399  -0.23517847455399
    4   -0.15348628613900  -0.15348628613900
    5   -0.01221793273209  -0.01221793273209
    6    0.02938059493873   0.02938059493873
    7    0.04204659550244   0.04204659550244
    8    0.11405598609939   0.11405598609939
    9    0.13009649252618   0.13009649252618
   10    0.29380354473387   0.29380354473387
   11    0.31361556626181   0.31361556626181
   12    0.42828937350098   0.42828937350098
   13    0.46412875634816   0.46412875634816
   14    0.52872466903310   0.52872466903310
   15    0.60134673073087   0.60134673073087
   16    0.65803326984540   0.65803326984540
   17    0.65855888515228   0.65855888515228
   18    0.78499438260224   0.78499438260224
   19    0.90367635734560   0.90367635734560
   20    0.99531517314492   0.99531517314492
   21    1.00172317777274   1.00172317777274
   22    1.46653111297688   1.46653111297688
   23    2.49144785317286   2.49144785317286
   24    2.56334982331515   2.56334982331515
   25    3.97832687268708   3.97832687268708
   26    4.56977958576281   4.56977958576281

   kloop=7
   k1=  -0.40000 k2=  -0.20000 k3=   0.00000

    1   -0.49822097065287  -0.49822097065287
    2   -0.31956218133627  -0.31956218133627
    3   -0.22060962185911  -0.22060962185911
    4   -0.19685731745882  -0.19685731745882
    5   -0.05377709069548  -0.05377709069548
    6    0.04573830352850   0.04573830352850
    7    0.06600815761543   0.06600815761543
    8    0.08306402834715   0.08306402834715
    9    0.27377708534749   0.27377708534749
   10    0.27937950600559   0.27937950600559
   11    0.32436026942900   0.32436026942900
   12    0.36958362233019   0.36958362233019
   13    0.48451088481318   0.48451088481318
   14    0.51622084497247   0.51622084497247
   15    0.60470656177958   0.60470656177958
   16    0.62154109054300   0.62154109054300
   17    0.67363863048401   0.67363863048401
   18    0.71707370063469   0.71707370063469
   19    0.82940599263018   0.82940599263018
   20    0.94411901257063   0.94411901257063
   21    0.94511612309796   0.94511612309796
   22    1.39385179589913   1.39385179589913
   23    2.17203865776744   2.17203865776744
   24    3.20663239397518   3.20663239397518
   25    3.34062261858277   3.34062261858277
   26    4.38490138849674   4.38490138849674

   kloop=8
   k1=  -0.40000 k2=  -0.20000 k3=   0.20000

    1   -0.44902443203987  -0.44902443203987
    2   -0.36539471751012  -0.36539471751012
    3   -0.27224285247218  -0.27224285247218
    4   -0.23483148553350  -0.23483148553350
    5    0.00776410669585   0.00776410669585
    6    0.02610539919084   0.02610539919084
    7    0.05167413429470   0.05167413429470
    8    0.17782842024554   0.17782842024554
    9    0.19626004670137   0.19626004670137
   10    0.27158158422592   0.27158158422592
   11    0.38654079342405   0.38654079342405
   12    0.46240690680623   0.46240690680623
   13    0.47379854495981   0.47379854495981
   14    0.54463770514193   0.54463770514193
   15    0.59348442211383   0.59348442211383
   16    0.62688949996205   0.62688949996205
   17    0.63490810081159   0.63490810081159
   18    0.69492803923804   0.69492803923804
   19    0.81323162269301   0.81323162269301
   20    0.90111561246581   0.90111561246581
   21    0.91185310003061   0.91185310003061
   22    1.06941092386517   1.06941092386517
   23    2.29065270018101   2.29065270018101
   24    3.40536462432950   3.40536462432950
   25    3.94386278758430   3.94386278758430
   26    4.21789399645061   4.21789399645061

   kloop=9
   k1=  -0.40000 k2=  -0.20000 k3=   0.40000

    1   -0.44902567451358  -0.44902567451358
    2   -0.36539353368518  -0.36539353368518
    3   -0.27224277750751  -0.27224277750751
    4   -0.23483028807713  -0.23483028807713
    5    0.00776422884654   0.00776422884654
    6    0.02610566780997   0.02610566780997
    7    0.05167308470410   0.05167308470410
    8    0.17783024398998   0.17783024398998
    9    0.19625800422967   0.19625800422967
   10    0.27157945511691   0.27157945511691
   11    0.38654272539968   0.38654272539968
   12    0.46240877072838   0.46240877072838
   13    0.47379590132896   0.47379590132896
   14    0.54463595898841   0.54463595898841
   15    0.59348434657400   0.59348434657400
   16    0.62688838796068   0.62688838796068
   17    0.63490959734868   0.63490959734868
   18    0.69492887877055   0.69492887877055
   19    0.81323156602020   0.81323156602020
   20    0.90111724664747   0.90111724664747
   21    0.91185420029736   0.91185420029736
   22    1.06941660528003   1.06941660528003
   23    2.29063723105155   2.29063723105155
   24    3.40536240125613   3.40536240125613
   25    3.94386566521851   3.94386566521851
   26    4.21789700273328   4.21789700273328

   kloop=10
   k1=  -0.40000 k2=  -0.00000 k3=  -0.40000

    1   -0.46569623696629  -0.46569623696629
    2   -0.35116584033276  -0.35116584033276
    3   -0.22294429979172  -0.22294429979172
    4   -0.22294429353021  -0.22294429353021
    5   -0.10228791232659  -0.10228791232659
    6   -0.06939024569446  -0.06939024569446
    7    0.19708135200425   0.19708135200425
    8    0.19708135286769   0.19708135286769
    9    0.30239274113452   0.30239274113452
   10    0.30903903056413   0.30903903056413
   11    0.34976253588541   0.34976253588541
   12    0.34976253694670   0.34976253694670
   13    0.40960272812054   0.40960272812054
   14    0.46981317765822   0.46981317765822
   15    0.63063068388468   0.63063068388468
   16    0.63485140303904   0.63485140303904
   17    0.66711960646020   0.66711960646020
   18    0.66711961069503   0.66711961069503
   19    0.84516462409078   0.84516462409078
   20    0.84992240704666   0.84992240704666
   21    0.84992241544786   0.84992241544786
   22    0.85554546567655   0.85554546567655
   23    3.21943669404513   3.21943669404513
   24    3.36215430847834   3.36215430847834
   25    4.56925665375395   4.56925665375395
   26    4.56925676573939   4.56925676573939

   kloop=11
   k1=  -0.40000 k2=  -0.00000 k3=  -0.20000

    1   -0.49822173699476  -0.49822173699476
    2   -0.31956195860321  -0.31956195860321
    3   -0.22060807605299  -0.22060807605299
    4   -0.19685643567279  -0.19685643567279
    5   -0.05377579778490  -0.05377579778490
    6    0.04574155281696   0.04574155281696
    7    0.06600490663981   0.06600490663981
    8    0.08306157562379   0.08306157562379
    9    0.27377547959827   0.27377547959827
   10    0.27937797773997   0.27937797773997
   11    0.32435991636231   0.32435991636231
   12    0.36958500469694   0.36958500469694
   13    0.48450978364005   0.48450978364005
   14    0.51622079345761   0.51622079345761
   15    0.60470874905155   0.60470874905155
   16    0.62154001172985   0.62154001172985
   17    0.67363998121563   0.67363998121563
   18    0.71707668508217   0.71707668508217
   19    0.82940647206303   0.82940647206303
   20    0.94412022331820   0.94412022331820
   21    0.94511880869431   0.94511880869431
   22    1.39387692591615   1.39387692591615
   23    2.17201012675458   2.17201012675458
   24    3.20662068586808   3.20662068586808
   25    3.34058145720372   3.34058145720372
   26    4.38490150854144   4.38490150854144

   kloop=12
   k1=  -0.40000 k2=  -0.00000 k3=   0.00000

    1   -0.49640571870939  -0.49640571870939
    2   -0.35640040695394  -0.35640040695394
    3   -0.16412123683405  -0.16412123683405
    4   -0.16412084391920  -0.16412084391920
    5   -0.05752103996655  -0.05752103996655
    6    0.00779856092907   0.00779856092907
    7    0.00779893175794   0.00779893175794
    8    0.23107584618644   0.23107584618644
    9    0.23107793803054   0.23107793803054
   10    0.23472508539062   0.23472508539062
   11    0.30865979666040   0.30865979666040
   12    0.39420107688041   0.39420107688041
   13    0.39420333658824   0.39420333658824
   14    0.48955861647944   0.48955861647944
   15    0.65539749786731   0.65539749786731
   16    0.70039207930479   0.70039207930479
   17    0.70039261726351   0.70039261726351
   18    0.85626415408677   0.85626415408677
   19    0.85626598816930   0.85626598816930
   20    0.87206708856495   0.87206708856495
   21    1.16599035915602   1.16599035915602
   22    1.16600209832395   1.16600209832395
   23    1.54674414190709   1.54674414190709
   24    1.54676239647200   1.54676239647200
   25    2.96564986293466   2.96564986293466
   26    4.14168306998238   4.14168306998238

   kloop=13
   k1=  -0.40000 k2=  -0.00000 k3=   0.20000

    1   -0.46488743611939  -0.46488743611939
    2   -0.37199850645140  -0.37199850645140
    3   -0.25109730180537  -0.25109730180537
    4   -0.18613790317333  -0.18613790317333
    5   -0.04344259716640  -0.04344259716640
    6    0.05535735769333   0.05535735769333
    7    0.06141406246302   0.06141406246302
    8    0.17026411101019   0.17026411101019
    9    0.20487204280252   0.20487204280252
   10    0.21011323110682   0.21011323110682
   11    0.41571506634373   0.41571506634373
   12    0.43218438711273   0.43218438711273
   13    0.45834284322262   0.45834284322262
   14    0.49853340333837   0.49853340333837
   15    0.61150578502791   0.61150578502791
   16    0.63278524358216   0.63278524358216
   17    0.66381419207570   0.66381419207570
   18    0.72254776221035   0.72254776221035
   19    0.84433848842099   0.84433848842099
   20    0.94133896948045   0.94133896948045
   21    0.99516264489972   0.99516264489972
   22    1.14752682050135   1.14752682050135
   23    2.39464355013680   2.39464355013680
   24    2.41280911482302   2.41280911482302
   25    3.63275367373366   3.63275367373366
   26    4.21162452837204   4.21162452837204

   kloop=14
   k1=  -0.40000 k2=  -0.00000 k3=   0.40000

    1   -0.42035715892113  -0.42035715892113
    2   -0.39824717243303  -0.39824717243303
    3   -0.27548898264615  -0.27548898264615
    4   -0.21848463924342  -0.21848463924342
    5   -0.08381948970217  -0.08381948970217
    6    0.00032172986766   0.00032172986766
    7    0.18736067556273   0.18736067556273
    8    0.20399431403377   0.20399431403377
    9    0.21660000135653   0.21660000135653
   10    0.22371997960533   0.22371997960533
   11    0.42167496007746   0.42167496007746
   12    0.44193579149663   0.44193579149663
   13    0.45723885460084   0.45723885460084
   14    0.48753194778173   0.48753194778173
   15    0.59273259589218   0.59273259589218
   16    0.60688341915030   0.60688341915030
   17    0.66845718523299   0.66845718523299
   18    0.76834244408054   0.76834244408054
   19    0.77391248433186   0.77391248433186
   20    0.81760088181640   0.81760088181640
   21    0.88485596358791   0.88485596358791
   22    0.89595422941523   0.89595422941523
   23    3.00539700264606   3.00539700264606
   24    3.64858860315652   3.64858860315652
   25    4.20534637224041   4.20534637224041
   26    4.24504429561221   4.24504429561221

   kloop=15
   k1=  -0.40000 k2=   0.20000 k3=  -0.40000

    1   -0.42035717040538  -0.42035717040538
    2   -0.39824715960548  -0.39824715960548
    3   -0.27548897620966  -0.27548897620966
    4   -0.21848464575574  -0.21848464575574
    5   -0.08381950074564  -0.08381950074564
    6    0.00032173918477   0.00032173918477
    7    0.18736067973172   0.18736067973172
    8    0.20399431925982   0.20399431925982
    9    0.21659999809363   0.21659999809363
   10    0.22371997551810   0.22371997551810
   11    0.42167495648290   0.42167495648290
   12    0.44193578843008   0.44193578843008
   13    0.45723885713640   0.45723885713640
   14    0.48753195018555   0.48753195018555
   15    0.59273259184532   0.59273259184532
   16    0.60688342089186   0.60688342089186
   17    0.66845719629639   0.66845719629639
   18    0.76834243856324   0.76834243856324
   19    0.77391248874952   0.77391248874952
   20    0.81760087269113   0.81760087269113
   21    0.88485596229604   0.88485596229604
   22    0.89595423193973   0.89595423193973
   23    3.00539700484881   3.00539700484881
   24    3.64858860263868   3.64858860263868
   25    4.20534637437932   4.20534637437932
   26    4.24504429619375   4.24504429619375

   kloop=16
   k1=  -0.40000 k2=   0.20000 k3=  -0.20000

    1   -0.44902567187159  -0.44902567187159
    2   -0.36539354043232  -0.36539354043232
    3   -0.27224277577827  -0.27224277577827
    4   -0.23483028477610  -0.23483028477610
    5    0.00776422441040   0.00776422441040
    6    0.02610567180421   0.02610567180421
    7    0.05167308783349   0.05167308783349
    8    0.17783024016349   0.17783024016349
    9    0.19625800247904   0.19625800247904
   10    0.27157945748769   0.27157945748769
   11    0.38654272646828   0.38654272646828
   12    0.46240877046674   0.46240877046674
   13    0.47379589432213   0.47379589432213
   14    0.54463595979140   0.54463595979140
   15    0.59348434697260   0.59348434697260
   16    0.62688838885718   0.62688838885718
   17    0.63490960112780   0.63490960112780
   18    0.69492887474736   0.69492887474736
   19    0.81323156949131   0.81323156949131
   20    0.90111724414429   0.90111724414429
   21    0.91185420271695   0.91185420271695
   22    1.06941660630777   1.06941660630777
   23    2.29063723282859   2.29063723282859
   24    3.40536240083102   3.40536240083102
   25    3.94386566371598   3.94386566371598
   26    4.21789700264325   4.21789700264325

   kloop=17
   k1=  -0.40000 k2=   0.20000 k3=   0.00000

    1   -0.46488816854538  -0.46488816854538
    2   -0.37199868856390  -0.37199868856390
    3   -0.25109518638973  -0.25109518638973
    4   -0.18613720264663  -0.18613720264663
    5   -0.04344173455922  -0.04344173455922
    6    0.05535450489602   0.05535450489602
    7    0.06141175834668   0.06141175834668
    8    0.17026675868404   0.17026675868404
    9    0.20487324730121   0.20487324730121
   10    0.21011422804997   0.21011422804997
   11    0.41571261745818   0.41571261745818
   12    0.43218240468920   0.43218240468920
   13    0.45833911423249   0.45833911423249
   14    0.49853274178688   0.49853274178688
   15    0.61150732156747   0.61150732156747
   16    0.63278869150215   0.63278869150215
   17    0.66381671808756   0.66381671808756
   18    0.72254769491728   0.72254769491728
   19    0.84433887561462   0.84433887561462
   20    0.94133893166242   0.94133893166242
   21    0.99516765830564   0.99516765830564
   22    1.14752914181722   1.14752914181722
   23    2.39459355613705   2.39459355613705
   24    2.41279634943968   2.41279634943968
   25    3.63272694903141   3.63272694903141
   26    4.21161855995939   4.21161855995939

   kloop=18
   k1=  -0.40000 k2=   0.20000 k3=   0.20000

    1   -0.46488756591301  -0.46488756591301
    2   -0.37199885797755  -0.37199885797755
    3   -0.25109627035216  -0.25109627035216
    4   -0.18613775971036  -0.18613775971036
    5   -0.04344237269951  -0.04344237269951
    6    0.05535609741731   0.05535609741731
    7    0.06141316676298   0.06141316676298
    8    0.17026442860458   0.17026442860458
    9    0.20487348641652   0.20487348641652
   10    0.21011437160548   0.21011437160548
   11    0.41571327178729   0.41571327178729
   12    0.43218241031888   0.43218241031888
   13    0.45834220133979   0.45834220133979
   14    0.49853316473320   0.49853316473320
   15    0.61150717075734   0.61150717075734
   16    0.63278680529467   0.63278680529467
   17    0.66381453954758   0.66381453954758
   18    0.72254815804831   0.72254815804831
   19    0.84433785302801   0.84433785302801
   20    0.94133873477497   0.94133873477497
   21    0.99516357900419   0.99516357900419
   22    1.14752943425295   1.14752943425295
   23    2.39462135822101   2.39462135822101
   24    2.41280230682787   2.41280230682787
   25    3.63273975945333   3.63273975945333
   26    4.21162105832228   4.21162105832228

   kloop=19
   k1=  -0.40000 k2=   0.20000 k3=   0.40000

    1   -0.44902417036802  -0.44902417036802
    2   -0.36539495248268  -0.36539495248268
    3   -0.27224264366052  -0.27224264366052
    4   -0.23483193177641  -0.23483193177641
    5    0.00776323428598   0.00776323428598
    6    0.02610500999807   0.02610500999807
    7    0.05167483836817   0.05167483836817
    8    0.17782873027599   0.17782873027599
    9    0.19626076929682   0.19626076929682
   10    0.27158255980433   0.27158255980433
   11    0.38653987226592   0.38653987226592
   12    0.46240606820346   0.46240606820346
   13    0.47379843135944   0.47379843135944
   14    0.54463839629410   0.54463839629410
   15    0.59348430579668   0.59348430579668
   16    0.62689069049754   0.62689069049754
   17    0.63490710412991   0.63490710412991
   18    0.69492845051647   0.69492845051647
   19    0.81323068820489   0.81323068820489
   20    0.90111492380670   0.90111492380670
   21    0.91185217863155   0.91185217863155
   22    1.06940924298820   1.06940924298820
   23    2.29065872953955   2.29065872953955
   24    3.40536410384264   3.40536410384264
   25    3.94386146299653   3.94386146299653
   26    4.21789491100781   4.21789491100781

   kloop=20
   k1=  -0.40000 k2=   0.40000 k3=  -0.40000

    1   -0.46488744346360  -0.46488744346360
    2   -0.37199849039147  -0.37199849039147
    3   -0.25109730209335  -0.25109730209335
    4   -0.18613791116877  -0.18613791116877
    5   -0.04344260928202  -0.04344260928202
    6    0.05535735829706   0.05535735829706
    7    0.06141406411849   0.06141406411849
    8    0.17026411908933   0.17026411908933
    9    0.20487204326467   0.20487204326467
   10    0.21011323154843   0.21011323154843
   11    0.41571506750987   0.41571506750987
   12    0.43218438772171   0.43218438772171
   13    0.45834285381980   0.45834285381980
   14    0.49853340641654   0.49853340641654
   15    0.61150578435413   0.61150578435413
   16    0.63278524283924   0.63278524283924
   17    0.66381418953274   0.66381418953274
   18    0.72254776015060   0.72254776015060
   19    0.84433848027284   0.84433848027284
   20    0.94133896817693   0.94133896817693
   21    0.99516264532327   0.99516264532327
   22    1.14752681745642   1.14752681745642
   23    2.39464355154029   2.39464355154029
   24    2.41280911618380   2.41280911618380
   25    3.63275367139943   3.63275367139943
   26    4.21162453004704   4.21162453004704

   kloop=21
   k1=  -0.40000 k2=   0.40000 k3=  -0.20000

    1   -0.44902443707192  -0.44902443707192
    2   -0.36539470640841  -0.36539470640841
    3   -0.27224285127376  -0.27224285127376
    4   -0.23483149322724  -0.23483149322724
    5    0.00776411142970   0.00776411142970
    6    0.02610539333233   0.02610539333233
    7    0.05167412605588   0.05167412605588
    8    0.17782842899200   0.17782842899200
    9    0.19626005019051   0.19626005019051
   10    0.27158158269304   0.27158158269304
   11    0.38654079282266   0.38654079282266
   12    0.46240690588679   0.46240690588679
   13    0.47379855783332   0.47379855783332
   14    0.54463769950768   0.54463769950768
   15    0.59348442278531   0.59348442278531
   16    0.62688949890225   0.62688949890225
   17    0.63490809273701   0.63490809273701
   18    0.69492804381981   0.69492804381981
   19    0.81323161701888   0.81323161701888
   20    0.90111561456191   0.90111561456191
   21    0.91185309642789   0.91185309642789
   22    1.06941092814207   1.06941092814207
   23    2.29065269823294   2.29065269823294
   24    3.40536462497674   3.40536462497674
   25    3.94386278800980   3.94386278800980
   26    4.21789399715846   4.21789399715846

   kloop=22
   k1=  -0.40000 k2=   0.40000 k3=   0.00000

    1   -0.42035749205900  -0.42035749205900
    2   -0.39824675020446  -0.39824675020446
    3   -0.27548965867560  -0.27548965867560
    4   -0.21848433619796  -0.21848433619796
    5   -0.08381912422219  -0.08381912422219
    6    0.00032396454908   0.00032396454908
    7    0.18735923611220   0.18735923611220
    8    0.20399285207277   0.20399285207277
    9    0.21659903083533   0.21659903083533
   10    0.22371876280365   0.22371876280365
   11    0.42167596636488   0.42167596636488
   12    0.44193700974657   0.44193700974657
   13    0.45724051334316   0.45724051334316
   14    0.48753401084735   0.48753401084735
   15    0.59273128577713   0.59273128577713
   16    0.60688300731250   0.60688300731250
   17    0.66845467708574   0.66845467708574
   18    0.76834192003562   0.76834192003562
   19    0.77391432541442   0.77391432541442
   20    0.81760147589440   0.81760147589440
   21    0.88485968740523   0.88485968740523
   22    0.89595531230126   0.89595531230126
   23    3.00538817671108   3.00538817671108
   24    3.64859850147084   3.64859850147084
   25    4.20533881779429   4.20533881779429
   26    4.24504280257872   4.24504280257872

   kloop=23
   k1=  -0.40000 k2=   0.40000 k3=   0.20000

    1   -0.44902496334589  -0.44902496334589
    2   -0.36539422922030  -0.36539422922030
    3   -0.27224327271287  -0.27224327271287
    4   -0.23483060312680  -0.23483060312680
    5    0.00776586153373   0.00776586153373
    6    0.02610616707719   0.02610616707719
    7    0.05167271240897   0.05167271240897
    8    0.17782781269235   0.17782781269235
    9    0.19625860664808   0.19625860664808
   10    0.27157963743826   0.27157963743826
   11    0.38654263331614   0.38654263331614
   12    0.46240858896164   0.46240858896164
   13    0.47379878843836   0.47379878843836
   14    0.54463631470270   0.54463631470270
   15    0.59348465939044   0.59348465939044
   16    0.62688711759031   0.62688711759031
   17    0.63491008498624   0.63491008498624
   18    0.69492722736192   0.69492722736192
   19    0.81323349345508   0.81323349345508
   20    0.90111700270896   0.90111700270896
   21    0.91185492416042   0.91185492416042
   22    1.06941428868523   1.06941428868523
   23    2.29064047733497   2.29064047733497
   24    3.40536566220079   3.40536566220079
   25    3.94386542502356   3.94386542502356
   26    4.21789199468150   4.21789199468150

   kloop=24
   k1=  -0.40000 k2=   0.40000 k3=   0.40000

    1   -0.46488757152238  -0.46488757152238
    2   -0.37199884406262  -0.37199884406262
    3   -0.25109627956181  -0.25109627956181
    4   -0.18613775872805  -0.18613775872805
    5   -0.04344237118117  -0.04344237118117
    6    0.05535609028427   0.05535609028427
    7    0.06141315959025   0.06141315959025
    8    0.17026442967650   0.17026442967650
    9    0.20487349255638   0.20487349255638
   10    0.21011437550628   0.21011437550628
   11    0.41571327554181   0.41571327554181
   12    0.43218241798042   0.43218241798042
   13    0.45834220127916   0.45834220127916
   14    0.49853317135986   0.49853317135986
   15    0.61150716882682   0.61150716882682
   16    0.63278679850659   0.63278679850659
   17    0.66381453575016   0.66381453575016
   18    0.72254815798458   0.72254815798458
   19    0.84433785051811   0.84433785051811
   20    0.94133872974368   0.94133872974368
   21    0.99516358082227   0.99516358082227
   22    1.14752943566238   1.14752943566238
   23    2.39462135842295   2.39462135842295
   24    2.41280230623513   2.41280230623513
   25    3.63273975633860   3.63273975633860
   26    4.21162106148160   4.21162106148160

   kloop=25
   k1=  -0.20000 k2=  -0.40000 k3=  -0.40000

    1   -0.49822122824256  -0.49822122824256
    2   -0.31956209566822  -0.31956209566822
    3   -0.22060911459546  -0.22060911459546
    4   -0.19685702540555  -0.19685702540555
    5   -0.05377666120755  -0.05377666120755
    6    0.04573938472972   0.04573938472972
    7    0.06600706925822   0.06600706925822
    8    0.08306320682568   0.08306320682568
    9    0.27377655950375   0.27377655950375
   10    0.27937900421279   0.27937900421279
   11    0.32436015101888   0.32436015101888
   12    0.36958408911264   0.36958408911264
   13    0.48451051610874   0.48451051610874
   14    0.51622082975191   0.51622082975191
   15    0.60470729004311   0.60470729004311
   16    0.62154073156996   0.62154073156996
   17    0.67363908409748   0.67363908409748
   18    0.71707469021789   0.71707469021789
   19    0.82940615095407   0.82940615095407
   20    0.94411941321813   0.94411941321813
   21    0.94511701363564   0.94511701363564
   22    1.39386017124194   1.39386017124194
   23    2.17202913284445   2.17202913284445
   24    3.20662848763446   3.20662848763446
   25    3.34060884702061   3.34060884702061
   26    4.38490138961106   4.38490138961106

   kloop=26
   k1=  -0.20000 k2=  -0.40000 k3=  -0.20000

    1   -0.51635662548011  -0.51635662548011
    2   -0.28838042048745  -0.28838042048745
    3   -0.23517910702638  -0.23517910702638
    4   -0.15348662931519  -0.15348662931519
    5   -0.01221819496769  -0.01221819496769
    6    0.02938114735956   0.02938114735956
    7    0.04204716228534   0.04204716228534
    8    0.11405615453676   0.11405615453676
    9    0.13009649112059   0.13009649112059
   10    0.29380521217521   0.29380521217521
   11    0.31361456634291   0.31361456634291
   12    0.42828977455048   0.42828977455048
   13    0.46412963045861   0.46412963045861
   14    0.52872480457851   0.52872480457851
   15    0.60134552687293   0.60134552687293
   16    0.65803329930777   0.65803329930777
   17    0.65855800979823   0.65855800979823
   18    0.78499363563284   0.78499363563284
   19    0.90367616524998   0.90367616524998
   20    0.99531479748862   0.99531479748862
   21    1.00172341298863   1.00172341298863
   22    1.46652447766285   1.46652447766285
   23    2.49144708455675   2.49144708455675
   24    2.56335713923217   2.56335713923217
   25    3.97832394268489   3.97832394268489
   26    4.56978106659898   4.56978106659898

   kloop=27
   k1=  -0.20000 k2=  -0.40000 k3=   0.00000

    1   -0.49822056339289  -0.49822056339289
    2   -0.31956345853189  -0.31956345853189
    3   -0.22060953409160  -0.22060953409160
    4   -0.19685698155567  -0.19685698155567
    5   -0.05377641905698  -0.05377641905698
    6    0.04574082135090   0.04574082135090
    7    0.06600651608608   0.06600651608608
    8    0.08306270471261   0.08306270471261
    9    0.27377788833628   0.27377788833628
   10    0.27938067687587   0.27938067687587
   11    0.32435901755618   0.32435901755618
   12    0.36958231595665   0.36958231595665
   13    0.48451189831078   0.48451189831078
   14    0.51622083889478   0.51622083889478
   15    0.60470814253776   0.60470814253776
   16    0.62153918595887   0.62153918595887
   17    0.67363907649092   0.67363907649092
   18    0.71707611934471   0.71707611934471
   19    0.82940459253453   0.82940459253453
   20    0.94411913549954   0.94411913549954
   21    0.94511701638270   0.94511701638270
   22    1.39386291691632   1.39386291691632
   23    2.17202526350253   2.17202526350253
   24    3.20662996628997   3.20662996628997
   25    3.34057761203160   3.34057761203160
   26    4.38489869696712   4.38489869696712

   kloop=28
   k1=  -0.20000 k2=  -0.40000 k3=   0.20000

    1   -0.44902413745189  -0.44902413745189
    2   -0.36539501402729  -0.36539501402729
    3   -0.27224332015965  -0.27224332015965
    4   -0.23483140538386  -0.23483140538386
    5    0.00776577911831   0.00776577911831
    6    0.02610598585571   0.02610598585571
    7    0.05167340657137   0.05167340657137
    8    0.17782660172639   0.17782660172639
    9    0.19625997063916   0.19625997063916
   10    0.27158105864698   0.27158105864698
   11    0.38654134562135   0.38654134562135
   12    0.46240734499716   0.46240734499716
   13    0.47380055740103   0.47380055740103
   14    0.54463747361099   0.54463747361099
   15    0.59348471238362   0.59348471238362
   16    0.62688785998255   0.62688785998255
   17    0.63490908470010   0.63490908470010
   18    0.69492666654004   0.69492666654004
   19    0.81323353111587   0.81323353111587
   20    0.90111591302479   0.90111591302479
   21    0.91185418962530   0.91185418962530
   22    1.06941050548410   1.06941050548410
   23    2.29065077669230   2.29065077669230
   24    3.40536716288358   3.40536716288358
   25    3.94386349120126   3.94386349120126
   26    4.21788989108709   4.21788989108709

   kloop=29
   k1=  -0.20000 k2=  -0.40000 k3=   0.40000

    1   -0.44902514589980  -0.44902514589980
    2   -0.36539401592905  -0.36539401592905
    3   -0.27224235776930  -0.27224235776930
    4   -0.23483117334747  -0.23483117334747
    5    0.00776247725913   0.00776247725913
    6    0.02610489741074   0.02610489741074
    7    0.05167450023204   0.05167450023204
    8    0.17783085445659   0.17783085445659
    9    0.19625944668805   0.19625944668805
   10    0.27158140362329   0.27158140362329
   11    0.38654088695308   0.38654088695308
   12    0.46240709097193   0.46240709097193
   13    0.47379566172953   0.47379566172953
   14    0.54463734274755   0.54463734274755
   15    0.59348411045051   0.59348411045051
   16    0.62689076801650   0.62689076801650
   17    0.63490760451102   0.63490760451102
   18    0.69492969332800   0.69492969332800
   19    0.81322969582800   0.81322969582800
   20    0.90111586091319   0.90111586091319
   21    0.91185237349820   0.91185237349820
   22    1.06941324378250   1.06941324378250
   23    2.29064945565336   2.29064945565336
   24    3.40536136363169   3.40536136363169
   25    3.94386302732193   3.94386302732193
   26    4.21789900424644   4.21789900424644

   kloop=30
   k1=  -0.20000 k2=  -0.20000 k3=  -0.40000

    1   -0.51635734435785  -0.51635734435785
    2   -0.28837921221381  -0.28837921221381
    3   -0.23517815710221  -0.23517815710221
    4   -0.15348612086729  -0.15348612086729
    5   -0.01221780528544  -0.01221780528544
    6    0.02938031660805   0.02938031660805
    7    0.04204631535882   0.04204631535882
    8    0.11405589919388   0.11405589919388
    9    0.13009648988499   0.13009648988499
   10    0.29380272363146   0.29380272363146
   11    0.31361606678350   0.31361606678350
   12    0.42828916745590   0.42828916745590
   13    0.46412832164329   0.46412832164329
   14    0.52872460355531   0.52872460355531
   15    0.60134733331673   0.60134733331673
   16    0.65803326082150   0.65803326082150
   17    0.65855931635108   0.65855931635108
   18    0.78499475591173   0.78499475591173
   19    0.90367644617445   0.90367644617445
   20    0.99531535810776   0.99531535810776
   21    1.00172305780204   1.00172305780204
   22    1.46653444008431   1.46653444008431
   23    2.49144821596134   2.49144821596134
   24    2.56334619475195   2.56334619475195
   25    3.97832821977730   3.97832821977730
   26    4.56977882350005   4.56977882350005

   kloop=31
   k1=  -0.20000 k2=  -0.20000 k3=  -0.20000

    1   -0.54731154860018  -0.54731154860018
    2   -0.23428651548680  -0.23428651548680
    3   -0.14393666877286  -0.14393666877286
    4   -0.14393580659069  -0.14393580659069
    5   -0.03512659468272  -0.03512659468272
    6    0.00400707360170   0.00400707360170
    7    0.00400804551277   0.00400804551277
    8    0.11871217260380   0.11871217260380
    9    0.16173422619660   0.16173422619660
   10    0.16173561803101   0.16173561803101
   11    0.33114325950891   0.33114325950891
   12    0.39703847757055   0.39703847757055
   13    0.47117498215687   0.47117498215687
   14    0.47117666878972   0.47117666878972
   15    0.70472777864695   0.70472777864695
   16    0.70472935497890   0.70472935497890
   17    0.76256659341796   0.76256659341796
   18    0.86705909505148   0.86705909505148
   19    0.86706249799048   0.86706249799048
   20    1.02990301873491   1.02990301873491
   21    1.14242695493457   1.14242695493457
   22    1.14243840475009   1.14243840475009
   23    2.69432550300882   2.69432550300882
   24    2.73489320290523   2.73489320290523
   25    2.73492852454643   2.73492852454643
   26    4.00059168265032   4.00059168265032

   kloop=32
   k1=  -0.20000 k2=  -0.20000 k3=   0.00000

    1   -0.54080567206725  -0.54080567206725
    2   -0.21896962741379  -0.21896962741379
    3   -0.17802165538223  -0.17802165538223
    4   -0.17802164956002  -0.17802164956002
    5   -0.06739956304106  -0.06739956304106
    6    0.04592756380865   0.04592756380865
    7    0.06096631657151   0.06096631657151
    8    0.06096631715827   0.06096631715827
    9    0.15831904572422   0.15831904572422
   10    0.20306506320393   0.20306506320393
   11    0.33213815660968   0.33213815660968
   12    0.42778067996126   0.42778067996126
   13    0.42778068281668   0.42778068281668
   14    0.51223048052417   0.51223048052417
   15    0.67539080867188   0.67539080867188
   16    0.68455736504934   0.68455736504934
   17    0.68455737197947   0.68455737197947
   18    0.71941631565003   0.71941631565003
   19    0.90350504611105   0.90350504611105
   20    0.99093798422484   0.99093798422484
   21    0.99093799097468   0.99093799097468
   22    1.40987691206618   1.40987691206618
   23    2.50597378529370   2.50597378529370
   24    2.87616742719371   2.87616742719371
   25    4.19300584199202   4.19300584199202
   26    4.19300584235821   4.19300584235821

   kloop=33
   k1=  -0.20000 k2=  -0.20000 k3=   0.20000

    1   -0.49822056230881  -0.49822056230881
    2   -0.31956346455963  -0.31956346455963
    3   -0.22060952346920  -0.22060952346920
    4   -0.19685698745680  -0.19685698745680
    5   -0.05377642290541  -0.05377642290541
    6    0.04574082447629   0.04574082447629
    7    0.06600652061382   0.06600652061382
    8    0.08306271098981   0.08306271098981
    9    0.27377788205554   0.27377788205554
   10    0.27938067100723   0.27938067100723
   11    0.32435901479640   0.32435901479640
   12    0.36958231093743   0.36958231093743
   13    0.48451190002514   0.48451190002514
   14    0.51622084111839   0.51622084111839
   15    0.60470814788971   0.60470814788971
   16    0.62153919293581   0.62153919293581
   17    0.67363907440003   0.67363907440003
   18    0.71707611599358   0.71707611599358
   19    0.82940459172463   0.82940459172463
   20    0.94411914271443   0.94411914271443
   21    0.94511700948103   0.94511700948103
   22    1.39386291623235   1.39386291623235
   23    2.17202526636687   2.17202526636687
   24    3.20662996480474   3.20662996480474
   25    3.34057761184907   3.34057761184907
   26    4.38489869575862   4.38489869575862

   kloop=34
   k1=  -0.20000 k2=  -0.20000 k3=   0.40000

    1   -0.46488804245198  -0.46488804245198
    2   -0.37199832980085  -0.37199832980085
    3   -0.25109621254026  -0.25109621254026
    4   -0.18613735597074  -0.18613735597074
    5   -0.04344196802606  -0.04344196802606
    6    0.05535577006357   0.05535577006357
    7    0.06141265941603   0.06141265941603
    8    0.17026644614031   0.17026644614031
    9    0.20487180154133   0.20487180154133
   10    0.21011308393220   0.21011308393220
   11    0.41571440831455   0.41571440831455
   12    0.43218438144542   0.43218438144542
   13    0.45833976520516   0.45833976520516
   14    0.49853297926667   0.49853297926667
   15    0.61150593582218   0.61150593582218
   16    0.63278713407227   0.63278713407227
   17    0.66381637360436   0.66381637360436
   18    0.72254729473927   0.72254729473927
   19    0.84433949833090   0.84433949833090
   20    0.94133917343174   0.94133917343174
   21    0.99516672097301   0.99516672097301
   22    1.14752652833689   1.14752652833689
   23    2.39461574432367   2.39461574432367
   24    2.41280316226421   2.41280316226421
   25    3.63274086301722   3.63274086301722
   26    4.21162203120949   4.21162203120949

   kloop=35
   k1=  -0.20000 k2=  -0.00000 k3=  -0.40000

    1   -0.49822194214624  -0.49822194214624
    2   -0.31956131241882  -0.31956131241882
    3   -0.22060812641748  -0.22060812641748
    4   -0.19685660267066  -0.19685660267066
    5   -0.05377613254536  -0.05377613254536
    6    0.04574029421156   0.04574029421156
    7    0.06600572247291   0.06600572247291
    8    0.08306222993015   0.08306222993015
    9    0.27377508556313   0.27377508556313
   10    0.27937739787271   0.27937739787271
   11    0.32436054223730   0.32436054223730
   12    0.36958566378884   0.36958566378884
   13    0.48450927620866   0.48450927620866
   14    0.51622079604891   0.51622079604891
   15    0.60470795443056   0.60470795443056
   16    0.62154096242762   0.62154096242762
   17    0.67363975861984   0.67363975861984
   18    0.71707547269180   0.71707547269180
   19    0.82940717115308   0.82940717115308
   20    0.94412016090123   0.94412016090123
   21    0.94511836332232   0.94511836332232
   22    1.39387136679031   1.39387136679031
   23    2.17201682267756   2.17201682267756
   24    3.20662189971389   3.20662189971389
   25    3.34060396000030   3.34060396000030
   26    4.38490285613102   4.38490285613102

   kloop=36
   k1=  -0.20000 k2=  -0.00000 k3=  -0.20000

    1   -0.54080643990572  -0.54080643990572
    2   -0.21896764867046  -0.21896764867046
    3   -0.17802069862547  -0.17802069862547
    4   -0.17802069064965  -0.17802069064965
    5   -0.06739873713626  -0.06739873713626
    6    0.04592920488193   0.04592920488193
    7    0.06096442180121   0.06096442180121
    8    0.06096442298020   0.06096442298020
    9    0.15831740822808   0.15831740822808
   10    0.20306408497361   0.20306408497361
   11    0.33213681340210   0.33213681340210
   12    0.42778059816499   0.42778059816499
   13    0.42778060441729   0.42778060441729
   14    0.51222869840017   0.51222869840017
   15    0.67539366829933   0.67539366829933
   16    0.68456023954260   0.68456023954260
   17    0.68456024438159   0.68456024438159
   18    0.71941782222339   0.71941782222339
   19    0.90350537087623   0.90350537087623
   20    0.99093982595096   0.99093982595096
   21    0.99093983341145   0.99093983341145
   22    1.40988936251931   1.40988936251931
   23    2.50596746382736   2.50596746382736
   24    2.87615111796045   2.87615111796045
   25    4.19296399561338   4.19296399561338
   26    4.19296410671179   4.19296410671179

   kloop=37
   k1=  -0.20000 k2=  -0.00000 k3=   0.00000

    1   -0.54731154802447  -0.54731154802447
    2   -0.23428652610719  -0.23428652610719
    3   -0.14393666681862  -0.14393666681862
    4   -0.14393579778495  -0.14393579778495
    5   -0.03512658765935  -0.03512658765935
    6    0.00400707257252   0.00400707257252
    7    0.00400804910934   0.00400804910934
    8    0.11871216478003   0.11871216478003
    9    0.16173422460074   0.16173422460074
   10    0.16173561372105   0.16173561372105
   11    0.33114326072355   0.33114326072355
   12    0.39703848185534   0.39703848185534
   13    0.47117498040469   0.47117498040469
   14    0.47117666440806   0.47117666440806
   15    0.70472777936116   0.70472777936116
   16    0.70472935589955   0.70472935589955
   17    0.76256658193727   0.76256658193727
   18    0.86705909969938   0.86705909969938
   19    0.86706250603250   0.86706250603250
   20    1.02990301811314   1.02990301811314
   21    1.14242695734544   1.14242695734544
   22    1.14243840627053   1.14243840627053
   23    2.69432550527858   2.69432550527858
   24    2.73489320378313   2.73489320378313
   25    2.73492852686220   2.73492852686220
   26    4.00059167903283   4.00059167903283

   kloop=38
   k1=  -0.20000 k2=  -0.00000 k3=   0.20000

    1   -0.51635662381739  -0.51635662381739
    2   -0.28838043344931  -0.28838043344931
    3   -0.23517910492471  -0.23517910492471
    4   -0.15348661881004  -0.15348661881004
    5   -0.01221818122315  -0.01221818122315
    6    0.02938114242387   0.02938114242387
    7    0.04204715842335   0.04204715842335
    8    0.11405615510822   0.11405615510822
    9    0.13009649216591   0.13009649216591
   10    0.29380519767068   0.29380519767068
   11    0.31361456214214   0.31361456214214
   12    0.42828977959546   0.42828977959546
   13    0.46412962864671   0.46412962864671
   14    0.52872480307918   0.52872480307918
   15    0.60134552868975   0.60134552868975
   16    0.65803330312185   0.65803330312185
   17    0.65855801106213   0.65855801106213
   18    0.78499363019524   0.78499363019524
   19    0.90367617488045   0.90367617488045
   20    0.99531479746701   0.99531479746701
   21    1.00172341705672   1.00172341705672
   22    1.46652447975993   1.46652447975993
   23    2.49144708427990   2.49144708427990
   24    2.56335713637627   2.56335713637627
   25    3.97832394166650   3.97832394166650
   26    4.56978106775873   4.56978106775873

   kloop=39
   k1=  -0.20000 k2=  -0.00000 k3=   0.40000

    1   -0.46488769572872  -0.46488769572872
    2   -0.37199920798082  -0.37199920798082
    3   -0.25109524900683  -0.25109524900683
    4   -0.18613760672567  -0.18613760672567
    5   -0.04344213514310  -0.04344213514310
    6    0.05535482695700   0.05535482695700
    7    0.06141225701513   0.06141225701513
    8    0.17026474095592   0.17026474095592
    9    0.20487493769073   0.20487493769073
   10    0.21011551809733   0.21011551809733
   11    0.41571148339102   0.41571148339102
   12    0.43218043936681   0.43218043936681
   13    0.45834155285776   0.45834155285776
   14    0.49853293100911   0.49853293100911
   15    0.61150855609532   0.61150855609532
   16    0.63278835409526   0.63278835409526
   17    0.66381488402370   0.66381488402370
   18    0.72254855880348   0.72254855880348
   19    0.84433722634361   0.84433722634361
   20    0.94133849125278   0.94133849125278
   21    0.99516451712014   0.99516451712014
   22    1.14753205006109   1.14753205006109
   23    2.39459917374952   2.39459917374952
   24    2.41279548850025   2.41279548850025
   25    3.63272584311043   3.63272584311043
   26    4.21161759057529   4.21161759057529

   kloop=40
   k1=  -0.20000 k2=   0.20000 k3=  -0.40000

    1   -0.44902582164303  -0.44902582164303
    2   -0.36539338748076  -0.36539338748076
    3   -0.27224254102493  -0.27224254102493
    4   -0.23483032772207  -0.23483032772207
    5    0.00776339141630   0.00776339141630
    6    0.02610537750606   0.02610537750606
    7    0.05167344354002   0.05167344354002
    8    0.17783115365186   0.17783115365186
    9    0.19625804214714   0.19625804214714
   10    0.27157972321112   0.27157972321112
   11    0.38654245207697   0.38654245207697
   12    0.46240855319081   0.46240855319081
   13    0.47379489165207   0.47379489165207
   14    0.54463607157161   0.54463607157161
   15    0.59348420172227   0.59348420172227
   16    0.62688920850725   0.62688920850725
   17    0.63490910334886   0.63490910334886
   18    0.69492956400729   0.69492956400729
   19    0.81323061506310   0.81323061506310
   20    0.90111709832672   0.90111709832672
   21    0.91185365393776   0.91185365393776
   22    1.06941681905176   1.06941681905176
   23    2.29063813200466   2.29063813200466
   24    3.40536110516211   3.40536110516211
   25    3.94386532846775   3.94386532846775
   26    4.21789911885269   4.21789911885269

   kloop=41
   k1=  -0.20000 k2=   0.20000 k3=  -0.20000

    1   -0.49822194229204  -0.49822194229204
    2   -0.31956131383055  -0.31956131383055
    3   -0.22060811497625  -0.22060811497625
    4   -0.19685661008053  -0.19685661008053
    5   -0.05377614444240  -0.05377614444240
    6    0.04574030346651   0.04574030346651
    7    0.06600572621658   0.06600572621658
    8    0.08306223193666   0.08306223193666
    9    0.27377508365267   0.27377508365267
   10    0.27937739412851   0.27937739412851
   11    0.32436053677228   0.32436053677228
   12    0.36958566283694   0.36958566283694
   13    0.48450928046584   0.48450928046584
   14    0.51622079383503   0.51622079383503
   15    0.60470795932984   0.60470795932984
   16    0.62154097127238   0.62154097127238
   17    0.67363975382061   0.67363975382061
   18    0.71707546952405   0.71707546952405
   19    0.82940716912900   0.82940716912900
   20    0.94412016717763   0.94412016717763
   21    0.94511835783962   0.94511835783962
   22    1.39387136616227   1.39387136616227
   23    2.17201682800193   2.17201682800193
   24    3.20662189704689   3.20662189704689
   25    3.34060396229569   3.34060396229569
   26    4.38490285576277   4.38490285576277

   kloop=42
   k1=  -0.20000 k2=   0.20000 k3=   0.00000

    1   -0.51635734351962  -0.51635734351962
    2   -0.28837922081744  -0.28837922081744
    3   -0.23517815359950  -0.23517815359950
    4   -0.15348611330428  -0.15348611330428
    5   -0.01221780117888  -0.01221780117888
    6    0.02938031165283   0.02938031165283
    7    0.04204631355774   0.04204631355774
    8    0.11405590014156   0.11405590014156
    9    0.13009649184487   0.13009649184487
   10    0.29380271640690   0.29380271640690
   11    0.31361606408442   0.31361606408442
   12    0.42828916895519   0.42828916895519
   13    0.46412832352195   0.46412832352195
   14    0.52872460338416   0.52872460338416
   15    0.60134733163973   0.60134733163973
   16    0.65803326156094   0.65803326156094
   17    0.65855931718597   0.65855931718597
   18    0.78499474999308   0.78499474999308
   19    0.90367645370127   0.90367645370127
   20    0.99531535753572   0.99531535753572
   21    1.00172306009286   1.00172306009286
   22    1.46653444135457   1.46653444135457
   23    2.49144821705332   2.49144821705332
   24    2.56334619358612   2.56334619358612
   25    3.97832821945406   3.97832821945406
   26    4.56977882141272   4.56977882141272

   kloop=43
   k1=  -0.20000 k2=   0.20000 k3=   0.20000

    1   -0.49822122597173  -0.49822122597173
    2   -0.31956210897277  -0.31956210897277
    3   -0.22060910106442  -0.22060910106442
    4   -0.19685702621503  -0.19685702621503
    5   -0.05377666428635  -0.05377666428635
    6    0.04573938550465   0.04573938550465
    7    0.06600707589218   0.06600707589218
    8    0.08306321384442   0.08306321384442
    9    0.27377655178496   0.27377655178496
   10    0.27937899527139   0.27937899527139
   11    0.32436014744338   0.32436014744338
   12    0.36958408372337   0.36958408372337
   13    0.48451051749974   0.48451051749974
   14    0.51622083124778   0.51622083124778
   15    0.60470729534719   0.60470729534719
   16    0.62154073307212   0.62154073307212
   17    0.67363908263775   0.67363908263775
   18    0.71707469279829   0.71707469279829
   19    0.82940614948062   0.82940614948062
   20    0.94411941880010   0.94411941880010
   21    0.94511701269443   0.94511701269443
   22    1.39386017102163   1.39386017102163
   23    2.17202913678548   2.17202913678548
   24    3.20662848786498   3.20662848786498
   25    3.34060884751556   3.34060884751556
   26    4.38490138787260   4.38490138787260

   kloop=44
   k1=  -0.20000 k2=   0.20000 k3=   0.40000

    1   -0.44902469653615  -0.44902469653615
    2   -0.36539447676281  -0.36539447676281
    3   -0.27224306199984  -0.27224306199984
    4   -0.23483104240119  -0.23483104240119
    5    0.00776498064784   0.00776498064784
    6    0.02610578426440   0.02610578426440
    7    0.05167342479758   0.05167342479758
    8    0.17782811483294   0.17782811483294
    9    0.19625932750340   0.19625932750340
   10    0.27158061347205   0.27158061347205
   11    0.38654171468107   0.38654171468107
   12    0.46240774804501   0.46240774804501
   13    0.47379866507627   0.47379866507627
   14    0.54463701069223   0.54463701069223
   15    0.59348454044666   0.59348454044666
   16    0.62688831010922   0.62688831010922
   17    0.63490910064756   0.63490910064756
   18    0.69492763110462   0.69492763110462
   19    0.81323256263530   0.81323256263530
   20    0.90111630807929   0.90111630807929
   21    0.91185400889629   0.91185400889629
   22    1.06941260529918   1.06941260529918
   23    2.29064650803367   2.29064650803367
   24    3.40536514202197   3.40536514202197
   25    3.94386409805826   3.94386409805826
   26    4.21789291205377   4.21789291205377

   kloop=45
   k1=  -0.20000 k2=   0.40000 k3=  -0.40000

    1   -0.44902470156830  -0.44902470156830
    2   -0.36539446566012  -0.36539446566012
    3   -0.27224306080022  -0.27224306080022
    4   -0.23483105009790  -0.23483105009790
    5    0.00776498539414   0.00776498539414
    6    0.02610577834894   0.02610577834894
    7    0.05167341662669   0.05167341662669
    8    0.17782812354460   0.17782812354460
    9    0.19625933100183   0.19625933100183
   10    0.27158061193190   0.27158061193190
   11    0.38654171408741   0.38654171408741
   12    0.46240774713404   0.46240774713404
   13    0.47379867794942   0.47379867794942
   14    0.54463700509949   0.54463700509949
   15    0.59348454109439   0.59348454109439
   16    0.62688830901491   0.62688830901491
   17    0.63490909256691   0.63490909256691
   18    0.69492763571042   0.69492763571042
   19    0.81323255694228   0.81323255694228
   20    0.90111631016829   0.90111631016829
   21    0.91185400529121   0.91185400529121
   22    1.06941260958967   1.06941260958967
   23    2.29064650577055   2.29064650577055
   24    3.40536514267069   3.40536514267069
   25    3.94386409980017   3.94386409980017
   26    4.21789291302918   4.21789291302918

   kloop=46
   k1=  -0.20000 k2=   0.40000 k3=  -0.20000

    1   -0.46488769932507  -0.46488769932507
    2   -0.37199920180699  -0.37199920180699
    3   -0.25109524208613  -0.25109524208613
    4   -0.18613761503213  -0.18613761503213
    5   -0.04344214805489  -0.04344214805489
    6    0.05535483246453   0.05535483246453
    7    0.06141226141540   0.06141226141540
    8    0.17026474776497   0.17026474776497
    9    0.20487493570898   0.20487493570898
   10    0.21011551592142   0.21011551592142
   11    0.41571148158565   0.41571148158565
   12    0.43218043675777   0.43218043675777
   13    0.45834156389908   0.45834156389908
   14    0.49853292669426   0.49853292669426
   15    0.61150855692516   0.61150855692516
   16    0.63278835664421   0.63278835664421
   17    0.66381488481551   0.66381488481551
   18    0.72254855633597   0.72254855633597
   19    0.84433721949354   0.84433721949354
   20    0.94133849394240   0.94133849394240
   21    0.99516451694470   0.99516451694470
   22    1.14753204762427   1.14753204762427
   23    2.39459917619545   2.39459917619545
   24    2.41279549036870   2.41279549036870
   25    3.63272584158899   3.63272584158899
   26    4.21161759054367   4.21161759054367

   kloop=47
   k1=  -0.20000 k2=   0.40000 k3=   0.00000

    1   -0.46488804336818  -0.46488804336818
    2   -0.37199832742349  -0.37199832742349
    3   -0.25109621832972  -0.25109621832972
    4   -0.18613734939005  -0.18613734939005
    5   -0.04344196404472  -0.04344196404472
    6    0.05535576416774   0.05535576416774
    7    0.06141265125761   0.06141265125761
    8    0.17026644368056   0.17026644368056
    9    0.20487180787196   0.20487180787196
   10    0.21011308790482   0.21011308790482
   11    0.41571441087195   0.41571441087195
   12    0.43218438872256   0.43218438872256
   13    0.45833976016867   0.45833976016867
   14    0.49853297897634   0.49853297897634
   15    0.61150593508579   0.61150593508579
   16    0.63278712836460   0.63278712836460
   17    0.66381637041589   0.66381637041589
   18    0.72254729559230   0.72254729559230
   19    0.84433950317163   0.84433950317163
   20    0.94133916868966   0.94133916868966
   21    0.99516672514422   0.99516672514422
   22    1.14752653029818   1.14752653029818
   23    2.39461574542761   2.39461574542761
   24    2.41280316214242   2.41280316214242
   25    3.63274086160619   3.63274086160619
   26    4.21162203141426   4.21162203141426

   kloop=48
   k1=  -0.20000 k2=   0.40000 k3=   0.20000

    1   -0.44902514325785  -0.44902514325785
    2   -0.36539402267342  -0.36539402267342
    3   -0.27224235603773  -0.27224235603773
    4   -0.23483117005612  -0.23483117005612
    5    0.00776247286083   0.00776247286083
    6    0.02610490124926   0.02610490124926
    7    0.05167450355545   0.05167450355545
    8    0.17783085052168   0.17783085052168
    9    0.19625944496564   0.19625944496564
   10    0.27158140597496   0.27158140597496
   11    0.38654088805515   0.38654088805515
   12    0.46240709070364   0.46240709070364
   13    0.47379565471153   0.47379565471153
   14    0.54463734361657   0.54463734361657
   15    0.59348411087780   0.59348411087780
   16    0.62689076881347   0.62689076881347
   17    0.63490760825614   0.63490760825614
   18    0.69492968938858   0.69492968938858
   19    0.81322969921234   0.81322969921234
   20    0.90111585840718   0.90111585840718
   21    0.91185237591094   0.91185237591094
   22    1.06941324486003   1.06941324486003
   23    2.29064945752409   2.29064945752409
   24    3.40536136354126   3.40536136354126
   25    3.94386302739386   3.94386302739386
   26    4.21789900399677   4.21789900399677

   kloop=49
   k1=  -0.20000 k2=   0.40000 k3=   0.40000

    1   -0.42035716543728  -0.42035716543728
    2   -0.39824716511855  -0.39824716511855
    3   -0.27548897942973  -0.27548897942973
    4   -0.21848464253995  -0.21848464253995
    5   -0.08381949445844  -0.08381949445844
    6    0.00032173255748   0.00032173255748
    7    0.18736068008629   0.18736068008629
    8    0.20399431611864   0.20399431611864
    9    0.21659999981071   0.21659999981071
   10    0.22371997659692   0.22371997659692
   11    0.42167495645159   0.42167495645159
   12    0.44193579088401   0.44193579088401
   13    0.45723885964090   0.45723885964090
   14    0.48753194903012   0.48753194903012
   15    0.59273259268397   0.59273259268397
   16    0.60688341837672   0.60688341837672
   17    0.66845719066407   0.66845719066407
   18    0.76834244035149   0.76834244035149
   19    0.77391248489113   0.77391248489113
   20    0.81760087476714   0.81760087476714
   21    0.88485596549199   0.88485596549199
   22    0.89595423223699   0.89595423223699
   23    3.00539700502238   3.00539700502238
   24    3.64858860232172   3.64858860232172
   25    4.20534637122701   4.20534637122701
   26    4.24504429736742   4.24504429736742

   kloop=50
   k1=   0.00000 k2=  -0.40000 k3=  -0.40000

    1   -0.46569526276113  -0.46569526276113
    2   -0.35116711864989  -0.35116711864989
    3   -0.22294453058436  -0.22294453058436
    4   -0.22294452797931  -0.22294452797931
    5   -0.10228797961144  -0.10228797961144
    6   -0.06939101974277  -0.06939101974277
    7    0.19708277822253   0.19708277822253
    8    0.19708277935477   0.19708277935477
    9    0.30239408287017   0.30239408287017
   10    0.30904058453776   0.30904058453776
   11    0.34976109469788   0.34976109469788
   12    0.34976109684601   0.34976109684601
   13    0.40960274304747   0.40960274304747
   14    0.46981120461370   0.46981120461370
   15    0.63063151823869   0.63063151823869
   16    0.63485120629511   0.63485120629511
   17    0.66712073901027   0.66712073901027
   18    0.66712074400676   0.66712074400676
   19    0.84516383627861   0.84516383627861
   20    0.84992089602914   0.84992089602914
   21    0.84992090181777   0.84992090181777
   22    0.85554354468424   0.85554354468424
   23    3.21944148040783   3.21944148040783
   24    3.36215541080569   3.36215541080569
   25    4.56925105911553   4.56925105911553
   26    4.56925117042907   4.56925117042907

   kloop=51
   k1=   0.00000 k2=  -0.40000 k3=  -0.20000

    1   -0.49822081871304  -0.49822081871304
    2   -0.31956338605866  -0.31956338605866
    3   -0.22060901511879  -0.22060901511879
    4   -0.19685668771502  -0.19685668771502
    5   -0.05377599642869  -0.05377599642869
    6    0.04574190465989   0.04574190465989
    7    0.06600543502224   0.06600543502224
    8    0.08306189272141   0.08306189272141
    9    0.27377735394335   0.27377735394335
   10    0.27938016551900   0.27938016551900
   11    0.32435889629350   0.32435889629350
   12    0.36958277725786   0.36958277725786
   13    0.48451153124437   0.48451153124437
   14    0.51622082221217   0.51622082221217
   15    0.60470887722698   0.60470887722698
   16    0.62153882806488   0.62153882806488
   17    0.67363952814833   0.67363952814833
   18    0.71707711682615   0.71707711682615
   19    0.82940475081502   0.82940475081502
   20    0.94411953659487   0.94411953659487
   21    0.94511790993447   0.94511790993447
   22    1.39387128908392   1.39387128908392
   23    2.17201574287965   2.17201574287965
   24    3.20662606215958   3.20662606215958
   25    3.34056384135002   3.34056384135002
   26    4.38489869781289   4.38489869781289

   kloop=52
   k1=   0.00000 k2=  -0.40000 k3=   0.00000

    1   -0.49640499310920  -0.49640499310920
    2   -0.35640161917203  -0.35640161917203
    3   -0.16412131363144  -0.16412131363144
    4   -0.16412104938664  -0.16412104938664
    5   -0.05752119735696  -0.05752119735696
    6    0.00779848556872   0.00779848556872
    7    0.00779873048384   0.00779873048384
    8    0.23107772497679   0.23107772497679
    9    0.23107909251646   0.23107909251646
   10    0.23472603061111   0.23472603061111
   11    0.30865948912891   0.30865948912891
   12    0.39419946282019   0.39419946282019
   13    0.39420094568855   0.39420094568855
   14    0.48955954690731   0.48955954690731
   15    0.65539710467863   0.65539710467863
   16    0.70039297631324   0.70039297631324
   17    0.70039333039210   0.70039333039210
   18    0.85626417956248   0.85626417956248
   19    0.85626538753661   0.85626538753661
   20    0.87206517761177   0.87206517761177
   21    1.16599373786850   1.16599373786850
   22    1.16600143365762   1.16600143365762
   23    1.54673568104478   1.54673568104478
   24    1.54674761094476   1.54674761094476
   25    2.96565473949091   2.96565473949091
   26    4.14167755661342   4.14167755661342

   kloop=53
   k1=   0.00000 k2=  -0.40000 k3=   0.20000

    1   -0.46488721038586  -0.46488721038586
    2   -0.37199908165343  -0.37199908165343
    3   -0.25109665507429  -0.25109665507429
    4   -0.18613807636634  -0.18613807636634
    5   -0.04344272316926  -0.04344272316926
    6    0.05535673193676   0.05535673193676
    7    0.06141379521560   0.06141379521560
    8    0.17026298174320   0.17026298174320
    9    0.20487413490015   0.20487413490015
   10    0.21011485305519   0.21011485305519
   11    0.41571311390210   0.41571311390210
   12    0.43218176167581   0.43218176167581
   13    0.45834404388097   0.45834404388097
   14    0.49853336496530   0.49853336496530
   15    0.61150753158533   0.61150753158533
   16    0.63278606105322   0.63278606105322
   17    0.66381319585757   0.66381319585757
   18    0.72254860108956   0.72254860108956
   19    0.84433696667809   0.84433696667809
   20    0.94133851713563   0.94133851713563
   21    0.99516117835571   0.99516117835571
   22    1.14753049906604   1.14753049906604
   23    2.39463254484604   2.39463254484604
   24    2.41280400016969   2.41280400016969
   25    3.63274361314050   3.63274361314050
   26    4.21162157592530   4.21162157592530

   kloop=54
   k1=   0.00000 k2=  -0.40000 k3=   0.40000

    1   -0.42035694343449  -0.42035694343449
    2   -0.39824744729286  -0.39824744729286
    3   -0.27548852662855  -0.27548852662855
    4   -0.21848484286240  -0.21848484286240
    5   -0.08381974447836  -0.08381974447836
    6    0.00032024857157   0.00032024857157
    7    0.18736163636071   0.18736163636071
    8    0.20399529052866   0.20399529052866
    9    0.21660064742269   0.21660064742269
   10    0.22372079109261   0.22372079109261
   11    0.42167428419046   0.42167428419046
   12    0.44193498071108   0.44193498071108
   13    0.45723775149185   0.45723775149185
   14    0.48753057050923   0.48753057050923
   15    0.59273345862124   0.59273345862124
   16    0.60688369288895   0.60688369288895
   17    0.66845886323882   0.66845886323882
   18    0.76834278792276   0.76834278792276
   19    0.77391126264177   0.77391126264177
   20    0.81760048253400   0.81760048253400
   21    0.88485347470430   0.88485347470430
   22    0.89595351069848   0.89595351069848
   23    3.00540291024891   3.00540291024891
   24    3.64858200309737   3.64858200309737
   25    4.20535150620915   4.20535150620915
   26    4.24504537652243   4.24504537652243

   kloop=55
   k1=   0.00000 k2=  -0.20000 k3=  -0.40000

    1   -0.49822143112491  -0.49822143112491
    2   -0.31956146268183  -0.31956146268183
    3   -0.22060915325055  -0.22060915325055
    4   -0.19685719060198  -0.19685719060198
    5   -0.05377700285632  -0.05377700285632
    6    0.04573812822841   0.04573812822841
    7    0.06600789248429   0.06600789248429
    8    0.08306387056238   0.08306387056238
    9    0.27377615705349   0.27377615705349
   10    0.27937841465079   0.27937841465079
   11    0.32436077403273   0.32436077403273
   12    0.36958474278407   0.36958474278407
   13    0.48451001029902   0.48451001029902
   14    0.51622083080987   0.51622083080987
   15    0.60470650175731   0.60470650175731
   16    0.62154168340713   0.62154168340713
   17    0.67363885964824   0.67363885964824
   18    0.71707348575054   0.71707348575054
   19    0.82940684998706   0.82940684998706
   20    0.94411935124089   0.94411935124089
   21    0.94511657131383   0.94511657131383
   22    1.39385460883010   1.39385460883010
   23    2.17203583298201   2.17203583298201
   24    3.20662970253305   3.20662970253305
   25    3.34063135056473   3.34063135056473
   26    4.38490273510521   4.38490273510521

   kloop=56
   k1=   0.00000 k2=  -0.20000 k3=  -0.20000

    1   -0.54080592806208  -0.54080592806208
    2   -0.21896896930967  -0.21896896930967
    3   -0.17802133318418  -0.17802133318418
    4   -0.17802132989761  -0.17802132989761
    5   -0.06739929056809  -0.06739929056809
    6    0.04592810470280   0.04592810470280
    7    0.06096568664400   0.06096568664400
    8    0.06096568718047   0.06096568718047
    9    0.15831850098377   0.15831850098377
   10    0.20306474131510   0.20306474131510
   11    0.33213770681924   0.33213770681924
   12    0.42778065402747   0.42778065402747
   13    0.42778065546556   0.42778065546556
   14    0.51222988622558   0.51222988622558
   15    0.67539176809176   0.67539176809176
   16    0.68455832507838   0.68455832507838
   17    0.68455833080444   0.68455833080444
   18    0.71941681756988   0.71941681756988
   19    0.90350514936741   0.90350514936741
   20    0.99093859782094   0.99093859782094
   21    0.99093860366016   0.99093860366016
   22    1.40988104286789   1.40988104286789
   23    2.50597167583570   2.50597167583570
   24    2.87616198907274   2.87616198907274
   25    4.19299184531574   4.19299184531574
   26    4.19299195548961   4.19299195548961

   kloop=57
   k1=   0.00000 k2=  -0.20000 k3=   0.00000

    1   -0.54731104480385  -0.54731104480385
    2   -0.23428838706421  -0.23428838706421
    3   -0.14393689488707  -0.14393689488707
    4   -0.14393631793956  -0.14393631793956
    5   -0.03512698401148  -0.03512698401148
    6    0.00400765532439   0.00400765532439
    7    0.00400829604899   0.00400829604899
    8    0.11871395518021   0.11871395518021
    9    0.16173466611387   0.16173466611387
   10    0.16173557327632   0.16173557327632
   11    0.33114400277884   0.33114400277884
   12    0.39703843964258   0.39703843964258
   13    0.47117581486473   0.47117581486473
   14    0.47117691736368   0.47117691736368
   15    0.70472661895298   0.70472661895298
   16    0.70472765469976   0.70472765469976
   17    0.76256475359109   0.76256475359109
   18    0.86705963956652   0.86705963956652
   19    0.86706187605445   0.86706187605445
   20    1.02990111763063   1.02990111763063
   21    1.14242853422032   1.14242853422032
   22    1.14243603342543   1.14243603342543
   23    2.69432777019305   2.69432777019305
   24    2.73490737953426   2.73490737953426
   25    2.73493048626379   2.73493048626379
   26    4.00061184905455   4.00061184905455

   kloop=58
   k1=   0.00000 k2=  -0.20000 k3=   0.20000

    1   -0.51635614511052  -0.51635614511052
    2   -0.28838123526067  -0.28838123526067
    3   -0.23517973863951  -0.23517973863951
    4   -0.15348695906927  -0.15348695906927
    5   -0.01221844851427  -0.01221844851427
    6    0.02938169741432   0.02938169741432
    7    0.04204772312052   0.04204772312052
    8    0.11405632695743   0.11405632695743
    9    0.13009649387531   0.13009649387531
   10    0.29380685995266   0.29380685995266
   11    0.31361356338361   0.31361356338361
   12    0.42829017986789   0.42829017986789
   13    0.46413050244993   0.46413050244993
   14    0.52872494032881   0.52872494032881
   15    0.60134432130295   0.60134432130295
   16    0.65803332422017   0.65803332422017
   17    0.65855714437309   0.65855714437309
   18    0.78499288390354   0.78499288390354
   19    0.90367598375790   0.90367598375790
   20    0.99531442424732   0.99531442424732
   21    1.00172365253370   1.00172365253370
   22    1.46651784533742   1.46651784533742
   23    2.49144631637550   2.49144631637550
   24    2.56336445342161   2.56336445342161
   25    3.97832101139917   3.97832101139917
   26    4.56978254820665   4.56978254820665

   kloop=59
   k1=   0.00000 k2=  -0.20000 k3=   0.40000

    1   -0.46488720852403  -0.46488720852403
    2   -0.37199908568431  -0.37199908568431
    3   -0.25109665307854  -0.25109665307854
    4   -0.18613807701357  -0.18613807701357
    5   -0.04344272395252  -0.04344272395252
    6    0.05535673438561   0.05535673438561
    7    0.06141379948065   0.06141379948065
    8    0.17026298181545   0.17026298181545
    9    0.20487413139241   0.20487413139241
   10    0.21011485170788   0.21011485170788
   11    0.41571311298402   0.41571311298402
   12    0.43218175736402   0.43218175736402
   13    0.45834404349735   0.45834404349735
   14    0.49853336573314   0.49853336573314
   15    0.61150753206969   0.61150753206969
   16    0.63278606439252   0.63278606439252
   17    0.66381319640828   0.66381319640828
   18    0.72254860159365   0.72254860159365
   19    0.84433696789473   0.84433696789473
   20    0.94133851812653   0.94133851812653
   21    0.99516117720482   0.99516117720482
   22    1.14753049704056   1.14753049704056
   23    2.39463254393482   2.39463254393482
   24    2.41280400039280   2.41280400039280
   25    3.63274361416574   3.63274361416574
   26    4.21162157347845   4.21162157347845

   kloop=60
   k1=   0.00000 k2=  -0.00000 k3=  -0.40000

    1   -0.49640608422861  -0.49640608422861
    2   -0.35639979358417  -0.35639979358417
    3   -0.16412109895194  -0.16412109895194
    4   -0.16412084103544  -0.16412084103544
    5   -0.05752096494862  -0.05752096494862
    6    0.00779868529106   0.00779868529106
    7    0.00779893524455   0.00779893524455
    8    0.23107545423042   0.23107545423042
    9    0.23107682422601   0.23107682422601
   10    0.23472461151278   0.23472461151278
   11    0.30865994747938   0.30865994747938
   12    0.39420247377006   0.39420247377006
   13    0.39420395293852   0.39420395293852
   14    0.48955815499661   0.48955815499661
   15    0.65539769502559   0.65539769502559
   16    0.70039176993547   0.70039176993547
   17    0.70039211693534   0.70039211693534
   18    0.85626461123701   0.85626461123701
   19    0.85626581150777   0.85626581150777
   20    0.87206804139425   0.87206804139425
   21    1.16599170509964   1.16599170509964
   22    1.16599939844771   1.16599939844771
   23    1.54675311612155   1.54675311612155
   24    1.54676504809380   1.54676504809380
   25    2.96564742132281   2.96564742132281
   26    4.14168582812963   4.14168582812963

   kloop=61
   k1=   0.00000 k2=  -0.00000 k3=  -0.20000

    1   -0.54731180000833  -0.54731180000833
    2   -0.23428559036955  -0.23428559036955
    3   -0.14393633106680  -0.14393633106680
    4   -0.14393576175250  -0.14393576175250
    5   -0.03512639418898  -0.03512639418898
    6    0.00400702858295   0.00400702858295
    7    0.00400767236931   0.00400767236931
    8    0.11871127325793   0.11871127325793
    9    0.16173436652170   0.16173436652170
   10    0.16173527793075   0.16173527793075
   11    0.33114288743280   0.33114288743280
   12    0.39703849962949   0.39703849962949
   13    0.47117500327429   0.47117500327429
   14    0.47117610401064   0.47117610401064
   15    0.70472876947257   0.70472876947257
   16    0.70472979657196   0.70472979657196
   17    0.76256749916890   0.76256749916890
   18    0.86705970826229   0.86705970826229
   19    0.86706193692760   0.86706193692760
   20    1.02990396660626   1.02990396660626
   21    1.14242913294056   1.14242913294056
   22    1.14243663034152   1.14243663034152
   23    2.69432437146571   2.69432437146571
   24    2.73489527581451   2.73489527581451
   25    2.73491838311004   2.73491838311004
   26    4.00058159731388   4.00058159731388

   kloop=62
   k1=   0.00000 k2=  -0.00000 k3=   0.00000

    1   -0.56637157409129  -0.56637157409129
    2   -0.12252102045533  -0.12252102045533
    3   -0.12252101413375  -0.12252101413375
    4   -0.12252100202603  -0.12252100202603
    5   -0.02659837664397  -0.02659837664397
    6   -0.02659836974105  -0.02659836974105
    7   -0.02659836913317  -0.02659836913317
    8    0.02596655200229   0.02596655200229
    9    0.17054770753537   0.17054770753537
   10    0.17054771277209   0.17054771277209
   11    0.30335199432260   0.30335199432260
   12    0.41812276167512   0.41812276167512
   13    0.41812276452961   0.41812276452961
   14    0.41812276992650   0.41812276992650
   15    0.78503177668087   0.78503177668087
   16    0.78503178548866   0.78503178548866
   17    0.87786243350986   0.87786243350986
   18    0.87786243877047   0.87786243877047
   19    0.87786245041817   0.87786245041817
   20    1.18038402135925   1.18038402135925
   21    1.18038402464448   1.18038402464448
   22    1.18038403240810   1.18038403240810
   23    1.81150481862564   1.81150481862564
   24    1.81150482449863   1.81150482449863
   25    1.81150482882567   1.81150482882567
   26    2.52868997502889   2.52868997502889

***********************************************************
***********************************************************
                   Mulliken populations                    
***********************************************************
***********************************************************

  Total spin moment (muB)   0.000000000

                    Up spin      Down spin     Sum           Diff
      1   Si      2.000001616  2.000001616   4.000003232   0.000000000
      2   Si      1.999998384  1.999998384   3.999996768   0.000000000

 Sum of MulP: up   =     4.00000 down          =     4.00000
              total=     8.00000 ideal(neutral)=     8.00000


  Decomposed Mulliken populations

    1   Si          Up spin      Down spin     Sum           Diff
            multiple
  s           0    0.637473521  0.637473521   1.274947042   0.000000000
   sum over m      0.637473521  0.637473521   1.274947042   0.000000000
  s           1   -0.000573941 -0.000573941  -0.001147882   0.000000000
   sum over m     -0.000573941 -0.000573941  -0.001147882   0.000000000
   sum over m+mul  0.636899580  0.636899580   1.273799160   0.000000000
  px          0    0.415805168  0.415805168   0.831610337   0.000000000
  py          0    0.415805358  0.415805358   0.831610716   0.000000000
  pz          0    0.415805201  0.415805201   0.831610403   0.000000000
   sum over m      1.247415728  1.247415728   2.494831455   0.000000000
  px          1    0.004266324  0.004266324   0.008532648   0.000000000
  py          1    0.004266292  0.004266292   0.008532585   0.000000000
  pz          1    0.004266324  0.004266324   0.008532649   0.000000000
   sum over m      0.012798941  0.012798941   0.025597881   0.000000000
   sum over m+mul  1.260214668  1.260214668   2.520429337   0.000000000
  d3z^2-r^2   0    0.012111118  0.012111118   0.024222237   0.000000000
  dx^2-y^2    0    0.012111163  0.012111163   0.024222325   0.000000000
  dxy         0    0.026221684  0.026221684   0.052443367   0.000000000
  dxz         0    0.026221733  0.026221733   0.052443465   0.000000000
  dyz         0    0.026221670  0.026221670   0.052443341   0.000000000
   sum over m      0.102887368  0.102887368   0.205774735   0.000000000
   sum over m+mul  0.102887368  0.102887368   0.205774735   0.000000000

    2   Si          Up spin      Down spin     Sum           Diff
            multiple
  s           0    0.637488594  0.637488594   1.274977188   0.000000000
   sum over m      0.637488594  0.637488594   1.274977188   0.000000000
  s           1   -0.000576832 -0.000576832  -0.001153664   0.000000000
   sum over m     -0.000576832 -0.000576832  -0.001153664   0.000000000
   sum over m+mul  0.636911762  0.636911762   1.273823524   0.000000000
  px          0    0.415800343  0.415800343   0.831600685   0.000000000
  py          0    0.415800532  0.415800532   0.831601065   0.000000000
  pz          0    0.415800375  0.415800375   0.831600751   0.000000000
   sum over m      1.247401251  1.247401251   2.494802501   0.000000000
  px          1    0.004266092  0.004266092   0.008532183   0.000000000
  py          1    0.004266060  0.004266060   0.008532121   0.000000000
  pz          1    0.004266092  0.004266092   0.008532184   0.000000000
   sum over m      0.012798244  0.012798244   0.025596488   0.000000000
   sum over m+mul  1.260199495  1.260199495   2.520398990   0.000000000
  d3z^2-r^2   0    0.012111121  0.012111121   0.024222243   0.000000000
  dx^2-y^2    0    0.012111166  0.012111166   0.024222331   0.000000000
  dxy         0    0.026221602  0.026221602   0.052443203   0.000000000
  dxz         0    0.026221651  0.026221651   0.052443301   0.000000000
  dyz         0    0.026221588  0.026221588   0.052443177   0.000000000
   sum over m      0.102887127  0.102887127   0.205774255   0.000000000
   sum over m+mul  0.102887127  0.102887127   0.205774255   0.000000000

***********************************************************
***********************************************************
                    Dipole moment (Debye)                  
***********************************************************
***********************************************************

 Absolute D      107.67436037

                      Dx                Dy                Dz
 Total            -62.16582023      -62.16582157      -62.16582103
 Core              25.92582715       25.92582715       25.92582715
 Electron         -88.09164739      -88.09164872      -88.09164818
 Back ground       -0.00000000       -0.00000000       -0.00000000

***********************************************************
***********************************************************
       xyz-coordinates (Ang) and forces (Hartree/Bohr)  
***********************************************************
***********************************************************

<coordinates.forces
  2
    1    Si     1.34940   1.34940   1.34940  -0.000000039952 -0.000000011915 -0.000000021528
    2    Si     0.00000   0.00000   0.00000   0.000000039948  0.000000011909  0.000000021521
coordinates.forces>

***********************************************************
***********************************************************
       Fractional coordinates of the final structure       
***********************************************************
***********************************************************

     1     Si     0.25000000000000   0.25000000000000   0.25000000000000
     2     Si     0.00000000000000   0.00000000000000   0.00000000000000

***********************************************************
***********************************************************
                   Wannier functions                       
***********************************************************
***********************************************************

          Center of Wannier Function (Angs)   |   Spread (Angs^2) 
 WF   1 ( 1.14582611, 1.14582610, 1.14582611) |   2.85460254
 WF   2 ( 1.55297788, 1.55297787, 1.14582610) |   2.85460253
 WF   3 ( 1.55297788, 1.14582609, 1.55297787) |   2.85460254
 WF   4 ( 1.14582610, 1.55297787, 1.55297787) |   2.85460253
 WF   5 ( 0.20358126, 0.20358127, 0.20358127) |   2.85465247
 WF   6 ( 0.20358128,-0.20358128,-0.20358128) |   2.85465246
 WF   7 (-0.20358128, 0.20358128,-0.20358128) |   2.85465246
 WF   8 (-0.20358128,-0.20358127, 0.20358128) |   2.85465245

 Total Center ( 5.39760793, 5.39760794, 5.39760794)
 Sum.of.Spreads. 22.837019966481936

The component of spread function is:
 Omega I     = 16.933997998546
 Omega D     =  0.165509466546
 Omega OD    =  5.737512501390
 Total.Omega.= 22.837019966481950

***********************************************************
***********************************************************
               Computational Time (second)                 
***********************************************************
***********************************************************

   Elapsed.Time.       118.015

                               Min_ID   Min_Time       Max_ID   Max_Time
   Total Computational Time =    15      117.854          0      118.015
   readfile                 =     8        4.381         13        4.411
   truncation               =     0        0.000          0        0.000
   MD_pac                   =     0        0.000          7        0.000
   OutData                  =     0        1.724         15        2.509
   DFT                      =     0       21.448          4       21.522

*** In DFT ***

   Set_OLP_Kin              =     7        0.069          1        1.327
   Set_Nonlocal             =     1        1.312          7        2.570
   Set_ProExpn_VNA          =     2        1.795          0        3.505
   Set_Hamiltonian          =     1        5.724         14        5.724
   Poisson                  =    14        0.003          7        0.003
   Diagonalization          =     6        0.259          1        0.259
   Mixing_DM                =     8        0.012          5        0.012
   Force                    =     9        3.554          2        3.554
   Total_Energy             =     6        1.404          0        1.404
   Set_Aden_Grid            =     0        0.039          2        1.750
   Set_Orbitals_Grid        =     2        0.000          0        0.499
   Set_Density_Grid         =     4        3.776         10        3.777
   RestartFileDFT           =     0        0.000         11        0.003
   Mulliken_Charge          =     7        0.002          8        0.002
   FFT(2D)_Density          =    14        0.005          1        0.005
   Others                   =     0        0.024          6        0.599
