#
#      File Name      
#

System.CurrrentDirectory         ./    # default=./
System.Name                      Benzene
level.of.stdout                   1    # default=1 (1-3)
level.of.fileout                  1    # default=1 (0-2)

#
# Definition of Atomic Species
#

Species.Number       2
<Definition.of.Atomic.Species
 H   H5.0-s1        H_CA11
 C   C5.0-s1p1      C_CA11
Definition.of.Atomic.Species>

#
# Atoms
#

Atoms.Number        12
Atoms.SpeciesAndCoordinates.Unit   Ang # Ang|AU
<Atoms.SpeciesAndCoordinates           
  1  C      0.570331    1.275019    0.0000000  2.0 2.0
  2  C      1.389391    0.143589    0.0000000  2.0 2.0
  3  C      0.819041   -1.131441    0.0000000  2.0 2.0
  4  C     -0.570339   -1.275021    0.0000000  2.0 2.0
  5  C     -1.389389   -0.143591    0.0000000  2.0 2.0
  6  C     -0.819039    1.131439    0.0000000  2.0 2.0
  7  H      1.020761    2.281989    0.0000000  0.5 0.5
  8  H      2.486651    0.256999    0.0000000  0.5 0.5
  9  H      1.465881   -2.025001    0.0000000  0.5 0.5
 10  H     -1.020759   -2.281991    0.0000000  0.5 0.5
 11  H     -2.486649   -0.257001    0.0000000  0.5 0.5
 12  H     -1.465879    2.025009    0.0000000  0.5 0.5
Atoms.SpeciesAndCoordinates>
Atoms.UnitVectors.Unit             Ang #  Ang|AU
<Atoms.UnitVectors                     
  13.0   0.0   0.0
   0.0  13.0   0.0
   0.0   0.0   7.0
Atoms.UnitVectors>

#
# SCF or Electronic System
#

scf.XcType                LSDA-CA      # LDA|LSDA-CA|LSDA-PW|GGA-PBE
scf.SpinPolarization       Off         # On|Off|NC
scf.ElectronicTemperature  300.0       # default=300 (K)
scf.energycutoff           200.0       # default=150 (Ry)
scf.maxIter                100         # default=40
scf.EigenvalueSolver       cluster     # DC|GDC|Cluster|Band
scf.Kgrid                  1 1 1       # means 4x4x4
scf.Mixing.Type           rmm-diis     # Simple|Rmm-Diis|Gr-Pulay|Kerker|Rmm-Diisk
scf.Init.Mixing.Weight     0.30        # default=0.30 
scf.Min.Mixing.Weight      0.001       # default=0.001 
scf.Max.Mixing.Weight      0.400       # default=0.40 
scf.Mixing.History          7          # default=5
scf.Mixing.StartPulay       5          # default=6
scf.criterion             1.0e-9       # default=1.0e-6 (Hartree) 

#
# MD or Geometry Optimization
#

MD.Type                     nomd       # Nomd|Opt|NVE|NVT_VS|NVT_NH
MD.maxIter                   1         # default=1
MD.TimeStep                1.0         # default=0.5 (fs)
MD.Opt.criterion          1.0e-4       # default=1.0e-4 (Hartree/bohr)


***********************************************************
***********************************************************

  Required cutoff energy (Ryd) for 3D-grids = 200.0000
      Used cutoff energy (Ryd) for 3D-grids = 205.1405, 205.1405, 203.0526
  Num. of grids of a-, b-, and c-axes = 112, 112, 60

  Num.Grid1.   112
  Num.Grid2.   112
  Num.Grid3.    60


  Cell_Volume =   7983.277982894211 (Bohr^3)
  GridVol     =      0.010607033885 (Bohr^3)
  Cell vectors (bohr) of the grid cell (gtv)
    gtv_a =  0.219343195103,  0.000000000000,  0.000000000000
    gtv_b =  0.000000000000,  0.219343195103,  0.000000000000
    gtv_c =  0.000000000000,  0.000000000000,  0.220468032001
    |gtv_a| =  0.219343195103
    |gtv_b| =  0.219343195103
    |gtv_c| =  0.220468032001

***********************************************************
***********************************************************


***********************************************************
***********************************************************
                  SCF history at MD= 1                    
***********************************************************
***********************************************************

   SCF=   1  NormRD=  1.000000000000  Uele= -11.806778342552
   SCF=   2  NormRD=  1.254749445821  Uele= -18.866394956643
   SCF=   3  NormRD=  0.986473605540  Uele= -18.202190135904
   SCF=   4  NormRD=  0.435167684521  Uele= -16.838880399763
   SCF=   5  NormRD=  0.139752798167  Uele= -16.090514291336
   SCF=   6  NormRD=  0.055151180987  Uele= -15.862979203124
   SCF=   7  NormRD=  0.009495448692  Uele= -15.764537793103
   SCF=   8  NormRD=  0.000237978024  Uele= -15.760271540473
   SCF=   9  NormRD=  0.000018668360  Uele= -15.760398163290
   SCF=  10  NormRD=  0.000003056998  Uele= -15.760385313050
   SCF=  11  NormRD=  0.000002719195  Uele= -15.760388000857
   SCF=  12  NormRD=  0.000000285284  Uele= -15.760388964781
   SCF=  13  NormRD=  0.000000003260  Uele= -15.760388966217
   SCF=  14  NormRD=  0.000000000982  Uele= -15.760388965792

*******************************************************
        Total energy (Hartree) at MD = 1        
*******************************************************

  Uele.        -15.760388965792

  Ukin.         24.572625553741
  UH0.        -131.905738877660
  UH1.           0.377883059536
  Una.         -18.783276491098
  Unl.          -1.949315307373
  Uxc0.         -6.373668857649
  Uxc1.         -6.373668857649
  Ucore.       102.688243958898
  Uhub.          0.000000000000
  Ucs.           0.000000000000
  Uzs.           0.000000000000
  Uzo.           0.000000000000
  Uef.           0.000000000000
  UvdW           0.000000000000
  Utot.        -37.746915819254

  Note:

  Utot = Ukin+UH0+UH1+Una+Unl+Uxc0+Uxc1+Ucore+Uhub+Ucs+Uzs+Uzo+Uef+UvdW

  Uene:   band energy
  Ukin:   kinetic energy
  UH0:    electric part of screened Coulomb energy
  UH1:    difference electron-electron Coulomb energy
  Una:    neutral atom potential energy
  Unl:    non-local potential energy
  Uxc0:   exchange-correlation energy for alpha spin
  Uxc1:   exchange-correlation energy for beta spin
  Ucore:  core-core Coulomb energy
  Uhub:   LDA+U energy
  Ucs:    constraint energy for spin orientation
  Uzs:    Zeeman term for spin magnetic moment
  Uzo:    Zeeman term for orbital magnetic moment
  Uef:    electric energy by electric field
  UvdW:   vdW energy 

  (see also PRB 72, 045121(2005) for the energy contributions)



  Chemical potential (Hartree)      -0.234375000000

***********************************************************
***********************************************************
           Eigenvalues (Hartree) for SCF KS-eq.           
***********************************************************
***********************************************************

   Chemical Potential (Hartree) =  -0.23437500000000
   Number of States             =  30.00000000000000
   HOMO = 15
   Eigenvalues
                Up-spin            Down-spin
          1  -0.87451949580463  -0.87451949580463
          2  -0.77166589002013  -0.77166589002013
          3  -0.77166316162342  -0.77166316162342
          4  -0.62411326811203  -0.62411326811203
          5  -0.62410613505375  -0.62410613505375
          6  -0.53716915104852  -0.53716915104852
          7  -0.49213725423435  -0.49213725423435
          8  -0.47466693265049  -0.47466693265049
          9  -0.45823476306941  -0.45823476306941
         10  -0.45823346412249  -0.45823346412249
         11  -0.40055400545726  -0.40055400545726
         12  -0.39023131157074  -0.39023131157074
         13  -0.39021441822955  -0.39021441822955
         14  -0.30634367633374  -0.30634367633374
         15  -0.30634155557788  -0.30634155557788
         16  -0.11342464201606  -0.11342464201606
         17  -0.11341916824126  -0.11341916824126
         18   0.03323695178230   0.03323695178230
         19   0.09883004406667   0.09883004406667
         20   0.16148247192180   0.16148247192180
         21   0.16149698349158   0.16149698349158
         22   0.23723207504768   0.23723207504768
         23   0.24719522893715   0.24719522893715
         24   0.24719913350950   0.24719913350950
         25   0.34427564019302   0.34427564019302
         26   0.34429753906004   0.34429753906004
         27   0.38194134866994   0.38194134866994
         28   0.38196226667418   0.38196226667418
         29   0.53688033670321   0.53688033670321
         30   0.58657403000295   0.58657403000295

***********************************************************
***********************************************************
                   Mulliken populations                    
***********************************************************
***********************************************************

  Total spin S =  0.000000000000

                    Up spin      Down spin     Sum           Diff
      1    C      2.140059498  2.140059498   4.280118995   0.000000000
      2    C      2.140054117  2.140054117   4.280108235   0.000000000
      3    C      2.140047547  2.140047547   4.280095094   0.000000000
      4    C      2.140060046  2.140060046   4.280120091   0.000000000
      5    C      2.140054768  2.140054768   4.280109535   0.000000000
      6    C      2.140047388  2.140047388   4.280094777   0.000000000
      7    H      0.359937639  0.359937639   0.719875277   0.000000000
      8    H      0.359949162  0.359949162   0.719898325   0.000000000
      9    H      0.359951728  0.359951728   0.719903455   0.000000000
     10    H      0.359937267  0.359937267   0.719874534   0.000000000
     11    H      0.359948890  0.359948890   0.719897781   0.000000000
     12    H      0.359951951  0.359951951   0.719903902   0.000000000

 Sum of MulP: up   =    15.00000 down          =    15.00000
              total=    30.00000 ideal(neutral)=    30.00000


  Decomposed Mulliken populations

    1    C          Up spin      Down spin     Sum           Diff
            multiple
  s           0    0.541917173  0.541917173   1.083834345   0.000000000
   sum over m      0.541917173  0.541917173   1.083834345   0.000000000
   sum over m+mul  0.541917173  0.541917173   1.083834345   0.000000000
  px          0    0.521813729  0.521813729   1.043627457   0.000000000
  py          0    0.576331961  0.576331961   1.152663922   0.000000000
  pz          0    0.499996635  0.499996635   0.999993270   0.000000000
   sum over m      1.598142325  1.598142325   3.196284650   0.000000000
   sum over m+mul  1.598142325  1.598142325   3.196284650   0.000000000

    2    C          Up spin      Down spin     Sum           Diff
            multiple
  s           0    0.541919896  0.541919896   1.083839792   0.000000000
   sum over m      0.541919896  0.541919896   1.083839792   0.000000000
   sum over m+mul  0.541919896  0.541919896   1.083839792   0.000000000
  px          0    0.589095072  0.589095072   1.178190143   0.000000000
  py          0    0.509035183  0.509035183   1.018070365   0.000000000
  pz          0    0.500003967  0.500003967   1.000007934   0.000000000
   sum over m      1.598134222  1.598134222   3.196268443   0.000000000
   sum over m+mul  1.598134222  1.598134222   3.196268443   0.000000000

    3    C          Up spin      Down spin     Sum           Diff
            multiple
  s           0    0.541916666  0.541916666   1.083833333   0.000000000
   sum over m      0.541916666  0.541916666   1.083833333   0.000000000
   sum over m+mul  0.541916666  0.541916666   1.083833333   0.000000000
  px          0    0.536303048  0.536303048   1.072606096   0.000000000
  py          0    0.561828781  0.561828781   1.123657562   0.000000000
  pz          0    0.499999051  0.499999051   0.999998103   0.000000000
   sum over m      1.598130881  1.598130881   3.196261761   0.000000000
   sum over m+mul  1.598130881  1.598130881   3.196261761   0.000000000

    4    C          Up spin      Down spin     Sum           Diff
            multiple
  s           0    0.541917858  0.541917858   1.083835717   0.000000000
   sum over m      0.541917858  0.541917858   1.083835717   0.000000000
   sum over m+mul  0.541917858  0.541917858   1.083835717   0.000000000
  px          0    0.521812414  0.521812414   1.043624828   0.000000000
  py          0    0.576332912  0.576332912   1.152665824   0.000000000
  pz          0    0.499996862  0.499996862   0.999993723   0.000000000
   sum over m      1.598142187  1.598142187   3.196284374   0.000000000
   sum over m+mul  1.598142187  1.598142187   3.196284374   0.000000000

    5    C          Up spin      Down spin     Sum           Diff
            multiple
  s           0    0.541918723  0.541918723   1.083837446   0.000000000
   sum over m      0.541918723  0.541918723   1.083837446   0.000000000
   sum over m+mul  0.541918723  0.541918723   1.083837446   0.000000000
  px          0    0.589095787  0.589095787   1.178191575   0.000000000
  py          0    0.509036035  0.509036035   1.018072069   0.000000000
  pz          0    0.500004223  0.500004223   1.000008445   0.000000000
   sum over m      1.598136045  1.598136045   3.196272089   0.000000000
   sum over m+mul  1.598136045  1.598136045   3.196272089   0.000000000

    6    C          Up spin      Down spin     Sum           Diff
            multiple
  s           0    0.541915487  0.541915487   1.083830975   0.000000000
   sum over m      0.541915487  0.541915487   1.083830975   0.000000000
   sum over m+mul  0.541915487  0.541915487   1.083830975   0.000000000
  px          0    0.536303610  0.536303610   1.072607220   0.000000000
  py          0    0.561829029  0.561829029   1.123658058   0.000000000
  pz          0    0.499999262  0.499999262   0.999998524   0.000000000
   sum over m      1.598131901  1.598131901   3.196263802   0.000000000
   sum over m+mul  1.598131901  1.598131901   3.196263802   0.000000000

    7    H          Up spin      Down spin     Sum           Diff
            multiple
  s           0    0.359937639  0.359937639   0.719875277   0.000000000
   sum over m      0.359937639  0.359937639   0.719875277   0.000000000
   sum over m+mul  0.359937639  0.359937639   0.719875277   0.000000000

    8    H          Up spin      Down spin     Sum           Diff
            multiple
  s           0    0.359949162  0.359949162   0.719898325   0.000000000
   sum over m      0.359949162  0.359949162   0.719898325   0.000000000
   sum over m+mul  0.359949162  0.359949162   0.719898325   0.000000000

    9    H          Up spin      Down spin     Sum           Diff
            multiple
  s           0    0.359951728  0.359951728   0.719903455   0.000000000
   sum over m      0.359951728  0.359951728   0.719903455   0.000000000
   sum over m+mul  0.359951728  0.359951728   0.719903455   0.000000000

   10    H          Up spin      Down spin     Sum           Diff
            multiple
  s           0    0.359937267  0.359937267   0.719874534   0.000000000
   sum over m      0.359937267  0.359937267   0.719874534   0.000000000
   sum over m+mul  0.359937267  0.359937267   0.719874534   0.000000000

   11    H          Up spin      Down spin     Sum           Diff
            multiple
  s           0    0.359948890  0.359948890   0.719897781   0.000000000
   sum over m      0.359948890  0.359948890   0.719897781   0.000000000
   sum over m+mul  0.359948890  0.359948890   0.719897781   0.000000000

   12    H          Up spin      Down spin     Sum           Diff
            multiple
  s           0    0.359951951  0.359951951   0.719903902   0.000000000
   sum over m      0.359951951  0.359951951   0.719903902   0.000000000
   sum over m+mul  0.359951951  0.359951951   0.719903902   0.000000000

***********************************************************
***********************************************************
                    Dipole moment (Debye)                  
***********************************************************
***********************************************************

 Absolute D        0.00001883

                      Dx                Dy                Dz
 Total              0.00001156        0.00001485        0.00000000
 Core              -0.00004803       -0.00009606        0.00000000
 Electron           0.00005960        0.00011092        0.00000000
 Back ground       -0.00000000        0.00000000       -0.00000000

***********************************************************
***********************************************************
       xyz-coordinates (Ang) and forces (Hartree/Bohr)  
***********************************************************
***********************************************************

<coordinates.forces
  12
    1     C     0.57033   1.27502   0.00000   0.000417611582  0.000923055543  0.000000000003
    2     C     1.38939   0.14359   0.00000   0.001071008976  0.000234644477  0.000000000005
    3     C     0.81904  -1.13144   0.00000   0.000703352995 -0.000694304609 -0.000000000004
    4     C    -0.57034  -1.27502   0.00000  -0.000343158425 -0.000908195604  0.000000000005
    5     C    -1.38939  -0.14359   0.00000  -0.001031551916 -0.000205418762 -0.000000000005
    6     C    -0.81904   1.13144   0.00000  -0.000650768330  0.000722487694 -0.000000000005
    7     H     1.02076   2.28199   0.00000   0.026534622228  0.059385126928 -0.000000000001
    8     H     2.48665   0.25700   0.00000   0.064662108678  0.006687854362 -0.000000000000
    9     H     1.46588  -2.02500   0.00000   0.038104554676 -0.052669355523 -0.000000000002
   10     H    -1.02076  -2.28199   0.00000  -0.026538853820 -0.059389457700  0.000000000005
   11     H    -2.48665  -0.25700   0.00000  -0.064672319585 -0.006687877771  0.000000000001
   12     H    -1.46588   2.02501   0.00000  -0.038104557501  0.052662978029 -0.000000000000
coordinates.forces>

***********************************************************
***********************************************************
       Fractional coordinates of the final structure       
***********************************************************
***********************************************************

     1      C     0.04387161538462   0.09807838461538   0.00000000000000
     2      C     0.10687623076923   0.01104530769231   0.00000000000000
     3      C     0.06300315384615   0.91296607692308   0.00000000000000
     4      C     0.95612776923077   0.90192146153846   0.00000000000000
     5      C     0.89312392307692   0.98895453846154   0.00000000000000
     6      C     0.93699700000000   0.08703376923077   0.00000000000000
     7      H     0.07852007692308   0.17553761538462   0.00000000000000
     8      H     0.19128084615385   0.01976915384615   0.00000000000000
     9      H     0.11276007692308   0.84423069230769   0.00000000000000
    10      H     0.92148007692308   0.82446223076923   0.00000000000000
    11      H     0.80871930769231   0.98023069230769   0.00000000000000
    12      H     0.88724007692308   0.15576992307692   0.00000000000000

***********************************************************
***********************************************************
               Computational Time (second)                 
***********************************************************
***********************************************************

   Elapsed.Time.        42.843

                            Min_ID    Min_Time    Max_ID    Max_Time
   Total Computational Time =  0       42.843       0       42.843
   readfile                 =  0       12.841       0       12.841
   truncation               =  0        6.538       0        6.538
   MD_pac                   =  0        0.004       0        0.004
   DFT                      =  0       20.982       0       20.982

*** In DFT ***

   Set_OLP_Kin              =  0        0.919       0        0.919
   Set_Nonlocal             =  0        2.490       0        2.490
   Set_Hamiltonian          =  0        1.823       0        1.823
   Poisson                  =  0        2.150       0        2.150
   Diagonalization          =  0        0.040       0        0.040
   Mixing_DM                =  0        0.005       0        0.005
   Force                    =  0        2.766       0        2.766
   Total_Energy             =  0        8.017       0        8.017
   Set_Aden_Grid            =  0        0.188       0        0.188
   Set_Orbitals_Grid        =  0        0.975       0        0.975
   Set_Density_Grid         =  0        1.265       0        1.265
   Others                   =  0        0.345       0        0.345
