#
#      File Name      
#

System.CurrrentDirectory         ./    # default=./
System.Name                      C60
level.of.stdout                   1    # default=1 (1-3)
level.of.fileout                  1    # default=1 (0-2)

#
# Definition of Atomic Species
#

Species.Number       1
<Definition.of.Atomic.Species
  C   C5.0-s1p1   C_CA11
Definition.of.Atomic.Species>

#
# Atoms
#
  
Atoms.Number        60
Atoms.SpeciesAndCoordinates.Unit   Ang # Ang|AU
<Atoms.SpeciesAndCoordinates           # Unit=Ang.
  1  C -3.45975  0.71223 -4.17587  2.0 2.0
  2  C -4.63970  1.44078 -3.72814  2.0 2.0
  3  C -4.17340  2.64914 -3.01671  2.0 2.0
  4  C -2.71712  2.63783 -3.01734  2.0 2.0
  5  C -2.26803  1.42282 -3.72893  2.0 2.0
  6  C -4.21253 -2.58327 -3.01960  2.0 2.0
  7  C -4.65882 -1.36899 -3.73089  2.0 2.0
  8  C -3.46907 -0.66197 -4.17801  2.0 2.0
  9  C -2.29023 -1.38629 -3.72899  2.0 2.0
 10  C -2.75245 -2.59292 -3.01741  2.0 2.0
 11  C -6.94116  0.05339 -1.38546  2.0 2.0
 12  C -6.48842  1.23310 -2.10383  2.0 2.0
 13  C -5.78134  0.77169 -3.31304  2.0 2.0
 14  C -5.78870 -0.68434 -3.31378  2.0 2.0
 15  C -6.50467 -1.13456 -2.10443  2.0 2.0
 16  C -4.85294  3.07180  0.48806  2.0 2.0
 17  C -4.12468  3.50538 -0.69960  2.0 2.0
 18  C -4.84847  3.06734 -1.88104  2.0 2.0
 19  C -6.06212  2.36282 -1.42738  2.0 2.0
 20  C -6.06394  2.36210  0.02794  2.0 2.0
 21  C -0.82864  2.32416  0.02798  2.0 2.0
 22  C -0.83107  2.32488 -1.42866  2.0 2.0
 23  C -2.03410  3.04854 -1.88170  2.0 2.0
 24  C -2.75176  3.49844 -0.70094  2.0 2.0
 25  C -2.03560  3.04360  0.48409  2.0 2.0
 26  C -0.43997 -1.17957 -2.10599  2.0 2.0
 27  C -1.14911 -0.72002 -3.31402  2.0 2.0
 28  C -1.13718  0.73625 -3.31311  2.0 2.0
 29  C -0.42382  1.18630 -2.10273  2.0 2.0
 30  C  0.01172  0.00003 -1.38503  2.0 2.0
 31  C -4.21230 -2.58581  1.61962  2.0 2.0
 32  C -4.66235 -1.36996  2.33164  2.0 2.0
 33  C -3.46988 -0.65903  2.77906  2.0 2.0
 34  C -2.28854 -1.38763  2.33141  2.0 2.0
 35  C -2.75599 -2.59765  1.61875  2.0 2.0
 36  C -6.10043 -2.27391 -1.42633  2.0 2.0
 37  C -6.09703 -2.27271  0.03017  2.0 2.0
 38  C -4.89414 -2.99686  0.48325  2.0 2.0
 39  C -4.17545 -3.44594 -0.69664  2.0 2.0
 40  C -4.89031 -2.99150 -1.88111  2.0 2.0
 41  C -6.48881  1.23117  0.70849  2.0 2.0
 42  C -5.77982  0.77236  1.91597  2.0 2.0
 43  C -5.79282 -0.68318  1.91497  2.0 2.0
 44  C -6.50569 -1.13451  0.70414  2.0 2.0
 45  C -6.94021  0.05143 -0.01338  2.0 2.0
 46  C -2.71422  2.63243  1.62175  2.0 2.0
 47  C -2.26878  1.42029  2.33348  2.0 2.0
 48  C -3.45947  0.71557  2.78090  2.0 2.0
 49  C -4.63834  1.43816  2.33078  2.0 2.0
 50  C -4.17691  2.64697  1.62294  2.0 2.0
 51  C  0.01344 -0.00165 -0.01301  2.0 2.0
 52  C -0.43904 -1.18095  0.70482  2.0 2.0
 53  C -1.14655 -0.71871  1.91526  2.0 2.0
 54  C -1.13888  0.73667  1.91591  2.0 2.0
 55  C -0.42313  1.18579  0.70697  2.0 2.0
 56  C -2.07685 -3.01759 -1.88359  2.0 2.0
 57  C -2.80281 -3.45482 -0.69865  2.0 2.0
 58  C -2.08055 -3.01574  0.48274  2.0 2.0
 59  C -0.86620 -2.31124  0.02824  2.0 2.0
 60  C -0.86415 -2.31095 -1.42670  2.0 2.0
Atoms.SpeciesAndCoordinates>
Atoms.UnitVectors.Unit             Ang #  Ang|AU
<Atoms.UnitVectors                     # unit=Ang.
  12.0   0.0   0.0
   0.0  12.0   0.0
   0.0   0.0  12.0
Atoms.UnitVectors>

#
# SCF or Electronic System
#

scf.XcType                 LDA         # LDA|LSDA-CA|LSDA-PW|GGA-PBE
scf.SpinPolarization       Off         # On|Off|NC
scf.ElectronicTemperature  300.0       # default=300 (K)
scf.energycutoff           140.0       # default=150 (Ry)
scf.maxIter                100         # default=40
scf.EigenvalueSolver        dc         # DC|GDC|Cluster|Band
scf.Kgrid                  1 1 1       # means 4x4x4
scf.Mixing.Type           rmm-diisk    # Simple|Rmm-Diis|Gr-Pulay|Kerker|Rmm-Diisk
scf.Init.Mixing.Weight     0.30        # default=0.30 
scf.Min.Mixing.Weight      0.001       # default=0.001 
scf.Max.Mixing.Weight      0.400       # default=0.40 
scf.Mixing.History         12          # default=5
scf.Mixing.StartPulay       5          # default=6
scf.criterion             1.0e-9       # default=1.0e-6 (Hartree) 
 
#
# SCF Order-N
#
 
orderN.HoppingRanges        6.0        # default=5.0 (Ang) 
orderN.NumHoppings           2         # default=2

#
# MD or Geometry Optimization
#

MD.Type                    nomd        # Nomd|Opt|NVE|NVT_VS|NVT_NH
MD.maxIter                  1          # default=1
MD.TimeStep                1.0         # default=0.5 (fs)
MD.Opt.criterion          1.0e-4       # default=1.0e-4 (Hartree/bohr)


***********************************************************
***********************************************************

  Required cutoff energy (Ryd) for 3D-grids = 140.0000
      Used cutoff energy (Ryd) for 3D-grids = 155.4621, 155.4621, 155.4621
  Num. of grids of a-, b-, and c-axes = 90, 90, 90

  Num.Grid1.    90
  Num.Grid2.    90
  Num.Grid3.    90


  Cell_Volume =  11661.119488115972 (Bohr^3)
  GridVol     =      0.015996048681 (Bohr^3)
  Cell vectors (bohr) of the grid cell (gtv)
    gtv_a =  0.251963465144,  0.000000000000,  0.000000000000
    gtv_b =  0.000000000000,  0.251963465144,  0.000000000000
    gtv_c =  0.000000000000,  0.000000000000,  0.251963465144
    |gtv_a| =  0.251963465144
    |gtv_b| =  0.251963465144
    |gtv_c| =  0.251963465144

***********************************************************
***********************************************************


***********************************************************
***********************************************************
                  SCF history at MD= 1                    
***********************************************************
***********************************************************

   SCF=   1  NormRD=  1.000000000000  Uele= -88.051365962775
   SCF=   2  NormRD=  4.085121670146  Uele= -107.724501975577
   SCF=   3  NormRD=  4.020866059632  Uele= -108.116515301652
   SCF=   4  NormRD=  2.533238437541  Uele= -117.195886394982
   SCF=   5  NormRD=  1.605813315205  Uele= -123.562946937854
   SCF=   6  NormRD=  0.152953049167  Uele= -139.605491816246
   SCF=   7  NormRD=  0.024020431631  Uele= -144.347303418255
   SCF=   8  NormRD=  0.009576542284  Uele= -144.388998789679
   SCF=   9  NormRD=  0.005714696339  Uele= -144.318215883839
   SCF=  10  NormRD=  0.001037867259  Uele= -144.317943648305
   SCF=  11  NormRD=  0.001075574367  Uele= -144.319142954887
   SCF=  12  NormRD=  0.000210235289  Uele= -144.319518393622
   SCF=  13  NormRD=  0.000111466737  Uele= -144.319406824043
   SCF=  14  NormRD=  0.000059935053  Uele= -144.319339890246
   SCF=  15  NormRD=  0.000028818505  Uele= -144.319305599649
   SCF=  16  NormRD=  0.000008764162  Uele= -144.319299145859
   SCF=  17  NormRD=  0.000003080342  Uele= -144.319300547964
   SCF=  18  NormRD=  0.000001815289  Uele= -144.319300645220
   SCF=  19  NormRD=  0.000001040150  Uele= -144.319300447418
   SCF=  20  NormRD=  0.000000171135  Uele= -144.319300440781
   SCF=  21  NormRD=  0.000000165441  Uele= -144.319300163281
   SCF=  22  NormRD=  0.000000062662  Uele= -144.319300210970
   SCF=  23  NormRD=  0.000000027414  Uele= -144.319300257402
   SCF=  24  NormRD=  0.000000016474  Uele= -144.319300282912
   SCF=  25  NormRD=  0.000000003635  Uele= -144.319300293539
   SCF=  26  NormRD=  0.000000002496  Uele= -144.319300291585
   SCF=  27  NormRD=  0.000000000845  Uele= -144.319300290082
   SCF=  28  NormRD=  0.000000000387  Uele= -144.319300288952
   SCF=  29  NormRD=  0.000000000090  Uele= -144.319300288691

*******************************************************
        Total energy (Hartree) at MD = 1        
*******************************************************

  Uele.       -144.319300288691

  Ukin.        219.144751197185
  UH0.       -2843.054899971330
  UH1.           4.224041410076
  Una.        -152.291286339370
  Unl.         -22.482258428351
  Uxc0.        -54.792740668123
  Uxc1.        -54.792740668123
  Ucore.      2560.202650328739
  Uhub.          0.000000000000
  Ucs.           0.000000000000
  Uzs.           0.000000000000
  Uzo.           0.000000000000
  Uef.           0.000000000000
  UvdW           0.000000000000
  Utot.       -343.842483139296

  Note:

  Utot = Ukin+UH0+UH1+Una+Unl+Uxc0+Uxc1+Ucore+Uhub+Ucs+Uzs+Uzo+Uef+UvdW

  Uene:   band energy
  Ukin:   kinetic energy
  UH0:    electric part of screened Coulomb energy
  UH1:    difference electron-electron Coulomb energy
  Una:    neutral atom potential energy
  Unl:    non-local potential energy
  Uxc0:   exchange-correlation energy for alpha spin
  Uxc1:   exchange-correlation energy for beta spin
  Ucore:  core-core Coulomb energy
  Uhub:   LDA+U energy
  Ucs:    constraint energy for spin orientation
  Uzs:    Zeeman term for spin magnetic moment
  Uzo:    Zeeman term for orbital magnetic moment
  Uef:    electric energy by electric field
  UvdW:   vdW energy 

  (see also PRB 72, 045121(2005) for the energy contributions)



  Chemical potential (Hartree)      -0.260884947950

***********************************************************
***********************************************************
                   Mulliken populations                    
***********************************************************
***********************************************************

  Total spin S =  0.000000000000

                    Up spin      Down spin     Sum           Diff
      1    C      2.002658565  2.002658565   4.005317129   0.000000000
      2    C      1.996549213  1.996549213   3.993098425   0.000000000
      3    C      2.001097598  2.001097598   4.002195196   0.000000000
      4    C      2.000741482  2.000741482   4.001482964   0.000000000
      5    C      1.996663941  1.996663941   3.993327883   0.000000000
      6    C      2.001165652  2.001165652   4.002331303   0.000000000
      7    C      1.997416095  1.997416095   3.994832190   0.000000000
      8    C      2.003788473  2.003788473   4.007576947   0.000000000
      9    C      1.997402827  1.997402827   3.994805653   0.000000000
     10    C      2.000684541  2.000684541   4.001369082   0.000000000
     11    C      2.003326918  2.003326918   4.006653836   0.000000000
     12    C      1.997611131  1.997611131   3.995222262   0.000000000
     13    C      2.001301630  2.001301630   4.002603261   0.000000000
     14    C      2.001398402  2.001398402   4.002796803   0.000000000
     15    C      1.996991780  1.996991780   3.993983561   0.000000000
     16    C      1.997057508  1.997057508   3.994115015   0.000000000
     17    C      2.002875817  2.002875817   4.005751635   0.000000000
     18    C      1.997604422  1.997604422   3.995208844   0.000000000
     19    C      2.001441143  2.001441143   4.002882285   0.000000000
     20    C      2.000787842  2.000787842   4.001575683   0.000000000
     21    C      2.001159473  2.001159473   4.002318946   0.000000000
     22    C      2.001308928  2.001308928   4.002617857   0.000000000
     23    C      1.997487214  1.997487214   3.994974428   0.000000000
     24    C      2.003898777  2.003898777   4.007797554   0.000000000
     25    C      1.996488722  1.996488722   3.992977445   0.000000000
     26    C      1.997333440  1.997333440   3.994666881   0.000000000
     27    C      2.001462550  2.001462550   4.002925100   0.000000000
     28    C      2.001174363  2.001174363   4.002348726   0.000000000
     29    C      1.997461574  1.997461574   3.994923147   0.000000000
     30    C      2.003418543  2.003418543   4.006837086   0.000000000
     31    C      2.000684454  2.000684454   4.001368908   0.000000000
     32    C      1.996540039  1.996540039   3.993080078   0.000000000
     33    C      2.002446007  2.002446007   4.004892013   0.000000000
     34    C      1.996240270  1.996240270   3.992480540   0.000000000
     35    C      2.000944110  2.000944110   4.001888220   0.000000000
     36    C      2.001209792  2.001209792   4.002419583   0.000000000
     37    C      2.001247229  2.001247229   4.002494457   0.000000000
     38    C      1.997527134  1.997527134   3.995054268   0.000000000
     39    C      2.003950375  2.003950375   4.007900750   0.000000000
     40    C      1.996221941  1.996221941   3.992443881   0.000000000
     41    C      1.997351867  1.997351867   3.994703733   0.000000000
     42    C      2.001822365  2.001822365   4.003644729   0.000000000
     43    C      2.001173841  2.001173841   4.002347682   0.000000000
     44    C      1.997599216  1.997599216   3.995198431   0.000000000
     45    C      2.003421448  2.003421448   4.006842896   0.000000000
     46    C      2.000715131  2.000715131   4.001430262   0.000000000
     47    C      1.997859466  1.997859466   3.995718933   0.000000000
     48    C      2.003893055  2.003893055   4.007786110   0.000000000
     49    C      1.997475421  1.997475421   3.994950842   0.000000000
     50    C      2.000611661  2.000611661   4.001223321   0.000000000
     51    C      2.003476915  2.003476915   4.006953829   0.000000000
     52    C      1.997466239  1.997466239   3.994932479   0.000000000
     53    C      2.001206731  2.001206731   4.002413463   0.000000000
     54    C      2.001649876  2.001649876   4.003299752   0.000000000
     55    C      1.997056583  1.997056583   3.994113166   0.000000000
     56    C      1.997260618  1.997260618   3.994521236   0.000000000
     57    C      2.003313863  2.003313863   4.006627727   0.000000000
     58    C      1.997481325  1.997481325   3.994962650   0.000000000
     59    C      2.001266805  2.001266805   4.002533611   0.000000000
     60    C      2.001127661  2.001127661   4.002255322   0.000000000

 Sum of MulP: up   =   120.00000 down          =   120.00000
              total=   240.00000 ideal(neutral)=   240.00000


  Decomposed Mulliken populations

    1    C          Up spin      Down spin     Sum           Diff
            multiple
  s           0    0.497179685  0.497179685   0.994359369   0.000000000
   sum over m      0.497179685  0.497179685   0.994359369   0.000000000
   sum over m+mul  0.497179685  0.497179685   0.994359369   0.000000000
  px          0    0.495676926  0.495676926   0.991353852   0.000000000
  py          0    0.513836942  0.513836942   1.027673885   0.000000000
  pz          0    0.495965011  0.495965011   0.991930023   0.000000000
   sum over m      1.505478880  1.505478880   3.010957760   0.000000000
   sum over m+mul  1.505478880  1.505478880   3.010957760   0.000000000

    2    C          Up spin      Down spin     Sum           Diff
            multiple
  s           0    0.499606048  0.499606048   0.999212095   0.000000000
   sum over m      0.499606048  0.499606048   0.999212095   0.000000000
   sum over m+mul  0.499606048  0.499606048   0.999212095   0.000000000
  px          0    0.508653122  0.508653122   1.017306244   0.000000000
  py          0    0.495070617  0.495070617   0.990141235   0.000000000
  pz          0    0.493219426  0.493219426   0.986438851   0.000000000
   sum over m      1.496943165  1.496943165   2.993886330   0.000000000
   sum over m+mul  1.496943165  1.496943165   2.993886330   0.000000000

    3    C          Up spin      Down spin     Sum           Diff
            multiple
  s           0    0.503046518  0.503046518   1.006093036   0.000000000
   sum over m      0.503046518  0.503046518   1.006093036   0.000000000
   sum over m+mul  0.503046518  0.503046518   1.006093036   0.000000000
  px          0    0.497364321  0.497364321   0.994728643   0.000000000
  py          0    0.496903464  0.496903464   0.993806928   0.000000000
  pz          0    0.503783294  0.503783294   1.007566588   0.000000000
   sum over m      1.498051080  1.498051080   2.996102159   0.000000000
   sum over m+mul  1.498051080  1.498051080   2.996102159   0.000000000

    4    C          Up spin      Down spin     Sum           Diff
            multiple
  s           0    0.503202817  0.503202817   1.006405635   0.000000000
   sum over m      0.503202817  0.503202817   1.006405635   0.000000000
   sum over m+mul  0.503202817  0.503202817   1.006405635   0.000000000
  px          0    0.497297869  0.497297869   0.994595738   0.000000000
  py          0    0.496654309  0.496654309   0.993308619   0.000000000
  pz          0    0.503586486  0.503586486   1.007172973   0.000000000
   sum over m      1.497538665  1.497538665   2.995077330   0.000000000
   sum over m+mul  1.497538665  1.497538665   2.995077330   0.000000000

    5    C          Up spin      Down spin     Sum           Diff
            multiple
  s           0    0.499728890  0.499728890   0.999457780   0.000000000
   sum over m      0.499728890  0.499728890   0.999457780   0.000000000
   sum over m+mul  0.499728890  0.499728890   0.999457780   0.000000000
  px          0    0.508333690  0.508333690   1.016667380   0.000000000
  py          0    0.495292450  0.495292450   0.990584901   0.000000000
  pz          0    0.493308911  0.493308911   0.986617823   0.000000000
   sum over m      1.496935052  1.496935052   2.993870103   0.000000000
   sum over m+mul  1.496935052  1.496935052   2.993870103   0.000000000

    6    C          Up spin      Down spin     Sum           Diff
            multiple
  s           0    0.503481500  0.503481500   1.006963000   0.000000000
   sum over m      0.503481500  0.503481500   1.006963000   0.000000000
   sum over m+mul  0.503481500  0.503481500   1.006963000   0.000000000
  px          0    0.496768899  0.496768899   0.993537798   0.000000000
  py          0    0.497047405  0.497047405   0.994094810   0.000000000
  pz          0    0.503867847  0.503867847   1.007735694   0.000000000
   sum over m      1.497684152  1.497684152   2.995368303   0.000000000
   sum over m+mul  1.497684152  1.497684152   2.995368303   0.000000000

    7    C          Up spin      Down spin     Sum           Diff
            multiple
  s           0    0.498884171  0.498884171   0.997768342   0.000000000
   sum over m      0.498884171  0.498884171   0.997768342   0.000000000
   sum over m+mul  0.498884171  0.498884171   0.997768342   0.000000000
  px          0    0.508876573  0.508876573   1.017753146   0.000000000
  py          0    0.495992913  0.495992913   0.991985826   0.000000000
  pz          0    0.493662438  0.493662438   0.987324876   0.000000000
   sum over m      1.498531924  1.498531924   2.997063848   0.000000000
   sum over m+mul  1.498531924  1.498531924   2.997063848   0.000000000

    8    C          Up spin      Down spin     Sum           Diff
            multiple
  s           0    0.496882091  0.496882091   0.993764181   0.000000000
   sum over m      0.496882091  0.496882091   0.993764181   0.000000000
   sum over m+mul  0.496882091  0.496882091   0.993764181   0.000000000
  px          0    0.496230612  0.496230612   0.992461225   0.000000000
  py          0    0.514213071  0.514213071   1.028426141   0.000000000
  pz          0    0.496462700  0.496462700   0.992925400   0.000000000
   sum over m      1.506906383  1.506906383   3.013812766   0.000000000
   sum over m+mul  1.506906383  1.506906383   3.013812766   0.000000000

    9    C          Up spin      Down spin     Sum           Diff
            multiple
  s           0    0.498532331  0.498532331   0.997064662   0.000000000
   sum over m      0.498532331  0.498532331   0.997064662   0.000000000
   sum over m+mul  0.498532331  0.498532331   0.997064662   0.000000000
  px          0    0.509204878  0.509204878   1.018409757   0.000000000
  py          0    0.495945293  0.495945293   0.991890587   0.000000000
  pz          0    0.493720324  0.493720324   0.987440647   0.000000000
   sum over m      1.498870496  1.498870496   2.997740991   0.000000000
   sum over m+mul  1.498870496  1.498870496   2.997740991   0.000000000

   10    C          Up spin      Down spin     Sum           Diff
            multiple
  s           0    0.502690419  0.502690419   1.005380837   0.000000000
   sum over m      0.502690419  0.502690419   1.005380837   0.000000000
   sum over m+mul  0.502690419  0.502690419   1.005380837   0.000000000
  px          0    0.496921324  0.496921324   0.993842649   0.000000000
  py          0    0.497150632  0.497150632   0.994301263   0.000000000
  pz          0    0.503922166  0.503922166   1.007844332   0.000000000
   sum over m      1.497994122  1.497994122   2.995988245   0.000000000
   sum over m+mul  1.497994122  1.497994122   2.995988245   0.000000000

   11    C          Up spin      Down spin     Sum           Diff
            multiple
  s           0    0.495986791  0.495986791   0.991973582   0.000000000
   sum over m      0.495986791  0.495986791   0.991973582   0.000000000
   sum over m+mul  0.495986791  0.495986791   0.991973582   0.000000000
  px          0    0.496518113  0.496518113   0.993036225   0.000000000
  py          0    0.496273392  0.496273392   0.992546785   0.000000000
  pz          0    0.514548622  0.514548622   1.029097244   0.000000000
   sum over m      1.507340127  1.507340127   3.014680254   0.000000000
   sum over m+mul  1.507340127  1.507340127   3.014680254   0.000000000

   12    C          Up spin      Down spin     Sum           Diff
            multiple
  s           0    0.498420493  0.498420493   0.996840985   0.000000000
   sum over m      0.498420493  0.498420493   0.996840985   0.000000000
   sum over m+mul  0.498420493  0.498420493   0.996840985   0.000000000
  px          0    0.494069967  0.494069967   0.988139934   0.000000000
  py          0    0.509137660  0.509137660   1.018275320   0.000000000
  pz          0    0.495983011  0.495983011   0.991966022   0.000000000
   sum over m      1.499190638  1.499190638   2.998381277   0.000000000
   sum over m+mul  1.499190638  1.499190638   2.998381277   0.000000000

   13    C          Up spin      Down spin     Sum           Diff
            multiple
  s           0    0.502732515  0.502732515   1.005465029   0.000000000
   sum over m      0.502732515  0.502732515   1.005465029   0.000000000
   sum over m+mul  0.502732515  0.502732515   1.005465029   0.000000000
  px          0    0.504082108  0.504082108   1.008164216   0.000000000
  py          0    0.497292178  0.497292178   0.994584355   0.000000000
  pz          0    0.497194830  0.497194830   0.994389660   0.000000000
   sum over m      1.498569116  1.498569116   2.997138232   0.000000000
   sum over m+mul  1.498569116  1.498569116   2.997138232   0.000000000

   14    C          Up spin      Down spin     Sum           Diff
            multiple
  s           0    0.502198280  0.502198280   1.004396559   0.000000000
   sum over m      0.502198280  0.502198280   1.004396559   0.000000000
   sum over m+mul  0.502198280  0.502198280   1.004396559   0.000000000
  px          0    0.504198485  0.504198485   1.008396971   0.000000000
  py          0    0.497482938  0.497482938   0.994965876   0.000000000
  pz          0    0.497518699  0.497518699   0.995037397   0.000000000
   sum over m      1.499200122  1.499200122   2.998400244   0.000000000
   sum over m+mul  1.499200122  1.499200122   2.998400244   0.000000000

   15    C          Up spin      Down spin     Sum           Diff
            multiple
  s           0    0.499144763  0.499144763   0.998289525   0.000000000
   sum over m      0.499144763  0.499144763   0.998289525   0.000000000
   sum over m+mul  0.499144763  0.499144763   0.998289525   0.000000000
  px          0    0.493382049  0.493382049   0.986764099   0.000000000
  py          0    0.508802365  0.508802365   1.017604730   0.000000000
  pz          0    0.495662603  0.495662603   0.991325206   0.000000000
   sum over m      1.497847018  1.497847018   2.995694035   0.000000000
   sum over m+mul  1.497847018  1.497847018   2.995694035   0.000000000

   16    C          Up spin      Down spin     Sum           Diff
            multiple
  s           0    0.500767269  0.500767269   1.001534538   0.000000000
   sum over m      0.500767269  0.500767269   1.001534538   0.000000000
   sum over m+mul  0.500767269  0.500767269   1.001534538   0.000000000
  px          0    0.495008527  0.495008527   0.990017054   0.000000000
  py          0    0.493456159  0.493456159   0.986912318   0.000000000
  pz          0    0.507825553  0.507825553   1.015651105   0.000000000
   sum over m      1.496290239  1.496290239   2.992580477   0.000000000
   sum over m+mul  1.496290239  1.496290239   2.992580477   0.000000000

   17    C          Up spin      Down spin     Sum           Diff
            multiple
  s           0    0.496075780  0.496075780   0.992151559   0.000000000
   sum over m      0.496075780  0.496075780   0.992151559   0.000000000
   sum over m+mul  0.496075780  0.496075780   0.992151559   0.000000000
  px          0    0.514555088  0.514555088   1.029110175   0.000000000
  py          0    0.496179772  0.496179772   0.992359544   0.000000000
  pz          0    0.496065178  0.496065178   0.992130356   0.000000000
   sum over m      1.506800038  1.506800038   3.013600075   0.000000000
   sum over m+mul  1.506800038  1.506800038   3.013600075   0.000000000

   18    C          Up spin      Down spin     Sum           Diff
            multiple
  s           0    0.498731620  0.498731620   0.997463239   0.000000000
   sum over m      0.498731620  0.498731620   0.997463239   0.000000000
   sum over m+mul  0.498731620  0.498731620   0.997463239   0.000000000
  px          0    0.495985430  0.495985430   0.991970861   0.000000000
  py          0    0.493979748  0.493979748   0.987959496   0.000000000
  pz          0    0.508907624  0.508907624   1.017815247   0.000000000
   sum over m      1.498872802  1.498872802   2.997745605   0.000000000
   sum over m+mul  1.498872802  1.498872802   2.997745605   0.000000000

   19    C          Up spin      Down spin     Sum           Diff
            multiple
  s           0    0.501856581  0.501856581   1.003713162   0.000000000
   sum over m      0.501856581  0.501856581   1.003713162   0.000000000
   sum over m+mul  0.501856581  0.501856581   1.003713162   0.000000000
  px          0    0.497472310  0.497472310   0.994944620   0.000000000
  py          0    0.504254327  0.504254327   1.008508655   0.000000000
  pz          0    0.497857924  0.497857924   0.995715849   0.000000000
   sum over m      1.499584562  1.499584562   2.999169123   0.000000000
   sum over m+mul  1.499584562  1.499584562   2.999169123   0.000000000

   20    C          Up spin      Down spin     Sum           Diff
            multiple
  s           0    0.502231698  0.502231698   1.004463396   0.000000000
   sum over m      0.502231698  0.502231698   1.004463396   0.000000000
   sum over m+mul  0.502231698  0.502231698   1.004463396   0.000000000
  px          0    0.497439650  0.497439650   0.994879299   0.000000000
  py          0    0.503785576  0.503785576   1.007571152   0.000000000
  pz          0    0.497330918  0.497330918   0.994661836   0.000000000
   sum over m      1.498556144  1.498556144   2.997112287   0.000000000
   sum over m+mul  1.498556144  1.498556144   2.997112287   0.000000000

   21    C          Up spin      Down spin     Sum           Diff
            multiple
  s           0    0.502788138  0.502788138   1.005576276   0.000000000
   sum over m      0.502788138  0.502788138   1.005576276   0.000000000
   sum over m+mul  0.502788138  0.502788138   1.005576276   0.000000000
  px          0    0.497290323  0.497290323   0.994580646   0.000000000
  py          0    0.504067638  0.504067638   1.008135277   0.000000000
  pz          0    0.497013373  0.497013373   0.994026747   0.000000000
   sum over m      1.498371335  1.498371335   2.996742670   0.000000000
   sum over m+mul  1.498371335  1.498371335   2.996742670   0.000000000

   22    C          Up spin      Down spin     Sum           Diff
            multiple
  s           0    0.502313503  0.502313503   1.004627006   0.000000000
   sum over m      0.502313503  0.502313503   1.004627006   0.000000000
   sum over m+mul  0.502313503  0.502313503   1.004627006   0.000000000
  px          0    0.497190142  0.497190142   0.994380284   0.000000000
  py          0    0.504140706  0.504140706   1.008281413   0.000000000
  pz          0    0.497664577  0.497664577   0.995329154   0.000000000
   sum over m      1.498995425  1.498995425   2.997990850   0.000000000
   sum over m+mul  1.498995425  1.498995425   2.997990850   0.000000000

   23    C          Up spin      Down spin     Sum           Diff
            multiple
  s           0    0.499228637  0.499228637   0.998457275   0.000000000
   sum over m      0.499228637  0.499228637   0.998457275   0.000000000
   sum over m+mul  0.499228637  0.499228637   0.998457275   0.000000000
  px          0    0.495920951  0.495920951   0.991841903   0.000000000
  py          0    0.493722428  0.493722428   0.987444856   0.000000000
  pz          0    0.508615197  0.508615197   1.017230395   0.000000000
   sum over m      1.498258577  1.498258577   2.996517153   0.000000000
   sum over m+mul  1.498258577  1.498258577   2.996517153   0.000000000

   24    C          Up spin      Down spin     Sum           Diff
            multiple
  s           0    0.496566399  0.496566399   0.993132797   0.000000000
   sum over m      0.496566399  0.496566399   0.993132797   0.000000000
   sum over m+mul  0.496566399  0.496566399   0.993132797   0.000000000
  px          0    0.514399674  0.514399674   1.028799348   0.000000000
  py          0    0.496910291  0.496910291   0.993820583   0.000000000
  pz          0    0.496022413  0.496022413   0.992044826   0.000000000
   sum over m      1.507332378  1.507332378   3.014664756   0.000000000
   sum over m+mul  1.507332378  1.507332378   3.014664756   0.000000000

   25    C          Up spin      Down spin     Sum           Diff
            multiple
  s           0    0.499608653  0.499608653   0.999217305   0.000000000
   sum over m      0.499608653  0.499608653   0.999217305   0.000000000
   sum over m+mul  0.499608653  0.499608653   0.999217305   0.000000000
  px          0    0.495264862  0.495264862   0.990529724   0.000000000
  py          0    0.493111735  0.493111735   0.986223469   0.000000000
  pz          0    0.508503473  0.508503473   1.017006946   0.000000000
   sum over m      1.496880070  1.496880070   2.993760140   0.000000000
   sum over m+mul  1.496880070  1.496880070   2.993760140   0.000000000

   26    C          Up spin      Down spin     Sum           Diff
            multiple
  s           0    0.498942641  0.498942641   0.997885283   0.000000000
   sum over m      0.498942641  0.498942641   0.997885283   0.000000000
   sum over m+mul  0.498942641  0.498942641   0.997885283   0.000000000
  px          0    0.493890841  0.493890841   0.987781681   0.000000000
  py          0    0.508699862  0.508699862   1.017399724   0.000000000
  pz          0    0.495800096  0.495800096   0.991600193   0.000000000
   sum over m      1.498390799  1.498390799   2.996781598   0.000000000
   sum over m+mul  1.498390799  1.498390799   2.996781598   0.000000000

   27    C          Up spin      Down spin     Sum           Diff
            multiple
  s           0    0.502294514  0.502294514   1.004589029   0.000000000
   sum over m      0.502294514  0.502294514   1.004589029   0.000000000
   sum over m+mul  0.502294514  0.502294514   1.004589029   0.000000000
  px          0    0.504274553  0.504274553   1.008549106   0.000000000
  py          0    0.497474684  0.497474684   0.994949369   0.000000000
  pz          0    0.497418798  0.497418798   0.994837597   0.000000000
   sum over m      1.499168035  1.499168035   2.998336071   0.000000000
   sum over m+mul  1.499168035  1.499168035   2.998336071   0.000000000

   28    C          Up spin      Down spin     Sum           Diff
            multiple
  s           0    0.502637892  0.502637892   1.005275784   0.000000000
   sum over m      0.502637892  0.502637892   1.005275784   0.000000000
   sum over m+mul  0.502637892  0.502637892   1.005275784   0.000000000
  px          0    0.503999143  0.503999143   1.007998286   0.000000000
  py          0    0.497278642  0.497278642   0.994557284   0.000000000
  pz          0    0.497258686  0.497258686   0.994517372   0.000000000
   sum over m      1.498536471  1.498536471   2.997072943   0.000000000
   sum over m+mul  1.498536471  1.498536471   2.997072943   0.000000000

   29    C          Up spin      Down spin     Sum           Diff
            multiple
  s           0    0.498302647  0.498302647   0.996605295   0.000000000
   sum over m      0.498302647  0.498302647   0.996605295   0.000000000
   sum over m+mul  0.498302647  0.498302647   0.996605295   0.000000000
  px          0    0.493964155  0.493964155   0.987928310   0.000000000
  py          0    0.509282023  0.509282023   1.018564046   0.000000000
  pz          0    0.495912748  0.495912748   0.991825496   0.000000000
   sum over m      1.499158926  1.499158926   2.998317852   0.000000000
   sum over m+mul  1.499158926  1.499158926   2.998317852   0.000000000

   30    C          Up spin      Down spin     Sum           Diff
            multiple
  s           0    0.495603719  0.495603719   0.991207438   0.000000000
   sum over m      0.495603719  0.495603719   0.991207438   0.000000000
   sum over m+mul  0.495603719  0.495603719   0.991207438   0.000000000
  px          0    0.496581071  0.496581071   0.993162143   0.000000000
  py          0    0.496445803  0.496445803   0.992891605   0.000000000
  pz          0    0.514787950  0.514787950   1.029575900   0.000000000
   sum over m      1.507814824  1.507814824   3.015629649   0.000000000
   sum over m+mul  1.507814824  1.507814824   3.015629649   0.000000000

   31    C          Up spin      Down spin     Sum           Diff
            multiple
  s           0    0.503469164  0.503469164   1.006938327   0.000000000
   sum over m      0.503469164  0.503469164   1.006938327   0.000000000
   sum over m+mul  0.503469164  0.503469164   1.006938327   0.000000000
  px          0    0.497264336  0.497264336   0.994528672   0.000000000
  py          0    0.496507413  0.496507413   0.993014825   0.000000000
  pz          0    0.503443541  0.503443541   1.006887083   0.000000000
   sum over m      1.497215290  1.497215290   2.994430580   0.000000000
   sum over m+mul  1.497215290  1.497215290   2.994430580   0.000000000

   32    C          Up spin      Down spin     Sum           Diff
            multiple
  s           0    0.500057396  0.500057396   1.000114792   0.000000000
   sum over m      0.500057396  0.500057396   1.000114792   0.000000000
   sum over m+mul  0.500057396  0.500057396   1.000114792   0.000000000
  px          0    0.508199807  0.508199807   1.016399613   0.000000000
  py          0    0.495070835  0.495070835   0.990141669   0.000000000
  pz          0    0.493212002  0.493212002   0.986424003   0.000000000
   sum over m      1.496482643  1.496482643   2.992965286   0.000000000
   sum over m+mul  1.496482643  1.496482643   2.992965286   0.000000000

   33    C          Up spin      Down spin     Sum           Diff
            multiple
  s           0    0.497554371  0.497554371   0.995108743   0.000000000
   sum over m      0.497554371  0.497554371   0.995108743   0.000000000
   sum over m+mul  0.497554371  0.497554371   0.995108743   0.000000000
  px          0    0.495507180  0.495507180   0.991014360   0.000000000
  py          0    0.513596702  0.513596702   1.027193405   0.000000000
  pz          0    0.495787753  0.495787753   0.991575506   0.000000000
   sum over m      1.504891635  1.504891635   3.009783271   0.000000000
   sum over m+mul  1.504891635  1.504891635   3.009783271   0.000000000

   34    C          Up spin      Down spin     Sum           Diff
            multiple
  s           0    0.500196955  0.500196955   1.000393910   0.000000000
   sum over m      0.500196955  0.500196955   1.000393910   0.000000000
   sum over m+mul  0.500196955  0.500196955   1.000393910   0.000000000
  px          0    0.508358442  0.508358442   1.016716884   0.000000000
  py          0    0.494700169  0.494700169   0.989400337   0.000000000
  pz          0    0.492984704  0.492984704   0.985969409   0.000000000
   sum over m      1.496043315  1.496043315   2.992086630   0.000000000
   sum over m+mul  1.496043315  1.496043315   2.992086630   0.000000000

   35    C          Up spin      Down spin     Sum           Diff
            multiple
  s           0    0.503430423  0.503430423   1.006860846   0.000000000
   sum over m      0.503430423  0.503430423   1.006860846   0.000000000
   sum over m+mul  0.503430423  0.503430423   1.006860846   0.000000000
  px          0    0.497162167  0.497162167   0.994324335   0.000000000
  py          0    0.496740415  0.496740415   0.993480831   0.000000000
  pz          0    0.503611104  0.503611104   1.007222208   0.000000000
   sum over m      1.497513687  1.497513687   2.995027374   0.000000000
   sum over m+mul  1.497513687  1.497513687   2.995027374   0.000000000

   36    C          Up spin      Down spin     Sum           Diff
            multiple
  s           0    0.503199074  0.503199074   1.006398148   0.000000000
   sum over m      0.503199074  0.503199074   1.006398148   0.000000000
   sum over m+mul  0.503199074  0.503199074   1.006398148   0.000000000
  px          0    0.497167157  0.497167157   0.994334315   0.000000000
  py          0    0.504011130  0.504011130   1.008022260   0.000000000
  pz          0    0.496832430  0.496832430   0.993664860   0.000000000
   sum over m      1.498010717  1.498010717   2.996021435   0.000000000
   sum over m+mul  1.498010717  1.498010717   2.996021435   0.000000000

   37    C          Up spin      Down spin     Sum           Diff
            multiple
  s           0    0.502131774  0.502131774   1.004263548   0.000000000
   sum over m      0.502131774  0.502131774   1.004263548   0.000000000
   sum over m+mul  0.502131774  0.502131774   1.004263548   0.000000000
  px          0    0.497229271  0.497229271   0.994458542   0.000000000
  py          0    0.504169509  0.504169509   1.008339017   0.000000000
  pz          0    0.497716675  0.497716675   0.995433351   0.000000000
   sum over m      1.499115455  1.499115455   2.998230910   0.000000000
   sum over m+mul  1.499115455  1.499115455   2.998230910   0.000000000

   38    C          Up spin      Down spin     Sum           Diff
            multiple
  s           0    0.499263971  0.499263971   0.998527941   0.000000000
   sum over m      0.499263971  0.499263971   0.998527941   0.000000000
   sum over m+mul  0.499263971  0.499263971   0.998527941   0.000000000
  px          0    0.495959057  0.495959057   0.991918115   0.000000000
  py          0    0.493718544  0.493718544   0.987437088   0.000000000
  pz          0    0.508585562  0.508585562   1.017171124   0.000000000
   sum over m      1.498263163  1.498263163   2.996526327   0.000000000
   sum over m+mul  1.498263163  1.498263163   2.996526327   0.000000000

   39    C          Up spin      Down spin     Sum           Diff
            multiple
  s           0    0.496144146  0.496144146   0.992288293   0.000000000
   sum over m      0.496144146  0.496144146   0.992288293   0.000000000
   sum over m+mul  0.496144146  0.496144146   0.992288293   0.000000000
  px          0    0.514573378  0.514573378   1.029146755   0.000000000
  py          0    0.496989349  0.496989349   0.993978697   0.000000000
  pz          0    0.496243502  0.496243502   0.992487005   0.000000000
   sum over m      1.507806229  1.507806229   3.015612457   0.000000000
   sum over m+mul  1.507806229  1.507806229   3.015612457   0.000000000

   40    C          Up spin      Down spin     Sum           Diff
            multiple
  s           0    0.499296780  0.499296780   0.998593560   0.000000000
   sum over m      0.499296780  0.499296780   0.998593560   0.000000000
   sum over m+mul  0.499296780  0.499296780   0.998593560   0.000000000
  px          0    0.495274391  0.495274391   0.990548782   0.000000000
  py          0    0.493017934  0.493017934   0.986035867   0.000000000
  pz          0    0.508632836  0.508632836   1.017265671   0.000000000
   sum over m      1.496925161  1.496925161   2.993850321   0.000000000
   sum over m+mul  1.496925161  1.496925161   2.993850321   0.000000000

   41    C          Up spin      Down spin     Sum           Diff
            multiple
  s           0    0.499081337  0.499081337   0.998162674   0.000000000
   sum over m      0.499081337  0.499081337   0.998162674   0.000000000
   sum over m+mul  0.499081337  0.499081337   0.998162674   0.000000000
  px          0    0.493884642  0.493884642   0.987769284   0.000000000
  py          0    0.508560747  0.508560747   1.017121494   0.000000000
  pz          0    0.495825141  0.495825141   0.991650282   0.000000000
   sum over m      1.498270530  1.498270530   2.996541059   0.000000000
   sum over m+mul  1.498270530  1.498270530   2.996541059   0.000000000

   42    C          Up spin      Down spin     Sum           Diff
            multiple
  s           0    0.502011013  0.502011013   1.004022025   0.000000000
   sum over m      0.502011013  0.502011013   1.004022025   0.000000000
   sum over m+mul  0.502011013  0.502011013   1.004022025   0.000000000
  px          0    0.504463783  0.504463783   1.008927567   0.000000000
  py          0    0.497568623  0.497568623   0.995137246   0.000000000
  pz          0    0.497778945  0.497778945   0.995557891   0.000000000
   sum over m      1.499811352  1.499811352   2.999622704   0.000000000
   sum over m+mul  1.499811352  1.499811352   2.999622704   0.000000000

   43    C          Up spin      Down spin     Sum           Diff
            multiple
  s           0    0.502693072  0.502693072   1.005386144   0.000000000
   sum over m      0.502693072  0.502693072   1.005386144   0.000000000
   sum over m+mul  0.502693072  0.502693072   1.005386144   0.000000000
  px          0    0.503973222  0.503973222   1.007946443   0.000000000
  py          0    0.497338715  0.497338715   0.994677430   0.000000000
  pz          0    0.497168833  0.497168833   0.994337665   0.000000000
   sum over m      1.498480769  1.498480769   2.996961539   0.000000000
   sum over m+mul  1.498480769  1.498480769   2.996961539   0.000000000

   44    C          Up spin      Down spin     Sum           Diff
            multiple
  s           0    0.498307180  0.498307180   0.996614360   0.000000000
   sum over m      0.498307180  0.498307180   0.996614360   0.000000000
   sum over m+mul  0.498307180  0.498307180   0.996614360   0.000000000
  px          0    0.494105376  0.494105376   0.988210752   0.000000000
  py          0    0.509328642  0.509328642   1.018657283   0.000000000
  pz          0    0.495858018  0.495858018   0.991716036   0.000000000
   sum over m      1.499292035  1.499292035   2.998584071   0.000000000
   sum over m+mul  1.499292035  1.499292035   2.998584071   0.000000000

   45    C          Up spin      Down spin     Sum           Diff
            multiple
  s           0    0.495580623  0.495580623   0.991161245   0.000000000
   sum over m      0.495580623  0.495580623   0.991161245   0.000000000
   sum over m+mul  0.495580623  0.495580623   0.991161245   0.000000000
  px          0    0.496546469  0.496546469   0.993092938   0.000000000
  py          0    0.496465267  0.496465267   0.992930534   0.000000000
  pz          0    0.514829090  0.514829090   1.029658180   0.000000000
   sum over m      1.507840826  1.507840826   3.015681651   0.000000000
   sum over m+mul  1.507840826  1.507840826   3.015681651   0.000000000

   46    C          Up spin      Down spin     Sum           Diff
            multiple
  s           0    0.503313102  0.503313102   1.006626204   0.000000000
   sum over m      0.503313102  0.503313102   1.006626204   0.000000000
   sum over m+mul  0.503313102  0.503313102   1.006626204   0.000000000
  px          0    0.496644822  0.496644822   0.993289643   0.000000000
  py          0    0.496909902  0.496909902   0.993819804   0.000000000
  pz          0    0.503847305  0.503847305   1.007694610   0.000000000
   sum over m      1.497402029  1.497402029   2.994804058   0.000000000
   sum over m+mul  1.497402029  1.497402029   2.994804058   0.000000000

   47    C          Up spin      Down spin     Sum           Diff
            multiple
  s           0    0.498509789  0.498509789   0.997019577   0.000000000
   sum over m      0.498509789  0.498509789   0.997019577   0.000000000
   sum over m+mul  0.498509789  0.498509789   0.997019577   0.000000000
  px          0    0.509135952  0.509135952   1.018271904   0.000000000
  py          0    0.496263644  0.496263644   0.992527288   0.000000000
  pz          0    0.493950082  0.493950082   0.987900164   0.000000000
   sum over m      1.499349678  1.499349678   2.998699356   0.000000000
   sum over m+mul  1.499349678  1.499349678   2.998699356   0.000000000

   48    C          Up spin      Down spin     Sum           Diff
            multiple
  s           0    0.497004215  0.497004215   0.994008429   0.000000000
   sum over m      0.497004215  0.497004215   0.994008429   0.000000000
   sum over m+mul  0.497004215  0.497004215   0.994008429   0.000000000
  px          0    0.496308673  0.496308673   0.992617346   0.000000000
  py          0    0.514138045  0.514138045   1.028276090   0.000000000
  pz          0    0.496442122  0.496442122   0.992884244   0.000000000
   sum over m      1.506888840  1.506888840   3.013777681   0.000000000
   sum over m+mul  1.506888840  1.506888840   3.013777681   0.000000000

   49    C          Up spin      Down spin     Sum           Diff
            multiple
  s           0    0.498210670  0.498210670   0.996421341   0.000000000
   sum over m      0.498210670  0.498210670   0.996421341   0.000000000
   sum over m+mul  0.498210670  0.498210670   0.996421341   0.000000000
  px          0    0.509399434  0.509399434   1.018798867   0.000000000
  py          0    0.496045078  0.496045078   0.992090156   0.000000000
  pz          0    0.493820239  0.493820239   0.987640479   0.000000000
   sum over m      1.499264751  1.499264751   2.998529502   0.000000000
   sum over m+mul  1.499264751  1.499264751   2.998529502   0.000000000

   50    C          Up spin      Down spin     Sum           Diff
            multiple
  s           0    0.503589946  0.503589946   1.007179891   0.000000000
   sum over m      0.503589946  0.503589946   1.007179891   0.000000000
   sum over m+mul  0.503589946  0.503589946   1.007179891   0.000000000
  px          0    0.496420704  0.496420704   0.992841407   0.000000000
  py          0    0.496823480  0.496823480   0.993646960   0.000000000
  pz          0    0.503777531  0.503777531   1.007555063   0.000000000
   sum over m      1.497021715  1.497021715   2.994043430   0.000000000
   sum over m+mul  1.497021715  1.497021715   2.994043430   0.000000000

   51    C          Up spin      Down spin     Sum           Diff
            multiple
  s           0    0.495933077  0.495933077   0.991866154   0.000000000
   sum over m      0.495933077  0.495933077   0.991866154   0.000000000
   sum over m+mul  0.495933077  0.495933077   0.991866154   0.000000000
  px          0    0.496555928  0.496555928   0.993111855   0.000000000
  py          0    0.496362633  0.496362633   0.992725266   0.000000000
  pz          0    0.514625277  0.514625277   1.029250554   0.000000000
   sum over m      1.507543838  1.507543838   3.015087675   0.000000000
   sum over m+mul  1.507543838  1.507543838   3.015087675   0.000000000

   52    C          Up spin      Down spin     Sum           Diff
            multiple
  s           0    0.498653142  0.498653142   0.997306283   0.000000000
   sum over m      0.498653142  0.498653142   0.997306283   0.000000000
   sum over m+mul  0.498653142  0.498653142   0.997306283   0.000000000
  px          0    0.494006289  0.494006289   0.988012579   0.000000000
  py          0    0.509062394  0.509062394   1.018124789   0.000000000
  pz          0    0.495744414  0.495744414   0.991488828   0.000000000
   sum over m      1.498813098  1.498813098   2.997626196   0.000000000
   sum over m+mul  1.498813098  1.498813098   2.997626196   0.000000000

   53    C          Up spin      Down spin     Sum           Diff
            multiple
  s           0    0.502974570  0.502974570   1.005949140   0.000000000
   sum over m      0.502974570  0.502974570   1.005949140   0.000000000
   sum over m+mul  0.502974570  0.502974570   1.005949140   0.000000000
  px          0    0.504004761  0.504004761   1.008009521   0.000000000
  py          0    0.497221429  0.497221429   0.994442859   0.000000000
  pz          0    0.497005971  0.497005971   0.994011942   0.000000000
   sum over m      1.498232161  1.498232161   2.996464322   0.000000000
   sum over m+mul  1.498232161  1.498232161   2.996464322   0.000000000

   54    C          Up spin      Down spin     Sum           Diff
            multiple
  s           0    0.501932756  0.501932756   1.003865512   0.000000000
   sum over m      0.501932756  0.501932756   1.003865512   0.000000000
   sum over m+mul  0.501932756  0.501932756   1.003865512   0.000000000
  px          0    0.504369057  0.504369057   1.008738113   0.000000000
  py          0    0.497605491  0.497605491   0.995210983   0.000000000
  pz          0    0.497742572  0.497742572   0.995485144   0.000000000
   sum over m      1.499717120  1.499717120   2.999434240   0.000000000
   sum over m+mul  1.499717120  1.499717120   2.999434240   0.000000000

   55    C          Up spin      Down spin     Sum           Diff
            multiple
  s           0    0.499123695  0.499123695   0.998247390   0.000000000
   sum over m      0.499123695  0.499123695   0.998247390   0.000000000
   sum over m+mul  0.499123695  0.499123695   0.998247390   0.000000000
  px          0    0.493492073  0.493492073   0.986984145   0.000000000
  py          0    0.508734876  0.508734876   1.017469752   0.000000000
  pz          0    0.495705940  0.495705940   0.991411879   0.000000000
   sum over m      1.497932888  1.497932888   2.995865777   0.000000000
   sum over m+mul  1.497932888  1.497932888   2.995865777   0.000000000

   56    C          Up spin      Down spin     Sum           Diff
            multiple
  s           0    0.499863792  0.499863792   0.999727584   0.000000000
   sum over m      0.499863792  0.499863792   0.999727584   0.000000000
   sum over m+mul  0.499863792  0.499863792   0.999727584   0.000000000
  px          0    0.495424027  0.495424027   0.990848053   0.000000000
  py          0    0.493691778  0.493691778   0.987383555   0.000000000
  pz          0    0.508281022  0.508281022   1.016562043   0.000000000
   sum over m      1.497396826  1.497396826   2.994793652   0.000000000
   sum over m+mul  1.497396826  1.497396826   2.994793652   0.000000000

   57    C          Up spin      Down spin     Sum           Diff
            multiple
  s           0    0.495934998  0.495934998   0.991869996   0.000000000
   sum over m      0.495934998  0.495934998   0.991869996   0.000000000
   sum over m+mul  0.495934998  0.495934998   0.991869996   0.000000000
  px          0    0.514660533  0.514660533   1.029321066   0.000000000
  py          0    0.496408978  0.496408978   0.992817956   0.000000000
  pz          0    0.496309354  0.496309354   0.992618709   0.000000000
   sum over m      1.507378865  1.507378865   3.014757731   0.000000000
   sum over m+mul  1.507378865  1.507378865   3.014757731   0.000000000

   58    C          Up spin      Down spin     Sum           Diff
            multiple
  s           0    0.498793913  0.498793913   0.997587826   0.000000000
   sum over m      0.498793913  0.498793913   0.997587826   0.000000000
   sum over m+mul  0.498793913  0.498793913   0.997587826   0.000000000
  px          0    0.495970949  0.495970949   0.991941898   0.000000000
  py          0    0.493861475  0.493861475   0.987722951   0.000000000
  pz          0    0.508854988  0.508854988   1.017709976   0.000000000
   sum over m      1.498687412  1.498687412   2.997374824   0.000000000
   sum over m+mul  1.498687412  1.498687412   2.997374824   0.000000000

   59    C          Up spin      Down spin     Sum           Diff
            multiple
  s           0    0.501961402  0.501961402   1.003922804   0.000000000
   sum over m      0.501961402  0.501961402   1.003922804   0.000000000
   sum over m+mul  0.501961402  0.501961402   1.003922804   0.000000000
  px          0    0.497397125  0.497397125   0.994794251   0.000000000
  py          0    0.504190999  0.504190999   1.008381997   0.000000000
  pz          0    0.497717279  0.497717279   0.995434558   0.000000000
   sum over m      1.499305403  1.499305403   2.998610806   0.000000000
   sum over m+mul  1.499305403  1.499305403   2.998610806   0.000000000

   60    C          Up spin      Down spin     Sum           Diff
            multiple
  s           0    0.502114883  0.502114883   1.004229766   0.000000000
   sum over m      0.502114883  0.502114883   1.004229766   0.000000000
   sum over m+mul  0.502114883  0.502114883   1.004229766   0.000000000
  px          0    0.497566994  0.497566994   0.995133989   0.000000000
  py          0    0.504009559  0.504009559   1.008019118   0.000000000
  pz          0    0.497436224  0.497436224   0.994872449   0.000000000
   sum over m      1.499012778  1.499012778   2.998025555   0.000000000
   sum over m+mul  1.499012778  1.499012778   2.998025555   0.000000000

***********************************************************
***********************************************************
                    Dipole moment (Debye)                  
***********************************************************
***********************************************************

 Absolute D        0.00638376

                      Dx                Dy                Dz
 Total             -0.00240121        0.00089205        0.00584729
 Core           -3993.44915033       29.99487369     -805.64591100
 Electron        3993.44674912      -29.99398164      805.65175829
 Back ground        0.00000000       -0.00000000        0.00000000

***********************************************************
***********************************************************
       xyz-coordinates (Ang) and forces (Hartree/Bohr)  
***********************************************************
***********************************************************

<coordinates.forces
  60
    1     C    -3.45975   0.71223  -4.17587   0.000662624344  0.046609072857 -0.023163475073
    2     C    -4.63970   1.44078  -3.72814   0.017979950859  0.037868108044 -0.024932221963
    3     C    -4.17340   2.64914  -3.01671   0.002308234020 -0.003227303780 -0.041839304087
    4     C    -2.71712   2.63783  -3.01734  -0.000891203523 -0.002453488039 -0.040509217924
    5     C    -2.26803   1.42282  -3.72893  -0.017926446573  0.038220397625 -0.024671259661
    6     C    -4.21253  -2.58327  -3.01960   0.004539424668  0.001124486742 -0.039295736403
    7     C    -4.65882  -1.36899  -3.73089   0.016063311616 -0.039969028615 -0.024576482357
    8     C    -3.46907  -0.66197  -4.17801  -0.000186536363 -0.042609885940 -0.023386722043
    9     C    -2.29023  -1.38629  -3.72899  -0.016837528534 -0.039602582377 -0.024960250015
   10     C    -2.75245  -2.59292  -3.01741  -0.005015898896  0.000555195330 -0.040315374980
   11     C    -6.94116   0.05339  -1.38546  -0.024708083808 -0.001189571421 -0.046090283394
   12     C    -6.48842   1.23310  -2.10383  -0.025216669852 -0.017102886537 -0.039587026056
   13     C    -5.78134   0.77169  -3.31304  -0.038001776114 -0.001257417879  0.000727298715
   14     C    -5.78870  -0.68434  -3.31378  -0.040553623076  0.003015884405  0.002094046577
   15     C    -6.50467  -1.13456  -2.10443  -0.024592640786  0.016436410541 -0.038027064805
   16     C    -4.85294   3.07180   0.48806  -0.035489401601  0.023986391804 -0.017663436257
   17     C    -4.12468   3.50538  -0.69960  -0.046863803500  0.024852673909  0.003281478357
   18     C    -4.84847   3.06734  -1.88104  -0.037671068234  0.024360948349  0.015599028281
   19     C    -6.06212   2.36282  -1.42738   0.002507391186  0.041289834619  0.003449008068
   20     C    -6.06394   2.36210   0.02794   0.002201843867  0.041464963049 -0.000537316162
   21     C    -0.82864   2.32416   0.02798  -0.002260754469  0.041306043310 -0.001564209493
   22     C    -0.83107   2.32488  -1.42866  -0.000598705883  0.041576109252  0.003951454183
   23     C    -2.03410   3.04854  -1.88170   0.037517534302  0.023199611292  0.013276118996
   24     C    -2.75176   3.49844  -0.70094   0.045534400852  0.022593323488  0.003378723713
   25     C    -2.03560   3.04360   0.48409   0.038121226393  0.024314203953 -0.015491788287
   26     C    -0.43997  -1.17957  -2.10599   0.025051050371  0.014739517720 -0.037166788466
   27     C    -1.14911  -0.72002  -3.31402   0.040003533551  0.003271277553  0.001339020941
   28     C    -1.13718   0.73625  -3.31311   0.038759435253 -0.001824227684  0.001040540545
   29     C    -0.42382   1.18630  -2.10273   0.024130328140 -0.016399917932 -0.039772735171
   30     C     0.01172   0.00003  -1.38503   0.024999241926 -0.000329147662 -0.045979276019
   31     C    -4.21230  -2.58581   1.61962   0.000811865517  0.003124749053  0.040853532044
   32     C    -4.66235  -1.36996   2.33164   0.018860825494 -0.038639388018  0.024669109768
   33     C    -3.46988  -0.65903   2.77906  -0.000335399621 -0.047091238569  0.022657847279
   34     C    -2.28854  -1.38763   2.33141  -0.018788771064 -0.038640663521  0.024157407165
   35     C    -2.75599  -2.59765   1.61875  -0.001505540639  0.004343913553  0.042273243521
   36     C    -6.10043  -2.27391  -1.42633   0.003707655903 -0.040660214455  0.001473117377
   37     C    -6.09703  -2.27271   0.03017   0.000596228784 -0.041758974130 -0.003860341543
   38     C    -4.89414  -2.99686   0.48325  -0.037630850570 -0.022839872563 -0.012746597280
   39     C    -4.17545  -3.44594  -0.69664  -0.046399858711 -0.023744104752 -0.003197177611
   40     C    -4.89031  -2.99150  -1.88111  -0.039500006905 -0.023614866134  0.015664436207
   41     C    -6.48881   1.23117   0.70849  -0.024625177283 -0.014139150143  0.035806943214
   42     C    -5.77982   0.77236   1.91597  -0.040665961310 -0.002901525600 -0.000441536667
   43     C    -5.79282  -0.68318   1.91497  -0.038502501332  0.000876082284 -0.001082465357
   44     C    -6.50569  -1.13451   0.70414  -0.023727191887  0.016130495056  0.040160807559
   45     C    -6.94021   0.05143  -0.01338  -0.024277453815  0.000943706234  0.045310868547
   46     C    -2.71422   2.63243   1.62175  -0.006560988848  0.000067584992  0.037629366253
   47     C    -2.26878   1.42029   2.33348  -0.016308357934  0.039956304756  0.024750846330
   48     C    -3.45947   0.71557   2.78090   0.000212264502  0.041328779328  0.023513897451
   49     C    -4.63834   1.43816   2.33078   0.016680130143  0.039685946872  0.024591495138
   50     C    -4.17691   2.64697   1.62294   0.006644172087 -0.000997537513  0.038293327309
   51     C     0.01344  -0.00165  -0.01301   0.023910593864  0.001436744700  0.045715802722
   52     C    -0.43904  -1.18095   0.70482   0.024272863236  0.016061282178  0.040202715764
   53     C    -1.14655  -0.71871   1.91526   0.037905506367 -0.000032954781 -0.001294789293
   54     C    -1.13888   0.73667   1.91591   0.040741291712 -0.003269289520 -0.001922558586
   55     C    -0.42313   1.18579   0.70697   0.024195092137 -0.016017563471  0.037073500782
   56     C    -2.07685  -3.01759  -1.88359   0.036237103024 -0.023881157333  0.016371521003
   57     C    -2.80281  -3.45482  -0.69865   0.045741598195 -0.024106707266 -0.002021610718
   58     C    -2.08055  -3.01574   0.48274   0.038459043659 -0.023816262699 -0.014896426348
   59     C    -0.86620  -2.31124   0.02824  -0.002421873799 -0.040677728704 -0.002205231290
   60     C    -0.86415  -2.31095  -1.42670  -0.002635216024 -0.040564721108  0.001279085485
coordinates.forces>

***********************************************************
***********************************************************
       Fractional coordinates of the final structure       
***********************************************************
***********************************************************

     1      C     0.71168750000000   0.05935250000000   0.65201083333333
     2      C     0.61335833333333   0.12006500000000   0.68932166666667
     3      C     0.65221666666667   0.22076166666667   0.74860750000000
     4      C     0.77357333333333   0.21981916666667   0.74855500000000
     5      C     0.81099750000000   0.11856833333333   0.68925583333333
     6      C     0.64895583333333   0.78472750000000   0.74836666666667
     7      C     0.61176500000000   0.88591750000000   0.68909250000000
     8      C     0.71091083333333   0.94483583333333   0.65183250000000
     9      C     0.80914750000000   0.88447583333333   0.68925083333333
    10      C     0.77062916666667   0.78392333333333   0.74854916666667
    11      C     0.42157000000000   0.00444916666667   0.88454500000000
    12      C     0.45929833333333   0.10275833333333   0.82468083333333
    13      C     0.51822166666667   0.06430750000000   0.72391333333333
    14      C     0.51760833333333   0.94297166666667   0.72385166666667
    15      C     0.45794416666667   0.90545333333333   0.82463083333333
    16      C     0.59558833333333   0.25598333333333   0.04067166666667
    17      C     0.65627666666667   0.29211500000000   0.94170000000000
    18      C     0.59596083333333   0.25561166666667   0.84324666666667
    19      C     0.49482333333333   0.19690166666667   0.88105166666667
    20      C     0.49467166666667   0.19684166666667   0.00232833333333
    21      C     0.93094666666667   0.19368000000000   0.00233166666667
    22      C     0.93074416666667   0.19374000000000   0.88094500000000
    23      C     0.83049166666667   0.25404500000000   0.84319166666667
    24      C     0.77068666666667   0.29153666666667   0.94158833333333
    25      C     0.83036666666667   0.25363333333333   0.04034083333333
    26      C     0.96333583333333   0.90170250000000   0.82450083333333
    27      C     0.90424083333333   0.93999833333333   0.72383166666667
    28      C     0.90523500000000   0.06135416666667   0.72390750000000
    29      C     0.96468166666667   0.09885833333333   0.82477250000000
    30      C     0.00097666666667   0.00000250000000   0.88458083333333
    31      C     0.64897500000000   0.78451583333333   0.13496833333333
    32      C     0.61147083333333   0.88583666666667   0.19430333333333
    33      C     0.71084333333333   0.94508083333333   0.23158833333333
    34      C     0.80928833333333   0.88436416666667   0.19428416666667
    35      C     0.77033416666667   0.78352916666667   0.13489583333333
    36      C     0.49163083333333   0.81050750000000   0.88113916666667
    37      C     0.49191416666667   0.81060750000000   0.00251416666667
    38      C     0.59215500000000   0.75026166666667   0.04027083333333
    39      C     0.65204583333333   0.71283833333333   0.94194666666667
    40      C     0.59247416666667   0.75070833333333   0.84324083333333
    41      C     0.45926583333333   0.10259750000000   0.05904083333333
    42      C     0.51834833333333   0.06436333333333   0.15966416666667
    43      C     0.51726500000000   0.94306833333333   0.15958083333333
    44      C     0.45785916666667   0.90545750000000   0.05867833333333
    45      C     0.42164916666667   0.00428583333333   0.99888500000000
    46      C     0.77381500000000   0.21936916666667   0.13514583333333
    47      C     0.81093500000000   0.11835750000000   0.19445666666667
    48      C     0.71171083333333   0.05963083333333   0.23174166666667
    49      C     0.61347166666667   0.11984666666667   0.19423166666667
    50      C     0.65192416666667   0.22058083333333   0.13524500000000
    51      C     0.00112000000000   0.99986250000000   0.99891583333333
    52      C     0.96341333333333   0.90158750000000   0.05873500000000
    53      C     0.90445416666667   0.94010750000000   0.15960500000000
    54      C     0.90509333333333   0.06138916666667   0.15965916666667
    55      C     0.96473916666667   0.09881583333333   0.05891416666667
    56      C     0.82692916666667   0.74853416666667   0.84303416666667
    57      C     0.76643250000000   0.71209833333333   0.94177916666667
    58      C     0.82662083333333   0.74868833333333   0.04022833333333
    59      C     0.92781666666667   0.80739666666667   0.00235333333333
    60      C     0.92798750000000   0.80742083333333   0.88110833333333

***********************************************************
***********************************************************
               Computational Time (second)                 
***********************************************************
***********************************************************

   Elapsed.Time.       365.874

                            Min_ID    Min_Time    Max_ID    Max_Time
   Total Computational Time =  0      365.874       0      365.874
   readfile                 =  0        6.821       0        6.821
   truncation               =  0       12.563       0       12.563
   MD_pac                   =  0        0.004       0        0.004
   DFT                      =  0      342.771       0      342.771

*** In DFT ***

   Set_OLP_Kin              =  0       12.710       0       12.710
   Set_Nonlocal             =  0       51.505       0       51.505
   Set_Hamiltonian          =  0       26.657       0       26.657
   Poisson                  =  0        2.426       0        2.426
   Diagonalization          =  0       87.852       0       87.852
   Mixing_DM                =  0       32.475       0       32.475
   Force                    =  0       14.524       0       14.524
   Total_Energy             =  0       89.599       0       89.599
   Set_Aden_Grid            =  0        0.582       0        0.582
   Set_Orbitals_Grid        =  0        3.100       0        3.100
   Set_Density_Grid         =  0       17.964       0       17.964
   Others                   =  0        3.378       0        3.378
