***********************************************************
***********************************************************

  This calculation was performed by OpenMX Ver. 3.6
  using 1 MPI processes and 1 OpenMP threads.

  Wed May  1 18:15:44 2013

***********************************************************
***********************************************************

#
# File Name      
#

System.CurrrentDirectory         ./    # default=./
System.Name                      Cr2
level.of.stdout                   1    # default=1 (1-3)
level.of.fileout                  1    # default=1 (0-2)

#
# Definition of Atomic Species
#

Species.Number       1
<Definition.of.Atomic.Species
 Cr    Cr8.0-s2p1d1       Cr_CA13
Definition.of.Atomic.Species>

<Hubbard.U.values                 #  eV
  Cr   1s 0.0 2s 0.0 1p 0.0 1d 1.0
Hubbard.U.values>

#
# Atoms
#

Atoms.Number         2
Atoms.SpeciesAndCoordinates.Unit   Ang # Ang|AU
<Atoms.SpeciesAndCoordinates           
  1     Cr    0.00000   0.00000   0.00000    6.0  8.0  42.0 79.0 42.0 79.0  1 off  
  2     Cr    2.00000   0.00000   0.00000    8.0  6.0  42.0 79.0 42.0 79.0  1 off
Atoms.SpeciesAndCoordinates>
Atoms.UnitVectors.Unit             Ang # Ang|AU
#<Atoms.UnitVectors                     
#  10.0   0.0   0.0  
#   0.0  10.0   0.0  
#   0.0   0.0  10.0  
#Atoms.UnitVectors>

#
# SCF or Electronic System1
#

scf.XcType                LSDA-CA      # LDA|LSDA-CA|LSDA-PW|GGA-PBE
scf.SpinPolarization        nc         # On|Off|NC
scf.Hubbard.U               on         # On|Off , default=off
scf.Hubbard.Occupation      dual       # onsite|full|dual, default=dual
scf.SpinOrbit.Coupling      on         # On|Off, default=off
scf.Constraint.NC.Spin      on         # On|Off, default=off
scf.Constraint.NC.Spin.v    0.5        # default=0.0 (eV)
scf.ElectronicTemperature  800.0       # default=300 (K)
scf.energycutoff           180.0       # default=150 (Ry)
scf.maxIter                100         # default=40
scf.EigenvalueSolver       cluster     # Recursion|Cluster|Band
scf.Kgrid                  1 1 1       # means n1 x n2 x n3
scf.Mixing.Type           rmm-diis     # Simple|Rmm-Diis|Gr-Pulay|Kerker|Rmm-Diisk
scf.Init.Mixing.Weight     0.0010      # default=0.30 
scf.Min.Mixing.Weight      0.0001      # default=0.001 
scf.Max.Mixing.Weight      0.3000      # default=0.40 
scf.Kerker.factror         5.0  
scf.Mixing.History         10          # default=5
scf.Mixing.StartPulay      10          # default=6
scf.criterion             1.0e-10      # default=1.0e-6 (Hartree) 

#
# MD or Geometry Optimization
#

MD.Type                     nomd       # Nomd|Constant_Energy_MD|Opt
MD.maxIter                    1        # default=1
MD.TimeStep                 1.0        # default=0.5 (fs)
MD.Opt.criterion         1.0e-4        # default=1.0e-4 (Hartree/bohr)


***********************************************************
***********************************************************

  Required cutoff energy (Ryd) for 3D-grids = 180.0000
      Used cutoff energy (Ryd) for 3D-grids = 180.0010, 180.0010, 180.0010
  Num. of grids of a-, b-, and c-axes = 96, 80, 80

  Num.Grid1.    96
  Num.Grid2.    80
  Num.Grid3.    80


  Cell_Volume =   7888.391352601704 (Bohr^3)
  GridVol     =      0.012839178634 (Bohr^3)
  Cell vectors (bohr) of the grid cell (gtv)
    gtv_a =  0.234159840592,  0.000000000000,  0.000000000000
    gtv_b =  0.000000000000,  0.234159840592,  0.000000000000
    gtv_c =  0.000000000000,  0.000000000000,  0.234159840592
    |gtv_a| =  0.234159840592
    |gtv_b| =  0.234159840592
    |gtv_c| =  0.234159840592

***********************************************************
***********************************************************


***********************************************************
***********************************************************
                  SCF history at MD= 1                    
***********************************************************
***********************************************************

   SCF=   1  NormRD=  1.000000000000  Uele= -36.869452018549
   SCF=   2  NormRD=  0.559380449098  Uele= -32.859360879296
   SCF=   3  NormRD=  0.558916317985  Uele= -32.859405042195
   SCF=   4  NormRD=  0.462497489488  Uele= -32.868452530574
   SCF=   5  NormRD=  0.382310869973  Uele= -32.862256274592
   SCF=   6  NormRD=  0.314793960959  Uele= -32.849155038107
   SCF=   7  NormRD=  0.257912400172  Uele= -32.833790808990
   SCF=   8  NormRD=  0.210230084629  Uele= -32.818620067056
   SCF=   9  NormRD=  0.170539812519  Uele= -32.804821891384
   SCF=  10  NormRD=  0.137742127847  Uele= -32.792855461673
   SCF=  11  NormRD=  0.110823924707  Uele= -32.782789841602
   SCF=  12  NormRD=  0.007909128152  Uele= -32.739858423574
   SCF=  13  NormRD=  0.002947351427  Uele= -32.743574413874
   SCF=  14  NormRD=  0.007443925016  Uele= -32.742986146606
   SCF=  15  NormRD=  0.000406591287  Uele= -32.742675858528
   SCF=  16  NormRD=  0.000047008135  Uele= -32.742571024256
   SCF=  17  NormRD=  0.000016029467  Uele= -32.742523889374
   SCF=  18  NormRD=  0.000001521264  Uele= -32.742516103895
   SCF=  19  NormRD=  0.000000212305  Uele= -32.742516726716
   SCF=  20  NormRD=  0.000000087965  Uele= -32.742516819905
   SCF=  21  NormRD=  0.000000016087  Uele= -32.742516815089
   SCF=  22  NormRD=  0.000000011946  Uele= -32.742516816201
   SCF=  23  NormRD=  0.000000009867  Uele= -32.742516816010
   SCF=  24  NormRD=  0.000000006268  Uele= -32.742516815690
   SCF=  25  NormRD=  0.000000009060  Uele= -32.742516815586
   SCF=  26  NormRD=  0.000000007596  Uele= -32.742516815656

*******************************************************
        Total energy (Hartree) at MD = 1        
*******************************************************

  Uele.        -32.742516815656

  Ukin.         82.303683845837
  UH0.        -193.568716852621
  UH1.           0.056363039383
  Una.         -81.177802049420
  Unl.         -11.651521519993
  Uxc0.        -13.947407381906
  Uxc1.         -8.433186536123
  Ucore.        51.859370402000
  Uhub.          0.023954411819
  Ucs.           0.000000000007
  Uzs.           0.000000000000
  Uzo.           0.000000000000
  Uef.           0.000000000000
  UvdW           0.000000000000
  Utot.       -174.535262641018

  Note:

  Utot = Ukin+UH0+UH1+Una+Unl+Uxc0+Uxc1+Ucore+Uhub+Ucs+Uzs+Uzo+Uef+UvdW

  Uene:   band energy
  Ukin:   kinetic energy
  UH0:    electric part of screened Coulomb energy
  UH1:    difference electron-electron Coulomb energy
  Una:    neutral atom potential energy
  Unl:    non-local potential energy
  Uxc0:   exchange-correlation energy for alpha spin
  Uxc1:   exchange-correlation energy for beta spin
  Ucore:  core-core Coulomb energy
  Uhub:   LDA+U energy
  Ucs:    constraint energy for spin orientation
  Uzs:    Zeeman term for spin magnetic moment
  Uzo:    Zeeman term for orbital magnetic moment
  Uef:    electric energy by electric field
  UvdW:   semi-empirical vdW energy 

  (see also PRB 72, 045121(2005) for the energy contributions)



  Chemical potential (Hartree)      -0.118197808042

***********************************************************
***********************************************************
      Eigenvalues (Hartree) for non-collinear KS-eq.       
***********************************************************
***********************************************************

   Chemical Potential (Hartree) =  -0.11819780804217
   Number of States             =  28.00000000000000
   HOMO = 28
   Eigenvalues

          1  -2.75303347689679
          2  -2.75303347644089
          3  -2.61629889527803
          4  -2.61629889483768
          5  -1.73763052913420
          6  -1.73763052792348
          7  -1.71640108642916
          8  -1.71640108561396
          9  -1.70639420221070
         10  -1.70639420150346
         11  -1.59286206437469
         12  -1.59286206383939
         13  -1.57387812235423
         14  -1.57387812180632
         15  -1.56705721709817
         16  -1.56705721583251
         17  -0.19546047895010
         18  -0.19546047872120
         19  -0.19471680490152
         20  -0.19471680465757
         21  -0.19116870716883
         22  -0.19116870660863
         23  -0.17824678681915
         24  -0.17824678640508
         25  -0.17438794297220
         26  -0.17438794254500
         27  -0.17372209733440
         28  -0.17372209692304
         29  -0.06434973467581
         30  -0.06434973459516
         31  -0.01880330595451
         32  -0.01880330580758
         33  -0.01784727599471
         34  -0.01784727571537
         35  -0.01498911425591
         36  -0.01498911396339
         37  -0.01398421271440
         38  -0.01398421260193
         39  -0.00191622487460
         40  -0.00191622464789

***********************************************************
***********************************************************
                   Mulliken populations                    
***********************************************************
***********************************************************

   Total spin moment (muB)   0.000000004   Angles (Deg) 126.055685585  56.994367175

               Up       Down      Sum      Diff        theta      phi
    1   Cr   9.37738  4.62262  14.00000   4.75477   138.00003  259.00034
    2   Cr   9.37738  4.62262  14.00000   4.75477    41.99997   79.00034

 Sum of MulP: up   =    18.75477 down          =     9.24523
              total=    28.00000 ideal(neutral)=    28.00000


  Decomposed Mulliken populations

    1   Cr          Up spin      Down spin     Sum           Diff           Angles(Deg)
            multiple
  s           0    1.001201780  1.000202419   2.001404199   0.000999360    41.9995   79.0056
   sum over m      1.001201780  1.000202419   2.001404199   0.000999360
  s           1    0.740722121  0.254294788   0.995016908   0.486427333   137.9999  258.9987
   sum over m      0.740722121  0.254294788   0.995016908   0.486427333
   sum over m+mul  1.741923901  1.254497207   2.996421108   0.487426694
  px          0    1.000036577  0.999455305   1.999491882   0.000581271    42.0005   78.9946
  py          0    1.000086612  0.999974820   2.000061432   0.000111792    41.8707   78.9651
  pz          0    1.000086482  0.999974980   2.000061462   0.000111502    42.1316   79.0151
   sum over m      3.000209670  2.999405106   5.999614776   0.000804565
   sum over m+mul  3.000209670  2.999405106   5.999614776   0.000804565
  d3z^2-r^2   0    0.960371221  0.040636366   1.001007588   0.919734855   138.0073  259.0012
  dx^2-y^2    0    0.907502912  0.095550104   1.003053016   0.811952808   137.9919  259.0005
  dxy         0    0.891178530  0.108778568   0.999957099   0.782399962   137.9918  258.9994
  dxz         0    0.891178023  0.108779561   0.999957584   0.782398462   138.0078  258.9963
  dyz         0    0.986823543  0.013165285   0.999988828   0.973658258   138.0004  259.0041
   sum over m      4.637054230  0.366909885   5.003964115   4.270144345
   sum over m+mul  4.637054230  0.366909885   5.003964115   4.270144345

    2   Cr          Up spin      Down spin     Sum           Diff           Angles(Deg)
            multiple
  s           0    1.001201780  1.000202419   2.001404199   0.000999361   138.0005  259.0054
   sum over m      1.001201780  1.000202419   2.001404199   0.000999361
  s           1    0.740722126  0.254294783   0.995016909   0.486427343    42.0001   78.9987
   sum over m      0.740722126  0.254294783   0.995016909   0.486427343
   sum over m+mul  1.741923906  1.254497202   2.996421108   0.487426704
  px          0    1.000036574  0.999455309   1.999491882   0.000581265   138.0002  259.0017
  py          0    1.000086510  0.999974922   2.000061432   0.000111589   138.2458  258.9861
  pz          0    1.000086577  0.999974885   2.000061462   0.000111692   137.7607  259.0787
   sum over m      3.000209660  2.999405115   5.999614776   0.000804545
   sum over m+mul  3.000209660  2.999405115   5.999614776   0.000804545
  d3z^2-r^2   0    0.960371077  0.040636510   1.001007587   0.919734568    41.9926   79.0012
  dx^2-y^2    0    0.907503048  0.095549969   1.003053017   0.811953080    42.0082   79.0005
  dxy         0    0.891178428  0.108778670   0.999957098   0.782399758    42.0082   78.9994
  dxz         0    0.891178118  0.108779467   0.999957586   0.782398651    41.9922   78.9963
  dyz         0    0.986823543  0.013165285   0.999988828   0.973658258    41.9996   79.0041
   sum over m      4.637054215  0.366909901   5.003964116   4.270144315
   sum over m+mul  4.637054215  0.366909901   5.003964116   4.270144315

***********************************************************
***********************************************************
                     Orbital moments                       
***********************************************************
***********************************************************

   Total Orbital Moment (muB)   0.000000004   Angles  (Deg) 78.494242719  89.028568065

          Orbital moment (muB)   theta (Deg)  phi (Deg)
    1   Cr   0.00020           105.03183  -13.72999
    2   Cr   0.00020            74.96800  166.26879


  Decomposed Orbital Moments

    1   Cr         Orbital Moment(muB)    Angles (Deg)
            multiple
  s           0    0.000000000           90.0000    0.0000
   sum over m      0.000000000           90.0000    0.0000
  s           1    0.000000000           90.0000    0.0000
   sum over m      0.000000000           90.0000    0.0000
  px          0    0.000034749           41.4722   90.0000
  py          0    0.000026181            6.0234   -0.0000
  pz          0    0.000023176           90.0000   83.1922
   sum over m      0.000069715           41.6735   83.1922
  d3z^2-r^2   0    0.000027926           90.0000  -16.8051
  dx^2-y^2    0    0.000107528          141.5276  -82.3486
  dxy         0    0.000104953          143.3327   26.8661
  dxz         0    0.000098421           70.9773  -53.0670
  dyz         0    0.000055691           54.8287   38.4735
   sum over m      0.000229932          116.9504  -26.7038

    2   Cr         Orbital Moment(muB)    Angles (Deg)
            multiple
  s           0    0.000000000           90.0000    0.0000
   sum over m      0.000000000           90.0000    0.0000
  s           1    0.000000000           90.0000    0.0000
   sum over m      0.000000000           90.0000    0.0000
  px          0    0.000034749          138.5278  -90.0000
  py          0    0.000026181          173.9766  180.0000
  pz          0    0.000023176           90.0000  263.1921
   sum over m      0.000069715          138.3265  263.1921
  d3z^2-r^2   0    0.000027926           90.0000  163.1933
  dx^2-y^2    0    0.000107529           38.4728   97.6513
  dxy         0    0.000104953           36.6671  206.8661
  dxz         0    0.000098422          109.0223  126.9321
  dyz         0    0.000055691          125.1713  218.4735
   sum over m      0.000229934           63.0496  153.2952




***********************************************************
***********************************************************
       Occupation Number in LDA+U and Constraint DFT       
                                                           
    Eigenvalues and eigenvectors for a matrix consisting   
           of occupation numbers on each site              
***********************************************************
***********************************************************


   1   Cr
    Sum of occupancy numbers = 13.999999999473

                         1                                       2                                   
                         0.01306                                 0.01309                             

                          Re(U)     Im(U)     Re(D)     Im(D)     Re(U)     Im(U)     Re(D)     Im(D)

   1  Cr  0 s             0.00000   0.00000   0.00000   0.00000  -0.00000   0.00000   0.00000  -0.00000
          1 s            -0.00000  -0.00000  -0.00000  -0.00000   0.00000  -0.00000  -0.00000   0.00000
          0 px            0.00000  -0.00000   0.00000   0.00000  -0.00000  -0.00000   0.00000  -0.00000
          0 py           -0.00001  -0.00000   0.00001   0.00000  -0.00001   0.00000  -0.00001   0.00000
          0 pz            0.00000  -0.00001  -0.00000   0.00001   0.00000   0.00001   0.00000   0.00001
          0 d3z^2-r^2     0.29640  -0.32394  -0.10528  -0.13047  -0.51449  -0.44284  -0.20779   0.15833
          0 dx^2-y^2      0.17111  -0.18703  -0.06080  -0.07534  -0.29703  -0.25568  -0.11998   0.09143
          0 dxy          -0.00439  -0.00031   0.00314   0.00243  -0.00449   0.00250  -0.00208   0.00135
          0 dxz           0.00215  -0.00499  -0.00135   0.00233   0.00047   0.00400   0.00254   0.00287
          0 dyz          -0.58028  -0.52769  -0.23766   0.18368   0.32908  -0.38468  -0.11534  -0.15796

                         3                                       4                                   
                         0.10404                                 0.10861                             

                          Re(U)     Im(U)     Re(D)     Im(D)     Re(U)     Im(U)     Re(D)     Im(D)

   1  Cr  0 s            -0.00918   0.00000  -0.00066   0.00346   0.00015   0.00000   0.00019   0.00006
          1 s            -0.26697   0.00011  -0.01951   0.10061   0.00367   0.00205   0.00103  -0.00124
          0 px           -0.00458  -0.00000  -0.00032   0.00172   0.00009  -0.00005   0.00021   0.00010
          0 py           -0.00001   0.00272   0.00097   0.00019  -0.00490  -0.00259  -0.00130   0.00161
          0 pz           -0.00001  -0.00236  -0.00096  -0.00016  -0.00539  -0.00312  -0.00160   0.00185
          0 d3z^2-r^2     0.39693   0.00004   0.02894  -0.15172  -0.00848   0.00382  -0.00428   0.00091
          0 dx^2-y^2     -0.68845   0.00019  -0.04978   0.25821   0.00863   0.00531   0.00960   0.00182
          0 dxy          -0.00178   0.30919   0.11207   0.02235  -0.54793  -0.28790  -0.14727   0.18344
          0 dxz          -0.00176  -0.27037  -0.10696  -0.01870  -0.60406  -0.35102  -0.17750   0.20375
          0 dyz           0.00292  -0.00011   0.00044  -0.00079  -0.00021   0.00119  -0.00450  -0.00299

                         5                                       6                                   
                         0.10978                                 0.26634                             

                          Re(U)     Im(U)     Re(D)     Im(D)     Re(U)     Im(U)     Re(D)     Im(D)

   1  Cr  0 s            -0.00439   0.00000  -0.00034   0.00165   0.06862   0.00000   0.00503  -0.02586
          1 s            -0.13663  -0.00020  -0.01008   0.05147  -0.88103  -0.00000  -0.06454   0.33198
          0 px           -0.00210   0.00000  -0.00018   0.00079   0.04371  -0.00000   0.00320  -0.01647
          0 py           -0.00014  -0.00560  -0.00221  -0.00037   0.00000  -0.00079   0.00033   0.00006
          0 pz           -0.00017   0.00501   0.00177   0.00043  -0.00006   0.00028   0.00082  -0.00000
          0 d3z^2-r^2     0.19444   0.00008   0.01441  -0.06861  -0.14892   0.00000  -0.01091   0.05608
          0 dx^2-y^2     -0.33466  -0.00027  -0.02559   0.12871   0.25792  -0.00000   0.01891  -0.09721
          0 dxy          -0.01436  -0.62642  -0.24168  -0.04116   0.00000   0.00372   0.00280   0.00054
          0 dxz          -0.01784   0.55670   0.20323   0.04764  -0.00013  -0.00423   0.00000  -0.00036
          0 dyz          -0.00600   0.00027  -0.00110   0.00158   0.00005  -0.00000   0.00001  -0.00001

                         7                                       8                                   
                         0.72151                                 0.88887                             

                          Re(U)     Im(U)     Re(D)     Im(D)     Re(U)     Im(U)     Re(D)     Im(D)

   1  Cr  0 s             0.04457   0.00000  -0.02216   0.11397   0.02150   0.00000  -0.01103   0.05487
          1 s            -0.33877  -0.00001   0.16843  -0.86631   0.06783   0.00031  -0.03472   0.17323
          0 px            0.02717   0.00000  -0.01351   0.06948   0.02037   0.00011  -0.01042   0.05204
          0 py           -0.00000  -0.00065  -0.00196  -0.00038  -0.00049   0.01746  -0.04242  -0.00926
          0 pz            0.00035  -0.00187   0.00084   0.00003  -0.00038  -0.01403   0.03831   0.00681
          0 d3z^2-r^2    -0.05224   0.00001   0.02599  -0.13368  -0.09691   0.00018   0.05128  -0.25527
          0 dx^2-y^2      0.09056  -0.00001  -0.04502   0.23152   0.17465   0.00060  -0.08858   0.44126
          0 dxy           0.00000   0.00326  -0.00320  -0.00063  -0.00455   0.21708  -0.54748  -0.11908
          0 dxz          -0.00050   0.00058   0.00409   0.00099  -0.00361  -0.18843   0.48880   0.08755
          0 dyz           0.00002  -0.00001  -0.00001   0.00006   0.00198  -0.00052  -0.00138   0.00595

                         9                                      10                                   
                         0.89059                                 0.89360                             

                          Re(U)     Im(U)     Re(D)     Im(D)     Re(U)     Im(U)     Re(D)     Im(D)

   1  Cr  0 s            -0.00153   0.00000   0.00134   0.00015   0.03034   0.00000  -0.01477   0.07771
          1 s            -0.00146  -0.00112   0.00393  -0.00084   0.08861  -0.00026  -0.04321   0.22680
          0 px           -0.00025  -0.00041   0.00119  -0.00034   0.02796  -0.00010  -0.01364   0.07156
          0 py           -0.00797  -0.01536   0.04648  -0.01322  -0.00005  -0.01302   0.03130   0.00568
          0 pz           -0.00999  -0.01934   0.05155  -0.01553   0.00006   0.01010  -0.02809  -0.00568
          0 d3z^2-r^2     0.00316   0.00214  -0.00769  -0.00616  -0.13761  -0.00004   0.06584  -0.34675
          0 dx^2-y^2     -0.00933  -0.00051   0.00946  -0.00400   0.23354  -0.00044  -0.11444   0.60111
          0 dxy          -0.10748  -0.21328   0.59206  -0.16803  -0.00220  -0.15347   0.40981   0.07433
          0 dxz          -0.12410  -0.23489   0.66829  -0.20161  -0.00255   0.14672  -0.35673  -0.07180
          0 dyz           0.00390  -0.00149   0.00007  -0.00059  -0.00145   0.00031   0.00096  -0.00437

                        11                                      12                                   
                         0.98691                                 0.98694                             

                          Re(U)     Im(U)     Re(D)     Im(D)     Re(U)     Im(U)     Re(D)     Im(D)

   1  Cr  0 s            -0.00001   0.00000  -0.00001   0.00000   0.00001   0.00000  -0.00001  -0.00000
          1 s            -0.00002  -0.00000  -0.00000   0.00001   0.00001  -0.00000  -0.00000  -0.00000
          0 px           -0.00002  -0.00000  -0.00000   0.00001   0.00001  -0.00000   0.00000  -0.00001
          0 py            0.00045  -0.00023  -0.00074   0.00012   0.00078   0.00018   0.00054   0.00030
          0 pz            0.00010   0.00072  -0.00025  -0.00046   0.00028  -0.00053   0.00019  -0.00079
          0 d3z^2-r^2    -0.25940   0.01921   0.06836  -0.67581   0.16528  -0.03703  -0.00543   0.43836
          0 dx^2-y^2     -0.14979   0.01109   0.03946  -0.39017   0.09545  -0.02138  -0.00314   0.25308
          0 dxy           0.00298  -0.00081  -0.00573   0.00131   0.00487   0.00061   0.00401   0.00296
          0 dxz           0.00029   0.00469  -0.00256  -0.00370   0.00100  -0.00326   0.00194  -0.00594
          0 dyz           0.01021   0.19331  -0.50458  -0.04946   0.05986   0.29566  -0.78380  -0.00731

                        13                                      14                                   
                         1.00002                                 1.00003                             

                          Re(U)     Im(U)     Re(D)     Im(D)     Re(U)     Im(U)     Re(D)     Im(D)

   1  Cr  0 s             0.45707   0.00000   0.03349  -0.17223  -0.18565   0.00000   0.09231  -0.47475
          1 s            -0.00449  -0.00000  -0.00033   0.00169  -0.00295   0.00000   0.00147  -0.00754
          0 px           -0.81401  -0.00000  -0.05963   0.30673   0.30633   0.00001  -0.15232   0.78335
          0 py           -0.00000   0.00297  -0.00117  -0.00023   0.00000   0.00586   0.00333   0.00065
          0 pz            0.00022  -0.00108  -0.00302   0.00001  -0.00179   0.00715   0.00157   0.00100
          0 d3z^2-r^2    -0.00044  -0.00000  -0.00003   0.00017   0.00499  -0.00000  -0.00249   0.01278
          0 dx^2-y^2      0.00077   0.00000   0.00006  -0.00029  -0.00866  -0.00000   0.00430  -0.02213
          0 dxy           0.00000  -0.00027   0.00056   0.00011  -0.00000  -0.00028   0.00026   0.00005
          0 dxz          -0.00006  -0.00020   0.00068  -0.00004   0.00004  -0.00006  -0.00034  -0.00008
          0 dyz           0.00000   0.00000  -0.00000  -0.00000   0.00000   0.00000  -0.00000   0.00001

                        15                                      16                                   
                         1.00016                                 1.00016                             

                          Re(U)     Im(U)     Re(D)     Im(D)     Re(U)     Im(U)     Re(D)     Im(D)

   1  Cr  0 s             0.00426   0.00000   0.00003  -0.00161   0.00200   0.00000   0.00060  -0.00070
          1 s             0.00106   0.00044  -0.00116  -0.00040   0.00041  -0.00069   0.00194   0.00006
          0 px           -0.00025   0.00231  -0.00611   0.00008  -0.00054  -0.00364   0.00935   0.00129
          0 py            0.25140  -0.63706  -0.22238  -0.14099  -0.53453  -0.34160  -0.16811   0.17547
          0 pz            0.31241   0.55216   0.23013  -0.07767  -0.64956   0.21674   0.03360   0.26136
          0 d3z^2-r^2     0.00043   0.00020  -0.00058   0.00052   0.00021  -0.00039   0.00081   0.00046
          0 dx^2-y^2     -0.00021  -0.00041   0.00106   0.00048   0.00000   0.00061  -0.00175   0.00005
          0 dxy          -0.00248   0.00535   0.00294   0.00076   0.00517   0.00286   0.00182  -0.00044
          0 dxz          -0.00266  -0.00536  -0.00099   0.00117   0.00542  -0.00212   0.00032  -0.00322
          0 dyz           0.00001  -0.00009   0.00026  -0.00010   0.00003   0.00031  -0.00077  -0.00016

                        17                                      18                                   
                         1.00064                                 1.00064                             

                          Re(U)     Im(U)     Re(D)     Im(D)     Re(U)     Im(U)     Re(D)     Im(D)

   1  Cr  0 s            -0.00390   0.00000   0.00197   0.00114   0.00387   0.00000   0.00298  -0.00065
          1 s            -0.00094  -0.00029   0.00121   0.00013   0.00087  -0.00037   0.00157   0.00014
          0 px            0.00011  -0.00086   0.00213  -0.00047  -0.00030  -0.00111   0.00247   0.00090
          0 py            0.21973   0.11808  -0.40916   0.50469   0.22120  -0.12838   0.21607   0.63048
          0 pz           -0.07226   0.24513  -0.59271  -0.30493  -0.16690  -0.18576   0.55842  -0.33193
          0 d3z^2-r^2     0.00010  -0.00004   0.00061   0.00012  -0.00013  -0.00008   0.00071   0.00006
          0 dx^2-y^2      0.00015   0.00040  -0.00076   0.00025  -0.00007   0.00050  -0.00091  -0.00038
          0 dxy          -0.01710  -0.00923   0.03183  -0.03932  -0.01715   0.00999  -0.01673  -0.04892
          0 dxz           0.00566  -0.01905   0.04615   0.02375   0.01299   0.01438  -0.04332   0.02575
          0 dyz           0.00021  -0.00014   0.00018  -0.00016  -0.00013  -0.00016   0.00020   0.00015

                        19                                      20                                   
                         1.00698                                 1.00803                             

                          Re(U)     Im(U)     Re(D)     Im(D)     Re(U)     Im(U)     Re(D)     Im(D)

   1  Cr  0 s             0.81104   0.00000   0.05946  -0.30561  -0.30099   0.00000   0.14976  -0.76964
          1 s             0.07330  -0.00000   0.00538  -0.02762  -0.03456  -0.00000   0.01720  -0.08837
          0 px            0.45499  -0.00000   0.03336  -0.17144  -0.18065  -0.00000   0.08989  -0.46193
          0 py            0.00000   0.00400  -0.00178  -0.00035   0.00000  -0.00308  -0.00514  -0.00100
          0 pz            0.00032  -0.00133  -0.00424   0.00002   0.00126  -0.00603   0.00134  -0.00023
          0 d3z^2-r^2     0.01839   0.00000   0.00135  -0.00696  -0.03162  -0.00000   0.01574  -0.08087
          0 dx^2-y^2     -0.03188   0.00000  -0.00234   0.01199   0.05478   0.00001  -0.02725   0.14007
          0 dxy           0.00000  -0.00062   0.00074   0.00014  -0.00000   0.00045   0.00150   0.00029
          0 dxz          -0.00010  -0.00010   0.00107  -0.00004  -0.00026   0.00138  -0.00067  -0.00003
          0 dyz           0.00000  -0.00000   0.00000   0.00000  -0.00000  -0.00000   0.00000  -0.00000

   2   Cr
    Sum of occupancy numbers = 14.000000000400

                         1                                       2                                   
                         0.01306                                 0.01309                             

                          Re(U)     Im(U)     Re(D)     Im(D)     Re(U)     Im(U)     Re(D)     Im(D)

   2  Cr  0 s             0.00000   0.00000  -0.00000  -0.00000  -0.00000   0.00000  -0.00000   0.00000
          1 s            -0.00000  -0.00000   0.00000   0.00000   0.00001  -0.00000   0.00000  -0.00000
          0 px           -0.00000   0.00000  -0.00000   0.00000   0.00000   0.00000  -0.00000  -0.00000
          0 py           -0.00001  -0.00000  -0.00001  -0.00000  -0.00000   0.00000   0.00001  -0.00000
          0 pz           -0.00000   0.00001  -0.00000   0.00001  -0.00000  -0.00001   0.00000   0.00001
          0 d3z^2-r^2    -0.16710   0.01346   0.03090  -0.43799   0.25845  -0.03808  -0.04252   0.67750
          0 dx^2-y^2     -0.09649   0.00777   0.01785  -0.25286   0.14923  -0.02199  -0.02454   0.39115
          0 dxy           0.00393   0.00060   0.00325   0.00297   0.00242  -0.00055  -0.00492   0.00146
          0 dxz           0.00076  -0.00258   0.00214  -0.00499   0.00028   0.00382  -0.00254  -0.00314
          0 dyz          -0.03040  -0.29883   0.78222   0.05760  -0.03246  -0.19287   0.50514   0.03324

                         3                                       4                                   
                         0.10404                                 0.10861                             

                          Re(U)     Im(U)     Re(D)     Im(D)     Re(U)     Im(U)     Re(D)     Im(D)

   2  Cr  0 s            -0.00352   0.00000   0.00172  -0.00902  -0.00020   0.00000   0.00014   0.00004
          1 s            -0.10248   0.00029   0.05020  -0.26221  -0.00062  -0.00149   0.00410  -0.00090
          0 px            0.00175   0.00001  -0.00086   0.00450   0.00023  -0.00004  -0.00007  -0.00007
          0 py            0.00000   0.00098  -0.00267  -0.00050  -0.00078  -0.00191   0.00544  -0.00106
          0 pz            0.00002  -0.00097   0.00232   0.00045  -0.00099  -0.00223   0.00606  -0.00143
          0 d3z^2-r^2     0.15446   0.00005  -0.07443   0.38989   0.00384   0.00211  -0.00702  -0.00611
          0 dx^2-y^2     -0.26297   0.00045   0.12935  -0.67619  -0.00972  -0.00103   0.00979  -0.00259
          0 dxy          -0.00092  -0.11427   0.30403   0.05626   0.08802   0.21815  -0.60772   0.11740
          0 dxz          -0.00170   0.10857  -0.26524  -0.05246   0.11110   0.24633  -0.67969   0.16163
          0 dyz           0.00086  -0.00029  -0.00066   0.00285   0.00517  -0.00156   0.00014  -0.00120

                         5                                       6                                   
                         0.10978                                 0.26634                             

                          Re(U)     Im(U)     Re(D)     Im(D)     Re(U)     Im(U)     Re(D)     Im(D)

   2  Cr  0 s            -0.00169   0.00000   0.00089  -0.00430   0.02634   0.00000  -0.01310   0.06736
          1 s            -0.05244  -0.00053   0.02743  -0.13385  -0.33820  -0.00001   0.16815  -0.86484
          0 px            0.00081  -0.00001  -0.00043   0.00206  -0.01678   0.00000   0.00834  -0.04291
          0 py            0.00008  -0.00224   0.00546   0.00127  -0.00000   0.00034   0.00078   0.00015
          0 pz            0.00006   0.00183  -0.00494  -0.00085  -0.00016   0.00081  -0.00028   0.00001
          0 d3z^2-r^2     0.07011  -0.00024  -0.03924   0.19044  -0.05713   0.00001   0.02843  -0.14618
          0 dx^2-y^2     -0.13123  -0.00096   0.06741  -0.32780   0.09903  -0.00001  -0.04923   0.25318
          0 dxy          -0.00856   0.24501  -0.61057  -0.14073   0.00000  -0.00285   0.00365   0.00071
          0 dxz          -0.00556  -0.20866   0.54880   0.09511   0.00035   0.00007  -0.00412  -0.00094
          0 dyz          -0.00177   0.00076   0.00148  -0.00582   0.00001  -0.00001  -0.00001   0.00005

                         7                                       8                                   
                         0.72151                                 0.88887                             

                          Re(U)     Im(U)     Re(D)     Im(D)     Re(U)     Im(U)     Re(D)     Im(D)

   2  Cr  0 s             0.11611   0.00000   0.00851  -0.04375   0.05597   0.00000   0.00424  -0.02108
          1 s            -0.88253  -0.00000  -0.06465   0.33255   0.17668   0.00012   0.01307  -0.06656
          0 px           -0.07078  -0.00000  -0.00519   0.02667  -0.05308  -0.00004  -0.00391   0.02000
          0 py            0.00000   0.00200  -0.00064  -0.00012   0.00071   0.04341   0.01721   0.00296
          0 pz            0.00014  -0.00083  -0.00190  -0.00001   0.00087  -0.03890  -0.01368  -0.00314
          0 d3z^2-r^2    -0.13618   0.00000  -0.00998   0.05127  -0.26037  -0.00006  -0.01929   0.09497
          0 dx^2-y^2      0.23586  -0.00000   0.01729  -0.08890   0.45006   0.00016   0.03385  -0.17134
          0 dxy          -0.00000  -0.00326  -0.00320  -0.00062  -0.00879  -0.56021  -0.21371  -0.03834
          0 dxz           0.00019   0.00421  -0.00066   0.00038  -0.01054   0.49647   0.18402   0.04069
          0 dyz           0.00006  -0.00000   0.00001  -0.00002   0.00611  -0.00018   0.00090  -0.00184

                         9                                      10                                   
                         0.89059                                 0.89360                             

                          Re(U)     Im(U)     Re(D)     Im(D)     Re(U)     Im(U)     Re(D)     Im(D)

   2  Cr  0 s            -0.00135   0.00000  -0.00152  -0.00017   0.07910   0.00000   0.00567  -0.02981
          1 s            -0.00381  -0.00127  -0.00157   0.00096   0.23088  -0.00010   0.01680  -0.08701
          0 px            0.00115   0.00047   0.00029  -0.00038  -0.07285   0.00004  -0.00532   0.02745
          0 py            0.04474   0.01828   0.00962  -0.01438   0.00026  -0.03182  -0.01278  -0.00248
          0 pz            0.04951   0.02113   0.01206  -0.01812   0.00034   0.02866   0.00991   0.00194
          0 d3z^2-r^2     0.00832  -0.00527   0.00338  -0.00178  -0.35294  -0.00006  -0.02565   0.13520
          0 dx^2-y^2     -0.00896  -0.00502  -0.00933  -0.00053   0.61191  -0.00019   0.04404  -0.22935
          0 dxy          -0.56987  -0.23243  -0.13039   0.20009  -0.00350   0.41648   0.15036   0.03081
          0 dxz          -0.64192  -0.27423  -0.14929   0.21974  -0.00393  -0.36386  -0.14462  -0.02489
          0 dyz          -0.00001  -0.00059   0.00372   0.00191  -0.00447   0.00012  -0.00058   0.00136

                        11                                      12                                   
                         0.98691                                 0.98694                             

                          Re(U)     Im(U)     Re(D)     Im(D)     Re(U)     Im(U)     Re(D)     Im(D)

   2  Cr  0 s             0.00001   0.00000  -0.00001   0.00001   0.00001   0.00000   0.00001   0.00001
          1 s             0.00001   0.00000  -0.00001   0.00001   0.00001  -0.00000   0.00001   0.00001
          0 px           -0.00000  -0.00001   0.00001  -0.00001  -0.00000   0.00001  -0.00001  -0.00001
          0 py           -0.00068   0.00030  -0.00050   0.00005   0.00062   0.00002  -0.00076  -0.00025
          0 pz            0.00004   0.00052   0.00030   0.00066  -0.00024   0.00078   0.00004  -0.00060
          0 d3z^2-r^2    -0.42112  -0.53296  -0.22901   0.12332  -0.22064   0.37883   0.12275   0.11671
          0 dx^2-y^2     -0.24312  -0.30770  -0.13225   0.07122  -0.12738   0.21871   0.07089   0.06740
          0 dxy           0.00554  -0.00198   0.00295  -0.00092  -0.00496   0.00048   0.00449   0.00199
          0 dxz           0.00017  -0.00450  -0.00228  -0.00411   0.00139  -0.00609  -0.00082   0.00331
          0 dyz           0.39878  -0.31309  -0.09537  -0.16846   0.67610   0.39657   0.20331  -0.22285

                        13                                      14                                   
                         1.00002                                 1.00003                             

                          Re(U)     Im(U)     Re(D)     Im(D)     Re(U)     Im(U)     Re(D)     Im(D)

   2  Cr  0 s            -0.17545   0.00000   0.08723  -0.44867  -0.48364   0.00000  -0.03544   0.18224
          1 s             0.00172   0.00000  -0.00086   0.00441  -0.00768   0.00000  -0.00056   0.00290
          0 px           -0.31247  -0.00000   0.15536  -0.79905  -0.79802  -0.00000  -0.05847   0.30070
          0 py            0.00000   0.00120   0.00291   0.00057   0.00000  -0.00340   0.00576   0.00112
          0 pz           -0.00058   0.00296  -0.00110   0.00001  -0.00069  -0.00173   0.00736  -0.00039
          0 d3z^2-r^2     0.00017   0.00000  -0.00008   0.00043   0.01302  -0.00000   0.00095  -0.00490
          0 dx^2-y^2     -0.00029  -0.00000   0.00015  -0.00076  -0.02255  -0.00000  -0.00165   0.00850
          0 dxy           0.00000   0.00057   0.00027   0.00005   0.00000   0.00026   0.00027   0.00005
          0 dxz          -0.00017   0.00066   0.00019   0.00010  -0.00002  -0.00035   0.00007  -0.00003
          0 dyz          -0.00000  -0.00000   0.00000  -0.00000   0.00001   0.00000   0.00000  -0.00000

                        15                                      16                                   
                         1.00016                                 1.00016                             

                          Re(U)     Im(U)     Re(D)     Im(D)     Re(U)     Im(U)     Re(D)     Im(D)

   2  Cr  0 s            -0.00161   0.00000   0.00007  -0.00426   0.00092   0.00000  -0.00130   0.00153
          1 s            -0.00038  -0.00117  -0.00042  -0.00106   0.00121  -0.00151  -0.00079  -0.00014
          0 px           -0.00020   0.00612   0.00232  -0.00020  -0.00513   0.00792   0.00241   0.00279
          0 py            0.13755   0.22506  -0.64225   0.24131   0.24213  -0.01342  -0.08833   0.62685
          0 pz            0.08165  -0.22821   0.54530   0.32166   0.17657   0.19623  -0.58890   0.35181
          0 d3z^2-r^2     0.00053  -0.00058  -0.00020  -0.00043   0.00018  -0.00091  -0.00043  -0.00009
          0 dx^2-y^2      0.00046   0.00107   0.00041   0.00022  -0.00118   0.00129   0.00046   0.00040
          0 dxy           0.00072   0.00296  -0.00540   0.00240   0.00151  -0.00110  -0.00119   0.00578
          0 dxz           0.00119  -0.00097   0.00530   0.00275   0.00265   0.00186  -0.00515   0.00273
          0 dyz          -0.00011   0.00026   0.00010  -0.00001  -0.00038   0.00069   0.00022   0.00022

                        17                                      18                                   
                         1.00064                                 1.00064                             

                          Re(U)     Im(U)     Re(D)     Im(D)     Re(U)     Im(U)     Re(D)     Im(D)

   2  Cr  0 s             0.00228   0.00000   0.00338   0.00195  -0.00305   0.00000   0.00379  -0.00083
          1 s             0.00111   0.00049   0.00095   0.00022  -0.00151   0.00047   0.00093   0.00018
          0 px           -0.00161  -0.00147  -0.00033   0.00080   0.00222  -0.00141   0.00006  -0.00115
          0 py            0.10245   0.64166   0.24936   0.00743   0.07644  -0.66202  -0.24349  -0.07817
          0 pz            0.66572   0.03188   0.05983  -0.24843   0.61647   0.20510   0.12341  -0.21713
          0 d3z^2-r^2     0.00058   0.00020  -0.00007  -0.00008  -0.00068   0.00021  -0.00010   0.00011
          0 dx^2-y^2     -0.00053  -0.00060  -0.00032   0.00027   0.00081  -0.00057  -0.00017  -0.00047
          0 dxy           0.00794   0.04996   0.01943   0.00054   0.00590  -0.05136  -0.01889  -0.00610
          0 dxz           0.05184   0.00248   0.00461  -0.01933   0.04782   0.01591   0.00962  -0.01683
          0 dyz           0.00008   0.00023  -0.00011  -0.00023  -0.00016   0.00018  -0.00009   0.00018

                        19                                      20                                   
                         1.00698                                 1.00803                             

                          Re(U)     Im(U)     Re(D)     Im(D)     Re(U)     Im(U)     Re(D)     Im(D)

   2  Cr  0 s             0.31134   0.00000  -0.15490   0.79611   0.78408   0.00000   0.05749  -0.29545
          1 s             0.02814  -0.00000  -0.01400   0.07195   0.09003   0.00000   0.00660  -0.03392
          0 px           -0.17466   0.00000   0.08690  -0.44661  -0.47060  -0.00000  -0.03450   0.17732
          0 py           -0.00000  -0.00181  -0.00393  -0.00076   0.00000  -0.00523   0.00302   0.00059
          0 pz            0.00083  -0.00416   0.00136  -0.00006  -0.00048   0.00127   0.00616  -0.00009
          0 d3z^2-r^2     0.00709   0.00000  -0.00351   0.01805   0.08239   0.00000   0.00604  -0.03104
          0 dx^2-y^2     -0.01222   0.00001   0.00609  -0.03129  -0.14270  -0.00000  -0.01046   0.05377
          0 dxy          -0.00000  -0.00075  -0.00061  -0.00012   0.00000  -0.00153   0.00044   0.00009
          0 dxz           0.00025  -0.00104  -0.00008  -0.00011  -0.00010   0.00067   0.00141   0.00001
          0 dyz          -0.00000  -0.00000  -0.00000   0.00000   0.00000   0.00000  -0.00000  -0.00000

***********************************************************
***********************************************************
                    Dipole moment (Debye)                  
***********************************************************
***********************************************************

 Absolute D        0.00005219

                      Dx                Dy                Dz
 Total             -0.00005219       -0.00000000        0.00000000
 Core             134.48979036        0.00000000        0.00000000
 Electron        -134.48984254       -0.00000000        0.00000000
 Back ground       -0.00000000       -0.00000000        0.00000000

***********************************************************
***********************************************************
       xyz-coordinates (Ang) and forces (Hartree/Bohr)  
***********************************************************
***********************************************************

<coordinates.forces
  2
    1    Cr     0.00000   0.00000   0.00000  -0.041813906155  0.000000827103 -0.000028519586
    2    Cr     2.00000   0.00000   0.00000   0.041813327355 -0.000000335753 -0.000029835047
coordinates.forces>

***********************************************************
***********************************************************
       Fractional coordinates of the final structure       
***********************************************************
***********************************************************

     1     Cr     0.00000000000000   0.00000000000000   0.00000000000000
     2     Cr     0.16812998902486   0.00000000000000   0.00000000000000

***********************************************************
***********************************************************
               Computational Time (second)                 
***********************************************************
***********************************************************

   Elapsed.Time.        24.700

                               Min_ID   Min_Time       Max_ID   Max_Time
   Total Computational Time =     0       24.700          0       24.700
   readfile                 =     0        6.729          0        6.729
   truncation               =     0        0.398          0        0.398
   MD_pac                   =     0        0.000          0        0.000
   OutData                  =     0        1.948          0        1.948
   DFT                      =     0       15.623          0       15.623

*** In DFT ***

   Set_OLP_Kin              =     0        0.129          0        0.129
   Set_Nonlocal             =     0        0.195          0        0.195
   Set_ProExpn_VNA          =     0        0.122          0        0.122
   Set_Hamiltonian          =     0        6.366          0        6.366
   Poisson                  =     0        1.969          0        1.969
   Diagonalization          =     0        0.049          0        0.049
   Mixing_DM                =     0        0.011          0        0.011
   Force                    =     0        1.052          0        1.052
   Total_Energy             =     0        0.141          0        0.141
   Set_Aden_Grid            =     0        0.102          0        0.102
   Set_Orbitals_Grid        =     0        0.100          0        0.100
   Set_Density_Grid         =     0        3.951          0        3.951
   RestartFileDFT           =     0        0.023          0        0.023
   Mulliken_Charge          =     0        0.001          0        0.001
   FFT(2D)_Density          =     0        0.000          0        0.000
   Others                   =     0        1.414          0        1.414
