#
#      File Name
#

System.CurrrentDirectory         ./    # default=./
System.Name                      Glycine
level.of.stdout                   1    # default=1 (1-3)
level.of.fileout                  1    # default=1 (0-2)

#
# Definition of Atomic Species
#

Species.Number       4
<Definition.of.Atomic.Species
 H    H5.0-s1     H_PBE11
 C    C5.0-s1p1   C_PBE11
 N    N5.0-s1p1   N_PBE11
 O    O5.0-s1p1   O_PBE11
Definition.of.Atomic.Species>

#
# Atoms
#

Atoms.Number        10
Atoms.SpeciesAndCoordinates.Unit   Ang # Ang|AU
<Atoms.SpeciesAndCoordinates           
  1  C  -0.555017   -0.051675    0.354086   2.0  2.0
  2  C   0.815000   -0.465853   -0.137825   2.0  2.0
  3  O   0.868601   -1.679578   -0.731357   3.0  3.0
  4  N  -0.896974    1.284812   -0.176738   2.5  2.5
  5  H  -1.335795   -0.760116    0.008336   0.5  0.5
  6  H  -0.547565   -0.109411    1.464499   0.5  0.5
  7  O   1.870955    0.133646   -0.045947   3.0  3.0
  8  H   1.758633   -1.867358   -1.013112   0.5  0.5
  9  H  -1.778440    1.565012    0.196758   0.5  0.5
 10  H  -0.199398    1.950523    0.081299   0.5  0.5
Atoms.SpeciesAndCoordinates>
Atoms.UnitVectors.Unit             Ang #  Ang|AU
#<Atoms.UnitVectors                     
#  10.0   0.0   0.0
#   0.0  10.0   0.0
#   0.0   0.0  10.0
#Atoms.UnitVectors>

#
# SCF or Electronic System
#

scf.XcType                 GGA-PBE     # LDA|LSDA-CA|LSDA-PW|GGA-PBE
scf.SpinPolarization       off         # On|Off|NC
scf.ElectronicTemperature  200.0       # default=300 (K)
scf.energycutoff           170         # default=150 (Ry)
scf.maxIter                40          # default=40
scf.EigenvalueSolver       cluster     # DC|GDC|Cluster|Band
scf.Kgrid                  1 1 1       # means 4x4x4
scf.Mixing.Type           rmm-diisk    # Simple|Rmm-Diis|Gr-Pulay|Kerker|Rmm-Diisk
scf.Init.Mixing.Weight     0.10        # default=0.30 
scf.Min.Mixing.Weight      0.001       # default=0.001 
scf.Max.Mixing.Weight      0.200       # default=0.40 
scf.Mixing.History          10         # default=5
scf.Mixing.StartPulay       5          # default=6
scf.criterion             1.0e-10      # default=1.0e-6 (Hartree) 

#
# MD or Geometry Optimization
#

MD.Type                     nomd       # Nomd|Opt|NVE|NVT_VS|NVT_NH
                                       # Constraint_Opt|DIIS2|Constraint_DIIS2
MD.maxIter                   1         # default=1
MD.TimeStep                1.0         # default=0.5 (fs)
MD.Opt.criterion          1.0e-14      # default=1.0e-4 (Hartree/bohr)
MD.Opt.DIIS_Mixing          0.1        # default=0.5


***********************************************************
***********************************************************

  Required cutoff energy (Ryd) for 3D-grids = 170.0000
      Used cutoff energy (Ryd) for 3D-grids = 170.0010, 170.0010, 170.0010
  Num. of grids of a-, b-, and c-axes = 80, 80, 70

  Num.Grid1.    80
  Num.Grid2.    80
  Num.Grid3.    70


  Cell_Volume =   6266.866136064820 (Bohr^3)
  GridVol     =      0.013988540482 (Bohr^3)
  Cell vectors (bohr) of the grid cell (gtv)
    gtv_a =  0.240948448781,  0.000000000000,  0.000000000000
    gtv_b =  0.000000000000,  0.240948448781,  0.000000000000
    gtv_c =  0.000000000000,  0.000000000000,  0.240948448781
    |gtv_a| =  0.240948448781
    |gtv_b| =  0.240948448781
    |gtv_c| =  0.240948448781

***********************************************************
***********************************************************


***********************************************************
***********************************************************
                  SCF history at MD= 1                    
***********************************************************
***********************************************************

   SCF=   1  NormRD=  1.000000000000  Uele= -16.248897661782
   SCF=   2  NormRD=  2.499930178335  Uele= -16.187685911647
   SCF=   3  NormRD=  2.445321580029  Uele= -16.173521166832
   SCF=   4  NormRD=  1.683903187414  Uele= -15.994403145660
   SCF=   5  NormRD=  1.223549939227  Uele= -15.961696702306
   SCF=   6  NormRD=  0.357966544750  Uele= -16.360579361846
   SCF=   7  NormRD=  0.275521541354  Uele= -16.550643545753
   SCF=   8  NormRD=  0.039630365900  Uele= -16.590264030799
   SCF=   9  NormRD=  0.011503039408  Uele= -16.589425889536
   SCF=  10  NormRD=  0.001611979622  Uele= -16.591042266556
   SCF=  11  NormRD=  0.000227146040  Uele= -16.592656234298
   SCF=  12  NormRD=  0.000064890667  Uele= -16.592628548349
   SCF=  13  NormRD=  0.000014567865  Uele= -16.592670993992
   SCF=  14  NormRD=  0.000004588511  Uele= -16.592669987984
   SCF=  15  NormRD=  0.000000810411  Uele= -16.592670923248
   SCF=  16  NormRD=  0.000000202561  Uele= -16.592671198412
   SCF=  17  NormRD=  0.000000023878  Uele= -16.592671141373
   SCF=  18  NormRD=  0.000000014403  Uele= -16.592671135491
   SCF=  19  NormRD=  0.000000001445  Uele= -16.592671135680
   SCF=  20  NormRD=  0.000000000177  Uele= -16.592671136471
   SCF=  21  NormRD=  0.000000000016  Uele= -16.592671136460

*******************************************************
        Total energy (Hartree) at MD = 1        
*******************************************************

  Uele.        -16.592671136460

  Ukin.         40.401213257693
  UH0.        -144.142584607007
  UH1.           0.336246664420
  Una.         -43.585990741205
  Unl.           6.167835309632
  Uxc0.         -7.920016154597
  Uxc1.         -7.920016154597
  Ucore.        99.950365047936
  Uhub.          0.000000000000
  Ucs.           0.000000000000
  Uzs.           0.000000000000
  Uzo.           0.000000000000
  Uef.           0.000000000000
  UvdW           0.000000000000
  Utot.        -56.712947377725

  Note:

  Utot = Ukin+UH0+UH1+Una+Unl+Uxc0+Uxc1+Ucore+Uhub+Ucs+Uzs+Uzo+Uef+UvdW

  Uene:   band energy
  Ukin:   kinetic energy
  UH0:    electric part of screened Coulomb energy
  UH1:    difference electron-electron Coulomb energy
  Una:    neutral atom potential energy
  Unl:    non-local potential energy
  Uxc0:   exchange-correlation energy for alpha spin
  Uxc1:   exchange-correlation energy for beta spin
  Ucore:  core-core Coulomb energy
  Uhub:   LDA+U energy
  Ucs:    constraint energy for spin orientation
  Uzs:    Zeeman term for spin magnetic moment
  Uzo:    Zeeman term for orbital magnetic moment
  Uef:    electric energy by electric field
  UvdW:   vdW energy 

  (see also PRB 72, 045121(2005) for the energy contributions)



  Chemical potential (Hartree)      -0.175781250000

***********************************************************
***********************************************************
           Eigenvalues (Hartree) for SCF KS-eq.           
***********************************************************
***********************************************************

   Chemical Potential (Hartree) =  -0.17578125000000
   Number of States             =  30.00000000000000
   HOMO = 15
   Eigenvalues
                Up-spin            Down-spin
          1  -1.11186845501488  -1.11186845501488
          2  -1.00767017063554  -1.00767017063554
          3  -0.88207147758338  -0.88207147758338
          4  -0.73345804969995  -0.73345804969995
          5  -0.61702612653370  -0.61702612653370
          6  -0.53893585690683  -0.53893585690683
          7  -0.49564001365796  -0.49564001365796
          8  -0.46567323213617  -0.46567323213617
          9  -0.44382645421534  -0.44382645421534
         10  -0.43069160208740  -0.43069160208740
         11  -0.41381474269543  -0.41381474269543
         12  -0.35907303674585  -0.35907303674585
         13  -0.31413785239226  -0.31413785239226
         14  -0.27025673541994  -0.27025673541994
         15  -0.21219176249457  -0.21219176249457
         16  -0.10338369819557  -0.10338369819557
         17   0.08898130128325   0.08898130128325
         18   0.12555980183474   0.12555980183474
         19   0.15750297278152   0.15750297278152
         20   0.17419362935487   0.17419362935487
         21   0.19971876291795   0.19971876291795
         22   0.23217304103251   0.23217304103251
         23   0.24439209092673   0.24439209092673
         24   0.27240852871827   0.27240852871827
         25   0.42078154090219   0.42078154090219

***********************************************************
***********************************************************
                   Mulliken populations                    
***********************************************************
***********************************************************

  Total spin S =  0.000000000000

                    Up spin      Down spin     Sum           Diff
      1    C      2.239490165  2.239490165   4.478980331   0.000000000
      2    C      1.826566358  1.826566358   3.653132717   0.000000000
      3    O      3.244331717  3.244331717   6.488663433   0.000000000
      4    N      2.813147131  2.813147131   5.626294261   0.000000000
      5    H      0.355292034  0.355292034   0.710584067   0.000000000
      6    H      0.371987041  0.371987041   0.743974082   0.000000000
      7    O      3.188609869  3.188609869   6.377219738   0.000000000
      8    H      0.274532056  0.274532056   0.549064112   0.000000000
      9    H      0.343892214  0.343892214   0.687784429   0.000000000
     10    H      0.342151415  0.342151415   0.684302830   0.000000000

 Sum of MulP: up   =    15.00000 down          =    15.00000
              total=    30.00000 ideal(neutral)=    30.00000


  Decomposed Mulliken populations

    1    C          Up spin      Down spin     Sum           Diff
            multiple
  s           0    0.614766991  0.614766991   1.229533982   0.000000000
   sum over m      0.614766991  0.614766991   1.229533982   0.000000000
   sum over m+mul  0.614766991  0.614766991   1.229533982   0.000000000
  px          0    0.524686432  0.524686432   1.049372864   0.000000000
  py          0    0.510738545  0.510738545   1.021477090   0.000000000
  pz          0    0.589298197  0.589298197   1.178596395   0.000000000
   sum over m      1.624723174  1.624723174   3.249446349   0.000000000
   sum over m+mul  1.624723174  1.624723174   3.249446349   0.000000000

    2    C          Up spin      Down spin     Sum           Diff
            multiple
  s           0    0.468312159  0.468312159   0.936624317   0.000000000
   sum over m      0.468312159  0.468312159   0.936624317   0.000000000
   sum over m+mul  0.468312159  0.468312159   0.936624317   0.000000000
  px          0    0.465436561  0.465436561   0.930873123   0.000000000
  py          0    0.414031958  0.414031958   0.828063916   0.000000000
  pz          0    0.478785680  0.478785680   0.957571361   0.000000000
   sum over m      1.358254200  1.358254200   2.716508399   0.000000000
   sum over m+mul  1.358254200  1.358254200   2.716508399   0.000000000

    3    O          Up spin      Down spin     Sum           Diff
            multiple
  s           0    0.906418072  0.906418072   1.812836144   0.000000000
   sum over m      0.906418072  0.906418072   1.812836144   0.000000000
   sum over m+mul  0.906418072  0.906418072   1.812836144   0.000000000
  px          0    0.790697484  0.790697484   1.581394968   0.000000000
  py          0    0.733035412  0.733035412   1.466070824   0.000000000
  pz          0    0.814180749  0.814180749   1.628361497   0.000000000
   sum over m      2.337913645  2.337913645   4.675827289   0.000000000
   sum over m+mul  2.337913645  2.337913645   4.675827289   0.000000000

    4    N          Up spin      Down spin     Sum           Diff
            multiple
  s           0    0.787189798  0.787189798   1.574379596   0.000000000
   sum over m      0.787189798  0.787189798   1.574379596   0.000000000
   sum over m+mul  0.787189798  0.787189798   1.574379596   0.000000000
  px          0    0.598044746  0.598044746   1.196089491   0.000000000
  py          0    0.529388185  0.529388185   1.058776370   0.000000000
  pz          0    0.898524402  0.898524402   1.797048804   0.000000000
   sum over m      2.025957333  2.025957333   4.051914665   0.000000000
   sum over m+mul  2.025957333  2.025957333   4.051914665   0.000000000

    5    H          Up spin      Down spin     Sum           Diff
            multiple
  s           0    0.355292034  0.355292034   0.710584067   0.000000000
   sum over m      0.355292034  0.355292034   0.710584067   0.000000000
   sum over m+mul  0.355292034  0.355292034   0.710584067   0.000000000

    6    H          Up spin      Down spin     Sum           Diff
            multiple
  s           0    0.371987041  0.371987041   0.743974082   0.000000000
   sum over m      0.371987041  0.371987041   0.743974082   0.000000000
   sum over m+mul  0.371987041  0.371987041   0.743974082   0.000000000

    7    O          Up spin      Down spin     Sum           Diff
            multiple
  s           0    0.936224959  0.936224959   1.872449918   0.000000000
   sum over m      0.936224959  0.936224959   1.872449918   0.000000000
   sum over m+mul  0.936224959  0.936224959   1.872449918   0.000000000
  px          0    0.731025834  0.731025834   1.462051668   0.000000000
  py          0    0.812607941  0.812607941   1.625215883   0.000000000
  pz          0    0.708751135  0.708751135   1.417502270   0.000000000
   sum over m      2.252384910  2.252384910   4.504769821   0.000000000
   sum over m+mul  2.252384910  2.252384910   4.504769821   0.000000000

    8    H          Up spin      Down spin     Sum           Diff
            multiple
  s           0    0.274532056  0.274532056   0.549064112   0.000000000
   sum over m      0.274532056  0.274532056   0.549064112   0.000000000
   sum over m+mul  0.274532056  0.274532056   0.549064112   0.000000000

    9    H          Up spin      Down spin     Sum           Diff
            multiple
  s           0    0.343892214  0.343892214   0.687784429   0.000000000
   sum over m      0.343892214  0.343892214   0.687784429   0.000000000
   sum over m+mul  0.343892214  0.343892214   0.687784429   0.000000000

   10    H          Up spin      Down spin     Sum           Diff
            multiple
  s           0    0.342151415  0.342151415   0.684302830   0.000000000
   sum over m      0.342151415  0.342151415   0.684302830   0.000000000
   sum over m+mul  0.342151415  0.342151415   0.684302830   0.000000000

***********************************************************
***********************************************************
                    Dipole moment (Debye)                  
***********************************************************
***********************************************************

 Absolute D        1.64056125

                      Dx                Dy                Dz
 Total             -0.84996970       -0.47738446        1.31950628
 Core              52.30611990      -19.89965695      -18.94716183
 Electron         -53.15608960       19.42227249       20.26666810
 Back ground        0.00000000       -0.00000000        0.00000000

***********************************************************
***********************************************************
       xyz-coordinates (Ang) and forces (Hartree/Bohr)  
***********************************************************
***********************************************************

<coordinates.forces
  10
    1     C    -0.55502  -0.05167   0.35409  -0.013224572236  0.035492240259 -0.017576170096
    2     C     0.81500  -0.46585  -0.13783  -0.101264293933 -0.025545952122  0.005920893327
    3     O     0.86860  -1.67958  -0.73136  -0.157607502534 -0.099469466528 -0.015968680789
    4     N    -0.89697   1.28481  -0.17674   0.013696780198 -0.060563939117 -0.073732284342
    5     H    -1.33580  -0.76012   0.00834  -0.044344009818 -0.048593476047 -0.022270800420
    6     H    -0.54756  -0.10941   1.46450   0.004703938570 -0.009476896678  0.075943859235
    7     O     1.87096   0.13365  -0.04595   0.183638722276  0.133818161872  0.028372574269
    8     H     1.75863  -1.86736  -1.01311   0.132104909581 -0.021947689740 -0.038654300486
    9     H    -1.77844   1.56501   0.19676  -0.094318974923  0.028658273396  0.034167685962
   10     H    -0.19940   1.95052   0.08130   0.076824056512  0.067881030090  0.023561650109
coordinates.forces>

***********************************************************
***********************************************************
       Fractional coordinates of the final structure       
***********************************************************
***********************************************************

     1      C     0.94558846226718   0.99493399983722   0.03967212072457
     2      C     0.07989918011926   0.95432972667964   0.98455796038572
     3      O     0.08515399724021   0.83534122067933   0.91805808985174
     4      N     0.91206443289780   0.12595757718698   0.98019811211791
     5      H     0.86904426342650   0.92548141693800   0.00093397309795
     6      H     0.94631902507730   0.98927380466745   0.16408381333634
     7      O     0.18342057734973   0.01310209303830   0.99485205591034
     8      H     0.17240899979224   0.81693205743664   0.88649000081475
     9      H     0.82564920504135   0.15342720941939   0.02204494707366
    10      H     0.98045185678844   0.19122109018866   0.00910881464612

***********************************************************
***********************************************************
               Computational Time (second)                 
***********************************************************
***********************************************************

   Elapsed.Time.        66.080

                            Min_ID    Min_Time    Max_ID    Max_Time
   Total Computational Time =  0       66.080       0       66.080
   readfile                 =  0       25.522       0       25.522
   truncation               =  0        4.100       0        4.100
   MD_pac                   =  0        0.004       0        0.004
   DFT                      =  0       34.420       0       34.420

*** In DFT ***

   Set_OLP_Kin              =  0        0.684       0        0.684
   Set_Nonlocal             =  0        1.669       0        1.669
   Set_Hamiltonian          =  0        8.784       0        8.784
   Poisson                  =  0        0.974       0        0.974
   Diagonalization          =  0        0.055       0        0.055
   Mixing_DM                =  0       11.423       0       11.423
   Force                    =  0        1.712       0        1.712
   Total_Energy             =  0        5.791       0        5.791
   Set_Aden_Grid            =  0        0.120       0        0.120
   Set_Orbitals_Grid        =  0        0.619       0        0.619
   Set_Density_Grid         =  0        1.080       0        1.080
   Others                   =  0        1.509       0        1.509
