#
#      File Name      
#

System.CurrrentDirectory         ./    # default=./
System.Name                      Graphite4
level.of.stdout                   1    # default=1 (1-3)
level.of.fileout                  1    # default=1 (0-2)

#
# Definition of Atomic Species
#

Species.Number       1
<Definition.of.Atomic.Species
 C   C5.0-s2p2   C_PBE11
Definition.of.Atomic.Species>

#
# Atoms
#

Atoms.Number         4
Atoms.SpeciesAndCoordinates.Unit   Ang # Ang|AU
<Atoms.SpeciesAndCoordinates           # Unit=Ang.
 1  C  0.000000000  0.000000000  0.000000000  2.0 2.0
 2  C  2.840000000  0.000000000  0.000000000  2.0 2.0
 3  C  0.710000000  1.229756000  0.000000000  2.0 2.0
 4  C  2.130000000  1.229756000  0.000000000  2.0 2.0
Atoms.SpeciesAndCoordinates>
Atoms.UnitVectors.Unit             Ang #  Ang|AU
<Atoms.UnitVectors                     # unit=Ang.
4.26000000000000 0.00000000000000  0.00000000000000
0.00000000000000 2.45951214674781  0.00000000000000
0.00000000000000 0.00000000000000 10.00000000000000
Atoms.UnitVectors>

#
# SCF or Electronic System
#

scf.XcType                 GGA-PBE     # LDA|LSDA-CA|LSDA-PW|GGA-PBE
scf.SpinPolarization       Off         # On|Off|NC
scf.ElectronicTemperature  300.0       # default=300 (K)
scf.energycutoff           150.0       # default=150 (Ry)
scf.maxIter                 10         # default=40
scf.EigenvalueSolver       band        # DC|GDC|Cluster|Band
scf.Kgrid                 5 5 1        # means 4x4x4
scf.Mixing.Type           rmm-diis     # Simple|Rmm-Diis|Gr-Pulay|Kerker|Rmm-Diisk
scf.Init.Mixing.Weight     0.010       # default=0.30 
scf.Min.Mixing.Weight      0.001       # default=0.001 
scf.Max.Mixing.Weight      0.002       # default=0.40 
scf.Mixing.History          7          # default=5
scf.Mixing.StartPulay       5          # default=6
scf.criterion             1.0e-9       # default=1.0e-6 (Hartree) 

#
# MD or Geometry Optimization
#

MD.Type                     nomd       # Nomd|Opt|NVE|NVT_VS|NVT_NH
MD.maxIter                   1         # default=1
MD.TimeStep                0.5         # default=0.5 (fs)
MD.Opt.criterion          1.0e-4       # default=1.0e-4 (Hartree/bohr)


***********************************************************
***********************************************************

  Required cutoff energy (Ryd) for 3D-grids = 150.0000
      Used cutoff energy (Ryd) for 3D-grids = 186.5602, 182.7528, 181.3310
  Num. of grids of a-, b-, and c-axes = 35, 20, 81

  Num.Grid1.    35
  Num.Grid2.    20
  Num.Grid3.    81


  Cell_Volume =    707.058061397437 (Bohr^3)
  GridVol     =      0.012470159813 (Bohr^3)
  Cell vectors (bohr) of the grid cell (gtv)
    gtv_a =  0.230006648896,  0.000000000000,  0.000000000000
    gtv_b =  0.000000000000,  0.232390201147,  0.000000000000
    gtv_c =  0.000000000000,  0.000000000000,  0.233299504763
    |gtv_a| =  0.230006648896
    |gtv_b| =  0.232390201147
    |gtv_c| =  0.233299504763

***********************************************************
***********************************************************


***********************************************************
***********************************************************
                  SCF history at MD= 1                    
***********************************************************
***********************************************************

   SCF=   1  NormRD=  1.000000000000  Uele= -6.142798263528
   SCF=   2  NormRD=  0.176765893053  Uele= -7.962824105616
   SCF=   3  NormRD=  0.176276799551  Uele= -7.961252823306
   SCF=   4  NormRD=  0.175789059482  Uele= -7.959685882761
   SCF=   5  NormRD=  0.175302669115  Uele= -7.958123272041
   SCF=   6  NormRD=  0.174817624724  Uele= -7.956564979240
   SCF=   7  NormRD=  0.002274245598  Uele= -7.394280137748
   SCF=   8  NormRD=  0.000503084450  Uele= -7.397106423190
   SCF=   9  NormRD=  0.000136390807  Uele= -7.395768970805
   SCF=  10  NormRD=  0.000046878704  Uele= -7.395578363047

*******************************************************
        Total energy (Hartree) at MD = 1        
*******************************************************

  Uele.         -7.395578363047

  Ukin.         16.946342782685
  UH0.        -205.149216691888
  UH1.           0.050900553732
  Una.         -11.516059404378
  Unl.          -2.244259886101
  Uxc0.         -3.887074098876
  Uxc1.         -3.887074098876
  Ucore.       186.366267826204
  Uhub.          0.000000000000
  Ucs.           0.000000000000
  Uzs.           0.000000000000
  Uzo.           0.000000000000
  Uef.           0.000000000000
  UvdW           0.000000000000
  Utot.        -23.320173017497

  Note:

  Utot = Ukin+UH0+UH1+Una+Unl+Uxc0+Uxc1+Ucore+Uhub+Ucs+Uzs+Uzo+Uef+UvdW

  Uene:   band energy
  Ukin:   kinetic energy
  UH0:    electric part of screened Coulomb energy
  UH1:    difference electron-electron Coulomb energy
  Una:    neutral atom potential energy
  Unl:    non-local potential energy
  Uxc0:   exchange-correlation energy for alpha spin
  Uxc1:   exchange-correlation energy for beta spin
  Ucore:  core-core Coulomb energy
  Uhub:   LDA+U energy
  Ucs:    constraint energy for spin orientation
  Uzs:    Zeeman term for spin magnetic moment
  Uzo:    Zeeman term for orbital magnetic moment
  Uef:    electric energy by electric field
  UvdW:   vdW energy 

  (see also PRB 72, 045121(2005) for the energy contributions)



  Chemical potential (Hartree)      -0.117187500000

***********************************************************
***********************************************************
           Eigenvalues (Hartree) of SCF KS-eq.           
***********************************************************
***********************************************************

   Chemical Potential (Hatree) =  -0.11718750000000
   Number of States            =  16.00000000000000
   Eigenvalues
              Up-spin           Down-spin

   kloop=0
   k1=  -0.40000 k2=  -0.40000 k3=   0.00000

    1   -0.71090057660716  -0.71090057660716
    2   -0.67147467327865  -0.67147467327865
    3   -0.58348423678910  -0.58348423678910
    4   -0.54527632950201  -0.54527632950201
    5   -0.39023347887618  -0.39023347887618
    6   -0.35700355592412  -0.35700355592412
    7   -0.24743839554000  -0.24743839554000
    8   -0.21101855038472  -0.21101855038472
    9   -0.02506504289066  -0.02506504289066
   10    0.01843981808146   0.01843981808146
   11    0.25526340208440   0.25526340208440
   12    0.28628028499552   0.28628028499552
   13    0.55099933570214   0.55099933570214
   14    0.57394069240094   0.57394069240094
   15    0.59792343437466   0.59792343437466
   16    0.61493892578861   0.61493892578861
   17    0.61856842405301   0.61856842405301
   18    0.62088747371361   0.62088747371361
   19    0.64800963992024   0.64800963992024
   20    0.69691686743668   0.69691686743668
   21    0.76714250122017   0.76714250122017
   22    0.80637411202910   0.80637411202910
   23    1.05231466031914   1.05231466031914
   24    1.05525720652840   1.05525720652840
   25    1.26321344557043   1.26321344557043
   26    1.26929507136430   1.26929507136430
   27    2.22349112417701   2.22349112417701
   28    2.34370268404085   2.34370268404085
   29    3.74734119828030   3.74734119828030
   30    3.78126135011048   3.78126135011048
   31    8.39761851058292   8.39761851058292
   32    8.61450362688823   8.61450362688823

   kloop=1
   k1=  -0.40000 k2=  -0.20000 k3=   0.00000

    1   -0.78618844640171  -0.78618844640171
    2   -0.74403162918242  -0.74403162918242
    3   -0.45641312490191  -0.45641312490191
    4   -0.40309715605842  -0.40309715605842
    5   -0.40182517649394  -0.40182517649394
    6   -0.33740389374714  -0.33740389374714
    7   -0.33016931227724  -0.33016931227724
    8   -0.28032424755169  -0.28032424755169
    9    0.07952645480584   0.07952645480584
   10    0.16140605227968   0.16140605227968
   11    0.29716754012526   0.29716754012526
   12    0.35879784760481   0.35879784760481
   13    0.40101296390494   0.40101296390494
   14    0.41029747785934   0.41029747785934
   15    0.54054948946320   0.54054948946320
   16    0.55075993184831   0.55075993184831
   17    0.56866372003801   0.56866372003801
   18    0.58739464851604   0.58739464851604
   19    0.59534735795045   0.59534735795045
   20    0.65059071763971   0.65059071763971
   21    0.96711824694322   0.96711824694322
   22    1.01769421472693   1.01769421472693
   23    1.05128732347660   1.05128732347660
   24    1.12577976180322   1.12577976180322
   25    1.42180929842444   1.42180929842444
   26    1.45625867415431   1.45625867415431
   27    2.35723388746546   2.35723388746546
   28    2.70515763398914   2.70515763398914
   29    3.61626162882984   3.61626162882984
   30    3.95480242727705   3.95480242727705
   31    6.25883679792741   6.25883679792741
   32    6.31148896911122   6.31148896911122

   kloop=2
   k1=  -0.40000 k2=  -0.00000 k3=   0.00000

    1   -0.81183541083918  -0.81183541083918
    2   -0.76919725974931  -0.76919725974931
    3   -0.44955059496508  -0.44955059496508
    4   -0.36110865805912  -0.36110865805912
    5   -0.35196049592291  -0.35196049592291
    6   -0.33140066188517  -0.33140066188517
    7   -0.31054689049548  -0.31054689049548
    8   -0.29326284813180  -0.29326284813180
    9    0.12173964335628   0.12173964335628
   10    0.22257473160826   0.22257473160826
   11    0.26104527286549   0.26104527286549
   12    0.26714767125523   0.26714767125523
   13    0.40423012349340   0.40423012349340
   14    0.45591211397261   0.45591211397261
   15    0.51619387695721   0.51619387695721
   16    0.52214887668637   0.52214887668637
   17    0.52994330418835   0.52994330418835
   18    0.55645607138444   0.55645607138444
   19    0.55779960041540   0.55779960041540
   20    0.58625015194504   0.58625015194504
   21    0.98644755402370   0.98644755402370
   22    1.05591303492891   1.05591303492891
   23    1.12971056428594   1.12971056428594
   24    1.33604655936967   1.33604655936967
   25    1.39324926298294   1.39324926298294
   26    1.45367891433651   1.45367891433651
   27    2.26040422519084   2.26040422519084
   28    2.28439466917885   2.28439466917885
   29    3.86294924361969   3.86294924361969
   30    4.11543319777990   4.11543319777990
   31    6.45066368191464   6.45066368191464
   32    8.05362360348539   8.05362360348539

   kloop=3
   k1=  -0.40000 k2=   0.20000 k3=   0.00000

    1   -0.78618895752517  -0.78618895752517
    2   -0.74403212967155  -0.74403212967155
    3   -0.45641250462874  -0.45641250462874
    4   -0.40309656539598  -0.40309656539598
    5   -0.40182386132759  -0.40182386132759
    6   -0.33740368654908  -0.33740368654908
    7   -0.33016990578988  -0.33016990578988
    8   -0.28032482705390  -0.28032482705390
    9    0.07952733915362   0.07952733915362
   10    0.16140728292322   0.16140728292322
   11    0.29716812830522   0.29716812830522
   12    0.35879738314558   0.35879738314558
   13    0.40101280628198   0.40101280628198
   14    0.41029580907067   0.41029580907067
   15    0.54054863362724   0.54054863362724
   16    0.55075954556361   0.55075954556361
   17    0.56866330858750   0.56866330858750
   18    0.58739446248261   0.58739446248261
   19    0.59534678619168   0.59534678619168
   20    0.65058969056336   0.65058969056336
   21    0.96711929599438   0.96711929599438
   22    1.01769427635956   1.01769427635956
   23    1.05128774301564   1.05128774301564
   24    1.12578384613451   1.12578384613451
   25    1.42181010703130   1.42181010703130
   26    1.45626124755483   1.45626124755483
   27    2.35723389498895   2.35723389498895
   28    2.70515375380045   2.70515375380045
   29    3.61626539946156   3.61626539946156
   30    3.95480581569225   3.95480581569225
   31    6.25880252522905   6.25880252522905
   32    6.31148173197182   6.31148173197182

   kloop=4
   k1=  -0.40000 k2=   0.40000 k3=   0.00000

    1   -0.71090155543051  -0.71090155543051
    2   -0.67147555832902  -0.67147555832902
    3   -0.58348295235256  -0.58348295235256
    4   -0.54527495862003  -0.54527495862003
    5   -0.39023383041107  -0.39023383041107
    6   -0.35700329446608  -0.35700329446608
    7   -0.24743934498466  -0.24743934498466
    8   -0.21101909251523  -0.21101909251523
    9   -0.02506423407559  -0.02506423407559
   10    0.01844120513312   0.01844120513312
   11    0.25526345096009   0.25526345096009
   12    0.28628093881482   0.28628093881482
   13    0.55099815097366   0.55099815097366
   14    0.57393997876672   0.57393997876672
   15    0.59792276446088   0.59792276446088
   16    0.61493865549862   0.61493865549862
   17    0.61856806185680   0.61856806185680
   18    0.62088633257453   0.62088633257453
   19    0.64800933421763   0.64800933421763
   20    0.69691699960031   0.69691699960031
   21    0.76714406573436   0.76714406573436
   22    0.80637596621164   0.80637596621164
   23    1.05231452000362   1.05231452000362
   24    1.05525680999827   1.05525680999827
   25    1.26321423079877   1.26321423079877
   26    1.26929615665733   1.26929615665733
   27    2.22349273563849   2.22349273563849
   28    2.34370731259907   2.34370731259907
   29    3.74733912860420   3.74733912860420
   30    3.78126095803202   3.78126095803202
   31    8.39759926156339   8.39759926156339
   32    8.61449266783012   8.61449266783012

   kloop=5
   k1=  -0.20000 k2=  -0.40000 k3=   0.00000

    1   -0.73565369843402  -0.73565369843402
    2   -0.63016500147463  -0.63016500147463
    3   -0.59579608854254  -0.59579608854254
    4   -0.49519392928198  -0.49519392928198
    5   -0.45421995361864  -0.45421995361864
    6   -0.37213913813419  -0.37213913813419
    7   -0.27192599577087  -0.27192599577087
    8   -0.17311675745440  -0.17311675745440
    9   -0.05880425875824  -0.05880425875824
   10    0.06101042872530   0.06101042872530
   11    0.29115867901352   0.29115867901352
   12    0.36140082867679   0.36140082867679
   13    0.48844087131147   0.48844087131147
   14    0.51277331832140   0.51277331832140
   15    0.58099646978456   0.58099646978456
   16    0.59212803588553   0.59212803588553
   17    0.59924801701810   0.59924801701810
   18    0.63566568180967   0.63566568180967
   19    0.74916818724963   0.74916818724963
   20    0.75551077833638   0.75551077833638
   21    0.76521587301144   0.76521587301144
   22    0.89569056580432   0.89569056580432
   23    1.03316514980620   1.03316514980620
   24    1.07589346071288   1.07589346071288
   25    1.24751522019504   1.24751522019504
   26    1.34740519468460   1.34740519468460
   27    2.42122019030186   2.42122019030186
   28    2.79858216169292   2.79858216169292
   29    3.58761407528141   3.58761407528141
   30    3.73021814922134   3.73021814922134
   31    7.41732701303957   7.41732701303957
   32    7.99239124006400   7.99239124006400

   kloop=6
   k1=  -0.20000 k2=  -0.20000 k3=   0.00000

    1   -0.81183243119542  -0.81183243119542
    2   -0.68678309462063  -0.68678309462063
    3   -0.53022461240122  -0.53022461240122
    4   -0.44304343908951  -0.44304343908951
    5   -0.36110752365020  -0.36110752365020
    6   -0.35207628790270  -0.35207628790270
    7   -0.29316282152315  -0.29316282152315
    8   -0.21735543304068  -0.21735543304068
    9   -0.00631383468588  -0.00631383468588
   10    0.22256020870377   0.22256020870377
   11    0.26731169341448   0.26731169341448
   12    0.36519652801285   0.36519652801285
   13    0.40416827343105   0.40416827343105
   14    0.45572261612713   0.45572261612713
   15    0.46275452047938   0.46275452047938
   16    0.52995705918011   0.52995705918011
   17    0.55644643901243   0.55644643901243
   18    0.59506469573028   0.59506469573028
   19    0.66398530152476   0.66398530152476
   20    0.73432599729654   0.73432599729654
   21    0.85324004600720   0.85324004600720
   22    1.03749230871811   1.03749230871811
   23    1.12953210827542   1.12953210827542
   24    1.31996111486796   1.31996111486796
   25    1.39334742751922   1.39334742751922
   26    1.45379257537025   1.45379257537025
   27    2.26037156872680   2.26037156872680
   28    2.87702778108024   2.87702778108024
   29    3.48014347772649   3.48014347772649
   30    4.11498019139927   4.11498019139927
   31    6.45323476792412   6.45323476792412
   32    7.33281691358287   7.33281691358287

   kloop=7
   k1=  -0.20000 k2=  -0.00000 k3=   0.00000

    1   -0.83763456667256  -0.83763456667256
    2   -0.71092408503869  -0.71092408503869
    3   -0.54514941761125  -0.54514941761125
    4   -0.39260041779381  -0.39260041779381
    5   -0.35709152950026  -0.35709152950026
    6   -0.26983901949628  -0.26983901949628
    7   -0.25372803119862  -0.25372803119862
    8   -0.24744348392760  -0.24744348392760
    9    0.01846253822607   0.01846253822607
   10    0.25512757238975   0.25512757238975
   11    0.26311225119749   0.26311225119749
   12    0.29193830436137   0.29193830436137
   13    0.30044964769628   0.30044964769628
   14    0.42125987990929   0.42125987990929
   15    0.51401140077541   0.51401140077541
   16    0.54619000632619   0.54619000632619
   17    0.57412342913009   0.57412342913009
   18    0.59781292372626   0.59781292372626
   19    0.61861543563892   0.61861543563892
   20    0.62094925497130   0.62094925497130
   21    0.80637649126712   0.80637649126712
   22    1.05251594359247   1.05251594359247
   23    1.26307103737188   1.26307103737188
   24    1.44957030178741   1.44957030178741
   25    1.65796316084606   1.65796316084606
   26    2.22380585198745   2.22380585198745
   27    2.31954966058724   2.31954966058724
   28    2.49442565944619   2.49442565944619
   29    3.54662918916499   3.54662918916499
   30    3.78205069777742   3.78205069777742
   31    4.25132620199493   4.25132620199493
   32    8.61123828093491   8.61123828093491

   kloop=8
   k1=  -0.20000 k2=   0.20000 k3=   0.00000

    1   -0.81183294630912  -0.81183294630912
    2   -0.68678357249582  -0.68678357249582
    3   -0.53022480456753  -0.53022480456753
    4   -0.44304218549762  -0.44304218549762
    5   -0.36110814776405  -0.36110814776405
    6   -0.35207487326970  -0.35207487326970
    7   -0.29316220393484  -0.29316220393484
    8   -0.21735600171195  -0.21735600171195
    9   -0.00631326547458  -0.00631326547458
   10    0.22256154707867   0.22256154707867
   11    0.26731172626162   0.26731172626162
   12    0.36519476764834   0.36519476764834
   13    0.40416652424715   0.40416652424715
   14    0.45572184447916   0.45572184447916
   15    0.46275569422280   0.46275569422280
   16    0.52995673656942   0.52995673656942
   17    0.55644612988810   0.55644612988810
   18    0.59506500489703   0.59506500489703
   19    0.66398436656715   0.66398436656715
   20    0.73432493741817   0.73432493741817
   21    0.85323964468248   0.85323964468248
   22    1.03749215250387   1.03749215250387
   23    1.12953435467614   1.12953435467614
   24    1.31996158630556   1.31996158630556
   25    1.39335688194818   1.39335688194818
   26    1.45379480453245   1.45379480453245
   27    2.26037144405193   2.26037144405193
   28    2.87701652980120   2.87701652980120
   29    3.48015007574301   3.48015007574301
   30    4.11498383806930   4.11498383806930
   31    6.45319089992958   6.45319089992958
   32    7.33281935461186   7.33281935461186

   kloop=9
   k1=  -0.20000 k2=   0.40000 k3=   0.00000

    1   -0.73565469601311  -0.73565469601311
    2   -0.63016476786677  -0.63016476786677
    3   -0.59579591819163  -0.59579591819163
    4   -0.49519258644456  -0.49519258644456
    5   -0.45422063218054  -0.45422063218054
    6   -0.37213826086126  -0.37213826086126
    7   -0.27192711083177  -0.27192711083177
    8   -0.17311642336444  -0.17311642336444
    9   -0.05880453587333  -0.05880453587333
   10    0.06101208047046   0.06101208047046
   11    0.29115815140661   0.29115815140661
   12    0.36140169925488   0.36140169925488
   13    0.48844041601661   0.48844041601661
   14    0.51277286101823   0.51277286101823
   15    0.58099607629563   0.58099607629563
   16    0.59212700145921   0.59212700145921
   17    0.59924766921631   0.59924766921631
   18    0.63566373187441   0.63566373187441
   19    0.74916905470785   0.74916905470785
   20    0.75551093992860   0.75551093992860
   21    0.76521640793099   0.76521640793099
   22    0.89569283273784   0.89569283273784
   23    1.03316525217366   1.03316525217366
   24    1.07589371930576   1.07589371930576
   25    1.24751479115607   1.24751479115607
   26    1.34740593720393   1.34740593720393
   27    2.42121733895189   2.42121733895189
   28    2.79858746983681   2.79858746983681
   29    3.58761179984999   3.58761179984999
   30    3.73022102099303   3.73022102099303
   31    7.41732324286941   7.41732324286941
   32    7.99238863073502   7.99238863073502

   kloop=10
   k1=   0.00000 k2=  -0.40000 k3=   0.00000

    1   -0.74402681985395  -0.74402681985395
    2   -0.62632500449155  -0.62632500449155
    3   -0.56414191389578  -0.56414191389578
    4   -0.50407824255538  -0.50407824255538
    5   -0.45662687536791  -0.45662687536791
    6   -0.40288922132416  -0.40288922132416
    7   -0.28032321717208  -0.28032321717208
    8   -0.15377025272871  -0.15377025272871
    9   -0.07474534775050  -0.07474534775050
   10    0.07950525346964   0.07950525346964
   11    0.35865081186931   0.35865081186931
   12    0.40127157201020   0.40127157201020
   13    0.44269286728399   0.44269286728399
   14    0.45485323288500   0.45485323288500
   15    0.55811822853687   0.55811822853687
   16    0.58737742941278   0.58737742941278
   17    0.59532899935010   0.59532899935010
   18    0.65044475304655   0.65044475304655
   19    0.75099471857276   0.75099471857276
   20    0.79416570789306   0.79416570789306
   21    0.81712721928212   0.81712721928212
   22    0.96732020236936   0.96732020236936
   23    1.01757432659139   1.01757432659139
   24    1.09393370504806   1.09393370504806
   25    1.21688427011666   1.21688427011666
   26    1.42189501335737   1.42189501335737
   27    2.70506817485822   2.70506817485822
   28    3.23192474951386   3.23192474951386
   29    3.32570622888707   3.32570622888707
   30    3.61537668712409   3.61537668712409
   31    6.31103030323105   6.31103030323105
   32    7.86709433462062   7.86709433462062

   kloop=11
   k1=   0.00000 k2=  -0.20000 k3=   0.00000

    1   -0.82042673093869  -0.82042673093869
    2   -0.63039611291355  -0.63039611291355
    3   -0.59543835487759  -0.59543835487759
    4   -0.45433755689600  -0.45433755689600
    5   -0.37148607699817  -0.37148607699817
    6   -0.32104986252876  -0.32104986252876
    7   -0.28994554039800  -0.28994554039800
    8   -0.17312775816946  -0.17312775816946
    9   -0.05878143218418  -0.05878143218418
   10    0.24551768376119   0.24551768376119
   11    0.28501200972100   0.28501200972100
   12    0.34868453020099   0.34868453020099
   13    0.36120981100721   0.36120981100721
   14    0.45313958286998   0.45313958286998
   15    0.51295781082288   0.51295781082288
   16    0.52526924482245   0.52526924482245
   17    0.54963773434303   0.54963773434303
   18    0.58099009695620   0.58099009695620
   19    0.74895211573412   0.74895211573412
   20    0.75563879944856   0.75563879944856
   21    0.76525870031033   0.76525870031033
   22    1.07612911678035   1.07612911678035
   23    1.16351237739662   1.16351237739662
   24    1.24732872056836   1.24732872056836
   25    1.57568238551129   1.57568238551129
   26    1.60593643060290   1.60593643060290
   27    2.28783613186243   2.28783613186243
   28    2.79926361986777   2.79926361986777
   29    3.58780299348059   3.58780299348059
   30    4.06359039173071   4.06359039173071
   31    4.87416500680090   4.87416500680090
   32    7.99292905653947   7.99292905653947

   kloop=12
   k1=   0.00000 k2=  -0.00000 k3=   0.00000

    1   -0.84619865815434  -0.84619865815434
    2   -0.65267831596398  -0.65267831596398
    3   -0.61644022227008  -0.61644022227008
    4   -0.40323577470838  -0.40323577470838
    5   -0.36603263177141  -0.36603263177141
    6   -0.23512113507314  -0.23512113507314
    7   -0.23496086603976  -0.23496086603976
    8   -0.20642181366034  -0.20642181366034
    9   -0.03748766401032  -0.03748766401032
   10    0.25312022854591   0.25312022854591
   11    0.25534102859876   0.25534102859876
   12    0.25544262586666   0.25544262586666
   13    0.31530390634530   0.31530390634530
   14    0.41669545647698   0.41669545647698
   15    0.50900746932546   0.50900746932546
   16    0.54576213317497   0.54576213317497
   17    0.60114074022370   0.60114074022370
   18    0.63000154860616   0.63000154860616
   19    0.63029015522085   0.63029015522085
   20    0.66128557261464   0.66128557261464
   21    0.73634134306806   0.73634134306806
   22    1.06080503597973   1.06080503597973
   23    1.23565225552176   1.23565225552176
   24    1.98575738209083   1.98575738209083
   25    1.98576449885583   1.98576449885583
   26    2.15206017900800   2.15206017900800
   27    2.33957283541954   2.33957283541954
   28    2.34009711095903   2.34009711095903
   29    3.81720242221207   3.81720242221207
   30    4.01025927934606   4.01025927934606
   31    4.21932756102755   4.21932756102755
   32    9.12900561378228   9.12900561378228

***********************************************************
***********************************************************
                   Mulliken populations                    
***********************************************************
***********************************************************

  Total spin S =  0.000000000000

                    Up spin      Down spin     Sum           Diff
      1    C      1.999930492  1.999930492   3.999860984   0.000000000
      2    C      1.999930334  1.999930334   3.999860667   0.000000000
      3    C      2.000069658  2.000069658   4.000139316   0.000000000
      4    C      2.000069519  2.000069519   4.000139037   0.000000000

 Sum of MulP: up   =     8.00000 down          =     8.00000
              total=    16.00000 ideal(neutral)=    16.00000


  Decomposed Mulliken populations

    1    C          Up spin      Down spin     Sum           Diff
            multiple
  s           0    0.559887465  0.559887465   1.119774931   0.000000000
   sum over m      0.559887465  0.559887465   1.119774931   0.000000000
  s           1    0.009380330  0.009380330   0.018760661   0.000000000
   sum over m      0.009380330  0.009380330   0.018760661   0.000000000
   sum over m+mul  0.569267796  0.569267796   1.138535591   0.000000000
  px          0    0.450363593  0.450363593   0.900727185   0.000000000
  py          0    0.450080214  0.450080214   0.900160428   0.000000000
  pz          0    0.507998054  0.507998054   1.015996108   0.000000000
   sum over m      1.408441861  1.408441861   2.816883722   0.000000000
  px          1    0.015145345  0.015145345   0.030290690   0.000000000
  py          1    0.015070938  0.015070938   0.030141877   0.000000000
  pz          1   -0.007995448 -0.007995448  -0.015990896   0.000000000
   sum over m      0.022220835  0.022220835   0.044441670   0.000000000
   sum over m+mul  1.430662696  1.430662696   2.861325392   0.000000000

    2    C          Up spin      Down spin     Sum           Diff
            multiple
  s           0    0.559887470  0.559887470   1.119774939   0.000000000
   sum over m      0.559887470  0.559887470   1.119774939   0.000000000
  s           1    0.009380329  0.009380329   0.018760657   0.000000000
   sum over m      0.009380329  0.009380329   0.018760657   0.000000000
   sum over m+mul  0.569267798  0.569267798   1.138535596   0.000000000
  px          0    0.450362912  0.450362912   0.900725824   0.000000000
  py          0    0.450080214  0.450080214   0.900160428   0.000000000
  pz          0    0.507998038  0.507998038   1.015996077   0.000000000
   sum over m      1.408441164  1.408441164   2.816882329   0.000000000
  px          1    0.015145885  0.015145885   0.030291769   0.000000000
  py          1    0.015070937  0.015070937   0.030141873   0.000000000
  pz          1   -0.007995450 -0.007995450  -0.015990901   0.000000000
   sum over m      0.022221371  0.022221371   0.044442742   0.000000000
   sum over m+mul  1.430662536  1.430662536   2.861325071   0.000000000

    3    C          Up spin      Down spin     Sum           Diff
            multiple
  s           0    0.559947027  0.559947027   1.119894055   0.000000000
   sum over m      0.559947027  0.559947027   1.119894055   0.000000000
  s           1    0.009441240  0.009441240   0.018882481   0.000000000
   sum over m      0.009441240  0.009441240   0.018882481   0.000000000
   sum over m+mul  0.569388268  0.569388268   1.138776536   0.000000000
  px          0    0.450290511  0.450290511   0.900581022   0.000000000
  py          0    0.450076111  0.450076111   0.900152222   0.000000000
  pz          0    0.507992705  0.507992705   1.015985410   0.000000000
   sum over m      1.408359327  1.408359327   2.816718654   0.000000000
  px          1    0.015183646  0.015183646   0.030367293   0.000000000
  py          1    0.015133716  0.015133716   0.030267432   0.000000000
  pz          1   -0.007995299 -0.007995299  -0.015990599   0.000000000
   sum over m      0.022322063  0.022322063   0.044644126   0.000000000
   sum over m+mul  1.430681390  1.430681390   2.861362780   0.000000000

    4    C          Up spin      Down spin     Sum           Diff
            multiple
  s           0    0.559947037  0.559947037   1.119894075   0.000000000
   sum over m      0.559947037  0.559947037   1.119894075   0.000000000
  s           1    0.009441241  0.009441241   0.018882481   0.000000000
   sum over m      0.009441241  0.009441241   0.018882481   0.000000000
   sum over m+mul  0.569388278  0.569388278   1.138776556   0.000000000
  px          0    0.450289825  0.450289825   0.900579651   0.000000000
  py          0    0.450076108  0.450076108   0.900152216   0.000000000
  pz          0    0.507992702  0.507992702   1.015985404   0.000000000
   sum over m      1.408358635  1.408358635   2.816717271   0.000000000
  px          1    0.015184189  0.015184189   0.030368379   0.000000000
  py          1    0.015133716  0.015133716   0.030267431   0.000000000
  pz          1   -0.007995300 -0.007995300  -0.015990600   0.000000000
   sum over m      0.022322605  0.022322605   0.044645211   0.000000000
   sum over m+mul  1.430681241  1.430681241   2.861362481   0.000000000

***********************************************************
***********************************************************
                    Dipole moment (Debye)                  
***********************************************************
***********************************************************

 Absolute D        0.00004841

                      Dx                Dy                Dz
 Total             -0.00001321        0.00004658       -0.00000000
 Core             109.12885846       47.25417904        0.00000000
 Electron        -109.12887167      -47.25413246       -0.00000000
 Back ground       -0.00000000       -0.00000000        0.00000000

***********************************************************
***********************************************************
       xyz-coordinates (Ang) and forces (Hartree/Bohr)  
***********************************************************
***********************************************************

<coordinates.forces
  4
    1     C     0.00000   0.00000   0.00000  -0.004008499617 -0.000000117266 -0.000000002240
    2     C     2.84000   0.00000   0.00000   0.003922199282 -0.000000011264  0.000000006410
    3     C     0.71000   1.22976   0.00000   0.003957738095  0.000000118003 -0.000000004645
    4     C     2.13000   1.22976   0.00000  -0.004044067638  0.000000011067  0.000000000471
coordinates.forces>

***********************************************************
***********************************************************
       Fractional coordinates of the final structure       
***********************************************************
***********************************************************

     1      C     0.00000000000000   0.00000000000000   0.00000000000000
     2      C     0.66666666666667   0.00000000000000   0.00000000000000
     3      C     0.16666666666667   0.49999997016729   0.00000000000000
     4      C     0.50000000000000   0.49999997016729   0.00000000000000

***********************************************************
***********************************************************
               Computational Time (second)                 
***********************************************************
***********************************************************

   Elapsed.Time.        35.380

                            Min_ID    Min_Time    Max_ID    Max_Time
   Total Computational Time =  0       35.380       0       35.380
   readfile                 =  0        6.964       0        6.964
   truncation               =  0        3.553       0        3.553
   MD_pac                   =  0        0.004       0        0.004
   DFT                      =  0       24.530       0       24.530

*** In DFT ***

   Set_OLP_Kin              =  0        1.932       0        1.932
   Set_Nonlocal             =  0        7.362       0        7.362
   Set_Hamiltonian          =  0        2.316       0        2.316
   Poisson                  =  0        0.082       0        0.082
   Diagonalization          =  0        0.760       0        0.760
   Mixing_DM                =  0        0.014       0        0.014
   Force                    =  0        3.482       0        3.482
   Total_Energy             =  0        6.870       0        6.870
   Set_Aden_Grid            =  0        0.056       0        0.056
   Set_Orbitals_Grid        =  0        0.273       0        0.273
   Set_Density_Grid         =  0        1.297       0        1.297
   Others                   =  0        0.087       0        0.087
