#
# File Name      
#

System.CurrrentDirectory         ./    # default=./
System.Name                       HMn
level.of.stdout                   1    # default=1 (1-3)
level.of.fileout                  1    # default=1 (0-2)

#
# Definition of Atomic Species
#

Species.Number       2
<Definition.of.Atomic.Species
  Mn     Mn8.0-s2p1d1f1     Mn_PBE11
  H      H5.0-s1            H_PBE11
Definition.of.Atomic.Species>

#
# Atoms
#

Atoms.Number         2
Atoms.SpeciesAndCoordinates.Unit   Ang # Ang|AU
<Atoms.SpeciesAndCoordinates           
 1  Mn   0.000  0.000  0.000    8.0   7.0
 2  H    1.500  0.100 -0.200    0.5   0.5
Atoms.SpeciesAndCoordinates>
Atoms.UnitVectors.Unit             Ang # Ang|AU
#<Atoms.UnitVectors                     
#  10.0   0.0   0.0  
#   0.0  10.0   0.0  
#   0.0   0.0  10.0  
#Atoms.UnitVectors>

#
# SCF or Electronic System
#

scf.XcType                 GGA-PBE     # LDA|LSDA-CA|LSDA-PW|GGA-PBE
scf.SpinPolarization        on         # On|Off|NC
scf.SpinOrbit.Coupling      off        # On|Off, default=off
scf.ElectronicTemperature  1000.0      # default=300 (K)
scf.energycutoff           230.0       # default=150 (Ry)
scf.maxIter                 150        # default=40
scf.EigenvalueSolver       cluster     # Recursion|Cluster|Band
scf.Kgrid                  1 1 1       # means n1 x n2 x n3
scf.Mixing.Type           rmm-diisk    # Simple|Rmm-Diis|Gr-Pulay|Kerker|Rmm-Diisk
scf.Init.Mixing.Weight     0.020       # default=0.30 
scf.Min.Mixing.Weight      0.001       # default=0.001 
scf.Max.Mixing.Weight      0.400       # default=0.40 
scf.Mixing.History          14         # default=5
scf.Mixing.StartPulay        8         # default=6
scf.criterion             1.0e-10      # default=1.0e-6 (Hartree) 

#
# MD or Geometry Optimization
#

MD.Type                     nomd       # Nomd|Constant_Energy_MD|Opt
MD.maxIter                    1        # default=1
MD.TimeStep                 1.0        # default=0.5 (fs)
MD.Opt.criterion         1.0e-4        # default=1.0e-4 (Hartree/bohr)


***********************************************************
***********************************************************

  Required cutoff energy (Ryd) for 3D-grids = 230.0000
      Used cutoff energy (Ryd) for 3D-grids = 230.0010, 230.0010, 230.0010
  Num. of grids of a-, b-, and c-axes = 90, 90, 90

  Num.Grid1.    90
  Num.Grid2.    90
  Num.Grid3.    90


  Cell_Volume =   6480.112714637663 (Bohr^3)
  GridVol     =      0.008889043504 (Bohr^3)
  Cell vectors (bohr) of the grid cell (gtv)
    gtv_a =  0.207150034788,  0.000000000000,  0.000000000000
    gtv_b =  0.000000000000,  0.207150034788,  0.000000000000
    gtv_c =  0.000000000000,  0.000000000000,  0.207150034788
    |gtv_a| =  0.207150034788
    |gtv_b| =  0.207150034788
    |gtv_c| =  0.207150034788

***********************************************************
***********************************************************


***********************************************************
***********************************************************
                  SCF history at MD= 1                    
***********************************************************
***********************************************************

   SCF=   1  NormRD=  1.000000000000  Uele= -20.569564093789
   SCF=   2  NormRD=  5.873334279075  Uele= -20.404316400443
   SCF=   3  NormRD=  5.883082540471  Uele= -20.398472308799
   SCF=   4  NormRD=  5.892606987479  Uele= -20.392653213090
   SCF=   5  NormRD=  5.901901062003  Uele= -20.386858727835
   SCF=   6  NormRD=  5.910958283186  Uele= -20.381088462700
   SCF=   7  NormRD=  5.919772738280  Uele= -20.375342031298
   SCF=   8  NormRD=  4.191920526036  Uele= -20.369619047887
   SCF=   9  NormRD=  4.345291463442  Uele= -16.259629348647
   SCF=  10  NormRD=  3.879245791048  Uele= -18.007048897110
   SCF=  11  NormRD=  3.690436114618  Uele= -17.685727878538
   SCF=  12  NormRD=  4.202128907609  Uele= -18.183861391241
   SCF=  13  NormRD=  4.431052988026  Uele= -18.093388923088
   SCF=  14  NormRD=  4.119485768507  Uele= -18.114168485213
   SCF=  15  NormRD=  1.114568853800  Uele= -18.232588692948
   SCF=  16  NormRD=  1.020653464880  Uele= -18.489297129094
   SCF=  17  NormRD=  0.546170596196  Uele= -18.474980280512
   SCF=  18  NormRD=  0.142488931348  Uele= -18.981976660221
   SCF=  19  NormRD=  0.260712542716  Uele= -19.048697862929
   SCF=  20  NormRD=  0.066157504194  Uele= -18.834650599399
   SCF=  21  NormRD=  0.009338717154  Uele= -18.865302728290
   SCF=  22  NormRD=  0.007261115714  Uele= -18.867229787052
   SCF=  23  NormRD=  0.000225240649  Uele= -18.863303498101
   SCF=  24  NormRD=  0.000275524639  Uele= -18.863386815339
   SCF=  25  NormRD=  0.000094726532  Uele= -18.863282948349
   SCF=  26  NormRD=  0.000007332667  Uele= -18.863263797270
   SCF=  27  NormRD=  0.000001327789  Uele= -18.863267408690
   SCF=  28  NormRD=  0.000000162119  Uele= -18.863268022132
   SCF=  29  NormRD=  0.000000062136  Uele= -18.863268066116
   SCF=  30  NormRD=  0.000000012303  Uele= -18.863268073275
   SCF=  31  NormRD=  0.000000000771  Uele= -18.863268076080
   SCF=  32  NormRD=  0.000000000182  Uele= -18.863268076092

*******************************************************
        Total energy (Hartree) at MD = 1        
*******************************************************

  Uele.        -18.863268076092

  Ukin.         56.962786101033
  UH0.         -92.616803033599
  UH1.           0.035947274572
  Una.         -55.934928036173
  Unl.          -5.920007428145
  Uxc0.         -8.191268852081
  Uxc1.         -4.952473895818
  Ucore.         5.233937174339
  Uhub.          0.000000000000
  Ucs.           0.000000000000
  Uzs.           0.000000000000
  Uzo.           0.000000000000
  Uef.           0.000000000000
  UvdW           0.000000000000
  Utot.       -105.382810695874

  Note:

  Utot = Ukin+UH0+UH1+Una+Unl+Uxc0+Uxc1+Ucore+Uhub+Ucs+Uzs+Uzo+Uef+UvdW

  Uene:   band energy
  Ukin:   kinetic energy
  UH0:    electric part of screened Coulomb energy
  UH1:    difference electron-electron Coulomb energy
  Una:    neutral atom potential energy
  Unl:    non-local potential energy
  Uxc0:   exchange-correlation energy for alpha spin
  Uxc1:   exchange-correlation energy for beta spin
  Ucore:  core-core Coulomb energy
  Uhub:   LDA+U energy
  Ucs:    constraint energy for spin orientation
  Uzs:    Zeeman term for spin magnetic moment
  Uzo:    Zeeman term for orbital magnetic moment
  Uef:    electric energy by electric field
  UvdW:   vdW energy 

  (see also PRB 72, 045121(2005) for the energy contributions)



  Chemical potential (Hartree)      -0.085880573506

***********************************************************
***********************************************************
           Eigenvalues (Hartree) for SCF KS-eq.           
***********************************************************
***********************************************************

   Chemical Potential (Hartree) =  -0.08588057350558
   Number of States             =  16.00000000000001
   HOMO for up-spin   = 10
   HOMO for down-spin =  6
   Eigenvalues
                Up-spin            Down-spin
          1  -3.09001502379388  -2.92308621189002
          2  -1.95477613803231  -1.78642696306456
          3  -1.95464656397210  -1.78140950332940
          4  -1.93012521588894  -1.78114782337657
          5  -0.28134161294841  -0.26806778987483
          6  -0.20791117065773  -0.11146887088823
          7  -0.20750058016984  -0.05866034065257
          8  -0.20583314871489  -0.05687708772656
          9  -0.20561039019041  -0.04941961360706
         10  -0.17391778259998  -0.04920033032823
         11  -0.02394641201281   0.01697333560513
         12   0.31420252441311   0.31474472011122
         13   0.31423592007330   0.31474782669128
         14   0.31726830625089   0.32015966026646
         15   0.32518494898443   0.32838711002437
         16   0.32524264169867   0.32846164835833
         17   0.32886561839309   0.33045273363022
         18   0.32886567611161   0.33045296210794

***********************************************************
***********************************************************
                   Mulliken populations                    
***********************************************************
***********************************************************

  Total spin S =  2.000000000641

                    Up spin      Down spin     Sum           Diff
      1   Mn      9.491008414  5.302498238  14.793506652   4.188510176
      2    H      0.508991596  0.697501770   1.206493366  -0.188510174

 Sum of MulP: up   =    10.00000 down          =     6.00000
              total=    16.00000 ideal(neutral)=    16.00000


  Decomposed Mulliken populations

    1   Mn          Up spin      Down spin     Sum           Diff
            multiple
  s           0    0.999690428  1.000361258   2.000051686  -0.000670831
   sum over m      0.999690428  1.000361258   2.000051686  -0.000670831
  s           1    0.684583464  0.783156800   1.467740264  -0.098573335
   sum over m      0.684583464  0.783156800   1.467740264  -0.098573335
   sum over m+mul  1.684273892  1.783518058   3.467791950  -0.099244166
  px          0    0.999125280  0.998828797   1.997954077   0.000296483
  py          0    0.999996028  0.999993396   1.999989423   0.000002632
  pz          0    0.999983717  0.999977823   1.999961540   0.000005894
   sum over m      2.999105025  2.998800015   5.997905040   0.000305010
   sum over m+mul  2.999105025  2.998800015   5.997905040   0.000305010
  d3z^2-r^2   0    0.958050916  0.118577332   1.076628248   0.839473583
  dx^2-y^2    0    0.864746468  0.371608203   1.236354670   0.493138265
  dxy         0    0.997565122  0.006978866   1.004543988   0.990586256
  dxz         0    0.990205434  0.028221875   1.018427309   0.961983558
  dyz         0    0.999948856  0.000304987   1.000253844   0.999643869
   sum over m      4.810516795  0.525691264   5.336208059   4.284825531
   sum over m+mul  4.810516795  0.525691264   5.336208059   4.284825531
  f5z^2-3r^2  0   -0.000106097 -0.000203937  -0.000310034   0.000097840
  f5xz^2-xr^2 0   -0.000885105 -0.001684253  -0.002569359   0.000799148
  f5yz^2-yr^2 0   -0.000003306 -0.000007497  -0.000010803   0.000004191
  fzx^2-zy^2  0   -0.000178065 -0.000341737  -0.000519802   0.000163672
  fxyz        0    0.000004245 -0.000006129  -0.000001884   0.000010373
  fx^3-3*xy^2 0   -0.001655914 -0.003138594  -0.004794508   0.001482680
  f3yx^2-y^3  0   -0.000063056 -0.000128953  -0.000192009   0.000065897
   sum over m     -0.002887299 -0.005511099  -0.008398398   0.002623801
   sum over m+mul -0.002887299 -0.005511099  -0.008398398   0.002623801

    2    H          Up spin      Down spin     Sum           Diff
            multiple
  s           0    0.508991596  0.697501770   1.206493366  -0.188510174
   sum over m      0.508991596  0.697501770   1.206493366  -0.188510174
   sum over m+mul  0.508991596  0.697501770   1.206493366  -0.188510174

***********************************************************
***********************************************************
                    Dipole moment (Debye)                  
***********************************************************
***********************************************************

 Absolute D        2.30243397

                      Dx                Dy                Dz
 Total             -2.27693401       -0.15251307        0.30579973
 Core               7.20481020        0.48032068       -0.96064136
 Electron          -9.48174420       -0.63283375        1.26644109
 Back ground       -0.00000000       -0.00000000        0.00000000

***********************************************************
***********************************************************
       xyz-coordinates (Ang) and forces (Hartree/Bohr)  
***********************************************************
***********************************************************

<coordinates.forces
  2
    1    Mn     0.00000   0.00000   0.00000  -0.024368030774  0.000565351623  0.006431430615
    2     H     1.50000   0.10000  -0.20000   0.018888108475  0.001382095364 -0.002836674933
coordinates.forces>

***********************************************************
***********************************************************
       Fractional coordinates of the final structure       
***********************************************************
***********************************************************

     1     Mn     0.00000000000000   0.00000000000000   0.00000000000000
     2      H     0.15204165027128   0.01013611001809   0.97972777996383

***********************************************************
***********************************************************
               Computational Time (second)                 
***********************************************************
***********************************************************

   Elapsed.Time.       156.446

                            Min_ID    Min_Time    Max_ID    Max_Time
   Total Computational Time =  0      156.446       0      156.446
   readfile                 =  0       15.281       0       15.281
   truncation               =  0        3.020       0        3.020
   MD_pac                   =  0        0.008       0        0.008
   DFT                      =  0      130.903       0      130.903

*** In DFT ***

   Set_OLP_Kin              =  0        0.324       0        0.324
   Set_Nonlocal             =  0        0.475       0        0.475
   Set_Hamiltonian          =  0       33.977       0       33.977
   Poisson                  =  0        2.587       0        2.587
   Diagonalization          =  0        0.065       0        0.065
   Mixing_DM                =  0       76.323       0       76.323
   Force                    =  0        2.447       0        2.447
   Total_Energy             =  0        0.976       0        0.976
   Set_Aden_Grid            =  0        0.109       0        0.109
   Set_Orbitals_Grid        =  0        0.518       0        0.518
   Set_Density_Grid         =  0        6.269       0        6.269
   Others                   =  0        6.833       0        6.833
