#
# File Name      
#

System.CurrrentDirectory         ./    # default=./
System.Name                     Methane
level.of.stdout                   1    # default=1 (1-3)
level.of.fileout                  1    # default=1 (0-2)

#
# Definition of Atomic Species
#

Species.Number       2
<Definition.of.Atomic.Species
 H   H5.0-s1          H_PBE11
 C   C5.0-s1p1        C_PBE11
Definition.of.Atomic.Species>

#
# Atoms
#

Atoms.Number         5
Atoms.SpeciesAndCoordinates.Unit   Ang # Ang|AU
<Atoms.SpeciesAndCoordinates  
 1  C      0.000000    0.000000    0.000000     2.0  2.0 
 2  H     -0.889981   -0.629312    0.000000     0.5  0.5
 3  H      0.000000    0.629312   -0.889981     0.5  0.5
 4  H      0.000000    0.629312    0.889981     0.5  0.5
 5  H      0.889981   -0.629312    0.000000     0.5  0.5
Atoms.SpeciesAndCoordinates>
Atoms.UnitVectors.Unit             Ang # Ang|AU
<Atoms.UnitVectors                     
  10.0   0.0   0.0  
   0.0  10.0   0.0  
   0.0   0.0  10.0  
Atoms.UnitVectors>

#
# SCF or Electronic System
#

scf.XcType                 GGA-PBE     # LDA|LSDA-CA|LSDA-PW|GGA-PBE
scf.SpinPolarization        off        # On|Off|NC
scf.ElectronicTemperature  300.0       # default=300 (K)
scf.energycutoff           120.0       # default=150 (Ry)
scf.maxIter                 100        # default=40
scf.EigenvalueSolver        cluster    # DC|GDC|Cluster|Band
scf.Kgrid                  1 1 1       # means n1 x n2 x n3
scf.Mixing.Type           rmm-diis     # Simple|Rmm-Diis|Gr-Pulay|Kerker|Rmm-Diisk
scf.Init.Mixing.Weight     0.30        # default=0.30 
scf.Min.Mixing.Weight      0.001       # default=0.001 
scf.Max.Mixing.Weight      0.400       # default=0.40 
scf.Mixing.History          7          # default=5
scf.Mixing.StartPulay       5          # default=6
scf.criterion             1.0e-10      # default=1.0e-6 (Hartree) 
scf.lapack.dste            dstevx      # dstevx|dstedc|dstegr,default=dstevx

#
# MD or Geometry Optimization
#

MD.Type                     nomd       # Nomd|Opt|NVE|NVT_VS|NVT_NH
                                       # Constraint_Opt|DIIS
MD.maxIter                    1        # default=1
MD.TimeStep                 1.0        # default=0.5 (fs)
MD.Opt.criterion         1.0e-4        # default=1.0e-4 (Hartree/bohr)


***********************************************************
***********************************************************

  Required cutoff energy (Ryd) for 3D-grids = 120.0000
      Used cutoff energy (Ryd) for 3D-grids = 135.4248, 135.4248, 135.4248
  Num. of grids of a-, b-, and c-axes = 70, 70, 70

  Num.Grid1.    70
  Num.Grid2.    70
  Num.Grid3.    70


  Cell_Volume =   6748.333037104149 (Bohr^3)
  GridVol     =      0.019674440341 (Bohr^3)
  Cell vectors (bohr) of the grid cell (gtv)
    gtv_a =  0.269960855511,  0.000000000000,  0.000000000000
    gtv_b =  0.000000000000,  0.269960855511,  0.000000000000
    gtv_c =  0.000000000000,  0.000000000000,  0.269960855511
    |gtv_a| =  0.269960855511
    |gtv_b| =  0.269960855511
    |gtv_c| =  0.269960855511

***********************************************************
***********************************************************


***********************************************************
***********************************************************
                  SCF history at MD= 1                    
***********************************************************
***********************************************************

   SCF=   1  NormRD=  1.000000000000  Uele= -3.522970720671
   SCF=   2  NormRD=  0.567552960632  Uele= -4.406035918480
   SCF=   3  NormRD=  0.103577047970  Uele= -3.982563880836
   SCF=   4  NormRD=  0.024276527366  Uele= -3.907106698719
   SCF=   5  NormRD=  0.011021213879  Uele= -3.893269738272
   SCF=   6  NormRD=  0.006502298545  Uele= -3.890536263821
   SCF=   7  NormRD=  0.002725952874  Uele= -3.891850244497
   SCF=   8  NormRD=  0.000001084476  Uele= -3.889462477079
   SCF=   9  NormRD=  0.000000811511  Uele= -3.889462413487
   SCF=  10  NormRD=  0.000000192017  Uele= -3.889462411048
   SCF=  11  NormRD=  0.000000419250  Uele= -3.889462409739
   SCF=  12  NormRD=  0.000000097337  Uele= -3.889462410321
   SCF=  13  NormRD=  0.000000728612  Uele= -3.889462410280

*******************************************************
        Total energy (Hartree) at MD = 1        
*******************************************************

  Uele.         -3.889462410280

  Ukin.          5.533459858548
  UH0.         -14.855515938622
  UH1.           0.041430604622
  Una.          -5.040519980550
  Unl.          -0.134510930915
  Uxc0.         -1.564740249909
  Uxc1.         -1.564740249909
  Ucore.         9.551521413583
  Uhub.          0.000000000000
  Ucs.           0.000000000000
  Uzs.           0.000000000000
  Uzo.           0.000000000000
  Uef.           0.000000000000
  UvdW           0.000000000000
  Utot.         -8.033615473149

  Note:

  Utot = Ukin+UH0+UH1+Una+Unl+Uxc0+Uxc1+Ucore+Uhub+Ucs+Uzs+Uzo+Uef+UvdW

  Uene:   band energy
  Ukin:   kinetic energy
  UH0:    electric part of screened Coulomb energy
  UH1:    difference electron-electron Coulomb energy
  Una:    neutral atom potential energy
  Unl:    non-local potential energy
  Uxc0:   exchange-correlation energy for alpha spin
  Uxc1:   exchange-correlation energy for beta spin
  Ucore:  core-core Coulomb energy
  Uhub:   LDA+U energy
  Ucs:    constraint energy for spin orientation
  Uzs:    Zeeman term for spin magnetic moment
  Uzo:    Zeeman term for orbital magnetic moment
  Uef:    electric energy by electric field
  UvdW:   vdW energy 

  (see also PRB 72, 045121(2005) for the energy contributions)



  Chemical potential (Hartree)       0.000000000000

***********************************************************
***********************************************************
           Eigenvalues (Hartree) for SCF KS-eq.           
***********************************************************
***********************************************************

   Chemical Potential (Hartree) =   0.00000000000000
   Number of States             =   8.00000000000000
   HOMO =  4
   Eigenvalues
                Up-spin            Down-spin
          1  -0.69898787792675  -0.69898787792675
          2  -0.41525019565153  -0.41525019565153
          3  -0.41525017036741  -0.41525017036741
          4  -0.41524296119431  -0.41524296119431
          5   0.21215435713251   0.21215435713251
          6   0.21215435834358   0.21215435834358
          7   0.21222566949123   0.21222566949123
          8   0.24738715427497   0.24738715427497

***********************************************************
***********************************************************
                   Mulliken populations                    
***********************************************************
***********************************************************

  Total spin S =  0.000000000000

                    Up spin      Down spin     Sum           Diff
      1    C      2.509482918  2.509482918   5.018965836   0.000000000
      2    H      0.372629308  0.372629308   0.745258615   0.000000000
      3    H      0.372629233  0.372629233   0.745258466   0.000000000
      4    H      0.372629248  0.372629248   0.745258495   0.000000000
      5    H      0.372629294  0.372629294   0.745258587   0.000000000

 Sum of MulP: up   =     4.00000 down          =     4.00000
              total=     8.00000 ideal(neutral)=     8.00000


  Decomposed Mulliken populations

    1    C          Up spin      Down spin     Sum           Diff
            multiple
  s           0    0.681687651  0.681687651   1.363375301   0.000000000
   sum over m      0.681687651  0.681687651   1.363375301   0.000000000
   sum over m+mul  0.681687651  0.681687651   1.363375301   0.000000000
  px          0    0.609277923  0.609277923   1.218555847   0.000000000
  py          0    0.609239357  0.609239357   1.218478715   0.000000000
  pz          0    0.609277987  0.609277987   1.218555974   0.000000000
   sum over m      1.827795267  1.827795267   3.655590535   0.000000000
   sum over m+mul  1.827795267  1.827795267   3.655590535   0.000000000

    2    H          Up spin      Down spin     Sum           Diff
            multiple
  s           0    0.372629308  0.372629308   0.745258615   0.000000000
   sum over m      0.372629308  0.372629308   0.745258615   0.000000000
   sum over m+mul  0.372629308  0.372629308   0.745258615   0.000000000

    3    H          Up spin      Down spin     Sum           Diff
            multiple
  s           0    0.372629233  0.372629233   0.745258466   0.000000000
   sum over m      0.372629233  0.372629233   0.745258466   0.000000000
   sum over m+mul  0.372629233  0.372629233   0.745258466   0.000000000

    4    H          Up spin      Down spin     Sum           Diff
            multiple
  s           0    0.372629248  0.372629248   0.745258495   0.000000000
   sum over m      0.372629248  0.372629248   0.745258495   0.000000000
   sum over m+mul  0.372629248  0.372629248   0.745258495   0.000000000

    5    H          Up spin      Down spin     Sum           Diff
            multiple
  s           0    0.372629294  0.372629294   0.745258587   0.000000000
   sum over m      0.372629294  0.372629294   0.745258587   0.000000000
   sum over m+mul  0.372629294  0.372629294   0.745258587   0.000000000

***********************************************************
***********************************************************
                    Dipole moment (Debye)                  
***********************************************************
***********************************************************

 Absolute D        0.00000039

                      Dx                Dy                Dz
 Total              0.00000005        0.00000038       -0.00000008
 Core               0.00000000        0.00000000        0.00000000
 Electron           0.00000005        0.00000038       -0.00000008
 Back ground       -0.00000000        0.00000000       -0.00000000

***********************************************************
***********************************************************
       xyz-coordinates (Ang) and forces (Hartree/Bohr)  
***********************************************************
***********************************************************

<coordinates.forces
  5
    1     C     0.00000   0.00000   0.00000  -0.000003225748 -0.000007023224 -0.000000002044
    2     H    -0.88998  -0.62931   0.00000  -0.064919423417 -0.045937060097  0.000000092995
    3     H     0.00000   0.62931  -0.88998  -0.000000146241  0.045932431209 -0.064912759866
    4     H     0.00000   0.62931   0.88998  -0.000000062326  0.045932439538  0.064912732898
    5     H     0.88998  -0.62931   0.00000   0.064930353276 -0.045942383541 -0.000000064308
coordinates.forces>

***********************************************************
***********************************************************
       Fractional coordinates of the final structure       
***********************************************************
***********************************************************

     1      C     0.00000000000000   0.00000000000000   0.00000000000000
     2      H     0.91100190000000   0.93706880000000   0.00000000000000
     3      H     0.00000000000000   0.06293120000000   0.91100190000000
     4      H     0.00000000000000   0.06293120000000   0.08899810000000
     5      H     0.08899810000000   0.93706880000000   0.00000000000000

***********************************************************
***********************************************************
               Computational Time (second)                 
***********************************************************
***********************************************************

   Elapsed.Time.        22.311

                            Min_ID    Min_Time    Max_ID    Max_Time
   Total Computational Time =  0       22.311       0       22.311
   readfile                 =  0       12.871       0       12.871
   truncation               =  0        1.425       0        1.425
   MD_pac                   =  0        0.004       0        0.004
   DFT                      =  0        6.767       0        6.767

*** In DFT ***

   Set_OLP_Kin              =  0        0.327       0        0.327
   Set_Nonlocal             =  0        0.435       0        0.435
   Set_Hamiltonian          =  0        1.896       0        1.896
   Poisson                  =  0        0.803       0        0.803
   Diagonalization          =  0        0.037       0        0.037
   Mixing_DM                =  0        0.002       0        0.002
   Force                    =  0        0.583       0        0.583
   Total_Energy             =  0        1.737       0        1.737
   Set_Aden_Grid            =  0        0.050       0        0.050
   Set_Orbitals_Grid        =  0        0.237       0        0.237
   Set_Density_Grid         =  0        0.160       0        0.160
   Others                   =  0        0.500       0        0.500
