#
#      File Name      
#

System.CurrrentDirectory         ./    # default=./
System.Name                      Mol_MnO
level.of.stdout                   1    # default=1 (1-3)
level.of.fileout                  1    # default=1 (0-2)

#
# Definition of Atomic Species
#

Species.Number       2
<Definition.of.Atomic.Species
 Mn  Mn8.0-s2p2d2       Mn_PBE11
 O   O5.0-s2p2d1        O_PBE11
Definition.of.Atomic.Species>

#
# Atoms
#

Atoms.Number        2
Atoms.SpeciesAndCoordinates.Unit   Ang # Ang|AU
<Atoms.SpeciesAndCoordinates           # Unit=Ang
  1  Mn    0.00000   0.00000   0.00000   9.0  6.0
  2  O     1.70000   0.00000   0.00000   3.0  3.0
Atoms.SpeciesAndCoordinates>
Atoms.UnitVectors.Unit             Ang #  Ang|AU
#<Atoms.UnitVectors                     # unit=Ang.
#  18.0   0.0   0.0
#   0.0  18.0   0.0
#   0.0   0.0  18.0
#Atoms.UnitVectors>

#
# SCF or Electronic System 
#

scf.XcType                 GGA-PBE     # LDA|LSDA-CA|LSDA-PW|GGA-PBE
scf.SpinPolarization       On          # On|Off|NC
scf.ElectronicTemperature  300.0       # default=300 (K)
scf.energycutoff          150.0        # default=150 (Ry)
scf.maxIter                80          # default=40
scf.EigenvalueSolver      Cluster      # Recursion|Cluster|Band
scf.Kgrid                  1 1 1       # means 4x4x4
scf.Mixing.Type           rmm-diisk    # Simple|Rmm-Diis|Gr-Pulay|Kerker|Rmm-Diisk
scf.Init.Mixing.Weight     0.001       # default=0.30 
scf.Min.Mixing.Weight      0.001       # default=0.001 
scf.Max.Mixing.Weight      0.20        # default=0.40 
scf.Mixing.History          10         # default=5
scf.Mixing.StartPulay       12         # default=6
scf.criterion             1.0e-10      # default=1.0e-6 (Hartree) 


#
# MD or Geometry Optimization
#

MD.Type                     nomd       # Nomd|Opt|NVE|NVT_VS|NVT_NH
                                       # Constraint_Opt|DIIS2|Constraint_DIIS2
MD.maxIter                   1         # default=1
MD.TimeStep                1.0         # default=0.5 (fs)
MD.Opt.criterion          1.0e-14      # default=1.0e-4 (Hartree/bohr)
MD.Opt.DIIS_Mixing          0.01       # default=0.5


***********************************************************
***********************************************************

  Required cutoff energy (Ryd) for 3D-grids = 150.0000
      Used cutoff energy (Ryd) for 3D-grids = 150.0010, 150.0010, 150.0010
  Num. of grids of a-, b-, and c-axes = 70, 70, 70

  Num.Grid1.    70
  Num.Grid2.    70
  Num.Grid3.    70


  Cell_Volume =   5788.986097769214 (Bohr^3)
  GridVol     =      0.016877510489 (Bohr^3)
  Cell vectors (bohr) of the grid cell (gtv)
    gtv_a =  0.256509111003,  0.000000000000,  0.000000000000
    gtv_b =  0.000000000000,  0.256509111003,  0.000000000000
    gtv_c =  0.000000000000,  0.000000000000,  0.256509111003
    |gtv_a| =  0.256509111003
    |gtv_b| =  0.256509111003
    |gtv_c| =  0.256509111003

***********************************************************
***********************************************************


***********************************************************
***********************************************************
                  SCF history at MD= 1                    
***********************************************************
***********************************************************

   SCF=   1  NormRD=  1.000000000000  Uele= -23.978394616010
   SCF=   2  NormRD=  3.626099684913  Uele= -23.973211267924
   SCF=   3  NormRD=  3.619316656266  Uele= -23.969301093067
   SCF=   4  NormRD=  2.265503612563  Uele= -23.217222920203
   SCF=   5  NormRD=  1.687219105202  Uele= -22.624584214305
   SCF=   6  NormRD=  1.343955628723  Uele= -22.265892182275
   SCF=   7  NormRD=  1.114964759823  Uele= -22.083593612354
   SCF=   8  NormRD=  0.941501672918  Uele= -21.978667710105
   SCF=   9  NormRD=  0.803837738313  Uele= -21.915922700336
   SCF=  10  NormRD=  0.691928749788  Uele= -21.874210121936
   SCF=  11  NormRD=  0.599905595963  Uele= -21.843941593717
   SCF=  12  NormRD=  0.370362913973  Uele= -21.820036548615
   SCF=  13  NormRD=  0.117115152664  Uele= -21.687869579942
   SCF=  14  NormRD=  0.051147968133  Uele= -21.822253495893
   SCF=  15  NormRD=  0.061580356964  Uele= -21.766547158655
   SCF=  16  NormRD=  0.036541773604  Uele= -21.783442788721
   SCF=  17  NormRD=  0.014010599174  Uele= -21.777600362505
   SCF=  18  NormRD=  0.007722145165  Uele= -21.796411306044
   SCF=  19  NormRD=  0.001028602193  Uele= -21.793501674124
   SCF=  20  NormRD=  0.000301688349  Uele= -21.793251633091
   SCF=  21  NormRD=  0.000028071230  Uele= -21.793005067113
   SCF=  22  NormRD=  0.000014870611  Uele= -21.792991364798
   SCF=  23  NormRD=  0.000001394526  Uele= -21.792991901107
   SCF=  24  NormRD=  0.000000237262  Uele= -21.792992132581
   SCF=  25  NormRD=  0.000000082432  Uele= -21.792992045835
   SCF=  26  NormRD=  0.000000007292  Uele= -21.792992004744
   SCF=  27  NormRD=  0.000000001082  Uele= -21.792992010473
   SCF=  28  NormRD=  0.000000000051  Uele= -21.792992009050
   SCF=  29  NormRD=  0.000000000037  Uele= -21.792992009070

*******************************************************
        Total energy (Hartree) at MD = 1        
*******************************************************

  Uele.        -21.792992009070

  Ukin.         67.314423349800
  UH0.        -128.484080870651
  UH1.           0.054688300753
  Una.         -68.840962429128
  Unl.          -2.553253660398
  Uxc0.        -10.034402655246
  Uxc1.         -6.573085492320
  Ucore.        28.015266123529
  Uhub.          0.000000000000
  Ucs.           0.000000000000
  Uzs.           0.000000000000
  Uzo.           0.000000000000
  Uef.           0.000000000000
  UvdW           0.000000000000
  Utot.       -121.101407333659

  Note:

  Utot = Ukin+UH0+UH1+Una+Unl+Uxc0+Uxc1+Ucore+Uhub+Ucs+Uzs+Uzo+Uef+UvdW

  Uene:   band energy
  Ukin:   kinetic energy
  UH0:    electric part of screened Coulomb energy
  UH1:    difference electron-electron Coulomb energy
  Una:    neutral atom potential energy
  Unl:    non-local potential energy
  Uxc0:   exchange-correlation energy for alpha spin
  Uxc1:   exchange-correlation energy for beta spin
  Ucore:  core-core Coulomb energy
  Uhub:   LDA+U energy
  Ucs:    constraint energy for spin orientation
  Uzs:    Zeeman term for spin magnetic moment
  Uzo:    Zeeman term for orbital magnetic moment
  Uef:    electric energy by electric field
  UvdW:   vdW energy 

  (see also PRB 72, 045121(2005) for the energy contributions)



  Chemical potential (Hartree)      -0.143237113953

***********************************************************
***********************************************************
           Eigenvalues (Hartree) for SCF KS-eq.           
***********************************************************
***********************************************************

   Chemical Potential (Hartree) =  -0.14323711395264
   Number of States             =  20.99999999999999
   HOMO for up-spin   = 13
   HOMO for down-spin =  8
   Eigenvalues
                Up-spin            Down-spin
          1  -3.14495677902115  -2.98623995411427
          2  -2.00401450451014  -1.85331714586749
          3  -2.00401450048467  -1.84010038653217
          4  -1.99252909946765  -1.84010038377635
          5  -0.76948523995012  -0.75117265113555
          6  -0.29077299362698  -0.25453681200325
          7  -0.28533123690245  -0.21786621494966
          8  -0.28533123580345  -0.21786621464332
          9  -0.25718783625533  -0.11789465240456
         10  -0.25534693913034  -0.10653188671462
         11  -0.20435209536142  -0.10647164542387
         12  -0.16923489287646  -0.07287962709319
         13  -0.16923489247517  -0.07287962553891
         14  -0.10668896868935  -0.04481066015015
         15   0.08860155278611   0.17551639810407
         16   0.08860155379438   0.17551639856218
         17   0.20870736051982   0.27403392605222
         18   0.25702615239156   0.33821374901937
         19   0.25751946178944   0.33843767643330
         20   0.31973069276053   0.37580594782160
         21   0.31973069344764   0.37580594880097
         22   0.44205500295219   0.46634500516450
         23   0.67918115054280   0.69843334452899
         24   0.67918115149247   0.69843334479470
         25   0.68399430232706   0.70121181045269
         26   1.13258739884934   1.14674366522868
         27   1.13298617890314   1.14713145817171
         28   1.21786241066683   1.23876397210660
         29   1.45743393988800   1.47087320134473
         30   1.45743394102414   1.47087320182912
         31   2.36855216107800   2.38161477778859

***********************************************************
***********************************************************
                   Mulliken populations                    
***********************************************************
***********************************************************

  Total spin S =  2.500000000096

                    Up spin      Down spin     Sum           Diff
      1   Mn      9.602357412  4.950190814  14.552548225   4.652166598
      2    O      3.397642588  3.049809186   6.447451774   0.347833402

 Sum of MulP: up   =    13.00000 down          =     8.00000
              total=    21.00000 ideal(neutral)=    21.00000


  Decomposed Mulliken populations

    1   Mn          Up spin      Down spin     Sum           Diff
            multiple
  s           0    1.000344053  0.999649344   1.999993398   0.000694709
   sum over m      1.000344053  0.999649344   1.999993398   0.000694709
  s           1    0.658995930  0.049096820   0.708092750   0.609899109
   sum over m      0.658995930  0.049096820   0.708092750   0.609899109
   sum over m+mul  1.659339983  1.048746165   2.708086148   0.610593818
  px          0    1.001264851  1.002260284   2.003525135  -0.000995433
  py          0    1.000354420  1.000305588   2.000660007   0.000048832
  pz          0    1.000354419  1.000305588   2.000660007   0.000048832
   sum over m      3.001973690  3.002871459   6.004845149  -0.000897770
  px          1    0.026626007  0.023483933   0.050109940   0.003142074
  py          1    0.067897823  0.020722679   0.088620502   0.047175145
  pz          1    0.067897822  0.020722679   0.088620501   0.047175144
   sum over m      0.162421653  0.064929290   0.227350943   0.097492362
   sum over m+mul  3.164395342  3.067800750   6.232196092   0.096594593
  d3z^2-r^2   0    0.933660862  0.054903928   0.988564791   0.878756934
  dx^2-y^2    0    0.801992971  0.164711767   0.966704737   0.637281204
  dxy         0    0.999812129  0.271375774   1.271187903   0.728436355
  dxz         0    0.999812130  0.271375770   1.271187900   0.728436359
  dyz         0    0.999131536  0.000000000   0.999131536   0.999131536
   sum over m      4.734409629  0.762367239   5.496776868   3.972042389
  d3z^2-r^2   1    0.003693404  0.001495166   0.005188570   0.002198238
  dx^2-y^2    1    0.008749646  0.004485486   0.013235132   0.004264161
  dxy         1    0.015100066  0.032648004   0.047748070  -0.017547938
  dxz         1    0.015100066  0.032648004   0.047748071  -0.017547938
  dyz         1    0.001569275  0.000000000   0.001569275   0.001569275
   sum over m      0.044212458  0.071276660   0.115489118  -0.027064202
   sum over m+mul  4.778622086  0.833643899   5.612265986   3.944978187

    2    O          Up spin      Down spin     Sum           Diff
            multiple
  s           0    0.957948587  0.945507993   1.903456579   0.012440594
   sum over m      0.957948587  0.945507993   1.903456579   0.012440594
  s           1   -0.002196799 -0.001418834  -0.003615633  -0.000777965
   sum over m     -0.002196799 -0.001418834  -0.003615633  -0.000777965
   sum over m+mul  0.955751788  0.944089159   1.899840947   0.011662629
  px          0    0.601350699  0.755661102   1.357011801  -0.154310403
  py          0    0.922982978  0.677111890   1.600094868   0.245871088
  pz          0    0.922982978  0.677111893   1.600094871   0.245871085
   sum over m      2.447316655  2.109884885   4.557201540   0.337431770
  px          1    0.008034857 -0.000772366   0.007262491   0.008807222
  py          1   -0.003534250  0.000682081  -0.002852168  -0.004216331
  pz          1   -0.003534250  0.000682081  -0.002852168  -0.004216331
   sum over m      0.000966358  0.000591797   0.001558155   0.000374561
   sum over m+mul  2.448283013  2.110476682   4.558759694   0.337806331
  d3z^2-r^2   0   -0.000446302  0.000233843  -0.000212459  -0.000680144
  dx^2-y^2    0   -0.000018766  0.000701534   0.000682768  -0.000720300
  dxy         0   -0.002613167 -0.002846016  -0.005459182   0.000232849
  dxz         0   -0.002613167 -0.002846016  -0.005459182   0.000232849
  dyz         0   -0.000700811  0.000000000  -0.000700811  -0.000700811
   sum over m     -0.006392212 -0.004756654  -0.011148867  -0.001635558
   sum over m+mul -0.006392212 -0.004756654  -0.011148867  -0.001635558

***********************************************************
***********************************************************
                    Dipole moment (Debye)                  
***********************************************************
***********************************************************

 Absolute D        5.10031620

                      Dx                Dy                Dz
 Total             -5.10031620        0.00000000       -0.00000000
 Core              48.99270934        0.00000000        0.00000000
 Electron         -54.09302554        0.00000000       -0.00000000
 Back ground       -0.00000000       -0.00000000        0.00000000

***********************************************************
***********************************************************
       xyz-coordinates (Ang) and forces (Hartree/Bohr)  
***********************************************************
***********************************************************

<coordinates.forces
  2
    1    Mn     0.00000   0.00000   0.00000   0.012836519002 -0.000000000007 -0.000000000098
    2     O     1.70000   0.00000   0.00000  -0.023325679954  0.000000000005  0.000000000095
coordinates.forces>

***********************************************************
***********************************************************
       Fractional coordinates of the final structure       
***********************************************************
***********************************************************

     1     Mn     0.00000000000000   0.00000000000000   0.00000000000000
     2      O     0.17891506955596   0.00000000000000   0.00000000000000

***********************************************************
***********************************************************
               Computational Time (second)                 
***********************************************************
***********************************************************

   Elapsed.Time.        68.594

                            Min_ID    Min_Time    Max_ID    Max_Time
   Total Computational Time =  0       68.594       0       68.594
   readfile                 =  0       15.647       0       15.647
   truncation               =  0        1.622       0        1.622
   MD_pac                   =  0        0.004       0        0.004
   DFT                      =  0       47.862       0       47.862

*** In DFT ***

   Set_OLP_Kin              =  0        0.352       0        0.352
   Set_Nonlocal             =  0        0.506       0        0.506
   Set_Hamiltonian          =  0       16.098       0       16.098
   Poisson                  =  0        0.971       0        0.971
   Diagonalization          =  0        0.109       0        0.109
   Mixing_DM                =  0       20.371       0       20.371
   Force                    =  0        1.439       0        1.439
   Total_Energy             =  0        0.688       0        0.688
   Set_Aden_Grid            =  0        0.059       0        0.059
   Set_Orbitals_Grid        =  0        0.271       0        0.271
   Set_Density_Grid         =  0        4.327       0        4.327
   Others                   =  0        2.671       0        2.671
