#
# File Name
#

System.CurrrentDirectory         ./    # default=./
System.Name                      Ndia2
level.of.stdout                   1    # default=1 (1-3)
level.of.fileout                  1    # default=1 (0-2)

#
# Definition of Atomic Species
#

Species.Number       1
<Definition.of.Atomic.Species
 C   C5.0-s1p1  C_CA11
Definition.of.Atomic.Species>

#
# Atoms
#

Atoms.Number         2
Atoms.SpeciesAndCoordinates.Unit   Ang # Ang|AU
<Atoms.SpeciesAndCoordinates           
 1  C  0.100 -0.020  0.010   2.0 2.0
 2  C  0.890  0.890  0.890   2.0 2.0
Atoms.SpeciesAndCoordinates>
Atoms.UnitVectors.Unit             Ang # Ang|AU
<Atoms.UnitVectors                     
   1.7800  1.7800  0.0000
   1.7800  0.0000  1.7800
   0.0000  1.7800  1.7800
Atoms.UnitVectors>

#
# SCF or Electronic System
#

scf.XcType                  LDA        # LDA|LSDA-CA|LSDA-PW|GGA-PBE
scf.SpinPolarization        off        # On|Off|NC
scf.ElectronicTemperature  300.0       # default=300 (K)
scf.energycutoff           100.0       # default=150 (Ry)
scf.maxIter                  100       # default=40
scf.EigenvalueSolver       band        # DC|GDC|Cluster|Band
scf.Kgrid                  7 7 7       # means n1 x n2 x n3
scf.Mixing.Type           rmm-diisk    # Simple|Rmm-Diis|Gr-Pulay|Kerker|Rmm-Diisk
scf.Init.Mixing.Weight     0.30        # default=0.30 
scf.Min.Mixing.Weight      0.001       # default=0.001 
scf.Max.Mixing.Weight      0.700       # default=0.40 
scf.Mixing.History          7          # default=5
scf.Mixing.StartPulay       5          # default=6
scf.criterion             1.0e-10      # default=1.0e-6 (Hartree) 
scf.lapack.dste            dstevx      # dstegr|dstedc|dstevx, default=dstevx
  
#
# MD or Geometry Optimization
#

MD.Type                     nomd       # Nomd|Opt|NVE|NVT_VS|NVT_NH
MD.maxIter                    1        # default=1
MD.TimeStep                   1        # default=0.5 (fs)
MD.Opt.criterion         1.0e-5        # default=1.0e-4 (Hartree/bohr)


***********************************************************
***********************************************************

  Required cutoff energy (Ryd) for 3D-grids = 100.0000
      Used cutoff energy (Ryd) for 3D-grids = 128.2270, 128.2270, 128.2270
  Num. of grids of a-, b-, and c-axes = 14, 14, 14

  Num.Grid1.    14
  Num.Grid2.    14
  Num.Grid3.    14


  Cell_Volume =     76.117849485348 (Bohr^3)
  GridVol     =      0.027739741066 (Bohr^3)
  Cell vectors (bohr) of the grid cell (gtv)
    gtv_a =  0.240265161405,  0.240265161405,  0.000000000000
    gtv_b =  0.240265161405,  0.000000000000,  0.240265161405
    gtv_c =  0.000000000000,  0.240265161405,  0.240265161405
    |gtv_a| =  0.339786249825
    |gtv_b| =  0.339786249825
    |gtv_c| =  0.339786249825

***********************************************************
***********************************************************


***********************************************************
***********************************************************
                  SCF history at MD= 1                    
***********************************************************
***********************************************************

   SCF=   1  NormRD=  1.000000000000  Uele= -2.928106597380
   SCF=   2  NormRD=  0.493717965998  Uele= -3.043774849442
   SCF=   3  NormRD=  0.307067522954  Uele= -3.139310909590
   SCF=   4  NormRD=  0.117852602286  Uele= -3.235347635319
   SCF=   5  NormRD=  0.039397420373  Uele= -3.275939689430
   SCF=   6  NormRD=  0.001325598270  Uele= -3.296784131576
   SCF=   7  NormRD=  0.000017267797  Uele= -3.297426062821
   SCF=   8  NormRD=  0.000003670183  Uele= -3.297433096512
   SCF=   9  NormRD=  0.000000900665  Uele= -3.297431358425
   SCF=  10  NormRD=  0.000000142281  Uele= -3.297430893345
   SCF=  11  NormRD=  0.000000043864  Uele= -3.297430832532
   SCF=  12  NormRD=  0.000000000072  Uele= -3.297430805405
   SCF=  13  NormRD=  0.000000000100  Uele= -3.297430805405

*******************************************************
        Total energy (Hartree) at MD = 1        
*******************************************************

  Uele.         -3.297430805405

  Ukin.          7.707858062563
  UH0.        -267.084349288537
  UH1.           0.071882757841
  Una.          -5.252310103103
  Unl.          -0.788427190476
  Uxc0.         -1.905518947127
  Uxc1.         -1.905518947127
  Ucore.       257.584823537260
  Uhub.          0.000000000000
  Ucs.           0.000000000000
  Uzs.           0.000000000000
  Uzo.           0.000000000000
  Uef.           0.000000000000
  UvdW           0.000000000000
  Utot.        -11.571560118706

  Note:

  Utot = Ukin+UH0+UH1+Una+Unl+Uxc0+Uxc1+Ucore+Uhub+Ucs+Uzs+Uzo+Uef+UvdW

  Uene:   band energy
  Ukin:   kinetic energy
  UH0:    electric part of screened Coulomb energy
  UH1:    difference electron-electron Coulomb energy
  Una:    neutral atom potential energy
  Unl:    non-local potential energy
  Uxc0:   exchange-correlation energy for alpha spin
  Uxc1:   exchange-correlation energy for beta spin
  Ucore:  core-core Coulomb energy
  Uhub:   LDA+U energy
  Ucs:    constraint energy for spin orientation
  Uzs:    Zeeman term for spin magnetic moment
  Uzo:    Zeeman term for orbital magnetic moment
  Uef:    electric energy by electric field
  UvdW:   vdW energy 

  (see also PRB 72, 045121(2005) for the energy contributions)



  Chemical potential (Hartree)       0.000000000000

***********************************************************
***********************************************************
           Eigenvalues (Hartree) of SCF KS-eq.           
***********************************************************
***********************************************************

   Chemical Potential (Hatree) =   0.00000000000000
   Number of States            =   7.99999999999998
   Eigenvalues
              Up-spin           Down-spin

   kloop=0
   k1=  -0.42857 k2=  -0.42857 k3=  -0.42857

    1   -0.68814798748775  -0.68814798748775
    2   -0.52491639203855  -0.52491639203855
    3   -0.22017803311168  -0.22017803311168
    4   -0.15626256857542  -0.15626256857542
    5    0.22824672624891   0.22824672624891
    6    0.30914812740641   0.30914812740641
    7    0.41488876108335   0.41488876108335
    8    0.64081536085753   0.64081536085753

   kloop=1
   k1=  -0.42857 k2=  -0.42857 k3=  -0.28571

    1   -0.70362100122541  -0.70362100122541
    2   -0.46704676380142  -0.46704676380142
    3   -0.25746531399263  -0.25746531399263
    4   -0.20351862624439  -0.20351862624439
    5    0.27588201846684   0.27588201846684
    6    0.32871773268909   0.32871773268909
    7    0.43517549455997   0.43517549455997
    8    0.58427084851625   0.58427084851625

   kloop=2
   k1=  -0.42857 k2=  -0.42857 k3=  -0.14286

    1   -0.68229870556320  -0.68229870556320
    2   -0.40280101655943  -0.40280101655943
    3   -0.33594765968792  -0.33594765968792
    4   -0.25992051281924  -0.25992051281924
    5    0.21974961006518   0.21974961006518
    6    0.41007248319444   0.41007248319444
    7    0.44874475038085   0.44874475038085
    8    0.55139495098211   0.55139495098211

   kloop=3
   k1=  -0.42857 k2=  -0.42857 k3=   0.00000

    1   -0.62561194595748  -0.62561194595748
    2   -0.46190911443324  -0.46190911443324
    3   -0.32460610883241  -0.32460610883241
    4   -0.28864319667479  -0.28864319667479
    5    0.18254461545353   0.18254461545353
    6    0.31301502910283   0.31301502910283
    7    0.51154545130470   0.51154545130470
    8    0.60024692190839   0.60024692190839

   kloop=4
   k1=  -0.42857 k2=  -0.42857 k3=   0.14286

    1   -0.55422348137840  -0.55422348137840
    2   -0.52646591604381  -0.52646591604381
    3   -0.38094250593384  -0.38094250593384
    4   -0.28406852696190  -0.28406852696190
    5    0.28237792167170   0.28237792167170
    6    0.30738267515580   0.30738267515580
    7    0.50159873625733   0.50159873625733
    8    0.60861487811754   0.60861487811754

   kloop=5
   k1=  -0.42857 k2=  -0.42857 k3=   0.28572

    1   -0.59541478729865  -0.59541478729865
    2   -0.51307213314211  -0.51307213314211
    3   -0.38824538717937  -0.38824538717937
    4   -0.24681743366830  -0.24681743366830
    5    0.29368503990725   0.29368503990725
    6    0.41965177101030   0.41965177101030
    7    0.48283960826472   0.48283960826472
    8    0.58303622615712   0.58303622615712

   kloop=6
   k1=  -0.42857 k2=  -0.42857 k3=   0.42857

    1   -0.64450738497565  -0.64450738497565
    2   -0.54468688264374  -0.54468688264374
    3   -0.28536020761360  -0.28536020761360
    4   -0.18697485002253  -0.18697485002253
    5    0.27939459175905   0.27939459175905
    6    0.32457972893681   0.32457972893681
    7    0.47074910635698   0.47074910635698
    8    0.62485390918070   0.62485390918070

   kloop=7
   k1=  -0.42857 k2=  -0.28572 k3=  -0.42857

    1   -0.70261287365918  -0.70261287365918
    2   -0.47213409334761  -0.47213409334761
    3   -0.25047444793353  -0.25047444793353
    4   -0.20066463397003  -0.20066463397003
    5    0.21377820483575   0.21377820483575
    6    0.35514273729478   0.35514273729478
    7    0.45464253262878   0.45464253262878
    8    0.61491078917447   0.61491078917447

   kloop=8
   k1=  -0.42857 k2=  -0.28572 k3=  -0.28571

    1   -0.73478706500259  -0.73478706500259
    2   -0.42108720789853  -0.42108720789853
    3   -0.27015550321892  -0.27015550321892
    4   -0.16878146164437  -0.16878146164437
    5    0.22608471438968   0.22608471438968
    6    0.36673099125802   0.36673099125802
    7    0.40100586754168   0.40100586754168
    8    0.58641032438637   0.58641032438637

   kloop=9
   k1=  -0.42857 k2=  -0.28572 k3=  -0.14286

    1   -0.72791886070780  -0.72791886070780
    2   -0.36491469048097  -0.36491469048097
    3   -0.32294576151668  -0.32294576151668
    4   -0.21559063500967  -0.21559063500967
    5    0.22494076119556   0.22494076119556
    6    0.37790166467712   0.37790166467712
    7    0.47423204485491   0.47423204485491
    8    0.51229759111249   0.51229759111249

   kloop=10
   k1=  -0.42857 k2=  -0.28572 k3=   0.00000

    1   -0.68277686569255  -0.68277686569255
    2   -0.40461711603339  -0.40461711603339
    3   -0.30271926399383  -0.30271926399383
    4   -0.29144772908486  -0.29144772908486
    5    0.18362351404757   0.18362351404757
    6    0.40394773625711   0.40394773625711
    7    0.49005998750159   0.49005998750159
    8    0.54253762576395   0.54253762576395

   kloop=11
   k1=  -0.42857 k2=  -0.28572 k3=   0.14286

    1   -0.60635356490974  -0.60635356490974
    2   -0.46674384195325  -0.46674384195325
    3   -0.36608353652335  -0.36608353652335
    4   -0.31931195814583  -0.31931195814583
    5    0.28356400335697   0.28356400335697
    6    0.38830288729314   0.38830288729314
    7    0.48831774944435   0.48831774944435
    8    0.57866751770786   0.57866751770786

   kloop=12
   k1=  -0.42857 k2=  -0.28572 k3=   0.28572

    1   -0.55016925553628  -0.55016925553628
    2   -0.52122399872998  -0.52122399872998
    3   -0.41309225935019  -0.41309225935019
    4   -0.30264820765121  -0.30264820765121
    5    0.36085499962502   0.36085499962502
    6    0.42012660851439   0.42012660851439
    7    0.48169321758746   0.48169321758746
    8    0.57243585608197   0.57243585608197

   kloop=13
   k1=  -0.42857 k2=  -0.28572 k3=   0.42857

    1   -0.63637903667550  -0.63637903667550
    2   -0.49661371312190  -0.49661371312190
    3   -0.34390011491123  -0.34390011491123
    4   -0.24695899671264  -0.24695899671264
    5    0.29371485282671   0.29371485282671
    6    0.36669494274563   0.36669494274563
    7    0.52386979117620   0.52386979117620
    8    0.59290813980317   0.59290813980317

   kloop=14
   k1=  -0.42857 k2=  -0.14286 k3=  -0.42857

    1   -0.68125907622929  -0.68125907622929
    2   -0.42410059555404  -0.42410059555404
    3   -0.29619174602612  -0.29619174602612
    4   -0.27337278331684  -0.27337278331684
    5    0.17976875191518   0.17976875191518
    6    0.36661878758644   0.36661878758644
    7    0.53214675745242   0.53214675745242
    8    0.56586748610014   0.56586748610014

   kloop=15
   k1=  -0.42857 k2=  -0.14286 k3=  -0.28571

    1   -0.72802335979620  -0.72802335979620
    2   -0.37049430718463  -0.37049430718463
    3   -0.31821667452856  -0.31821667452856
    4   -0.21172673190759  -0.21172673190759
    5    0.20670999502239   0.20670999502239
    6    0.40470317849006   0.40470317849006
    7    0.44305181773549   0.44305181773549
    8    0.53474683359782   0.53474683359782

   kloop=16
   k1=  -0.42857 k2=  -0.14286 k3=  -0.14286

    1   -0.73632781588474  -0.73632781588474
    2   -0.40393059312216  -0.40393059312216
    3   -0.29357843169173  -0.29357843169173
    4   -0.16008974803757  -0.16008974803757
    5    0.20857381181830   0.20857381181830
    6    0.36801712305090   0.36801712305090
    7    0.41585508418908   0.41585508418908
    8    0.53968479228445   0.53968479228445

   kloop=17
   k1=  -0.42857 k2=  -0.14286 k3=   0.00000

    1   -0.70618721268912  -0.70618721268912
    2   -0.45352774147664  -0.45352774147664
    3   -0.26409407971556  -0.26409407971556
    4   -0.20814036034162  -0.20814036034162
    5    0.20500670609896   0.20500670609896
    6    0.36758620363315   0.36758620363315
    7    0.44420170097816   0.44420170097816
    8    0.54850681014470   0.54850681014470

   kloop=18
   k1=  -0.42857 k2=  -0.14286 k3=   0.14286

    1   -0.64386642562454  -0.64386642562454
    2   -0.47275578331591  -0.47275578331591
    3   -0.34636420430651  -0.34636420430651
    4   -0.26769579382936  -0.26769579382936
    5    0.27894406601492   0.27894406601492
    6    0.39366458470960   0.39366458470960
    7    0.51972251956932   0.51972251956932
    8    0.52209081717308   0.52209081717308

   kloop=19
   k1=  -0.42857 k2=  -0.14286 k3=   0.28572

    1   -0.56516400159845  -0.56516400159845
    2   -0.50174376251641  -0.50174376251641
    3   -0.40747943131400  -0.40747943131400
    4   -0.31428216973346  -0.31428216973346
    5    0.32220519022727   0.32220519022727
    6    0.44655689534300   0.44655689534300
    7    0.48272781598584   0.48272781598584
    8    0.56210373708426   0.56210373708426

   kloop=20
   k1=  -0.42857 k2=  -0.14286 k3=   0.42857

    1   -0.60172988482532  -0.60172988482532
    2   -0.48567541912011  -0.48567541912011
    3   -0.35288702051180  -0.35288702051180
    4   -0.31378751860370  -0.31378751860370
    5    0.26416227284028   0.26416227284028
    6    0.36090066374616   0.36090066374616
    7    0.56213478302301   0.56213478302301
    8    0.56860412397652   0.56860412397652

   kloop=21
   k1=  -0.42857 k2=  -0.00000 k3=  -0.42857

    1   -0.62544821409297  -0.62544821409297
    2   -0.46948104335405  -0.46948104335405
    3   -0.30481108415390  -0.30481108415390
    4   -0.29611824680063  -0.29611824680063
    5    0.17490471450965   0.17490471450965
    6    0.27689649846083   0.27689649846083
    7    0.57163195062465   0.57163195062465
    8    0.57914822105821   0.57914822105821

   kloop=22
   k1=  -0.42857 k2=  -0.00000 k3=  -0.28571

    1   -0.68409203906988  -0.68409203906988
    2   -0.39188839649275  -0.39188839649275
    3   -0.33866725165425  -0.33866725165425
    4   -0.26533751587688  -0.26533751587688
    5    0.19628698745958   0.19628698745958
    6    0.38211487103044   0.38211487103044
    7    0.50511450593926   0.50511450593926
    8    0.51799166097863   0.51799166097863

   kloop=23
   k1=  -0.42857 k2=  -0.00000 k3=  -0.14286

    1   -0.70725513601287  -0.70725513601287
    2   -0.44886235748781  -0.44886235748781
    3   -0.27449098928074  -0.27449098928074
    4   -0.20306348560955  -0.20306348560955
    5    0.22499088940352   0.22499088940352
    6    0.38581173761691   0.38581173761691
    7    0.41540551883745   0.41540551883745
    8    0.52577157423844   0.52577157423844

   kloop=24
   k1=  -0.42857 k2=  -0.00000 k3=   0.00000

    1   -0.69493585097766  -0.69493585097766
    2   -0.50502516306762  -0.50502516306762
    3   -0.23712764600403  -0.23712764600403
    4   -0.15575936265372  -0.15575936265372
    5    0.19960930715218   0.19960930715218
    6    0.34148032022474   0.34148032022474
    7    0.38249018154483   0.38249018154483
    8    0.56862000625551   0.56862000625551

   kloop=25
   k1=  -0.42857 k2=  -0.00000 k3=   0.14286

    1   -0.65645065928555  -0.65645065928555
    2   -0.51907611546112  -0.51907611546112
    3   -0.29587517763532  -0.29587517763532
    4   -0.19429880849715  -0.19429880849715
    5    0.23087570367897   0.23087570367897
    6    0.38635896445784   0.38635896445784
    7    0.44202362390807   0.44202362390807
    8    0.54959091144997   0.54959091144997

   kloop=26
   k1=  -0.42857 k2=  -0.00000 k3=   0.28572

    1   -0.60771099358645  -0.60771099358645
    2   -0.48668771281948  -0.48668771281948
    3   -0.39469079368243  -0.39469079368243
    4   -0.25618334108776  -0.25618334108776
    5    0.24142080215353   0.24142080215353
    6    0.46077355059851   0.46077355059851
    7    0.48531398185311   0.48531398185311
    8    0.54540690409872   0.54540690409872

   kloop=27
   k1=  -0.42857 k2=  -0.00000 k3=   0.42857

    1   -0.54834913854759  -0.54834913854759
    2   -0.53883195122982  -0.53883195122982
    3   -0.36313218321380  -0.36313218321380
    4   -0.29281875101880  -0.29281875101880
    5    0.22806711895345   0.22806711895345
    6    0.30897151784066   0.30897151784066
    7    0.56398983413003   0.56398983413003
    8    0.59094407944139   0.59094407944139

   kloop=28
   k1=  -0.42857 k2=   0.14286 k3=  -0.42857

    1   -0.55340081540497  -0.55340081540497
    2   -0.53392322105681  -0.53392322105681
    3   -0.35537236233105  -0.35537236233105
    4   -0.30133143778258  -0.30133143778258
    5    0.22282115332971   0.22282115332971
    6    0.31005302956521   0.31005302956521
    7    0.57257408678896   0.57257408678896
    8    0.58322497246965   0.58322497246965

   kloop=29
   k1=  -0.42857 k2=   0.14286 k3=  -0.28571

    1   -0.61149027890846  -0.61149027890846
    2   -0.45379151127459  -0.45379151127459
    3   -0.35166930401948  -0.35166930401948
    4   -0.34263541321726  -0.34263541321726
    5    0.29536403398300   0.29536403398300
    6    0.35084963482266   0.35084963482266
    7    0.50271830740593   0.50271830740593
    8    0.55970755329763   0.55970755329763

   kloop=30
   k1=  -0.42857 k2=   0.14286 k3=  -0.14286

    1   -0.64700869997447  -0.64700869997447
    2   -0.46414032167599  -0.46414032167599
    3   -0.33185410162656  -0.33185410162656
    4   -0.29258900233990  -0.29258900233990
    5    0.30648480132261   0.30648480132261
    6    0.38022445858909   0.38022445858909
    7    0.48744133028321   0.48744133028321
    8    0.51397232000536   0.51397232000536

   kloop=31
   k1=  -0.42857 k2=   0.14286 k3=   0.00000

    1   -0.65735982358474  -0.65735982358474
    2   -0.51836605527685  -0.51836605527685
    3   -0.25549162341436  -0.25549162341436
    4   -0.24306666316189  -0.24306666316189
    5    0.24096369553355   0.24096369553355
    6    0.37117796059455   0.37117796059455
    7    0.42980954769317   0.42980954769317
    8    0.55882468505562   0.55882468505562

   kloop=32
   k1=  -0.42857 k2=   0.14286 k3=   0.14286

    1   -0.65654821004597  -0.65654821004597
    2   -0.51900558007206  -0.51900558007206
    3   -0.29463016124163  -0.29463016124163
    4   -0.19574258127448  -0.19574258127448
    5    0.22643155131580   0.22643155131580
    6    0.39922535939012   0.39922535939012
    7    0.43173091044240   0.43173091044240
    8    0.55036577520616   0.55036577520616

   kloop=33
   k1=  -0.42857 k2=   0.14286 k3=   0.28572

    1   -0.64451970559257  -0.64451970559257
    2   -0.46749006035624  -0.46749006035624
    3   -0.36711446884371  -0.36711446884371
    4   -0.24744534529989  -0.24744534529989
    5    0.26149052250614   0.26149052250614
    6    0.45425625198319   0.45425625198319
    7    0.48685371747375   0.48685371747375
    8    0.51652270428284   0.51652270428284

   kloop=34
   k1=  -0.42857 k2=   0.14286 k3=   0.42857

    1   -0.60648752356004  -0.60648752356004
    2   -0.47295758166553  -0.47295758166553
    3   -0.35496961680393  -0.35496961680393
    4   -0.32159210037009  -0.32159210037009
    5    0.26493409907157   0.26493409907157
    6    0.35807989374781   0.35807989374781
    7    0.54768592461746   0.54768592461746
    8    0.56951128366589   0.56951128366589

   kloop=35
   k1=  -0.42857 k2=   0.28571 k3=  -0.42857

    1   -0.59603206845536  -0.59603206845536
    2   -0.51936607381006  -0.51936607381006
    3   -0.35978115517216  -0.35978115517216
    4   -0.27057009841858  -0.27057009841858
    5    0.23586352381203   0.23586352381203
    6    0.41145208212309   0.41145208212309
    7    0.51720148229962   0.51720148229962
    8    0.60188038933258   0.60188038933258

   kloop=36
   k1=  -0.42857 k2=   0.28571 k3=  -0.28571

    1   -0.56978884425765  -0.56978884425765
    2   -0.49486966433730  -0.49486966433730
    3   -0.40182789051661  -0.40182789051661
    4   -0.32367861431429  -0.32367861431429
    5    0.32749806739020   0.32749806739020
    6    0.42883642546515   0.42883642546515
    7    0.48693772504307   0.48693772504307
    8    0.55970445401376   0.55970445401376

   kloop=37
   k1=  -0.42857 k2=   0.28571 k3=  -0.14286

    1   -0.57818893093075  -0.57818893093075
    2   -0.47732384617696  -0.47732384617696
    3   -0.39205276701383  -0.39205276701383
    4   -0.34608137620220  -0.34608137620220
    5    0.32474232757230   0.32474232757230
    6    0.43075023830038   0.43075023830038
    7    0.48384670020476   0.48384670020476
    8    0.54449800308896   0.54449800308896

   kloop=38
   k1=  -0.42857 k2=   0.28571 k3=   0.00000

    1   -0.60884903495520  -0.60884903495520
    2   -0.49070798042373  -0.49070798042373
    3   -0.35880843384903  -0.35880843384903
    4   -0.29442406292874  -0.29442406292874
    5    0.22937400958560   0.22937400958560
    6    0.43106849164036   0.43106849164036
    7    0.52910956008067   0.52910956008067
    8    0.53034114647721   0.53034114647721

   kloop=39
   k1=  -0.42857 k2=   0.28571 k3=   0.14286

    1   -0.64415619422304  -0.64415619422304
    2   -0.47233583133095  -0.47233583133095
    3   -0.34422770729354  -0.34422770729354
    4   -0.27032946502409  -0.27032946502409
    5    0.27336552598187   0.27336552598187
    6    0.40117384007272   0.40117384007272
    7    0.51377533264464   0.51377533264464
    8    0.52337436676716   0.52337436676716

   kloop=40
   k1=  -0.42857 k2=   0.28571 k3=   0.28572

    1   -0.65752046209128  -0.65752046209128
    2   -0.44557528651092  -0.44557528651092
    3   -0.38957721215669  -0.38957721215669
    4   -0.21994633244559  -0.21994633244559
    5    0.24346562594844   0.24346562594844
    6    0.44437272421729   0.44437272421729
    7    0.47814372678464   0.47814372678464
    8    0.56217680257932   0.56217680257932

   kloop=41
   k1=  -0.42857 k2=   0.28571 k3=   0.42857

    1   -0.63901616790050  -0.63901616790050
    2   -0.49327134751233  -0.49327134751233
    3   -0.32217979281395  -0.32217979281395
    4   -0.27350867812710  -0.27350867812710
    5    0.26303190375791   0.26303190375791
    6    0.40883451308955   0.40883451308955
    7    0.48226496171363   0.48226496171363
    8    0.60204766688398   0.60204766688398

   kloop=42
   k1=  -0.42857 k2=   0.42857 k3=  -0.42857

    1   -0.64577003826659  -0.64577003826659
    2   -0.54366071735360  -0.54366071735360
    3   -0.26020059129972  -0.26020059129972
    4   -0.21723754800439  -0.21723754800439
    5    0.24926605067911   0.24926605067911
    6    0.36391331402794   0.36391331402794
    7    0.44304795148211   0.44304795148211
    8    0.63248009994186   0.63248009994186

   kloop=43
   k1=  -0.42857 k2=   0.42857 k3=  -0.28571

    1   -0.64007236802973  -0.64007236802973
    2   -0.48663119604650  -0.48663119604650
    3   -0.33958734660990  -0.33958734660990
    4   -0.26314435766405  -0.26314435766405
    5    0.33210945209632   0.33210945209632
    6    0.36507512407264   0.36507512407264
    7    0.47841330009464   0.47841330009464
    8    0.57239740888252   0.57239740888252

   kloop=44
   k1=  -0.42857 k2=   0.42857 k3=  -0.14286

    1   -0.60812904952690  -0.60812904952690
    2   -0.46051726536692  -0.46051726536692
    3   -0.36589310087732  -0.36589310087732
    4   -0.32510126960449  -0.32510126960449
    5    0.29231794797114   0.29231794797114
    6    0.38784974137791   0.38784974137791
    7    0.47337103045941   0.47337103045941
    8    0.57569214816321   0.57569214816321

   kloop=45
   k1=  -0.42857 k2=   0.42857 k3=   0.00000

    1   -0.56527558983575  -0.56527558983575
    2   -0.51555791687798  -0.51555791687798
    3   -0.34637463523736  -0.34637463523736
    4   -0.32159919211660  -0.32159919211660
    5    0.21205718926630   0.21205718926630
    6    0.35318772454285   0.35318772454285
    7    0.52343822476101   0.52343822476101
    8    0.59576296613767   0.59576296613767

   kloop=46
   k1=  -0.42857 k2=   0.42857 k3=   0.14286

    1   -0.60690154680075  -0.60690154680075
    2   -0.46484782775004  -0.46484782775004
    3   -0.36730226660247  -0.36730226660247
    4   -0.31962206185058  -0.31962206185058
    5    0.28298410493330   0.28298410493330
    6    0.38904536774823   0.38904536774823
    7    0.48806374781203   0.48806374781203
    8    0.57651881723077   0.57651881723077

   kloop=47
   k1=  -0.42857 k2=   0.42857 k3=   0.28572

    1   -0.63939203099351  -0.63939203099351
    2   -0.48742326959637  -0.48742326959637
    3   -0.34824908960170  -0.34824908960170
    4   -0.25188651274447  -0.25188651274447
    5    0.29965160279566   0.29965160279566
    6    0.40302178748686   0.40302178748686
    7    0.48452956184979   0.48452956184979
    8    0.56875225547937   0.56875225547937

   kloop=48
   k1=  -0.42857 k2=   0.42857 k3=   0.42857

    1   -0.64551315513883  -0.64551315513883
    2   -0.54388255287679  -0.54388255287679
    3   -0.27086289085416  -0.27086289085416
    4   -0.20423696832187  -0.20423696832187
    5    0.24037507513759   0.24037507513759
    6    0.37716945319401   0.37716945319401
    7    0.44234024611415   0.44234024611415
    8    0.63087725860015   0.63087725860015

   kloop=49
   k1=  -0.28571 k2=  -0.42857 k3=  -0.42857

    1   -0.70283861339833  -0.70283861339833
    2   -0.47117887124937  -0.47117887124937
    3   -0.25292419987185  -0.25292419987185
    4   -0.19948376035371  -0.19948376035371
    5    0.21778497959847   0.21778497959847
    6    0.35781701004428   0.35781701004428
    7    0.45187252140609   0.45187252140609
    8    0.60754216359374   0.60754216359374

   kloop=50
   k1=  -0.28571 k2=  -0.42857 k3=  -0.28571

    1   -0.73510854629784  -0.73510854629784
    2   -0.41991766746412  -0.41991766746412
    3   -0.25960140849027  -0.25960140849027
    4   -0.18540128032979  -0.18540128032979
    5    0.25001279888964   0.25001279888964
    6    0.34312717169904   0.34312717169904
    7    0.39737897517327   0.39737897517327
    8    0.58216482932301   0.58216482932301

   kloop=51
   k1=  -0.28571 k2=  -0.42857 k3=  -0.14286

    1   -0.72840499029073  -0.72840499029073
    2   -0.35914211228122  -0.35914211228122
    3   -0.31850380968732  -0.31850380968732
    4   -0.22923273009130  -0.22923273009130
    5    0.24321527795603   0.24321527795603
    6    0.36539594527250   0.36539594527250
    7    0.46007146936784   0.46007146936784
    8    0.50640240371380   0.50640240371380

   kloop=52
   k1=  -0.28571 k2=  -0.42857 k3=   0.00000

    1   -0.68354951327748  -0.68354951327748
    2   -0.39568651806940  -0.39568651806940
    3   -0.30347049666131  -0.30347049666131
    4   -0.30077656816239  -0.30077656816239
    5    0.19019136649510   0.19019136649510
    6    0.41922413710080   0.41922413710080
    7    0.46148543816943   0.46148543816943
    8    0.53514893912344   0.53514893912344

   kloop=53
   k1=  -0.28571 k2=  -0.42857 k3=   0.14286

    1   -0.60759437162212  -0.60759437162212
    2   -0.46257417217222  -0.46257417217222
    3   -0.36446553500679  -0.36446553500679
    4   -0.32480136013804  -0.32480136013804
    5    0.29230899849677   0.29230899849677
    6    0.38704477305291   0.38704477305291
    7    0.47409233107801   0.47409233107801
    8    0.57836874414329   0.57836874414329

   kloop=54
   k1=  -0.28571 k2=  -0.42857 k3=   0.28572

    1   -0.55004772706224  -0.55004772706224
    2   -0.52143535540515  -0.52143535540515
    3   -0.41300560501428  -0.41300560501428
    4   -0.30262032451321  -0.30262032451321
    5    0.35911454974746   0.35911454974746
    6    0.42228433826110   0.42228433826110
    7    0.48046222584565   0.48046222584565
    8    0.57353513235159   0.57353513235159

   kloop=55
   k1=  -0.28571 k2=  -0.42857 k3=   0.42857

    1   -0.63647216177897  -0.63647216177897
    2   -0.49563797742057  -0.49563797742057
    3   -0.34892418664511  -0.34892418664511
    4   -0.24173746063061  -0.24173746063061
    5    0.28526203860949   0.28526203860949
    6    0.38077186475648   0.38077186475648
    7    0.52815285401677   0.52815285401677
    8    0.58417298182085   0.58417298182085

   kloop=56
   k1=  -0.28571 k2=  -0.28572 k3=  -0.42857

    1   -0.73355283588062  -0.73355283588062
    2   -0.42677018441079  -0.42677018441079
    3   -0.28205560078771  -0.28205560078771
    4   -0.14080531863337  -0.14080531863337
    5    0.22607535531700   0.22607535531700
    6    0.30808484719232   0.30808484719232
    7    0.47621630890349   0.47621630890349
    8    0.59943667139934   0.59943667139934

   kloop=57
   k1=  -0.28571 k2=  -0.28572 k3=  -0.28571

    1   -0.78044353016593  -0.78044353016593
    2   -0.38154133943268  -0.38154133943268
    3   -0.19251653035481  -0.19251653035481
    4   -0.12895751146708  -0.12895751146708
    5    0.20441902919427   0.20441902919427
    6    0.27172046147942   0.27172046147942
    7    0.37361431604447   0.37361431604447
    8    0.58907837010499   0.58907837010499

   kloop=58
   k1=  -0.28571 k2=  -0.28572 k3=  -0.14286

    1   -0.78720149221016  -0.78720149221016
    2   -0.31996238322202  -0.31996238322202
    3   -0.21011080738830  -0.21011080738830
    4   -0.18587229446479  -0.18587229446479
    5    0.19308618036826   0.19308618036826
    6    0.30655872651119   0.30655872651119
    7    0.39486975803288   0.39486975803288
    8    0.52649258136121   0.52649258136121

   kloop=59
   k1=  -0.28571 k2=  -0.28572 k3=   0.00000

    1   -0.75295704608801  -0.75295704608801
    2   -0.29721079043219  -0.29721079043219
    3   -0.28364473786191  -0.28364473786191
    4   -0.23908590869466  -0.23908590869466
    5    0.13936557386833   0.13936557386833
    6    0.40158517836380   0.40158517836380
    7    0.45092691730300   0.45092691730300
    8    0.49062704823945   0.49062704823945

   kloop=60
   k1=  -0.28571 k2=  -0.28572 k3=   0.14286

    1   -0.68193962576580  -0.68193962576580
    2   -0.40694851512490  -0.40694851512490
    3   -0.33136932794982  -0.33136932794982
    4   -0.26030598433669  -0.26030598433669
    5    0.21938129836974   0.21938129836974
    6    0.40817664832629   0.40817664832629
    7    0.45038495789888   0.45038495789888
    8    0.55684503325285   0.55684503325285

   kloop=61
   k1=  -0.28571 k2=  -0.28572 k3=   0.28572

    1   -0.59328922152878  -0.59328922152878
    2   -0.51745079592835  -0.51745079592835
    3   -0.38545141432058  -0.38545141432058
    4   -0.24726029362159  -0.24726029362159
    5    0.29391856919736   0.29391856919736
    6    0.42199325291906   0.42199325291906
    7    0.47711206268125   0.47711206268125
    8    0.59116488151885   0.59116488151885

   kloop=62
   k1=  -0.28571 k2=  -0.28572 k3=   0.42857

    1   -0.65241999925308  -0.65241999925308
    2   -0.46707907099561  -0.46707907099561
    3   -0.38465279429099  -0.38465279429099
    4   -0.20211697064180  -0.20211697064180
    5    0.30091783206150   0.30091783206150
    6    0.34720849999870   0.34720849999870
    7    0.54943227851424   0.54943227851424
    8    0.58698846096227   0.58698846096227

   kloop=63
   k1=  -0.28571 k2=  -0.14286 k3=  -0.42857

    1   -0.72617073633964  -0.72617073633964
    2   -0.39279617285647  -0.39279617285647
    3   -0.30943215068396  -0.30943215068396
    4   -0.19167427484274  -0.19167427484274
    5    0.20679476447674   0.20679476447674
    6    0.35382782339159   0.35382782339159
    7    0.51753716620524   0.51753716620524
    8    0.55682328129822   0.55682328129822

   kloop=64
   k1=  -0.28571 k2=  -0.14286 k3=  -0.28571

    1   -0.78674848025893  -0.78674848025893
    2   -0.33057455295254  -0.33057455295254
    3   -0.22470766718763  -0.22470766718763
    4   -0.14697215025003  -0.14697215025003
    5    0.14996992318169   0.14996992318169
    6    0.32522668648004   0.32522668648004
    7    0.40807617186610   0.40807617186610
    8    0.55061496574204   0.55061496574204

   kloop=65
   k1=  -0.28571 k2=  -0.14286 k3=  -0.14286

    1   -0.80793993348776  -0.80793993348776
    2   -0.27584752474267  -0.27584752474267
    3   -0.24086847105318  -0.24086847105318
    4   -0.11225461903754  -0.11225461903754
    5    0.16772781121425   0.16772781121425
    6    0.29551311894358   0.29551311894358
    7    0.34144108602771   0.34144108602771
    8    0.53281139436695   0.53281139436695

   kloop=66
   k1=  -0.28571 k2=  -0.14286 k3=   0.00000

    1   -0.78740913076069  -0.78740913076069
    2   -0.30515008282825  -0.30515008282825
    3   -0.24747125106000  -0.24747125106000
    4   -0.15774485939094  -0.15774485939094
    5    0.15704566058375   0.15704566058375
    6    0.32641081361392   0.32641081361392
    7    0.40360899641748   0.40360899641748
    8    0.51709301077199   0.51709301077199

   kloop=67
   k1=  -0.28571 k2=  -0.14286 k3=   0.14286

    1   -0.72768137035878  -0.72768137035878
    2   -0.36882251813117  -0.36882251813117
    3   -0.32039392646368  -0.32039392646368
    4   -0.21372904477410  -0.21372904477410
    5    0.22640100351640   0.22640100351640
    6    0.37474334793403   0.37474334793403
    7    0.47204439327465   0.47204439327465
    8    0.52147840801174   0.52147840801174

   kloop=68
   k1=  -0.28571 k2=  -0.14286 k3=   0.28572

    1   -0.63826712821091  -0.63826712821091
    2   -0.49079600154534  -0.49079600154534
    3   -0.34582479311593  -0.34582479311593
    4   -0.25176955192201  -0.25176955192201
    5    0.30531728854291   0.30531728854291
    6    0.40044511461885   0.40044511461885
    7    0.47612057515069   0.47612057515069
    8    0.58186559652543   0.58186559652543

   kloop=69
   k1=  -0.28571 k2=  -0.14286 k3=   0.42857

    1   -0.63565311055065  -0.63565311055065
    2   -0.49801416291788  -0.49801416291788
    3   -0.34669809187735  -0.34669809187735
    4   -0.24248907153601  -0.24248907153601
    5    0.29068504873423   0.29068504873423
    6    0.37928640241770   0.37928640241770
    7    0.51749465370779   0.51749465370779
    8    0.59623604560918   0.59623604560918

   kloop=70
   k1=  -0.28571 k2=  -0.00000 k3=  -0.42857

    1   -0.68127117705841  -0.68127117705841
    2   -0.42302851762024  -0.42302851762024
    3   -0.30443799547150  -0.30443799547150
    4   -0.26639359478129  -0.26639359478129
    5    0.18600247280806   0.18600247280806
    6    0.36889965739199   0.36889965739199
    7    0.52272216432338   0.52272216432338
    8    0.56615288933114   0.56615288933114

   kloop=71
   k1=  -0.28571 k2=  -0.00000 k3=  -0.28571

    1   -0.75310043827831  -0.75310043827831
    2   -0.32031004108319  -0.32031004108319
    3   -0.25798072318183  -0.25798072318183
    4   -0.23596031901920  -0.23596031901920
    5    0.12817493884089   0.12817493884089
    6    0.37444760382472   0.37444760382472
    7    0.47177884783292   0.47177884783292
    8    0.50281605261273   0.50281605261273

   kloop=72
   k1=  -0.28571 k2=  -0.00000 k3=  -0.14286

    1   -0.78797627194315  -0.78797627194315
    2   -0.29684229371805  -0.29684229371805
    3   -0.24126956638683  -0.24126956638683
    4   -0.17837704714121  -0.17837704714121
    5    0.17333220718639   0.17333220718639
    6    0.33744365806433   0.33744365806433
    7    0.36977757103075   0.36977757103075
    8    0.50667992646032   0.50667992646032

   kloop=73
   k1=  -0.28571 k2=  -0.00000 k3=   0.00000

    1   -0.78196042608497  -0.78196042608497
    2   -0.36124408184664  -0.36124408184664
    3   -0.21512897394762  -0.21512897394762
    4   -0.13112733296643  -0.13112733296643
    5    0.18261857115139   0.18261857115139
    6    0.30734194660558   0.30734194660558
    7    0.34033716948869   0.34033716948869
    8    0.54293364866574   0.54293364866574

   kloop=74
   k1=  -0.28571 k2=  -0.00000 k3=   0.14286

    1   -0.73616838279059  -0.73616838279059
    2   -0.40466464149355  -0.40466464149355
    3   -0.29458455346099  -0.29458455346099
    4   -0.15740923075503  -0.15740923075503
    5    0.21011770992010   0.21011770992010
    6    0.35737127258229   0.35737127258229
    7    0.42674405263778   0.42674405263778
    8    0.54116299732347   0.54116299732347

   kloop=75
   k1=  -0.28571 k2=  -0.00000 k3=   0.28572

    1   -0.65691020205701  -0.65691020205701
    2   -0.44856014572958  -0.44856014572958
    3   -0.38837151023776  -0.38837151023776
    4   -0.21826435772461  -0.21826435772461
    5    0.25039102454604   0.25039102454604
    6    0.43249633580645   0.43249633580645
    7    0.47992540927740   0.47992540927740
    8    0.57188963875825   0.57188963875825

   kloop=76
   k1=  -0.28571 k2=  -0.00000 k3=   0.42857

    1   -0.59352216728924  -0.59352216728924
    2   -0.52230167118537  -0.52230167118537
    3   -0.36807294279729  -0.36807294279729
    4   -0.25976058763716  -0.25976058763716
    5    0.23996615586946   0.23996615586946
    6    0.42415907533638   0.42415907533638
    7    0.50629561172714   0.50629561172714
    8    0.60559576768469   0.60559576768469

   kloop=77
   k1=  -0.28571 k2=   0.14286 k3=  -0.42857

    1   -0.60719239595104  -0.60719239595104
    2   -0.47091589184072  -0.47091589184072
    3   -0.34906648195143  -0.34906648195143
    4   -0.32964010165428  -0.32964010165428
    5    0.27369334217731   0.27369334217731
    6    0.35334937780955   0.35334937780955
    7    0.53262966938404   0.53262966938404
    8    0.57576742669204   0.57576742669204

   kloop=78
   k1=  -0.28571 k2=   0.14286 k3=  -0.28571

    1   -0.68448873007164  -0.68448873007164
    2   -0.38885549655468  -0.38885549655468
    3   -0.33318406670270  -0.33318406670270
    4   -0.27487235263632  -0.27487235263632
    5    0.19693881935806   0.19693881935806
    6    0.38089352070259   0.38089352070259
    7    0.50553084460785   0.50553084460785
    8    0.50959825681354   0.50959825681354

   kloop=79
   k1=  -0.28571 k2=   0.14286 k3=  -0.14286

    1   -0.73003577299686  -0.73003577299686
    2   -0.33291694034108  -0.33291694034108
    3   -0.31462157157788  -0.31462157157788
    4   -0.26477091401056  -0.26477091401056
    5    0.25853178965793   0.25853178965793
    6    0.35179070351678   0.35179070351678
    7    0.44863161409073   0.44863161409073
    8    0.47839506170351   0.47839506170351

   kloop=80
   k1=  -0.28571 k2=   0.14286 k3=   0.00000

    1   -0.73767538330182  -0.73767538330182
    2   -0.39893542094000  -0.39893542094000
    3   -0.25130252072829  -0.25130252072829
    4   -0.22387844175920  -0.22387844175920
    5    0.26726587836824   0.26726587836824
    6    0.33860704616724   0.33860704616724
    7    0.36997125716121   0.36997125716121
    8    0.53029145200507   0.53029145200507

   kloop=81
   k1=  -0.28571 k2=   0.14286 k3=   0.14286

    1   -0.70715388330716  -0.70715388330716
    2   -0.44936889135540  -0.44936889135540
    3   -0.27407804115282  -0.27407804115282
    4   -0.20247717021212  -0.20247717021212
    5    0.21915514370366   0.21915514370366
    6    0.39698228920305   0.39698228920305
    7    0.40896311137631   0.40896311137631
    8    0.52788356508155   0.52788356508155

   kloop=82
   k1=  -0.28571 k2=   0.14286 k3=   0.28572

    1   -0.64420403975845  -0.64420403975845
    2   -0.46855201160193  -0.46855201160193
    3   -0.36692680373562  -0.36692680373562
    4   -0.24649868175515  -0.24649868175515
    5    0.26086302001912   0.26086302001912
    6    0.44996038850682   0.44996038850682
    7    0.48819606488475   0.48819606488475
    8    0.52257006266942   0.52257006266942

   kloop=83
   k1=  -0.28571 k2=   0.14286 k3=   0.42857

    1   -0.56369503317575  -0.56369503317575
    2   -0.50656397267837  -0.50656397267837
    3   -0.40401115736581  -0.40401115736581
    4   -0.31362894455660  -0.31362894455660
    5    0.30604173959746   0.30604173959746
    6    0.42362194825204   0.42362194825204
    7    0.51688036503671   0.51688036503671
    8    0.57598484337559   0.57598484337559

   kloop=84
   k1=  -0.28571 k2=   0.28571 k3=  -0.42857

    1   -0.56866423112023  -0.56866423112023
    2   -0.49948760811817  -0.49948760811817
    3   -0.39799572241272  -0.39799572241272
    4   -0.32329794193331  -0.32329794193331
    5    0.31088027140025   0.31088027140025
    6    0.41162282883577   0.41162282883577
    7    0.51830175850750   0.51830175850750
    8    0.57098603114288   0.57098603114288

   kloop=85
   k1=  -0.28571 k2=   0.28571 k3=  -0.28571

    1   -0.61101098187470  -0.61101098187470
    2   -0.47848209196361  -0.47848209196361
    3   -0.39211243444770  -0.39211243444770
    4   -0.26644357925082  -0.26644357925082
    5    0.24173527357120   0.24173527357120
    6    0.45076205247990   0.45076205247990
    7    0.48973270302680   0.48973270302680
    8    0.53180407238393   0.53180407238393

   kloop=86
   k1=  -0.28571 k2=   0.28571 k3=  -0.14286

    1   -0.64842992027917  -0.64842992027917
    2   -0.45739312163107  -0.45739312163107
    3   -0.33348212101691  -0.33348212101691
    4   -0.29731231076585  -0.29731231076585
    5    0.31019311453976   0.31019311453976
    6    0.37943685619676   0.37943685619676
    7    0.48559088037560   0.48559088037560
    8    0.49732857587149   0.49732857587149

   kloop=87
   k1=  -0.28571 k2=   0.28571 k3=   0.00000

    1   -0.66274434056899  -0.66274434056899
    2   -0.41801343396817  -0.41801343396817
    3   -0.38384553050919  -0.38384553050919
    4   -0.26235015356943  -0.26235015356943
    5    0.26302341665935   0.26302341665935
    6    0.43422965368034   0.43422965368034
    7    0.45675968858863   0.45675968858863
    8    0.51288654201351   0.51288654201351

   kloop=88
   k1=  -0.28571 k2=   0.28571 k3=   0.14286

    1   -0.64698075062308  -0.64698075062308
    2   -0.46474755908332  -0.46474755908332
    3   -0.32780315063827  -0.32780315063827
    4   -0.29607526995595  -0.29607526995595
    5    0.29665275325349   0.29665275325349
    6    0.39151779254354   0.39151779254354
    7    0.48227379941677   0.48227379941677
    8    0.51741117580485   0.51741117580485

   kloop=89
   k1=  -0.28571 k2=   0.28571 k3=   0.28572

    1   -0.60780137201412  -0.60780137201412
    2   -0.48730359614215  -0.48730359614215
    3   -0.39273116628240  -0.39273116628240
    4   -0.25741543309970  -0.25741543309970
    5    0.23379639767597   0.23379639767597
    6    0.46294520060792   0.46294520060792
    7    0.49710901734913   0.49710901734913
    8    0.53777743484003   0.53777743484003

   kloop=90
   k1=  -0.28571 k2=   0.28571 k3=   0.42857

    1   -0.56532891710035  -0.56532891710035
    2   -0.50405290944656  -0.50405290944656
    3   -0.40385237193645  -0.40385237193645
    4   -0.31480324742724  -0.31480324742724
    5    0.30043749528413   0.30043749528413
    6    0.42544371909609   0.42544371909609
    7    0.52818691609707   0.52818691609707
    8    0.56569407608296   0.56569407608296

   kloop=91
   k1=  -0.28571 k2=   0.42857 k3=  -0.42857

    1   -0.63978868885366  -0.63978868885366
    2   -0.49147214870071  -0.49147214870071
    3   -0.31503270676793  -0.31503270676793
    4   -0.28317419784994  -0.28317419784994
    5    0.27106272025063   0.27106272025063
    6    0.40788029210101   0.40788029210101
    7    0.47335030198078   0.47335030198078
    8    0.59710026754400   0.59710026754400

   kloop=92
   k1=  -0.28571 k2=   0.42857 k3=  -0.28571

    1   -0.65883046811396  -0.65883046811396
    2   -0.44068126953791  -0.44068126953791
    3   -0.38584052028738  -0.38584052028738
    4   -0.23150535573580  -0.23150535573580
    5    0.25756208550702   0.25756208550702
    6    0.43250871532476   0.43250871532476
    7    0.46353739697653   0.46353739697653
    8    0.55738712791583   0.55738712791583

   kloop=93
   k1=  -0.28571 k2=   0.42857 k3=  -0.14286

    1   -0.64636053504786  -0.64636053504786
    2   -0.46323064170947  -0.46323064170947
    3   -0.34527838299292  -0.34527838299292
    4   -0.27862588373103  -0.27862588373103
    5    0.29169007048898   0.29169007048898
    6    0.39236168505675   0.39236168505675
    7    0.49511015689516   0.49511015689516
    8    0.51043720977868   0.51043720977868

   kloop=94
   k1=  -0.28571 k2=   0.42857 k3=   0.00000

    1   -0.61179941584983  -0.61179941584983
    2   -0.48093592759159  -0.48093592759159
    3   -0.36742925163828  -0.36742925163828
    4   -0.29337883499277  -0.29337883499277
    5    0.23294872327186   0.23294872327186
    6    0.44763531975054   0.44763531975054
    7    0.50313090309366   0.50313090309366
    8    0.52190236448379   0.52190236448379

   kloop=95
   k1=  -0.28571 k2=   0.42857 k3=   0.14286

    1   -0.57816707529433  -0.57816707529433
    2   -0.47747654335420  -0.47747654335420
    3   -0.39187758351712  -0.39187758351712
    4   -0.34610772363021  -0.34610772363021
    5    0.32410451711990   0.32410451711990
    6    0.43110615061490   0.43110615061490
    7    0.48336266428139   0.48336266428139
    8    0.54552843751288   0.54552843751288

   kloop=96
   k1=  -0.28571 k2=   0.42857 k3=   0.28572

    1   -0.56663048106886  -0.56663048106886
    2   -0.49941916658949  -0.49941916658949
    3   -0.40733103034428  -0.40733103034428
    4   -0.31539315662322  -0.31539315662322
    5    0.31451324137795   0.31451324137795
    6    0.44915978542230   0.44915978542230
    7    0.49274872026238   0.49274872026238
    8    0.55471537612774   0.55471537612774

   kloop=97
   k1=  -0.28571 k2=   0.42857 k3=   0.42857

    1   -0.59579401076245  -0.59579401076245
    2   -0.51846437606945  -0.51846437606945
    3   -0.36895718841925  -0.36895718841925
    4   -0.26053019549805  -0.26053019549805
    5    0.23244101209309   0.23244101209309
    6    0.42589938039376   0.42589938039376
    7    0.51688968647040   0.51688968647040
    8    0.59451354076867   0.59451354076867

   kloop=98
   k1=  -0.14286 k2=  -0.42857 k3=  -0.42857

    1   -0.68151645587978  -0.68151645587978
    2   -0.42153654023918  -0.42153654023918
    3   -0.30587346384658  -0.30587346384658
    4   -0.26618483467265  -0.26618483467265
    5    0.18257220874760   0.18257220874760
    6    0.37015292145959   0.37015292145959
    7    0.53066933792891   0.53066933792891
    8    0.55680068219844   0.55680068219844

   kloop=99
   k1=  -0.14286 k2=  -0.42857 k3=  -0.28571

    1   -0.72850826941091  -0.72850826941091
    2   -0.36557108215348  -0.36557108215348
    3   -0.31294003545177  -0.31294003545177
    4   -0.22552671440520  -0.22552671440520
    5    0.22124010874000   0.22124010874000
    6    0.40228016240986   0.40228016240986
    7    0.42572950457835   0.42572950457835
    8    0.52585621219098   0.52585621219098

   kloop=100
   k1=  -0.14286 k2=  -0.42857 k3=  -0.14286

    1   -0.73712138444166  -0.73712138444166
    2   -0.39640228814205  -0.39640228814205
    3   -0.29177146275774  -0.29177146275774
    4   -0.17468407009285  -0.17468407009285
    5    0.23105042917073   0.23105042917073
    6    0.35295271355101   0.35295271355101
    7    0.39913366084222   0.39913366084222
    8    0.52446168770164   0.52446168770164

   kloop=101
   k1=  -0.14286 k2=  -0.42857 k3=   0.00000

    1   -0.70751019969394  -0.70751019969394
    2   -0.44598874927562  -0.44598874927562
    3   -0.26107765258103  -0.26107765258103
    4   -0.22109148322351  -0.22109148322351
    5    0.21914353436125   0.21914353436125
    6    0.36700717591019   0.36700717591019
    7    0.42549467591249   0.42549467591249
    8    0.52399827589669   0.52399827589669

   kloop=102
   k1=  -0.14286 k2=  -0.42857 k3=   0.14286

    1   -0.64608552175098  -0.64608552175098
    2   -0.46364898216401  -0.46364898216401
    3   -0.34791578596691  -0.34791578596691
    4   -0.27539780854737  -0.27539780854737
    5    0.29757477034943   0.29757477034943
    6    0.38482023903002   0.38482023903002
    7    0.49380410553524   0.49380410553524
    8    0.51627386614365   0.51627386614365

   kloop=103
   k1=  -0.14286 k2=  -0.42857 k3=   0.28572

    1   -0.56839638201936  -0.56839638201936
    2   -0.49744210806205  -0.49744210806205
    3   -0.40185409668061  -0.40185409668061
    4   -0.32225980082616  -0.32225980082616
    5    0.33455175468042   0.33455175468042
    6    0.42574635378042   0.42574635378042
    7    0.47742864712470   0.47742864712470
    8    0.56819719177056   0.56819719177056

   kloop=104
   k1=  -0.14286 k2=  -0.42857 k3=   0.42857

    1   -0.60171095912621  -0.60171095912621
    2   -0.48586570644470  -0.48586570644470
    3   -0.35264706061906  -0.35264706061906
    4   -0.31376697273160  -0.31376697273160
    5    0.26318937184563   0.26318937184563
    6    0.36125136870989   0.36125136870989
    7    0.55729001562146   0.55729001562146
    8    0.57421766359086   0.57421766359086

   kloop=105
   k1=  -0.14286 k2=  -0.28572 k3=  -0.42857

    1   -0.72617286769676  -0.72617286769676
    2   -0.39287201958699  -0.39287201958699
    3   -0.30940085984627  -0.30940085984627
    4   -0.19151554970326  -0.19151554970326
    5    0.20602023935596   0.20602023935596
    6    0.35488172864584   0.35488172864584
    7    0.51510958675873   0.51510958675873
    8    0.55896886968452   0.55896886968452

   kloop=106
   k1=  -0.14286 k2=  -0.28572 k3=  -0.28571

    1   -0.78685614200936  -0.78685614200936
    2   -0.32918110987966  -0.32918110987966
    3   -0.22100614882543  -0.22100614882543
    4   -0.15480266565938  -0.15480266565938
    5    0.15759985444601   0.15759985444601
    6    0.32181253438080   0.32181253438080
    7    0.40537684220254   0.40537684220254
    8    0.54565537301137   0.54565537301137

   kloop=107
   k1=  -0.14286 k2=  -0.28572 k3=  -0.14286

    1   -0.80814536739708  -0.80814536739708
    2   -0.27234676364826  -0.27234676364826
    3   -0.23205807856475  -0.23205807856475
    4   -0.13222019743216  -0.13222019743216
    5    0.19366250941579   0.19366250941579
    6    0.27536202306195   0.27536202306195
    7    0.33432287257783   0.33432287257783
    8    0.52704553971234   0.52704553971234

   kloop=108
   k1=  -0.14286 k2=  -0.28572 k3=   0.00000

    1   -0.78773543483621  -0.78773543483621
    2   -0.29480962618490  -0.29480962618490
    3   -0.24558232579907  -0.24558232579907
    4   -0.17540621755104  -0.17540621755104
    5    0.17166018136284   0.17166018136284
    6    0.31895050974945   0.31895050974945
    7    0.39339376987748   0.39339376987748
    8    0.50571258753814   0.50571258753814

   kloop=109
   k1=  -0.14286 k2=  -0.28572 k3=   0.14286

    1   -0.72817060944263  -0.72817060944263
    2   -0.36325465282420  -0.36325465282420
    3   -0.31614917282570  -0.31614917282570
    4   -0.22689484768184  -0.22689484768184
    5    0.24384652291220   0.24384652291220
    6    0.36513471387850   0.36513471387850
    7    0.45519561219428   0.45519561219428
    8    0.51610910601119   0.51610910601119

   kloop=110
   k1=  -0.14286 k2=  -0.28572 k3=   0.28572

    1   -0.63896633858662  -0.63896633858662
    2   -0.48998376442029  -0.48998376442029
    3   -0.33714618866209  -0.33714618866209
    4   -0.26295242458661  -0.26295242458661
    5    0.33880771521558   0.33880771521558
    6    0.36300439273388   0.36300439273388
    7    0.46886252183631   0.46886252183631
    8    0.58527161409957   0.58527161409957

   kloop=111
   k1=  -0.14286 k2=  -0.28572 k3=   0.42857

    1   -0.63555622430504  -0.63555622430504
    2   -0.49902811877183  -0.49902811877183
    3   -0.34161071085913  -0.34161071085913
    4   -0.24761621448993  -0.24761621448993
    5    0.29686792008451   0.29686792008451
    6    0.36778777865436   0.36778777865436
    7    0.51312296958025   0.51312296958025
    8    0.60502580154741   0.60502580154741

   kloop=112
   k1=  -0.14286 k2=  -0.14286 k3=  -0.42857

    1   -0.73331852109953  -0.73331852109953
    2   -0.42853136512904  -0.42853136512904
    3   -0.27957361747431  -0.27957361747431
    4   -0.14226094276450  -0.14226094276450
    5    0.22996089328536   0.22996089328536
    6    0.30975606762962   0.30975606762962
    7    0.46895788704363   0.46895788704363
    8    0.60790849208849   0.60790849208849

   kloop=113
   k1=  -0.14286 k2=  -0.14286 k3=  -0.28571

    1   -0.80716313007812  -0.80716313007812
    2   -0.30346697045270  -0.30346697045270
    3   -0.22718019409814  -0.22718019409814
    4   -0.08068960566020  -0.08068960566020
    5    0.15178321920298   0.15178321920298
    6    0.26668246091115   0.26668246091115
    7    0.39132429298994   0.39132429298994
    8    0.55680815500244   0.55680815500244

   kloop=114
   k1=  -0.14286 k2=  -0.14286 k3=  -0.14286

    1   -0.84254738822558  -0.84254738822558
    2   -0.23141617856649  -0.23141617856649
    3   -0.13907630940804  -0.13907630940804
    4   -0.07466306287797  -0.07466306287797
    5    0.14134162153206   0.14134162153206
    6    0.19442901389303   0.19442901389303
    7    0.28966797330353   0.28966797330353
    8    0.52253761696811   0.52253761696811

   kloop=115
   k1=  -0.14286 k2=  -0.14286 k3=   0.00000

    1   -0.83557193384331  -0.83557193384331
    2   -0.21074309589058  -0.21074309589058
    3   -0.15731064206233  -0.15731064206233
    4   -0.13532416944199  -0.13532416944199
    5    0.13328442258626   0.13328442258626
    6    0.23411801873997   0.23411801873997
    7    0.32017141940153   0.32017141940153
    8    0.50685260812759   0.50685260812759

   kloop=116
   k1=  -0.14286 k2=  -0.14286 k3=   0.14286

    1   -0.78703552353896  -0.78703552353896
    2   -0.32326189043395  -0.32326189043395
    3   -0.20574617866737  -0.20574617866737
    4   -0.18617444408414  -0.18617444408414
    5    0.19332542462187   0.19332542462187
    6    0.30973703345930   0.30973703345930
    7    0.39035961037167   0.39035961037167
    8    0.53348786046961   0.53348786046961

   kloop=117
   k1=  -0.14286 k2=  -0.14286 k3=   0.28572

    1   -0.70297378968294  -0.70297378968294
    2   -0.46965594686212  -0.46965594686212
    3   -0.25374251781095  -0.25374251781095
    4   -0.20489085674069  -0.20489085674069
    5    0.27767679093275   0.27767679093275
    6    0.33400970955229   0.33400970955229
    7    0.42674972645527   0.42674972645527
    8    0.59671090148843   0.59671090148843

   kloop=118
   k1=  -0.14286 k2=  -0.14286 k3=   0.42857

    1   -0.64260358133047  -0.64260358133047
    2   -0.54811752707934  -0.54811752707934
    3   -0.28238325691758  -0.28238325691758
    4   -0.18865353931371  -0.18865353931371
    5    0.28421716536633   0.28421716536633
    6    0.32778658047094   0.32778658047094
    7    0.46155078054128   0.46155078054128
    8    0.63735171887035   0.63735171887035

   kloop=119
   k1=  -0.14286 k2=  -0.00000 k3=  -0.42857

    1   -0.70229442569649  -0.70229442569649
    2   -0.47328473966161  -0.47328473966161
    3   -0.24960221780408  -0.24960221780408
    4   -0.20142857298957  -0.20142857298957
    5    0.22463700197728   0.22463700197728
    6    0.35962019822110   0.35962019822110
    7    0.44310260046378   0.44310260046378
    8    0.61777199692305   0.61777199692305

   kloop=120
   k1=  -0.14286 k2=  -0.00000 k3=  -0.28571

    1   -0.78674423506219  -0.78674423506219
    2   -0.33126824428694  -0.33126824428694
    3   -0.21800067467850  -0.21800067467850
    4   -0.15581505964710  -0.15581505964710
    5    0.16017512020096   0.16017512020096
    6    0.32342842083139   0.32342842083139
    7    0.40099254809167   0.40099254809167
    8    0.55052703029813   0.55052703029813

   kloop=121
   k1=  -0.14286 k2=  -0.00000 k3=  -0.14286

    1   -0.83560278819624  -0.83560278819624
    2   -0.21446036044775  -0.21446036044775
    3   -0.16823564848989  -0.16823564848989
    4   -0.11380413544833  -0.11380413544833
    5    0.11481004525846   0.11481004525846
    6    0.25651718207086   0.25651718207086
    7    0.30682908520190   0.30682908520190
    8    0.51025589234789   0.51025589234789

   kloop=122
   k1=  -0.14286 k2=  -0.00000 k3=   0.00000

    1   -0.84288426989396  -0.84288426989396
    2   -0.19348396963136  -0.19348396963136
    3   -0.17805249308604  -0.17805249308604
    4   -0.08200652388825  -0.08200652388825
    5    0.13286914931644   0.13286914931644
    6    0.22525505150484   0.22525505150484
    7    0.26415124200650   0.26415124200650
    8    0.51010177199199   0.51010177199199

   kloop=123
   k1=  -0.14286 k2=  -0.00000 k3=   0.14286

    1   -0.80783286084189  -0.80783286084189
    2   -0.28017106024151  -0.28017106024151
    3   -0.23793506265590  -0.23793506265590
    4   -0.10953317570491  -0.10953317570491
    5    0.16780329455016   0.16780329455016
    6    0.29556084569368   0.29556084569368
    7    0.34132433151659   0.34132433151659
    8    0.53651799545435   0.53651799545435

   kloop=124
   k1=  -0.14286 k2=  -0.00000 k3=   0.28572

    1   -0.73439215266403  -0.73439215266403
    2   -0.42355518171411  -0.42355518171411
    3   -0.26862893365853  -0.26862893365853
    4   -0.16759140133035  -0.16759140133035
    5    0.23126068158093   0.23126068158093
    6    0.36711613940993   0.36711613940993
    7    0.39593669788050   0.39593669788050
    8    0.59589897182827   0.59589897182827

   kloop=125
   k1=  -0.14286 k2=  -0.00000 k3=   0.42857

    1   -0.64352709268220  -0.64352709268220
    2   -0.54737023576869  -0.54737023576869
    3   -0.26880557028051  -0.26880557028051
    4   -0.20476785947528  -0.20476785947528
    5    0.24837634186691   0.24837634186691
    6    0.37982420449641   0.37982420449641
    7    0.43238832789793   0.43238832789793
    8    0.64258577937143   0.64258577937143

   kloop=126
   k1=  -0.14286 k2=   0.14286 k3=  -0.42857

    1   -0.63870811683980  -0.63870811683980
    2   -0.49423450384188  -0.49423450384188
    3   -0.31557229528018  -0.31557229528018
    4   -0.28052872726217  -0.28052872726217
    5    0.27797313419802   0.27797313419802
    6    0.40879311696650   0.40879311696650
    7    0.46338566706115   0.46338566706115
    8    0.60750045234153   0.60750045234153

   kloop=127
   k1=  -0.14286 k2=   0.14286 k3=  -0.28571

    1   -0.72827427372504  -0.72827427372504
    2   -0.36871194131254  -0.36871194131254
    3   -0.31160376259660  -0.31160376259660
    4   -0.22315171728062  -0.22315171728062
    5    0.22169828963411   0.22169828963411
    6    0.40651285234516   0.40651285234516
    7    0.41935019334507   0.41935019334507
    8    0.53269535749046   0.53269535749046

   kloop=128
   k1=  -0.14286 k2=   0.14286 k3=  -0.14286

    1   -0.78814178850993  -0.78814178850993
    2   -0.28942388298199  -0.28942388298199
    3   -0.24012814004209  -0.24012814004209
    4   -0.18907162077472  -0.18907162077472
    5    0.17868104495299   0.17868104495299
    6    0.33623538013467   0.33623538013467
    7    0.36100596361351   0.36100596361351
    8    0.50180550479460   0.50180550479460

   kloop=129
   k1=  -0.14286 k2=   0.14286 k3=   0.00000

    1   -0.80883212307708  -0.80883212307708
    2   -0.23853525847171  -0.23853525847171
    3   -0.22675482159123  -0.22675482159123
    4   -0.18574020371601  -0.18574020371601
    5    0.23596080510574   0.23596080510574
    6    0.27187831975396   0.27187831975396
    7    0.28997706037435   0.28997706037435
    8    0.51008043678252   0.51008043678252

   kloop=130
   k1=  -0.14286 k2=   0.14286 k3=   0.14286

    1   -0.78792337794391  -0.78792337794391
    2   -0.29822643018143  -0.29822643018143
    3   -0.24147744578900  -0.24147744578900
    4   -0.17585959023998  -0.17585959023998
    5    0.17016565675272   0.17016565675272
    6    0.34527253742580   0.34527253742580
    7    0.36401528773373   0.36401528773373
    8    0.50895806265625   0.50895806265625

   kloop=131
   k1=  -0.14286 k2=   0.14286 k3=   0.28572

    1   -0.72778804735840  -0.72778804735840
    2   -0.37383098796236  -0.37383098796236
    3   -0.31634188476220  -0.31634188476220
    4   -0.20959503570034  -0.20959503570034
    5    0.20663723266189   0.20663723266189
    6    0.40741479906680   0.40741479906680
    7    0.43739076236227   0.43739076236227
    8    0.54303896176979   0.54303896176979

   kloop=132
   k1=  -0.14286 k2=   0.14286 k3=   0.42857

    1   -0.63791238033966  -0.63791238033966
    2   -0.49608712162648  -0.49608712162648
    3   -0.32201946713776  -0.32201946713776
    4   -0.27151695276617  -0.27151695276617
    5    0.26911559144540   0.26911559144540
    6    0.40964687622131   0.40964687622131
    7    0.47289311184624   0.47289311184624
    8    0.61289816217126   0.61289816217126

   kloop=133
   k1=  -0.14286 k2=   0.28571 k3=  -0.42857

    1   -0.56721660356487  -0.56721660356487
    2   -0.50191881944452  -0.50191881944452
    3   -0.39827203472536  -0.39827203472536
    4   -0.32183797579778  -0.32183797579778
    5    0.31670603890363   0.31670603890363
    6    0.40933120015813   0.40933120015813
    7    0.50887792389660   0.50887792389660
    8    0.57959030931225   0.57959030931225

   kloop=134
   k1=  -0.14286 k2=   0.28571 k3=  -0.28571

    1   -0.64633297045956  -0.64633297045956
    2   -0.46041610724176  -0.46041610724176
    3   -0.36487120251722  -0.36487120251722
    4   -0.25813738717489  -0.25813738717489
    5    0.28021824129634   0.28021824129634
    6    0.43042241068040   0.43042241068040
    7    0.46866560569340   0.46866560569340
    8    0.51913845059417   0.51913845059417

   kloop=135
   k1=  -0.14286 k2=   0.28571 k3=  -0.14286

    1   -0.70824851596998  -0.70824851596998
    2   -0.44279448330583  -0.44279448330583
    3   -0.27078907913002  -0.27078907913002
    4   -0.21454105351599  -0.21454105351599
    5    0.23261615719139   0.23261615719139
    6    0.38622413840860   0.38622413840860
    7    0.39670886249462   0.39670886249462
    8    0.51130245632144   0.51130245632144

   kloop=136
   k1=  -0.14286 k2=   0.28571 k3=   0.00000

    1   -0.73814707842727  -0.73814707842727
    2   -0.39260964937651  -0.39260964937651
    3   -0.26025463778476  -0.26025463778476
    4   -0.22146723484837  -0.22146723484837
    5    0.27659998590890   0.27659998590890
    6    0.33549211304602   0.33549211304602
    7    0.35798674449214   0.35798674449214
    8    0.51891988915864   0.51891988915864

   kloop=137
   k1=  -0.14286 k2=   0.28571 k3=   0.14286

    1   -0.73003752734876  -0.73003752734876
    2   -0.33357346154534  -0.33357346154534
    3   -0.31396217921538  -0.31396217921538
    4   -0.26470796818042  -0.26470796818042
    5    0.25736487578090   0.25736487578090
    6    0.35416060216636   0.35416060216636
    7    0.44454674142560   0.44454674142560
    8    0.48129751022665   0.48129751022665

   kloop=138
   k1=  -0.14286 k2=   0.28571 k3=   0.28572

    1   -0.68397908797160  -0.68397908797160
    2   -0.39443735513067  -0.39443735513067
    3   -0.33537060068632  -0.33537060068632
    4   -0.26574390713419  -0.26574390713419
    5    0.19184814101500   0.19184814101500
    6    0.38487411771750   0.38487411771750
    7    0.50475301672818   0.50475301672818
    8    0.52125804515672   0.52125804515672

   kloop=139
   k1=  -0.14286 k2=   0.28571 k3=   0.42857

    1   -0.60591506913038  -0.60591506913038
    2   -0.47483224138846  -0.47483224138846
    3   -0.35377916341574  -0.35377916341574
    4   -0.32119999133769  -0.32119999133769
    5    0.26401167335948   0.26401167335948
    6    0.35887717660124   0.35887717660124
    7    0.54212869568886   0.54212869568886
    8    0.57759112762874   0.57759112762874

   kloop=140
   k1=  -0.14286 k2=   0.42857 k3=  -0.42857

    1   -0.60772241913463  -0.60772241913463
    2   -0.46938404355053  -0.46938404355053
    3   -0.34959614526165  -0.34959614526165
    4   -0.33025408188505  -0.33025408188505
    5    0.27335574149413   0.27335574149413
    6    0.35281696516629   0.35281696516629
    7    0.53525132148819   0.53525132148819
    8    0.57157718226253   0.57157718226253

   kloop=141
   k1=  -0.14286 k2=   0.42857 k3=  -0.28571

    1   -0.64663204277908  -0.64663204277908
    2   -0.45939040326898  -0.45939040326898
    3   -0.36490212471832  -0.36490212471832
    4   -0.25920015695152  -0.25920015695152
    5    0.28083024847085   0.28083024847085
    6    0.43323291870482   0.43323291870482
    7    0.46652847994131   0.46652847994131
    8    0.51549381587610   0.51549381587610

   kloop=142
   k1=  -0.14286 k2=   0.42857 k3=  -0.14286

    1   -0.65970408136645  -0.65970408136645
    2   -0.51078854128631  -0.51078854128631
    3   -0.29160002932350  -0.29160002932350
    4   -0.20795717528573  -0.20795717528573
    5    0.24453879922479   0.24453879922479
    6    0.38425266423914   0.38425266423914
    7    0.41781232228899   0.41781232228899
    8    0.52884491069333   0.52884491069333

   kloop=143
   k1=  -0.14286 k2=   0.42857 k3=   0.00000

    1   -0.66028071151376  -0.66028071151376
    2   -0.51035131496414  -0.51035131496414
    3   -0.25538707281799  -0.25538707281799
    4   -0.24991668987902  -0.24991668987902
    5    0.25189170117651   0.25189170117651
    6    0.37309150000057   0.37309150000057
    7    0.40989092694237   0.40989092694237
    8    0.53557711717932   0.53557711717932

   kloop=144
   k1=  -0.14286 k2=   0.42857 k3=   0.14286

    1   -0.64845576655087  -0.64845576655087
    2   -0.45680856534780  -0.45680856534780
    3   -0.33739590618217  -0.33739590618217
    4   -0.29385858000490  -0.29385858000490
    5    0.32129516491780   0.32129516491780
    6    0.36777976339792   0.36777976339792
    7    0.48512023911071   0.48512023911071
    8    0.49886778213775   0.49886778213775

   kloop=145
   k1=  -0.14286 k2=   0.42857 k3=   0.28572

    1   -0.61147730351154  -0.61147730351154
    2   -0.45410372477623  -0.45410372477623
    3   -0.35005787405100  -0.35005787405100
    4   -0.34387012948401  -0.34387012948401
    5    0.29403571971672   0.29403571971672
    6    0.35136625685607   0.35136625685607
    7    0.50270382797506   0.50270382797506
    8    0.56067693582622   0.56067693582622

   kloop=146
   k1=  -0.14286 k2=   0.42857 k3=   0.42857

    1   -0.54983306010275  -0.54983306010275
    2   -0.53746486235516  -0.53746486235516
    3   -0.36201462102156  -0.36201462102156
    4   -0.29367091369329  -0.29367091369329
    5    0.22031445002396   0.22031445002396
    6    0.31464325449645   0.31464325449645
    7    0.57296866176060   0.57296866176060
    8    0.58315780582288   0.58315780582288

   kloop=147
   k1=   0.00000 k2=  -0.42857 k3=  -0.42857

    1   -0.62543931783501  -0.62543931783501
    2   -0.46969406668911  -0.46969406668911
    3   -0.30381064139279  -0.30381064139279
    4   -0.29675704660538  -0.29675704660538
    5    0.17435285725548   0.17435285725548
    6    0.27655285899670   0.27655285899670
    7    0.56959777433586   0.56959777433586
    8    0.58198014439657   0.58198014439657

   kloop=148
   k1=   0.00000 k2=  -0.42857 k3=  -0.28571

    1   -0.68460381030872  -0.68460381030872
    2   -0.38669526771947  -0.38669526771947
    3   -0.33633260372414  -0.33633260372414
    4   -0.27399918445528  -0.27399918445528
    5    0.20063440351480   0.20063440351480
    6    0.37763923627427   0.37763923627427
    7    0.49795251787350   0.49795251787350
    8    0.51544928822217   0.51544928822217

   kloop=149
   k1=   0.00000 k2=  -0.42857 k3=  -0.14286

    1   -0.70834723613942  -0.70834723613942
    2   -0.44230738415213  -0.44230738415213
    3   -0.27132489102510  -0.27132489102510
    4   -0.21487165749097  -0.21487165749097
    5    0.23905656773601   0.23905656773601
    6    0.37281855064928   0.37281855064928
    7    0.40413429325456   0.40413429325456
    8    0.50988362104856   0.50988362104856

   kloop=150
   k1=   0.00000 k2=  -0.42857 k3=   0.00000

    1   -0.69692386575787  -0.69692386575787
    2   -0.49821378471631  -0.49821378471631
    3   -0.23216665967632  -0.23216665967632
    4   -0.16993500952623  -0.16993500952623
    5    0.21835335401651   0.21835335401651
    6    0.33339157295623   0.33339157295623
    7    0.35761198061434   0.35761198061434
    8    0.54781737118989   0.54781737118989

   kloop=151
   k1=   0.00000 k2=  -0.42857 k3=   0.14286

    1   -0.65961404104574  -0.65961404104574
    2   -0.51085181752309  -0.51085181752309
    3   -0.29323607081103  -0.29323607081103
    4   -0.20602328872440  -0.20602328872440
    5    0.24986254133572   0.24986254133572
    6    0.36996393939009   0.36996393939009
    7    0.42858337440626   0.42858337440626
    8    0.52804510334454   0.52804510334454

   kloop=152
   k1=   0.00000 k2=  -0.42857 k3=   0.28572

    1   -0.61091085421146  -0.61091085421146
    2   -0.47793534663056  -0.47793534663056
    3   -0.39425155233630  -0.39425155233630
    4   -0.26480450857619  -0.26480450857619
    5    0.24897114302657   0.24897114302657
    6    0.44758462664021   0.44758462664021
    7    0.47766153672855   0.47766153672855
    8    0.54113874307480   0.54113874307480

   kloop=153
   k1=   0.00000 k2=  -0.42857 k3=   0.42857

    1   -0.55151013322501  -0.55151013322501
    2   -0.53606062387827  -0.53606062387827
    3   -0.35622946721056  -0.35622946721056
    4   -0.30013998166350  -0.30013998166350
    5    0.22959587723248   0.22959587723248
    6    0.30370558800942   0.30370558800942
    7    0.56301212979686   0.56301212979686
    8    0.59322212389775   0.59322212389775

   kloop=154
   k1=   0.00000 k2=  -0.28572 k3=  -0.42857

    1   -0.68101765110822  -0.68101765110822
    2   -0.42579948108223  -0.42579948108223
    3   -0.29423919053522  -0.29423919053522
    4   -0.27363470712468  -0.27363470712468
    5    0.18203703921954   0.18203703921954
    6    0.36569361220556   0.36569361220556
    7    0.52338293574644   0.52338293574644
    8    0.57679077356516   0.57679077356516

   kloop=155
   k1=   0.00000 k2=  -0.28572 k3=  -0.28571

    1   -0.75310266383840  -0.75310266383840
    2   -0.32066920591437  -0.32066920591437
    3   -0.25778700639371  -0.25778700639371
    4   -0.23561687548064  -0.23561687548064
    5    0.12774614114035   0.12774614114035
    6    0.37506079066029   0.37506079066029
    7    0.46832676723821   0.46832676723821
    8    0.50593713428259   0.50593713428259

   kloop=156
   k1=   0.00000 k2=  -0.28572 k3=  -0.14286

    1   -0.78819483694316  -0.78819483694316
    2   -0.28814762957783  -0.28814762957783
    3   -0.23941115956935  -0.23941115956935
    4   -0.19179710295806  -0.19179710295806
    5    0.18140238600986   0.18140238600986
    6    0.33184090523589   0.33184090523589
    7    0.36292401512891   0.36292401512891
    8    0.50030005013617   0.50030005013617

   kloop=157
   k1=   0.00000 k2=  -0.28572 k3=   0.00000

    1   -0.78242006039026  -0.78242006039026
    2   -0.35414703142399  -0.35414703142399
    3   -0.21134662874754  -0.21134662874754
    4   -0.14698983494514  -0.14698983494514
    5    0.20153584581730   0.20153584581730
    6    0.29606188587916   0.29606188587916
    7    0.32378670611193   0.32378670611193
    8    0.53053427925335   0.53053427925335

   kloop=158
   k1=   0.00000 k2=  -0.28572 k3=   0.14286

    1   -0.73696433585773  -0.73696433585773
    2   -0.39709814133208  -0.39709814133208
    3   -0.29323675205247  -0.29323675205247
    4   -0.17151951533071  -0.17151951533071
    5    0.23288781332737   0.23288781332737
    6    0.34239391759983   0.34239391759983
    7    0.40961349969144   0.40961349969144
    8    0.52572331941861   0.52572331941861

   kloop=159
   k1=   0.00000 k2=  -0.28572 k3=   0.28572

    1   -0.65823778880405  -0.65823778880405
    2   -0.44368900134030  -0.44368900134030
    3   -0.38487173189267  -0.38487173189267
    4   -0.22940374588618  -0.22940374588618
    5    0.26454824958533   0.26454824958533
    6    0.42257292916342   0.42257292916342
    7    0.46316826514168   0.46316826514168
    8    0.56706230648191   0.56706230648191

   kloop=160
   k1=   0.00000 k2=  -0.28572 k3=   0.42857

    1   -0.59373375783706  -0.59373375783706
    2   -0.52328280548343  -0.52328280548343
    3   -0.35904870756530  -0.35904870756530
    4   -0.26941931214198  -0.26941931214198
    5    0.24244209771468   0.24244209771468
    6    0.40987468513528   0.40987468513528
    7    0.50725000494685   0.50725000494685
    8    0.61314599406578   0.61314599406578

   kloop=161
   k1=   0.00000 k2=  -0.14286 k3=  -0.42857

    1   -0.70206830834922  -0.70206830834922
    2   -0.47425467366783  -0.47425467366783
    3   -0.24717716431239  -0.24717716431239
    4   -0.20243574752153  -0.20243574752153
    5    0.21936216655063   0.21936216655063
    6    0.35813570345535   0.35813570345535
    7    0.44576171092972   0.44576171092972
    8    0.62538285522241   0.62538285522241

   kloop=162
   k1=   0.00000 k2=  -0.14286 k3=  -0.28571

    1   -0.78663796580776  -0.78663796580776
    2   -0.33274125214668  -0.33274125214668
    3   -0.22208458660782  -0.22208458660782
    4   -0.14726108930816  -0.14726108930816
    5    0.15147268291013   0.15147268291013
    6    0.32883861654906   0.32883861654906
    7    0.40194142842262   0.40194142842262
    8    0.55618036257467   0.55618036257467

   kloop=163
   k1=   0.00000 k2=  -0.14286 k3=  -0.14286

    1   -0.83560281026302  -0.83560281026302
    2   -0.21449727272127  -0.21449727272127
    3   -0.16860009731841  -0.16860009731841
    4   -0.11318428493914  -0.11318428493914
    5    0.11426126310789   0.11426126310789
    6    0.25770084277718   0.25770084277718
    7    0.30584010669099   0.30584010669099
    8    0.51041882908697   0.51041882908697

   kloop=164
   k1=   0.00000 k2=  -0.14286 k3=   0.00000

    1   -0.84298502799840  -0.84298502799840
    2   -0.18213834451478  -0.18213834451478
    3   -0.17546001601098  -0.17546001601098
    4   -0.10308175806299  -0.10308175806299
    5    0.15233677715895   0.15233677715895
    6    0.21258000570900   0.21258000570900
    7    0.25868113758744   0.25868113758744
    8    0.50692447509893   0.50692447509893

   kloop=165
   k1=   0.00000 k2=  -0.14286 k3=   0.14286

    1   -0.80803816069383  -0.80803816069383
    2   -0.27625056857268  -0.27625056857268
    3   -0.23004666527040  -0.23004666527040
    4   -0.12903340502578  -0.12903340502578
    5    0.19356548394736   0.19356548394736
    6    0.27642588364004   0.27642588364004
    7    0.33344621405624   0.33344621405624
    8    0.53055204252465   0.53055204252465

   kloop=166
   k1=   0.00000 k2=  -0.14286 k3=   0.28572

    1   -0.73471584774302  -0.73471584774302
    2   -0.42234681959934  -0.42234681959934
    3   -0.25839861724950  -0.25839861724950
    4   -0.18383060541847  -0.18383060541847
    5    0.25605200802010   0.25605200802010
    6    0.34377876570396   0.34377876570396
    7    0.39119170355658   0.39119170355658
    8    0.59135950105309   0.59135950105309

   kloop=167
   k1=   0.00000 k2=  -0.14286 k3=   0.42857

    1   -0.64379932722271  -0.64379932722271
    2   -0.54713391754093  -0.54713391754093
    3   -0.25783048088108  -0.25783048088108
    4   -0.21796235714091  -0.21796235714091
    5    0.25695525332300   0.25695525332300
    6    0.36662366671429   0.36662366671429
    7    0.43330605486330   0.43330605486330
    8    0.64413823549827   0.64413823549827

   kloop=168
   k1=   0.00000 k2=  -0.00000 k3=  -0.42857

    1   -0.68709519751972  -0.68709519751972
    2   -0.52739544416811  -0.52739544416811
    3   -0.21651935919750  -0.21651935919750
    4   -0.15900271895118  -0.15900271895118
    5    0.23622106576766   0.23622106576766
    6    0.31336649316653   0.31336649316653
    7    0.40558631591278   0.40558631591278
    8    0.65218377033964   0.65218377033964

   kloop=169
   k1=   0.00000 k2=  -0.00000 k3=  -0.28571

    1   -0.78020812919486  -0.78020812919486
    2   -0.38370775784442  -0.38370775784442
    3   -0.18847317109365  -0.18847317109365
    4   -0.13122868219797  -0.13122868219797
    5    0.21015057339643   0.21015057339643
    6    0.27532334830165   0.27532334830165
    7    0.36600204011166   0.36600204011166
    8    0.59691288887858   0.59691288887858

   kloop=170
   k1=   0.00000 k2=  -0.00000 k3=  -0.14286

    1   -0.84249385621546  -0.84249385621546
    2   -0.23405328597059  -0.23405328597059
    3   -0.13504220645202  -0.13504220645202
    4   -0.07594070342876  -0.07594070342876
    5    0.14377564205957   0.14377564205957
    6    0.19539900813934   0.19539900813934
    7    0.28683465242249   0.28683465242249
    8    0.52491864166650   0.52491864166650

   kloop=171
   k1=   0.00000 k2=  -0.00000 k3=   0.00000

    1   -0.86401410643160  -0.86401410643160
    2   -0.15683335656373  -0.15683335656373
    3   -0.08935877690756  -0.08935877690756
    4   -0.02491888878762  -0.02491888878762
    5    0.08354649508932   0.08354649508932
    6    0.14101772557284   0.14101772557284
    7    0.21960898854030   0.21960898854030
    8    0.49625743195180   0.49625743195180

***********************************************************
***********************************************************
                   Mulliken populations                    
***********************************************************
***********************************************************

  Total spin S =  0.000000000000

                    Up spin      Down spin     Sum           Diff
      1    C      2.000000000  2.000000000   4.000000000   0.000000000
      2    C      2.000000000  2.000000000   4.000000000   0.000000000

 Sum of MulP: up   =     4.00000 down          =     4.00000
              total=     8.00000 ideal(neutral)=     8.00000


  Decomposed Mulliken populations

    1    C          Up spin      Down spin     Sum           Diff
            multiple
  s           0    0.515378882  0.515378882   1.030757763   0.000000000
   sum over m      0.515378882  0.515378882   1.030757763   0.000000000
   sum over m+mul  0.515378882  0.515378882   1.030757763   0.000000000
  px          0    0.493751262  0.493751262   0.987502523   0.000000000
  py          0    0.495408041  0.495408041   0.990816083   0.000000000
  pz          0    0.495461815  0.495461815   0.990923631   0.000000000
   sum over m      1.484621118  1.484621118   2.969242237   0.000000000
   sum over m+mul  1.484621118  1.484621118   2.969242237   0.000000000

    2    C          Up spin      Down spin     Sum           Diff
            multiple
  s           0    0.515378882  0.515378882   1.030757764   0.000000000
   sum over m      0.515378882  0.515378882   1.030757764   0.000000000
   sum over m+mul  0.515378882  0.515378882   1.030757764   0.000000000
  px          0    0.493751261  0.493751261   0.987502523   0.000000000
  py          0    0.495408041  0.495408041   0.990816083   0.000000000
  pz          0    0.495461815  0.495461815   0.990923631   0.000000000
   sum over m      1.484621118  1.484621118   2.969242236   0.000000000
   sum over m+mul  1.484621118  1.484621118   2.969242236   0.000000000

***********************************************************
***********************************************************
                    Dipole moment (Debye)                  
***********************************************************
***********************************************************

 Absolute D        0.00009495

                      Dx                Dy                Dz
 Total              0.00005890        0.00005176        0.00005355
 Core              19.02069892       16.71515966       17.29154447
 Electron         -19.02064002      -16.71510790      -17.29149093
 Back ground       -0.00000000       -0.00000000       -0.00000000

***********************************************************
***********************************************************
       xyz-coordinates (Ang) and forces (Hartree/Bohr)  
***********************************************************
***********************************************************

<coordinates.forces
  2
    1     C     0.10000  -0.02000   0.01000  -0.090286184389  0.015475164737 -0.002742305229
    2     C     0.89000   0.89000   0.89000   0.090294023484 -0.015475240000  0.002739728678
coordinates.forces>

***********************************************************
***********************************************************
       Fractional coordinates of the final structure       
***********************************************************
***********************************************************

     1      C     0.01966292134831   0.03651685393258   0.96910112359551
     2      C     0.25000000000000   0.25000000000000   0.25000000000000

***********************************************************
***********************************************************
               Computational Time (second)                 
***********************************************************
***********************************************************

   Elapsed.Time.        29.790

                            Min_ID    Min_Time    Max_ID    Max_Time
   Total Computational Time =  0       29.790       0       29.790
   readfile                 =  0        6.781       0        6.781
   truncation               =  0        1.290       0        1.290
   MD_pac                   =  0        0.004       0        0.004
   DFT                      =  0       21.630       0       21.630

*** In DFT ***

   Set_OLP_Kin              =  0        1.895       0        1.895
   Set_Nonlocal             =  0        6.991       0        6.991
   Set_Hamiltonian          =  0        0.500       0        0.500
   Poisson                  =  0        0.003       0        0.003
   Diagonalization          =  0        1.462       0        1.462
   Mixing_DM                =  0        0.027       0        0.027
   Force                    =  0        1.274       0        1.274
   Total_Energy             =  0        9.059       0        9.059
   Set_Aden_Grid            =  0        0.021       0        0.021
   Set_Orbitals_Grid        =  0        0.060       0        0.060
   Set_Density_Grid         =  0        0.290       0        0.290
   Others                   =  0        0.047       0        0.047
