#
# File Name
#

System.CurrrentDirectory         ./    # default=./
System.Name                      negf-graphene
level.of.stdout                   1    # default=1 (1-3)
level.of.fileout                  0    # default=1 (0-2)


NEGF.filename.hks.l     lead-graphene.hks
NEGF.filename.hks.r     lead-graphene.hks

NEGF.Num.Poles             100       # defalut=150
NEGF.scf.Kgrid            10 1       # defalut=1 1

NEGF.bias.voltage          0.0       # default=0.0 (eV)
NEGF.bias.neq.im.energy    0.01      # default=0.01 (eV)
NEGF.bias.neq.energy.step  0.02      # default=0.02 (eV) 

Dos.fileout                 off      # on|off, default=off
NEGF.Dos.energyrange     -15.0 25.0 5.0e-3  #default=-10.0 10.0 5.0e-3 (eV)
NEGF.Dos.energy.div        200       # default=200
NEGF.Dos.Kgrid           600 1       # default=1 1 

NEGF.tran.energydiv        100       # default=200
NEGF.tran.energyrange -7.0 7.0 1.0e-3  # default=-10.0 10.0 1.0e-3 (eV)
NEGF.tran.Kgrid           30 1       # default= 1 1


#
# Definition of Atomic Species
#

Species.Number       1
<Definition.of.Atomic.Species
 C    C5.0-s2p1      C_CA11
Definition.of.Atomic.Species>

#
# Atoms
#

Atoms.Number        4
Atoms.SpeciesAndCoordinates.Unit   Ang # Ang|AU
<Atoms.SpeciesAndCoordinates 
 1  C  0.000000000  0.000000000  0.000000000  2.0 2.0
 2  C  2.840000000  0.000000000  0.000000000  2.0 2.0
 3  C  0.710000000  1.229756000  0.000000000  2.0 2.0
 4  C  2.130000000  1.229756000  0.000000000  2.0 2.0
Atoms.SpeciesAndCoordinates>

#
# Lead-Left
#

LeftLeadAtoms.Number         4
<LeftLeadAtoms.SpeciesAndCoordinates           # Unit=Ang.
 1  C -4.260000000  0.000000000  0.000000000  2.0 2.0
 2  C -1.420000000  0.000000000  0.000000000  2.0 2.0
 3  C -3.550000000  1.229756000  0.000000000  2.0 2.0
 4  C -2.130000000  1.229756000  0.000000000  2.0 2.0
LeftLeadAtoms.SpeciesAndCoordinates>


#
# Lead-Right
#

RightLeadAtoms.Number        4 
<RightLeadAtoms.SpeciesAndCoordinates           # Unit=Ang.
 1  C  4.260000000  0.000000000  0.000000000  2.0 2.0
 2  C  7.100000000  0.000000000  0.000000000  2.0 2.0
 3  C  4.970000000  1.229756000  0.000000000  2.0 2.0
 4  C  6.390000000  1.229756000  0.000000000  2.0 2.0
RightLeadAtoms.SpeciesAndCoordinates>



#
# SCF or Electronic System
#

scf.XcType                  LDA        # LDA|LSDA-CA|LSDA-PW|GGA-PBE
scf.SpinPolarization        off        # On|Off|NC
scf.ElectronicTemperature  600.0       # default=300 (K)
scf.energycutoff           200.0       # default=150 (Ry)
scf.maxIter                200         # default=40
scf.EigenvalueSolver       NEGF        # DC|GDC|Cluster|Band
scf.lapack.dste            dstevx      # dstegr|dstedc|dstevx, default=dstegr
scf.Kgrid                  1 1 1       # means n1 x n2 x n3
scf.Mixing.Type           rmm-diisk    # Simple|Rmm-Diis|Gr-Pulay|Kerker|Rmm-Diisk
scf.Init.Mixing.Weight     0.010       # default=0.30
scf.Min.Mixing.Weight      0.001       # default=0.001
scf.Max.Mixing.Weight      0.100       # default=0.40
scf.Mixing.History          40         # default=5
scf.Mixing.StartPulay       10         # default=6
scf.Kerker.factor          1.0         # default=1.0  
scf.criterion             1.0e-7       # default=1.0e-6 (Hartree)


***********************************************************
***********************************************************

  Required cutoff energy (Ryd) for 3D-grids = 200.0000
      Used cutoff energy (Ryd) for 3D-grids = 264.3994, 263.1641, 265.4326
  Num. of grids of a-, b-, and c-axes = 125, 24, 98

  Num.Grid1.   125
  Num.Grid2.    24
  Num.Grid3.    98


  Cell_Volume =   2121.174184192310 (Bohr^3)
  GridVol     =      0.007214878178 (Bohr^3)
  Cell vectors (bohr) of the grid cell (gtv)
    gtv_a =  0.193205585072,  0.000000000000,  0.000000000000
    gtv_b =  0.000000000000,  0.193658500956,  0.000000000000
    gtv_c =  0.000000000000,  0.000000000000,  0.192829182508
    |gtv_a| =  0.193205585072
    |gtv_b| =  0.193658500956
    |gtv_c| =  0.192829182508

***********************************************************
***********************************************************


***********************************************************
***********************************************************
                  SCF history at MD= 1                    
***********************************************************
***********************************************************

   SCF=   1  NormRD=  1.000000000000  Uele=  0.000000000000
   SCF=   2  NormRD=  0.077906479298  Uele=  0.000000000000
   SCF=   3  NormRD=  0.077244565219  Uele=  0.000000000000
   SCF=   4  NormRD=  0.147734136290  Uele=  0.000000000000
   SCF=   5  NormRD=  0.130196225562  Uele=  0.000000000000
   SCF=   6  NormRD=  0.091263156328  Uele=  0.000000000000
   SCF=   7  NormRD=  0.073263878811  Uele=  0.000000000000
   SCF=   8  NormRD=  0.064599005217  Uele=  0.000000000000
   SCF=   9  NormRD=  0.058109297419  Uele=  0.000000000000
   SCF=  10  NormRD=  0.053099358816  Uele=  0.000000000000
   SCF=  11  NormRD=  0.019271665442  Uele=  0.000000000000
   SCF=  12  NormRD=  0.018860845216  Uele=  0.000000000000
   SCF=  13  NormRD=  0.005858154318  Uele=  0.000000000000
   SCF=  14  NormRD=  0.003245705315  Uele=  0.000000000000
   SCF=  15  NormRD=  0.005396109110  Uele=  0.000000000000
   SCF=  16  NormRD=  0.005492583387  Uele=  0.000000000000
   SCF=  17  NormRD=  0.001453124512  Uele=  0.000000000000
   SCF=  18  NormRD=  0.001205501521  Uele=  0.000000000000
   SCF=  19  NormRD=  0.000224347634  Uele=  0.000000000000
   SCF=  20  NormRD=  0.000053314205  Uele=  0.000000000000
   SCF=  21  NormRD=  0.000041888630  Uele=  0.000000000000
   SCF=  22  NormRD=  0.000005372340  Uele=  0.000000000000
   SCF=  23  NormRD=  0.000002250528  Uele=  0.000000000000
   SCF=  24  NormRD=  0.000000954095  Uele=  0.000000000000
   SCF=  25  NormRD=  0.000000527658  Uele=  0.000000000000
   SCF=  26  NormRD=  0.000000164710  Uele=  0.000000000000
   SCF=  27  NormRD=  0.000000100986  Uele=  0.000000000000
   SCF=  28  NormRD=  0.000000027209  Uele=  0.000000000000

*******************************************************
        Total energy (Hartree) at MD = 1        
*******************************************************

  Uele.          0.000000000000

  Ukin.         45.445192335815
  UH0.        -615.447646111314
  UH1.           0.000000000000
  Una.         -31.458287373894
  Unl.          -5.115714144653
  Uxc0.        -11.211541112382
  Uxc1.        -11.211541112382
  Ucore.       559.098803478612
  Uhub.          0.000000000000
  Ucs.           0.000000000000
  Uzs.           0.000000000000
  Uzo.           0.000000000000
  Uef.           0.000000000000
  UvdW           0.000000000000
  Utot.        -69.900734040199

  Note:

  Utot = Ukin+UH0+UH1+Una+Unl+Uxc0+Uxc1+Ucore+Uhub+Ucs+Uzs+Uzo+Uef+UvdW

  Uene:   band energy
  Ukin:   kinetic energy
  UH0:    electric part of screened Coulomb energy
  UH1:    difference electron-electron Coulomb energy
  Una:    neutral atom potential energy
  Unl:    non-local potential energy
  Uxc0:   exchange-correlation energy for alpha spin
  Uxc1:   exchange-correlation energy for beta spin
  Ucore:  core-core Coulomb energy
  Uhub:   LDA+U energy
  Ucs:    constraint energy for spin orientation
  Uzs:    Zeeman term for spin magnetic moment
  Uzo:    Zeeman term for orbital magnetic moment
  Uef:    electric energy by electric field
  UvdW:   semi-empirical vdW energy 

  (see also PRB 72, 045121(2005) for the energy contributions)



  Chemical potential of left lead  (Hartree)      -0.191377781589
  Chemical potential of right lead (Hartree)      -0.191377781589

***********************************************************
***********************************************************
            Informaions for NEGF calculation               
***********************************************************
***********************************************************


Intrinsic chemical potential (eV) of the leads
  Left lead:  -5.207654399573
  Right lead: -5.207654399573
  add voltage =  0.0000 (eV) to the  left lead: new ChemP (eV):  -5.2077
  add voltage =  0.0000 (eV) to the right lead: new ChemP (eV):  -5.2077

  Intrinsic bias volatage:   0.000000000000 (eV)
  Net bias volatage:         0.000000000000 (eV)

Parameters for the integration of the non-equilibrium part
  lower bound:           -5.207654399573 (eV)
  upper bound:           -5.207654399573 (eV)
  energy step:            0.020000000000 (eV)
  number of steps:             0     

***********************************************************
***********************************************************
           Eigenvalues (Hartree) of SCF KS-eq.           
***********************************************************
***********************************************************

   Chemical Potential (Hatree) =  -0.00335065528972
   Number of States            =  48.00000000000004
   Eigenvalues
              Up-spin           Down-spin

   kloop=0
   k1=   0.00000 k2=  -0.45000 k3=   0.00000

    1   -0.59413217392936  -0.59413217392936
    2   -0.57290323663095  -0.57290323663095
    3   -0.56887911663021  -0.56887911663021
    4   -0.53173208205787  -0.53173208205787
    5   -0.52150359171585  -0.52150359171585
    6   -0.51789828184825  -0.51789828184825
    7   -0.48498404732531  -0.48498404732531
    8   -0.47852731248976  -0.47852731248976
    9   -0.43579408600572  -0.43579408600572
   10   -0.42966597636495  -0.42966597636495
   11   -0.40750753619113  -0.40750753619113
   12   -0.35181039503149  -0.35181039503149
   13   -0.34575180657823  -0.34575180657823
   14   -0.29588011064982  -0.29588011064982
   15   -0.25682032767066  -0.25682032767066
   16   -0.25376867187976  -0.25376867187976
   17   -0.22846411518004  -0.22846411518004
   18   -0.22598985453146  -0.22598985453146
   19   -0.14724093378343  -0.14724093378343
   20   -0.12700861478690  -0.12700861478690
   21   -0.12630001644526  -0.12630001644526
   22   -0.08992422378326  -0.08992422378326
   23   -0.08861333653744  -0.08861333653744
   24   -0.07911017179497  -0.07911017179497
   25    0.07298801306752   0.07298801306752
   26    0.07302724140528   0.07302724140528
   27    0.08252420383555   0.08252420383555
   28    0.11906894818578   0.11906894818578
   29    0.12767150933416   0.12767150933416
   30    0.16404963001966   0.16404963001966
   31    0.43505159977345   0.43505159977345
   32    0.43988547358391   0.43988547358391
   33    0.47422767531615   0.47422767531615
   34    0.47950561434851   0.47950561434851
   35    0.58354417653447   0.58354417653447
   36    0.60139848785974   0.60139848785974
   37    0.61620344089302   0.61620344089302
   38    0.63190444972152   0.63190444972152
   39    0.69819022823515   0.69819022823515
   40    0.70152148579424   0.70152148579424
   41    0.70616783640070   0.70616783640070
   42    0.71061458026177   0.71061458026177
   43    0.81917714166398   0.81917714166398
   44    0.82376691666772   0.82376691666772
   45    0.83056123682533   0.83056123682533
   46    0.85271563250540   0.85271563250540
   47    0.85524511308093   0.85524511308093
   48    0.88610504190092   0.88610504190092
   49    0.89053131148189   0.89053131148189
   50    0.89500079708560   0.89500079708560
   51    0.92504779255251   0.92504779255251
   52    0.92974133030149   0.92974133030149
   53    0.96176621198419   0.96176621198419
   54    1.02670413318058   1.02670413318058
   55    1.20134381743147   1.20134381743147
   56    1.20359641653630   1.20359641653630
   57    1.31581534325055   1.31581534325055
   58    1.31760269845392   1.31760269845392
   59    1.36985638470312   1.36985638470312
   60    1.60198137081075   1.60198137081075

   kloop=1
   k1=   0.00000 k2=  -0.35000 k3=   0.00000

    1   -0.64679289805331  -0.64679289805331
    2   -0.62459560755427  -0.62459560755427
    3   -0.62027047963960  -0.62027047963960
    4   -0.55383945783788  -0.55383945783788
    5   -0.54798642199978  -0.54798642199978
    6   -0.47120156318061  -0.47120156318061
    7   -0.45313861827171  -0.45313861827171
    8   -0.43157222562915  -0.43157222562915
    9   -0.42673901223610  -0.42673901223610
   10   -0.37749568096608  -0.37749568096608
   11   -0.36569176312880  -0.36569176312880
   12   -0.35967394146268  -0.35967394146268
   13   -0.28722710748978  -0.28722710748978
   14   -0.28338107664770  -0.28338107664770
   15   -0.27995179633845  -0.27995179633845
   16   -0.23924271484004  -0.23924271484004
   17   -0.20695076208957  -0.20695076208957
   18   -0.20422764159302  -0.20422764159302
   19   -0.20225034677642  -0.20225034677642
   20   -0.17972846676710  -0.17972846676710
   21   -0.17953010783468  -0.17953010783468
   22   -0.10414263684926  -0.10414263684926
   23   -0.10403702268815  -0.10403702268815
   24   -0.01410033729135  -0.01410033729135
   25    0.00739902676730   0.00739902676730
   26    0.09759695936633   0.09759695936633
   27    0.10316256740118   0.10316256740118
   28    0.19998149753865   0.19998149753865
   29    0.20749055312937   0.20749055312937
   30    0.25810380571595   0.25810380571595
   31    0.42003485155426   0.42003485155426
   32    0.42558479836483   0.42558479836483
   33    0.52476716365803   0.52476716365803
   34    0.52852840388423   0.52852840388423
   35    0.56250261439566   0.56250261439566
   36    0.57095217677113   0.57095217677113
   37    0.62042036686092   0.62042036686092
   38    0.62608478390615   0.62608478390615
   39    0.66836761908470   0.66836761908470
   40    0.67290685776302   0.67290685776302
   41    0.68379829972342   0.68379829972342
   42    0.68984623880801   0.68984623880801
   43    0.69191978145189   0.69191978145189
   44    0.76310770453241   0.76310770453241
   45    0.76939835709068   0.76939835709068
   46    0.78272326024900   0.78272326024900
   47    0.78477118025943   0.78477118025943
   48    0.80474626535202   0.80474626535202
   49    0.89751185407480   0.89751185407480
   50    0.90243917302624   0.90243917302624
   51    0.93211324163993   0.93211324163993
   52    0.93714505643363   0.93714505643363
   53    0.99816508870538   0.99816508870538
   54    1.21116379834175   1.21116379834175
   55    1.24164574523498   1.24164574523498
   56    1.31848694267616   1.31848694267616
   57    1.32360594481847   1.32360594481847
   58    1.59476597323806   1.59476597323806
   59    1.59752829842451   1.59752829842451
   60    2.02447919600374   2.02447919600374

   kloop=2
   k1=   0.00000 k2=  -0.25000 k3=   0.00000

    1   -0.68696776964354  -0.68696776964354
    2   -0.66441932692369  -0.66441932692369
    3   -0.65989753136205  -0.65989753136205
    4   -0.59159130051176  -0.59159130051176
    5   -0.58531356547511  -0.58531356547511
    6   -0.48705511108193  -0.48705511108193
    7   -0.46030292320916  -0.46030292320916
    8   -0.36630004085509  -0.36630004085509
    9   -0.36080106666041  -0.36080106666041
   10   -0.34691990244027  -0.34691990244027
   11   -0.29529879997399  -0.29529879997399
   12   -0.29314795015619  -0.29314795015619
   13   -0.28974367665452  -0.28974367665452
   14   -0.28398793979326  -0.28398793979326
   15   -0.25346666759613  -0.25346666759613
   16   -0.22497783217669  -0.22497783217669
   17   -0.22421820754783  -0.22421820754783
   18   -0.21660204572603  -0.21660204572603
   19   -0.18760532485813  -0.18760532485813
   20   -0.18535964984096  -0.18535964984096
   21   -0.18146175168828  -0.18146175168828
   22   -0.14137487028379  -0.14137487028379
   23   -0.14005791238651  -0.14005791238651
   24   -0.04401882296620  -0.04401882296620
   25    0.03697147053799   0.03697147053799
   26    0.15037334113347   0.15037334113347
   27    0.15464119455140   0.15464119455140
   28    0.28368959794800   0.28368959794800
   29    0.29125498277411   0.29125498277411
   30    0.35089625375425   0.35089625375425
   31    0.43574062486267   0.43574062486267
   32    0.44103797576753   0.44103797576753
   33    0.49829201431228   0.49829201431228
   34    0.53007331825621   0.53007331825621
   35    0.57530525706285   0.57530525706285
   36    0.57726677439103   0.57726677439103
   37    0.59190539062990   0.59190539062990
   38    0.62308414038912   0.62308414038912
   39    0.62672714106385   0.62672714106385
   40    0.64273694653908   0.64273694653908
   41    0.64658429550897   0.64658429550897
   42    0.65005255365907   0.65005255365907
   43    0.65838071601769   0.65838071601769
   44    0.67256770725289   0.67256770725289
   45    0.67546159747224   0.67546159747224
   46    0.70936872823435   0.70936872823435
   47    0.73997918912167   0.73997918912167
   48    0.74374948842674   0.74374948842674
   49    0.83445034354741   0.83445034354741
   50    0.83844733096345   0.83844733096345
   51    0.89306826216182   0.89306826216182
   52    0.90026740048097   0.90026740048097
   53    0.97769977598839   0.97769977598839
   54    1.18869830336555   1.18869830336555
   55    1.19683160444034   1.19683160444034
   56    1.56343203876749   1.56343203876749
   57    1.56888369499214   1.56888369499214
   58    2.12101549957574   2.12101549957574
   59    2.12497060038079   2.12497060038079
   60    2.82032713537231   2.82032713537231

   kloop=3
   k1=   0.00000 k2=  -0.15000 k3=   0.00000

    1   -0.71380077935811  -0.71380077935811
    2   -0.69123743483544  -0.69123743483544
    3   -0.68659304902070  -0.68659304902070
    4   -0.61787923071199  -0.61787923071199
    5   -0.61139855693990  -0.61139855693990
    6   -0.50972804152809  -0.50972804152809
    7   -0.48016906420425  -0.48016906420425
    8   -0.34943184208217  -0.34943184208217
    9   -0.34335400490791  -0.34335400490791
   10   -0.28477721325828  -0.28477721325828
   11   -0.27907681751285  -0.27907681751285
   12   -0.25616502209247  -0.25616502209247
   13   -0.25507919140741  -0.25507919140741
   14   -0.25423695474073  -0.25423695474073
   15   -0.25354256055654  -0.25354256055654
   16   -0.22125258291556  -0.22125258291556
   17   -0.21533904718040  -0.21533904718040
   18   -0.17291296231289  -0.17291296231289
   19   -0.17148904005365  -0.17148904005365
   20   -0.17094477602114  -0.17094477602114
   21   -0.16913858554912  -0.16913858554912
   22   -0.14821870402174  -0.14821870402174
   23   -0.13262787069043  -0.13262787069043
   24   -0.07801297958045  -0.07801297958045
   25    0.06742514521425   0.06742514521425
   26    0.19194129240150   0.19194129240150
   27    0.19581393209510   0.19581393209510
   28    0.35035103694847   0.35035103694847
   29    0.35817412482391   0.35817412482391
   30    0.42562334563453   0.42562334563453
   31    0.44284245011806   0.44284245011806
   32    0.47360992947352   0.47360992947352
   33    0.47577068404351   0.47577068404351
   34    0.48204441717712   0.48204441717712
   35    0.51540073517402   0.51540073517402
   36    0.52764788124412   0.52764788124412
   37    0.53017432807635   0.53017432807635
   38    0.54532140850347   0.54532140850347
   39    0.54952007427999   0.54952007427999
   40    0.62578355533857   0.62578355533857
   41    0.62618354049213   0.62618354049213
   42    0.63776332315476   0.63776332315476
   43    0.63915594581215   0.63915594581215
   44    0.64248535808990   0.64248535808990
   45    0.64591082129891   0.64591082129891
   46    0.68485298864367   0.68485298864367
   47    0.69885764871852   0.69885764871852
   48    0.70239515046558   0.70239515046558
   49    0.75599075076275   0.75599075076275
   50    0.76295488259398   0.76295488259398
   51    0.84836011620225   0.84836011620225
   52    0.85480210643426   0.85480210643426
   53    0.91817755342203   0.91817755342203
   54    0.99226927132949   0.99226927132949
   55    1.19898874808139   1.19898874808139
   56    1.67788482463658   1.67788482463658
   57    1.68188380301089   1.68188380301089
   58    2.86527946888470   2.86527946888470
   59    2.86953172438249   2.86953172438249
   60    3.84698882515561   3.84698882515561

   kloop=4
   k1=   0.00000 k2=  -0.05000 k3=   0.00000

    1   -0.72716220937297  -0.72716220937297
    2   -0.70469675697312  -0.70469675697312
    3   -0.69999947697361  -0.69999947697361
    4   -0.63132637610738  -0.63132637610738
    5   -0.62475706111709  -0.62475706111709
    6   -0.52103556110663  -0.52103556110663
    7   -0.49334791845256  -0.49334791845256
    8   -0.35431005112998  -0.35431005112998
    9   -0.34850141356891  -0.34850141356891
   10   -0.30043661666943  -0.30043661666943
   11   -0.27189594799055  -0.27189594799055
   12   -0.27065712173485  -0.27065712173485
   13   -0.22752868696841  -0.22752868696841
   14   -0.20528392654292  -0.20528392654292
   15   -0.20519366957242  -0.20519366957242
   16   -0.19200018874812  -0.19200018874812
   17   -0.18744185751700  -0.18744185751700
   18   -0.18640806540709  -0.18640806540709
   19   -0.18441998922068  -0.18441998922068
   20   -0.14645427652521  -0.14645427652521
   21   -0.14364386463521  -0.14364386463521
   22   -0.10321068210115  -0.10321068210115
   23   -0.10025348640206  -0.10025348640206
   24   -0.09487160810819  -0.09487160810819
   25    0.07997027483685   0.07997027483685
   26    0.21262996383410   0.21262996383410
   27    0.21642465892103   0.21642465892103
   28    0.38663720375388   0.38663720375388
   29    0.39464909701482   0.39464909701482
   30    0.41587419260394   0.41587419260394
   31    0.42266952463320   0.42266952463320
   32    0.43035103002869   0.43035103002869
   33    0.43749559291856   0.43749559291856
   34    0.43945403522390   0.43945403522390
   35    0.44224584710085   0.44224584710085
   36    0.44910777086927   0.44910777086927
   37    0.46719872811084   0.46719872811084
   38    0.53036002852553   0.53036002852553
   39    0.53248348542982   0.53248348542982
   40    0.58410103381717   0.58410103381717
   41    0.61834602579466   0.61834602579466
   42    0.63028053854654   0.63028053854654
   43    0.63652162003375   0.63652162003375
   44    0.65657863008597   0.65657863008597
   45    0.66072072622608   0.66072072622608
   46    0.67561350804841   0.67561350804841
   47    0.68108969011490   0.68108969011490
   48    0.72366366012249   0.72366366012249
   49    0.73910908313071   0.73910908313071
   50    0.74656099458956   0.74656099458956
   51    0.79124405902528   0.79124405902528
   52    0.79723480109097   0.79723480109097
   53    0.86181089371769   0.86181089371769
   54    0.86932046477092   0.86932046477092
   55    1.20673760755890   1.20673760755890
   56    1.66752072966056   1.66752072966056
   57    1.67017923950362   1.67017923950362
   58    3.34905384845414   3.34905384845414
   59    3.35221921658570   3.35221921658570
   60    4.19531515216659   4.19531515216659

***********************************************************
***********************************************************
                   Mulliken populations                    
***********************************************************
***********************************************************

  Total spin S =  0.000000000000

                    Up spin      Down spin     Sum           Diff
      1    C      2.000058786  2.000058786   4.000117572   0.000000000
      2    C      2.000042212  2.000042212   4.000084425   0.000000000
      3    C      2.000194133  2.000194133   4.000388266   0.000000000
      4    C      1.999841307  1.999841307   3.999682614   0.000000000
      5    C      2.000000686  2.000000686   4.000001371   0.000000000
      6    C      2.000001026  2.000001026   4.000002053   0.000000000
      7    C      2.000009010  2.000009010   4.000018020   0.000000000
      8    C      2.000008632  2.000008632   4.000017263   0.000000000
      9    C      2.000040524  2.000040524   4.000081048   0.000000000
     10    C      2.000069729  2.000069729   4.000139458   0.000000000
     11    C      1.999859381  1.999859381   3.999718762   0.000000000
     12    C      2.000168060  2.000168060   4.000336120   0.000000000

 Sum of MulP: up   =    24.00029 down          =    24.00029
              total=    48.00059 ideal(neutral)=    48.00000


  Decomposed Mulliken populations

    1    C          Up spin      Down spin     Sum           Diff
            multiple
  s           0    0.367378039  0.367378039   0.734756079   0.000000000
   sum over m      0.367378039  0.367378039   0.734756079   0.000000000
  s           1    0.041848614  0.041848614   0.083697229   0.000000000
   sum over m      0.041848614  0.041848614   0.083697229   0.000000000
   sum over m+mul  0.409226654  0.409226654   0.818453307   0.000000000
  px          0    0.545441196  0.545441196   1.090882392   0.000000000
  py          0    0.545399822  0.545399822   1.090799643   0.000000000
  pz          0    0.499991115  0.499991115   0.999982230   0.000000000
   sum over m      1.590832132  1.590832132   3.181664265   0.000000000
   sum over m+mul  1.590832132  1.590832132   3.181664265   0.000000000

    2    C          Up spin      Down spin     Sum           Diff
            multiple
  s           0    0.367319737  0.367319737   0.734639475   0.000000000
   sum over m      0.367319737  0.367319737   0.734639475   0.000000000
  s           1    0.041903367  0.041903367   0.083806734   0.000000000
   sum over m      0.041903367  0.041903367   0.083806734   0.000000000
   sum over m+mul  0.409223104  0.409223104   0.818446209   0.000000000
  px          0    0.545350257  0.545350257   1.090700514   0.000000000
  py          0    0.545443781  0.545443781   1.090887562   0.000000000
  pz          0    0.500025070  0.500025070   1.000050140   0.000000000
   sum over m      1.590819108  1.590819108   3.181638216   0.000000000
   sum over m+mul  1.590819108  1.590819108   3.181638216   0.000000000

    3    C          Up spin      Down spin     Sum           Diff
            multiple
  s           0    0.367341152  0.367341152   0.734682304   0.000000000
   sum over m      0.367341152  0.367341152   0.734682304   0.000000000
  s           1    0.041870654  0.041870654   0.083741308   0.000000000
   sum over m      0.041870654  0.041870654   0.083741308   0.000000000
   sum over m+mul  0.409211806  0.409211806   0.818423611   0.000000000
  px          0    0.545709951  0.545709951   1.091419903   0.000000000
  py          0    0.545383508  0.545383508   1.090767016   0.000000000
  pz          0    0.499888867  0.499888867   0.999777735   0.000000000
   sum over m      1.590982327  1.590982327   3.181964654   0.000000000
   sum over m+mul  1.590982327  1.590982327   3.181964654   0.000000000

    4    C          Up spin      Down spin     Sum           Diff
            multiple
  s           0    0.367112429  0.367112429   0.734224857   0.000000000
   sum over m      0.367112429  0.367112429   0.734224857   0.000000000
  s           1    0.041915773  0.041915773   0.083831547   0.000000000
   sum over m      0.041915773  0.041915773   0.083831547   0.000000000
   sum over m+mul  0.409028202  0.409028202   0.818056404   0.000000000
  px          0    0.545150006  0.545150006   1.090300011   0.000000000
  py          0    0.545486231  0.545486231   1.090972462   0.000000000
  pz          0    0.500176869  0.500176869   1.000353737   0.000000000
   sum over m      1.590813105  1.590813105   3.181626211   0.000000000
   sum over m+mul  1.590813105  1.590813105   3.181626211   0.000000000

    5    C          Up spin      Down spin     Sum           Diff
            multiple
  s           0    0.367322097  0.367322097   0.734644194   0.000000000
   sum over m      0.367322097  0.367322097   0.734644194   0.000000000
  s           1    0.041866884  0.041866884   0.083733769   0.000000000
   sum over m      0.041866884  0.041866884   0.083733769   0.000000000
   sum over m+mul  0.409188981  0.409188981   0.818377963   0.000000000
  px          0    0.545327503  0.545327503   1.090655007   0.000000000
  py          0    0.545461588  0.545461588   1.090923175   0.000000000
  pz          0    0.500022613  0.500022613   1.000045226   0.000000000
   sum over m      1.590811704  1.590811704   3.181623408   0.000000000
   sum over m+mul  1.590811704  1.590811704   3.181623408   0.000000000

    6    C          Up spin      Down spin     Sum           Diff
            multiple
  s           0    0.367322069  0.367322069   0.734644138   0.000000000
   sum over m      0.367322069  0.367322069   0.734644138   0.000000000
  s           1    0.041867079  0.041867079   0.083734159   0.000000000
   sum over m      0.041867079  0.041867079   0.083734159   0.000000000
   sum over m+mul  0.409189148  0.409189148   0.818378296   0.000000000
  px          0    0.545327709  0.545327709   1.090655417   0.000000000
  py          0    0.545461524  0.545461524   1.090923049   0.000000000
  pz          0    0.500022645  0.500022645   1.000045291   0.000000000
   sum over m      1.590811878  1.590811878   3.181623756   0.000000000
   sum over m+mul  1.590811878  1.590811878   3.181623756   0.000000000

    7    C          Up spin      Down spin     Sum           Diff
            multiple
  s           0    0.367325732  0.367325732   0.734651464   0.000000000
   sum over m      0.367325732  0.367325732   0.734651464   0.000000000
  s           1    0.041872960  0.041872960   0.083745921   0.000000000
   sum over m      0.041872960  0.041872960   0.083745921   0.000000000
   sum over m+mul  0.409198693  0.409198693   0.818397385   0.000000000
  px          0    0.545342592  0.545342592   1.090685183   0.000000000
  py          0    0.545454882  0.545454882   1.090909764   0.000000000
  pz          0    0.500012844  0.500012844   1.000025688   0.000000000
   sum over m      1.590810317  1.590810317   3.181620635   0.000000000
   sum over m+mul  1.590810317  1.590810317   3.181620635   0.000000000

    8    C          Up spin      Down spin     Sum           Diff
            multiple
  s           0    0.367325884  0.367325884   0.734651768   0.000000000
   sum over m      0.367325884  0.367325884   0.734651768   0.000000000
  s           1    0.041872467  0.041872467   0.083744934   0.000000000
   sum over m      0.041872467  0.041872467   0.083744934   0.000000000
   sum over m+mul  0.409198351  0.409198351   0.818396702   0.000000000
  px          0    0.545342624  0.545342624   1.090685247   0.000000000
  py          0    0.545454839  0.545454839   1.090909677   0.000000000
  pz          0    0.500012819  0.500012819   1.000025637   0.000000000
   sum over m      1.590810281  1.590810281   3.181620562   0.000000000
   sum over m+mul  1.590810281  1.590810281   3.181620562   0.000000000

    9    C          Up spin      Down spin     Sum           Diff
            multiple
  s           0    0.367319340  0.367319340   0.734638680   0.000000000
   sum over m      0.367319340  0.367319340   0.734638680   0.000000000
  s           1    0.041902038  0.041902038   0.083804076   0.000000000
   sum over m      0.041902038  0.041902038   0.083804076   0.000000000
   sum over m+mul  0.409221378  0.409221378   0.818442756   0.000000000
  px          0    0.545350493  0.545350493   1.090700987   0.000000000
  py          0    0.545443327  0.545443327   1.090886654   0.000000000
  pz          0    0.500025326  0.500025326   1.000050652   0.000000000
   sum over m      1.590819146  1.590819146   3.181638293   0.000000000
   sum over m+mul  1.590819146  1.590819146   3.181638293   0.000000000

   10    C          Up spin      Down spin     Sum           Diff
            multiple
  s           0    0.367387260  0.367387260   0.734774520   0.000000000
   sum over m      0.367387260  0.367387260   0.734774520   0.000000000
  s           1    0.041849944  0.041849944   0.083699888   0.000000000
   sum over m      0.041849944  0.041849944   0.083699888   0.000000000
   sum over m+mul  0.409237204  0.409237204   0.818474408   0.000000000
  px          0    0.545440610  0.545440610   1.090881220   0.000000000
  py          0    0.545400654  0.545400654   1.090801308   0.000000000
  pz          0    0.499991261  0.499991261   0.999982521   0.000000000
   sum over m      1.590832525  1.590832525   3.181665050   0.000000000
   sum over m+mul  1.590832525  1.590832525   3.181665050   0.000000000

   11    C          Up spin      Down spin     Sum           Diff
            multiple
  s           0    0.367121305  0.367121305   0.734242609   0.000000000
   sum over m      0.367121305  0.367121305   0.734242609   0.000000000
  s           1    0.041919461  0.041919461   0.083838923   0.000000000
   sum over m      0.041919461  0.041919461   0.083838923   0.000000000
   sum over m+mul  0.409040766  0.409040766   0.818081532   0.000000000
  px          0    0.545153136  0.545153136   1.090306272   0.000000000
  py          0    0.545486531  0.545486531   1.090973062   0.000000000
  pz          0    0.500178948  0.500178948   1.000357896   0.000000000
   sum over m      1.590818615  1.590818615   3.181637230   0.000000000
   sum over m+mul  1.590818615  1.590818615   3.181637230   0.000000000

   12    C          Up spin      Down spin     Sum           Diff
            multiple
  s           0    0.367317855  0.367317855   0.734635709   0.000000000
   sum over m      0.367317855  0.367317855   0.734635709   0.000000000
  s           1    0.041870176  0.041870176   0.083740353   0.000000000
   sum over m      0.041870176  0.041870176   0.083740353   0.000000000
   sum over m+mul  0.409188031  0.409188031   0.818376062   0.000000000
  px          0    0.545709542  0.545709542   1.091419083   0.000000000
  py          0    0.545383272  0.545383272   1.090766545   0.000000000
  pz          0    0.499887215  0.499887215   0.999774431   0.000000000
   sum over m      1.590980029  1.590980029   3.181960058   0.000000000
   sum over m+mul  1.590980029  1.590980029   3.181960058   0.000000000

***********************************************************
***********************************************************
                    Dipole moment (Debye)                  
***********************************************************
***********************************************************

 Absolute D        0.06089122

                      Dx                Dy                Dz
 Total              0.06084880       -0.00227229       -0.00000000
 Core             327.38657538      141.76253711        0.00000000
 Electron        -327.32572658     -141.76480940       -0.00000000
 Back ground       -0.00000000       -0.00000000       -0.00000000

***********************************************************
***********************************************************
       xyz-coordinates (Ang) and forces (Hartree/Bohr)  
***********************************************************
***********************************************************

<coordinates.forces
  12
    1     C    -4.26000   0.00000   0.00000   0.124621184155 -0.000000075897  0.000000000129
    2     C    -1.42000   0.00000   0.00000   0.001756182063 -0.000000074166 -0.000000000115
    3     C    -3.55000   1.22976   0.00000  -0.026768902865  0.000000074204 -0.000000000163
    4     C    -2.13000   1.22976   0.00000   0.005476701411  0.000000079296  0.000000000190
    5     C     0.00000   0.00000   0.00000  -0.001651432843 -0.000000077840  0.000000000151
    6     C     2.84000   0.00000   0.00000   0.001572895324 -0.000000076685 -0.000000000047
    7     C     0.71000   1.22976   0.00000   0.001606015047  0.000000079003 -0.000000000103
    8     C     2.13000   1.22976   0.00000  -0.001679432504  0.000000079060  0.000000000003
    9     C     4.26000   0.00000   0.00000  -0.001845244117 -0.000000080051  0.000000000232
   10     C     7.10000   0.00000   0.00000  -0.124659612334 -0.000000075182  0.000000000024
   11     C     4.97000   1.22976   0.00000  -0.005555658679  0.000000076351 -0.000000000392
   12     C     6.39000   1.22976   0.00000   0.026631940171  0.000000076931  0.000000000293
coordinates.forces>

***********************************************************
***********************************************************
       Fractional coordinates of the final structure       
***********************************************************
***********************************************************

     1      C     0.66666666666667   0.00000000000000   0.00000000000000
     2      C     0.88888888888889   0.00000000000000   0.00000000000000
     3      C     0.72222222222222   0.49999997016729   0.00000000000000
     4      C     0.83333333333333   0.49999997016729   0.00000000000000
     5      C     0.00000000000000   0.00000000000000   0.00000000000000
     6      C     0.22222222222222   0.00000000000000   0.00000000000000
     7      C     0.05555555555556   0.49999997016729   0.00000000000000
     8      C     0.16666666666667   0.49999997016729   0.00000000000000
     9      C     0.33333333333333   0.00000000000000   0.00000000000000
    10      C     0.55555555555556   0.00000000000000   0.00000000000000
    11      C     0.38888888888889   0.49999997016729   0.00000000000000
    12      C     0.50000000000000   0.49999997016729   0.00000000000000

***********************************************************
***********************************************************
               Computational Time (second)                 
***********************************************************
***********************************************************

   Elapsed.Time.        93.818

                            Min_ID    Min_Time    Max_ID    Max_Time
   Total Computational Time =  6       93.813       0       93.818
   readfile                 =  3        7.525       0        7.525
   truncation               =  7        4.974       4        4.976
   MD_pac                   =  0        0.006       7        0.008
   DFT                      =  1       81.272       7       81.275

*** In DFT ***

   Set_OLP_Kin              =  4        0.698       3        1.028
   Set_Nonlocal             =  3        3.782       2        4.097
   Set_Hamiltonian          =  7       14.129       5       14.139
   Poisson                  =  7        0.825       3        0.838
   Diagonalization          =  1       41.817       4       41.827
   Mixing_DM                =  2        5.155       5        5.162
   Force                    =  6        1.660       1        1.660
   Total_Energy             =  1        5.223       0        5.226
   Set_Aden_Grid            =  7        0.219       5        0.251
   Set_Orbitals_Grid        =  0        0.363       6        0.588
   Set_Density_Grid         =  5        4.751       0        4.890
   Others                   =  3        1.932       0        2.141
