***********************************************************
***********************************************************

  This calculation was performed by OpenMX Ver. 3.7
  using 16 MPI processes and 1 OpenMP threads.

  Tue May 14 19:03:30 2013

***********************************************************
***********************************************************

#
# File Name
#

System.CurrrentDirectory         ./    # default=./
System.Name                       negf-au-chain-nc
level.of.stdout                   1    # default=1 (1-3)
level.of.fileout                  1    # default=1 (0-2)


NEGF.filename.hks.l     lead-au-chain-nc.hks
NEGF.filename.hks.r     lead-au-chain-nc.hks

NEGF.Num.Poles             100       # default=150
NEGF.scf.Kgrid             1 1       # default=1 1

NEGF.bias.voltage          0.0       # default=0.0 (eV)
NEGF.bias.neq.im.energy    0.01      # default=0.01 (eV)
NEGF.bias.neq.energy.step  0.02      # default=0.02 (eV) 

Dos.fileout                 off      # on|off, default=off
NEGF.Dos.energyrange     -15.0 25.0 5.0e-3  #default=-10.0 10.0 5.0e-3 (eV)
NEGF.Dos.energy.div        200       # default=200
NEGF.Dos.Kgrid             1 1       # default=1 1 

NEGF.tran.energydiv        200       # default=200
NEGF.tran.energyrange -10 10 1.0e-3  # default=-10.0 10.0 1.0e-3 (eV)
NEGF.tran.Kgrid            1 1       # default= 1 1
#NEGF.SCF.Iter.Band           5  




#
# Definition of Atomic Species
#

Species.Number       1
<Definition.of.Atomic.Species
 Au    Au7.0-s2p2d2      Au_PBE13
Definition.of.Atomic.Species>

#
# Atoms
#

Atoms.SpeciesAndCoordinates.Unit   Ang # Ang|AU

Atoms.Number        9
<Atoms.SpeciesAndCoordinates 
 1  Au 5.400  0.000  0.000  8.5 8.5    0.0 0.0 0.0 0.0 0  off
 2  Au 8.100  0.000  0.000  8.5 8.5    0.0 0.0 0.0 0.0 0  off
 3  Au 10.80  0.000  0.000  8.5 8.5    0.0 0.0 0.0 0.0 0  off
 4  Au 13.50  0.000  0.000  8.5 8.5    0.0 0.0 0.0 0.0 0  off
 5  Au 16.20  0.000  0.000  8.5 8.5    0.0 0.0 0.0 0.0 0  off
 6  Au 18.90  0.000  0.000  8.5 8.5    0.0 0.0 0.0 0.0 0  off
 7  Au 21.60  0.000  0.000  8.5 8.5    0.0 0.0 0.0 0.0 0  off
 8  Au 24.30  0.000  0.000  8.5 8.5    0.0 0.0 0.0 0.0 0  off
 9  Au 27.00  0.000  0.000  8.5 8.5    0.0 0.0 0.0 0.0 0  off
Atoms.SpeciesAndCoordinates> 

#
# Lead-Left
#

LeftLeadAtoms.Number         3
<LeftLeadAtoms.SpeciesAndCoordinates           # Unit=Ang.
 1  Au -2.700  0.000  0.000  8.5 8.5    0.0 0.0 0.0 0.0 0  off
 2  Au  0.000  0.000  0.000  8.5 8.5    0.0 0.0 0.0 0.0 0  off
 3  Au  2.700  0.000  0.000  8.5 8.5    0.0 0.0 0.0 0.0 0  off
LeftLeadAtoms.SpeciesAndCoordinates>

#
# Lead-Right
#

RightLeadAtoms.Number        3 
<RightLeadAtoms.SpeciesAndCoordinates           # Unit=Ang.
 1  Au  29.70  0.000  0.000  8.5 8.5    0.0 0.0 0.0 0.0 0  off
 2  Au  32.40  0.000  0.000  8.5 8.5    0.0 0.0 0.0 0.0 0  off 
 3  Au  35.10  0.000  0.000  8.5 8.5    0.0 0.0 0.0 0.0 0  off
RightLeadAtoms.SpeciesAndCoordinates>


#
# SCF or Electronic System
#

scf.XcType                 GGA-PBE        # LDA|LSDA-CA|LSDA-PW|GGA-PBE
scf.SpinPolarization       NC          # On|Off|NC
scf.SpinOrbit.Coupling     On        # On|Off, default=off
scf.ElectronicTemperature  600.0       # default=300 (K)
scf.energycutoff           250.0       # default=150 (Ry)
scf.maxIter                1000        # default=40
scf.EigenvalueSolver       NEGF        # DC|GDC|Cluster|Band
scf.lapack.dste            dstevx      # dstegr|dstedc|dstevx, default=dstegr
scf.Kgrid                  1 1 1       # means n1 x n2 x n3
scf.Mixing.Type          rmm-diisk     # Simple|Rmm-Diis|Gr-Pulay|Kerker|Rmm-Diisk
scf.Init.Mixing.Weight      0.001      # default=0.30
scf.Min.Mixing.Weight       0.001      # default=0.001
scf.Max.Mixing.Weight       0.300      # default=0.40
scf.Mixing.History          30         # default=5
scf.Mixing.StartPulay       20         # default=6
scf.Mixing.EveryPulay       15
scf.criterion             1.0e-5       # default=1.0e-6 (Hartree)
scf.restart                  off


***********************************************************
***********************************************************

  Required cutoff energy (Ryd) for 3D-grids = 250.0000
      Used cutoff energy (Ryd) for 3D-grids = 248.4589, 254.7091, 254.7091
  Num. of grids of a-, b-, and c-axes = 384, 96, 96

  Num.Grid1.   384
  Num.Grid2.    96
  Num.Grid3.    96


  Cell_Volume =  27330.748800271806 (Bohr^3)
  GridVol     =      0.007722854275 (Bohr^3)
  Cell vectors (bohr) of the grid cell (gtv)
    gtv_a =  0.199307037858,  0.000000000000,  0.000000000000
    gtv_b =  0.000000000000,  0.196846457144,  0.000000000000
    gtv_c =  0.000000000000,  0.000000000000,  0.196846457144
    |gtv_a| =  0.199307037858
    |gtv_b| =  0.196846457144
    |gtv_c| =  0.196846457144

***********************************************************
***********************************************************


***********************************************************
***********************************************************
                  SCF history at MD= 1                    
***********************************************************
***********************************************************

   SCF=   1  NormRD=  1.000000000000  Uele= -238.105476768970
   SCF=   2  NormRD=  0.128133522165  Uele= -238.112731514110
   SCF=   3  NormRD=  0.128008571980  Uele= -238.113363423307
   SCF=   4  NormRD=  1.215402081750  Uele=  0.000000000000
   SCF=   5  NormRD=  1.053950234870  Uele=  0.000000000000
   SCF=   6  NormRD=  0.173356283784  Uele=  0.000000000000
   SCF=   7  NormRD=  0.149172665624  Uele=  0.000000000000
   SCF=   8  NormRD=  0.104699312147  Uele=  0.000000000000
   SCF=   9  NormRD=  0.081660521062  Uele=  0.000000000000
   SCF=  10  NormRD=  0.103103588473  Uele=  0.000000000000
   SCF=  11  NormRD=  0.064198490332  Uele=  0.000000000000
   SCF=  12  NormRD=  0.124219929968  Uele=  0.000000000000
   SCF=  13  NormRD=  0.082313229651  Uele=  0.000000000000
   SCF=  14  NormRD=  0.062610238066  Uele=  0.000000000000
   SCF=  15  NormRD=  0.071687564890  Uele=  0.000000000000
   SCF=  16  NormRD=  0.058891088815  Uele=  0.000000000000
   SCF=  17  NormRD=  0.068902649745  Uele=  0.000000000000
   SCF=  18  NormRD=  0.052268713483  Uele=  0.000000000000
   SCF=  19  NormRD=  0.085384457769  Uele=  0.000000000000
   SCF=  20  NormRD=  0.050163545334  Uele=  0.000000000000
   SCF=  21  NormRD=  0.053401405113  Uele=  0.000000000000
   SCF=  22  NormRD=  0.050982320949  Uele=  0.000000000000
   SCF=  23  NormRD=  0.045515997557  Uele=  0.000000000000
   SCF=  24  NormRD=  0.057357914421  Uele=  0.000000000000
   SCF=  25  NormRD=  0.044433842705  Uele=  0.000000000000
   SCF=  26  NormRD=  0.240666794423  Uele=  0.000000000000
   SCF=  27  NormRD=  0.121217726190  Uele=  0.000000000000
   SCF=  28  NormRD=  0.090466969810  Uele=  0.000000000000
   SCF=  29  NormRD=  0.052706945426  Uele=  0.000000000000
   SCF=  30  NormRD=  0.039167003117  Uele=  0.000000000000
   SCF=  31  NormRD=  0.038219316940  Uele=  0.000000000000
   SCF=  32  NormRD=  0.036165166063  Uele=  0.000000000000
   SCF=  33  NormRD=  0.120796834074  Uele=  0.000000000000
   SCF=  34  NormRD=  0.109145318473  Uele=  0.000000000000
   SCF=  35  NormRD=  0.069121626528  Uele=  0.000000000000
   SCF=  36  NormRD=  0.038024049889  Uele=  0.000000000000
   SCF=  37  NormRD=  0.016525133476  Uele=  0.000000000000
   SCF=  38  NormRD=  0.011111169298  Uele=  0.000000000000
   SCF=  39  NormRD=  0.009282705841  Uele=  0.000000000000
   SCF=  40  NormRD=  0.008083503282  Uele=  0.000000000000
   SCF=  41  NormRD=  0.008784911569  Uele=  0.000000000000
   SCF=  42  NormRD=  0.022782698625  Uele=  0.000000000000
   SCF=  43  NormRD=  0.014753085375  Uele=  0.000000000000
   SCF=  44  NormRD=  0.007708708235  Uele=  0.000000000000
   SCF=  45  NormRD=  0.005579927199  Uele=  0.000000000000
   SCF=  46  NormRD=  0.005171192968  Uele=  0.000000000000
   SCF=  47  NormRD=  0.005565116073  Uele=  0.000000000000
   SCF=  48  NormRD=  0.008645214508  Uele=  0.000000000000
   SCF=  49  NormRD=  0.008252496011  Uele=  0.000000000000
   SCF=  50  NormRD=  0.009253636930  Uele=  0.000000000000
   SCF=  51  NormRD=  0.005902335432  Uele=  0.000000000000
   SCF=  52  NormRD=  0.005034711023  Uele=  0.000000000000
   SCF=  53  NormRD=  0.003450020790  Uele=  0.000000000000
   SCF=  54  NormRD=  0.002452412598  Uele=  0.000000000000
   SCF=  55  NormRD=  0.016048319915  Uele=  0.000000000000
   SCF=  56  NormRD=  0.013640325617  Uele=  0.000000000000
   SCF=  57  NormRD=  0.006625884256  Uele=  0.000000000000
   SCF=  58  NormRD=  0.002990537394  Uele=  0.000000000000
   SCF=  59  NormRD=  0.001894844661  Uele=  0.000000000000
   SCF=  60  NormRD=  0.001650955260  Uele=  0.000000000000
   SCF=  61  NormRD=  0.001774777417  Uele=  0.000000000000
   SCF=  62  NormRD=  0.001212355504  Uele=  0.000000000000
   SCF=  63  NormRD=  0.004228482689  Uele=  0.000000000000
   SCF=  64  NormRD=  0.004070521429  Uele=  0.000000000000
   SCF=  65  NormRD=  0.002242634105  Uele=  0.000000000000
   SCF=  66  NormRD=  0.001568513552  Uele=  0.000000000000
   SCF=  67  NormRD=  0.001150753570  Uele=  0.000000000000
   SCF=  68  NormRD=  0.000685417884  Uele=  0.000000000000
   SCF=  69  NormRD=  0.000698699020  Uele=  0.000000000000
   SCF=  70  NormRD=  0.001642078930  Uele=  0.000000000000
   SCF=  71  NormRD=  0.000972246982  Uele=  0.000000000000
   SCF=  72  NormRD=  0.000475037300  Uele=  0.000000000000
   SCF=  73  NormRD=  0.000340809956  Uele=  0.000000000000
   SCF=  74  NormRD=  0.000313435903  Uele=  0.000000000000
   SCF=  75  NormRD=  0.000307831644  Uele=  0.000000000000
   SCF=  76  NormRD=  0.000376036482  Uele=  0.000000000000
   SCF=  77  NormRD=  0.000709207417  Uele=  0.000000000000
   SCF=  78  NormRD=  0.000413981459  Uele=  0.000000000000
   SCF=  79  NormRD=  0.000160022094  Uele=  0.000000000000
   SCF=  80  NormRD=  0.000127819264  Uele=  0.000000000000
   SCF=  81  NormRD=  0.000083297405  Uele=  0.000000000000
   SCF=  82  NormRD=  0.000049779565  Uele=  0.000000000000
   SCF=  83  NormRD=  0.000113351306  Uele=  0.000000000000
   SCF=  84  NormRD=  0.000039610834  Uele=  0.000000000000
   SCF=  85  NormRD=  0.000038864729  Uele=  0.000000000000
   SCF=  86  NormRD=  0.000036980936  Uele=  0.000000000000
   SCF=  87  NormRD=  0.000034750197  Uele=  0.000000000000
   SCF=  88  NormRD=  0.000031713046  Uele=  0.000000000000
   SCF=  89  NormRD=  0.000030220707  Uele=  0.000000000000
   SCF=  90  NormRD=  0.000025734844  Uele=  0.000000000000
   SCF=  91  NormRD=  0.000041670390  Uele=  0.000000000000
   SCF=  92  NormRD=  0.000024553270  Uele=  0.000000000000
   SCF=  93  NormRD=  0.000030935134  Uele=  0.000000000000
   SCF=  94  NormRD=  0.000026210772  Uele=  0.000000000000
   SCF=  95  NormRD=  0.000022853683  Uele=  0.000000000000
   SCF=  96  NormRD=  0.000021077769  Uele=  0.000000000000
   SCF=  97  NormRD=  0.000020287105  Uele=  0.000000000000
   SCF=  98  NormRD=  0.000019961665  Uele=  0.000000000000
   SCF=  99  NormRD=  0.000019783686  Uele=  0.000000000000
   SCF= 100  NormRD=  0.000019609184  Uele=  0.000000000000
   SCF= 101  NormRD=  0.000019438069  Uele=  0.000000000000
   SCF= 102  NormRD=  0.000019270254  Uele=  0.000000000000
   SCF= 103  NormRD=  0.000019105653  Uele=  0.000000000000
   SCF= 104  NormRD=  0.000018944183  Uele=  0.000000000000
   SCF= 105  NormRD=  0.000018785764  Uele=  0.000000000000
   SCF= 106  NormRD=  0.000018630318  Uele=  0.000000000000
   SCF= 107  NormRD=  0.000018477766  Uele=  0.000000000000
   SCF= 108  NormRD=  0.000021023842  Uele=  0.000000000000
   SCF= 109  NormRD=  0.000016541355  Uele=  0.000000000000
   SCF= 110  NormRD=  0.000014987941  Uele=  0.000000000000
   SCF= 111  NormRD=  0.000014603543  Uele=  0.000000000000
   SCF= 112  NormRD=  0.000014301416  Uele=  0.000000000000
   SCF= 113  NormRD=  0.000014005739  Uele=  0.000000000000
   SCF= 114  NormRD=  0.000013716382  Uele=  0.000000000000
   SCF= 115  NormRD=  0.000013433214  Uele=  0.000000000000
   SCF= 116  NormRD=  0.000013156110  Uele=  0.000000000000
   SCF= 117  NormRD=  0.000012884947  Uele=  0.000000000000
   SCF= 118  NormRD=  0.000012619601  Uele=  0.000000000000
   SCF= 119  NormRD=  0.000012359956  Uele=  0.000000000000
   SCF= 120  NormRD=  0.000012105895  Uele=  0.000000000000
   SCF= 121  NormRD=  0.000011857305  Uele=  0.000000000000
   SCF= 122  NormRD=  0.000011614074  Uele=  0.000000000000
   SCF= 123  NormRD=  0.000012974185  Uele=  0.000000000000
   SCF= 124  NormRD=  0.000011879531  Uele=  0.000000000000
   SCF= 125  NormRD=  0.000011631991  Uele=  0.000000000000
   SCF= 126  NormRD=  0.000011389690  Uele=  0.000000000000
   SCF= 127  NormRD=  0.000011152522  Uele=  0.000000000000
   SCF= 128  NormRD=  0.000010920379  Uele=  0.000000000000
   SCF= 129  NormRD=  0.000010693157  Uele=  0.000000000000
   SCF= 130  NormRD=  0.000010470755  Uele=  0.000000000000
   SCF= 131  NormRD=  0.000010253073  Uele=  0.000000000000
   SCF= 132  NormRD=  0.000010040012  Uele=  0.000000000000
   SCF= 133  NormRD=  0.000009831479  Uele=  0.000000000000

*******************************************************
        Total energy (Hartree) at MD = 1        
*******************************************************

  Uele.          0.000000000000

  Ukin.        591.418535322513
  UH0.       -2609.657960682741
  UH1.           0.067320108973
  Una.        -436.203168443945
  Unl.        -170.389504400054
  Uxc0.       -116.657585463946
  Uxc1.       -116.585051367260
  Ucore.      1274.435208008333
  Uhub.          0.000000000000
  Ucs.           0.000000000000
  Uzs.           0.000000000000
  Uzo.           0.000000000000
  Uef.           0.000000000000
  UvdW           0.000000000000
  Utot.      -1583.572206918127

  Note:

  Utot = Ukin+UH0+UH1+Una+Unl+Uxc0+Uxc1+Ucore+Uhub+Ucs+Uzs+Uzo+Uef+UvdW

  Uene:   band energy
  Ukin:   kinetic energy
  UH0:    electric part of screened Coulomb energy
  UH1:    difference electron-electron Coulomb energy
  Una:    neutral atom potential energy
  Unl:    non-local potential energy
  Uxc0:   exchange-correlation energy for alpha spin
  Uxc1:   exchange-correlation energy for beta spin
  Ucore:  core-core Coulomb energy
  Uhub:   LDA+U energy
  Ucs:    constraint energy for spin orientation
  Uzs:    Zeeman term for spin magnetic moment
  Uzo:    Zeeman term for orbital magnetic moment
  Uef:    electric energy by electric field
  UvdW:   semi-empirical vdW energy 

  (see also PRB 72, 045121(2005) for the energy contributions)



  Chemical potential of left lead  (Hartree)      -0.225901112738
  Chemical potential of right lead (Hartree)      -0.225901112738

***********************************************************
***********************************************************
            Informaions for NEGF calculation               
***********************************************************
***********************************************************


Intrinsic chemical potential (eV) of the leads
  Left lead:  -6.147082037694
  Right lead: -6.147082037694
  add voltage =  0.0000 (eV) to the  left lead: new ChemP (eV):  -6.1471
  add voltage =  0.0000 (eV) to the right lead: new ChemP (eV):  -6.1471

  Intrinsic bias volatage:   0.000000000000 (eV)
  Net bias volatage:         0.000000000000 (eV)

Parameters for the integration of the non-equilibrium part
  lower bound:           -6.147082037694 (eV)
  upper bound:           -6.147082037694 (eV)
  energy step:            0.020000000000 (eV)
  number of steps:             0     

***********************************************************
***********************************************************
           Eigenvalues (Hartree) of SCF KS-eq.           
***********************************************************
***********************************************************

   Chemical Potential (Hatree) =  -0.18162010157246
   Number of States            = 255.00000000000006
   Eigenvalues


   kloop=0
   k1=   0.00000 k2=   0.00000 k3=   0.00000

    1   -2.56774463225620
    2   -2.56774463210595
    3   -2.56774296507774
    4   -2.56774295344573
    5   -2.56729435515612
    6   -2.56729431620012
    7   -2.56728040635240
    8   -2.56728038642920
    9   -2.56668137407966
   10   -2.56668135415903
   11   -2.56665377380515
   12   -2.56665369574158
   13   -2.56606709741632
   14   -2.56606706279308
   15   -2.56597242746484
   16   -2.56597236378190
   17   -2.56565791414355
   18   -2.56565787341805
   19   -2.56541762704038
   20   -2.56541739231497
   21   -2.56491270030377
   22   -2.56491266114020
   23   -2.56471832406670
   24   -2.56471770988921
   25   -2.56450991435816
   26   -2.56450990734455
   27   -2.55186228040114
   28   -2.55175065946111
   29   -2.55113366408754
   30   -2.55101805451005
   31   -2.02011321124497
   32   -2.02011320968196
   33   -2.01987703398770
   34   -2.01987702325233
   35   -2.01948781576887
   36   -2.01948779444624
   37   -2.01895528298898
   38   -2.01895520760139
   39   -2.01831039174479
   40   -2.01831028913188
   41   -2.01756770025587
   42   -2.01756741335757
   43   -2.01675959183796
   44   -2.01675927525779
   45   -2.01591235952196
   46   -2.01591167448256
   47   -2.01509843454137
   48   -2.01509786140617
   49   -2.01460992250324
   50   -2.01460992232127
   51   -2.01460359537598
   52   -2.01460359518656
   53   -2.01455136502490
   54   -2.01455136485432
   55   -2.01454128804793
   56   -2.01454128793831
   57   -2.01447258561003
   58   -2.01447258554549
   59   -2.01435235127206
   60   -2.01435138264492
   61   -2.01434952264425
   62   -2.01434952259214
   63   -2.01419506165562
   64   -2.01419506153195
   65   -2.01403387462006
   66   -2.01403387436043
   67   -2.01387535470259
   68   -2.01387535460831
   69   -2.01376223606907
   70   -2.01376167352799
   71   -2.01374587118100
   72   -2.01374587103149
   73   -2.01365123778785
   74   -2.01365123768907
   75   -2.01334629453862
   76   -2.01334566628153
   77   -2.01312010137336
   78   -2.01311997361706
   79   -2.01295787049426
   80   -2.01295787043601
   81   -2.01291183765109
   82   -2.01291183762362
   83   -2.00340000361024
   84   -2.00328966856514
   85   -2.00028607739235
   86   -2.00028552183033
   87   -1.99977306365176
   88   -1.99977280644013
   89   -1.99968925775120
   90   -1.99957708164802
   91   -0.34973129360485
   92   -0.34973062916605
   93   -0.34393413943456
   94   -0.34393387004847
   95   -0.34246742257779
   96   -0.34246505174631
   97   -0.32539720159140
   98   -0.32539605256132
   99   -0.32486742782295
  100   -0.32486564794168
  101   -0.30080110119601
  102   -0.30080107507372
  103   -0.29953574235277
  104   -0.29953302474942
  105   -0.29930724071550
  106   -0.29930720551569
  107   -0.29903832069730
  108   -0.29903501027346
  109   -0.29601169576127
  110   -0.29601130711943
  111   -0.29386705075276
  112   -0.29386635890182
  113   -0.28822890697436
  114   -0.28822800781614
  115   -0.28743682681905
  116   -0.28743682532576
  117   -0.28696152667782
  118   -0.28695981424366
  119   -0.28624125245941
  120   -0.28624121501338
  121   -0.28382410731300
  122   -0.28382409483710
  123   -0.28278032250002
  124   -0.28277663110681
  125   -0.28202891706436
  126   -0.28202878926143
  127   -0.28074488513967
  128   -0.28073379739414
  129   -0.27863054077768
  130   -0.27863051916751
  131   -0.27734518506436
  132   -0.27734503289774
  133   -0.27531560751253
  134   -0.27531560743981
  135   -0.27503480633556
  136   -0.27503480559680
  137   -0.27493961910304
  138   -0.27493961025841
  139   -0.27461621717650
  140   -0.27461621548172
  141   -0.27455420314992
  142   -0.27455414849260
  143   -0.27427235307434
  144   -0.27427235292371
  145   -0.27398579482209
  146   -0.27398579129075
  147   -0.26816762425234
  148   -0.26816654492065
  149   -0.26370719314093
  150   -0.26370601918387
  151   -0.24582931955026
  152   -0.24582918768925
  153   -0.24573677283191
  154   -0.24573397055619
  155   -0.24523668484805
  156   -0.24523668150416
  157   -0.24480738524728
  158   -0.24480737898865
  159   -0.24458128228932
  160   -0.24458118228116
  161   -0.24333690432459
  162   -0.24332719334923
  163   -0.23971257965060
  164   -0.23971257884213
  165   -0.23918780562195
  166   -0.23918780528215
  167   -0.23880225700601
  168   -0.23877319697601
  169   -0.23825861762587
  170   -0.23825860545458
  171   -0.23641626380751
  172   -0.23641623343053
  173   -0.23503086982966
  174   -0.23503045838548
  175   -0.23414083073396
  176   -0.23413185309597
  177   -0.23409294885883
  178   -0.23409288385303
  179   -0.23110719907109
  180   -0.23110690605744
  181   -0.22536316696956
  182   -0.22536303152334
  183   -0.22471249941197
  184   -0.22471249897625
  185   -0.22401463052419
  186   -0.22401436486000
  187   -0.22395341740112
  188   -0.22395338809973
  189   -0.22297449898453
  190   -0.22297449455466
  191   -0.22146407684158
  192   -0.22146402887137
  193   -0.21997399062789
  194   -0.21997390683753
  195   -0.21786289478992
  196   -0.21786250953343
  197   -0.21630908371253
  198   -0.21630840320171
  199   -0.21384732475099
  200   -0.21384715254040
  201   -0.21378221449745
  202   -0.21378184011888
  203   -0.21317526472813
  204   -0.21317524863961
  205   -0.21254494534516
  206   -0.21254356626589
  207   -0.21226882364109
  208   -0.21226784725125
  209   -0.21217168651570
  210   -0.21217112241530
  211   -0.21188468115471
  212   -0.21188446442261
  213   -0.21168434771498
  214   -0.21168357965752
  215   -0.21034812608895
  216   -0.21034510364614
  217   -0.21014364009683
  218   -0.21014344993892
  219   -0.20944937070963
  220   -0.20944632346985
  221   -0.20921280247306
  222   -0.20921257334464
  223   -0.20749889087701
  224   -0.20749885924337
  225   -0.20692192726476
  226   -0.20692190390748
  227   -0.20547669785157
  228   -0.20547665743796
  229   -0.20430506249051
  230   -0.20430474387709
  231   -0.20392700576247
  232   -0.20392539750808
  233   -0.20373887412758
  234   -0.20373796684546
  235   -0.20330597495294
  236   -0.20330351490762
  237   -0.20232052475758
  238   -0.20231675252360
  239   -0.20174988769250
  240   -0.20174693639594
  241   -0.20003519859393
  242   -0.20003487903053
  243   -0.19788183480796
  244   -0.19788104261080
  245   -0.19706411054276
  246   -0.19706244854771
  247   -0.19577634495410
  248   -0.19577576618318
  249   -0.19505795832658
  250   -0.19503609259882
  251   -0.19371960930368
  252   -0.19370266870063
  253   -0.18465184236445
  254   -0.18465179797494
  255   -0.18251697458871
  256   -0.18251675078113
  257   -0.17540225398740
  258   -0.17540127217189
  259   -0.17343208479725
  260   -0.17342980406832
  261   -0.17214117912823
  262   -0.17213909051696
  263   -0.11770337084039
  264   -0.11770228618702
  265   -0.11638789346082
  266   -0.11638596784341
  267   -0.05381719541081
  268   -0.05381705419841
  269   -0.05323046643562
  270   -0.05322977002172
  271   -0.03360770979040
  272   -0.03360770374071
  273   -0.02656585570708
  274   -0.02656575661589
  275   -0.02576525912496
  276   -0.02576491697775
  277   -0.00712995918178
  278   -0.00712960408005
  279   -0.00696230847220
  280   -0.00696126814036
  281    0.00691299326986
  282    0.00691300454509
  283    0.01372994311552
  284    0.01372994396701
  285    0.01456081850031
  286    0.01456085014278
  287    0.01882825545701
  288    0.01882992410659
  289    0.01901888856660
  290    0.01901953412816
  291    0.03255913497100
  292    0.03255913584718
  293    0.03275684118299
  294    0.03275686949268
  295    0.03653977867050
  296    0.03654044118901
  297    0.03850817382089
  298    0.03850886634811
  299    0.04877742586862
  300    0.04877863440051
  301    0.04912697052371
  302    0.04912733602746
  303    0.05793026567913
  304    0.05793028920919
  305    0.05810725161411
  306    0.05810725362087
  307    0.08063336759173
  308    0.08063386938604
  309    0.08112426881525
  310    0.08112511262139
  311    0.08814435650406
  312    0.08814437602805
  313    0.08850155390752
  314    0.08850156106945
  315    0.09778271128356
  316    0.09778878303860
  317    0.09793189509309
  318    0.09793423733688
  319    0.12270084822220
  320    0.12270086426156
  321    0.12323469935578
  322    0.12323471224892
  323    0.13913510323326
  324    0.13914035809957
  325    0.13918282359756
  326    0.13918599351382
  327    0.14785071701654
  328    0.14785110371645
  329    0.14971445588662
  330    0.14971616826253
  331    0.15965962144791
  332    0.15965963257956
  333    0.16060092176864
  334    0.16060094030422
  335    0.19054021690399
  336    0.19054021944040
  337    0.19239658679288
  338    0.19239661481856
  339    0.20814855986230
  340    0.20815140088259
  341    0.20876364394706
  342    0.20876537773331
  343    0.23073943498807
  344    0.23073962892441
  345    0.23646023087982
  346    0.23646025311218
  347    0.23688986129168
  348    0.23689034653898
  349    0.25575694774067
  350    0.25575703718993
  351    0.25578031606747
  352    0.25578074406112
  353    0.27214692627641
  354    0.27214693848826
  355    0.27703835783218
  356    0.27703835949874
  357    0.27737870430725
  358    0.27737873344104
  359    0.28339808262301
  360    0.28339809215461
  361    0.28642830297505
  362    0.28642864304219
  363    0.28665183189580
  364    0.28665198704754
  365    0.28814985215762
  366    0.28814985232589
  367    0.28855762645195
  368    0.28855765196533
  369    0.29203604299486
  370    0.29203762371772
  371    0.29243552020660
  372    0.29243684730912
  373    0.29304018826360
  374    0.29304021262539
  375    0.29309868536131
  376    0.29309869174600
  377    0.30388725772822
  378    0.30388728254035
  379    0.30389941323762
  380    0.30389941424899
  381    0.32214479700090
  382    0.32214481554920
  383    0.32245690618049
  384    0.32245691782029
  385    0.33253333645049
  386    0.33253335828630
  387    0.33282368469130
  388    0.33282368693484
  389    0.34226990863152
  390    0.34227003253494
  391    0.34276447919014
  392    0.34276493792484
  393    0.34505375863337
  394    0.34505423480251
  395    0.34550761834541
  396    0.34550794544316
  397    0.35067980579313
  398    0.35067980722830
  399    0.35117024171575
  400    0.35117031423159
  401    0.36593607121866
  402    0.36593630031232
  403    0.36646268002385
  404    0.36646285314368
  405    0.36946599436487
  406    0.36946601099893
  407    0.36986261151407
  408    0.36986262646627
  409    0.37942142905557
  410    0.37942144705947
  411    0.37981773186068
  412    0.37981773674185
  413    0.39670718019323
  414    0.39670821646263
  415    0.39679311729045
  416    0.39679350206589
  417    0.41195886869282
  418    0.41195894034388
  419    0.41211449500505
  420    0.41211450682561
  421    0.42321963733587
  422    0.42322089211515
  423    0.42382093260747
  424    0.42382218965127
  425    0.42998037181394
  426    0.42998218067035
  427    0.43040106110517
  428    0.43040272641905
  429    0.44075202030164
  430    0.44075205240236
  431    0.44113158852859
  432    0.44113159627519
  433    0.45063929985255
  434    0.45063931165652
  435    0.45103829775060
  436    0.45103830700901
  437    0.47929168322243
  438    0.47929172813939
  439    0.48022437505082
  440    0.48022441396919
  441    0.49923324136742
  442    0.49923402035334
  443    0.49966630402511
  444    0.49966769719025
  445    0.52005325841648
  446    0.52005331777575
  447    0.52050154795739
  448    0.52050157346408
  449    0.53471296256010
  450    0.53471297514492
  451    0.53513224800263
  452    0.53513227537295
  453    0.53774262886526
  454    0.53774407886219
  455    0.53850093231354
  456    0.53850216617123
  457    0.54413994377484
  458    0.54413995104404
  459    0.54458290466163
  460    0.54458291698611
  461    0.61423646029044
  462    0.61423646140602
  463    0.61482257266241
  464    0.61482259628887
  465    0.62397529743666
  466    0.62397529841854
  467    0.62458889409169
  468    0.62458891108731
  469    0.63115084129871
  470    0.63115134799928
  471    0.63278782469005
  472    0.63278806896178
  473    0.66999110876728
  474    0.66999123873267
  475    0.67053555896305
  476    0.67053606337786
  477    0.67365529200139
  478    0.67365558334068
  479    0.69545905196089
  480    0.69545911914956
  481    0.69600245023676
  482    0.69600245931120
  483    0.97179065035298
  484    0.97179151045756
  485    0.97234899123782
  486    0.97235011183672
  487    1.00008693045537
  488    1.00008699797384
  489    1.00064414456121
  490    1.00064415043898
  491    1.30989122637963
  492    1.30989609164548
  493    1.30993765845059
  494    1.30994238271687
  495    1.39797038965078
  496    1.39797169921828
  497    1.39897595111157
  498    1.39897915622088
  499    1.43450614186568
  500    1.43450811759623
  501    1.43456558200396
  502    1.43456735092939
  503    1.47259348998009
  504    1.47259827721602
  505    1.47313301043643
  506    1.47313914683123
  507    1.49223118924014
  508    1.49223124136218
  509    1.49275407852162
  510    1.49275408153874
  511    1.51670868205873
  512    1.51670956348041
  513    1.51915053938148
  514    1.51915151827888
  515    1.56092308253372
  516    1.56092321543626
  517    1.80997847348641
  518    1.80997881771402
  519    1.81006061706910
  520    1.81006091418729
  521    2.00702682690594
  522    2.00702712341446
  523    2.00783539029073
  524    2.00783580664860
  525    2.01791042062694
  526    2.01791043952897
  527    2.01871936898922
  528    2.01871938530311
  529    2.23080206376918
  530    2.23080208268186
  531    2.23482440097603
  532    2.23482441378456
  533    2.29022347617776
  534    2.29022402391105
  535    2.29128784428968
  536    2.29128853575888
  537    2.71852030536051
  538    2.71852039538791
  539    2.72112287546550
  540    2.72112322696470

***********************************************************
***********************************************************
                   Mulliken populations                    
***********************************************************
***********************************************************

   Total spin moment (muB)   0.004859017   Angles (Deg) 179.989069107  -0.771796269

               Up       Down      Sum      Diff        theta      phi
    1   Au   8.49856  8.49649  16.99505   0.00206   179.96516   97.22682
    2   Au   8.49938  8.49912  16.99850   0.00026   179.95549  182.46023
    3   Au   8.50077  8.50067  17.00144   0.00009   179.79981    1.56824
    4   Au   8.50001  8.49999  17.00000   0.00002     0.06319  184.49567
    5   Au   8.50001  8.49996  16.99997   0.00004   179.96910    3.72557
    6   Au   8.49999  8.49999  16.99997   0.00000   175.19025   -0.30106
    7   Au   8.49998  8.49997  16.99995   0.00000     1.90581    0.38124
    8   Au   8.49998  8.49998  16.99996   0.00000   178.30683   -2.93830
    9   Au   8.49998  8.49998  16.99996   0.00000     2.37122   -1.83666
   10   Au   8.49999  8.49999  16.99997   0.00000   173.42235   14.84514
   11   Au   8.50001  8.49997  16.99999   0.00004   179.88879   -4.87584
   12   Au   8.50001  8.49999  16.99999   0.00002     0.04050   36.02655
   13   Au   8.50055  8.50046  17.00101   0.00009   179.87450  184.23522
   14   Au   8.49959  8.49933  16.99892   0.00026   179.94524   -1.58727
   15   Au   8.49893  8.49687  16.99580   0.00206   179.96450  -78.11892

 Sum of MulP: up   =   127.49772 down          =   127.49276
              total=   254.99048 ideal(neutral)=   255.00000


  Decomposed Mulliken populations

    1   Au          Up spin      Down spin     Sum           Diff           Angles(Deg)
            multiple
  s           0    0.558482498  0.558239383   1.116721880   0.000243115     0.0702  186.9952
   sum over m      0.558482498  0.558239383   1.116721880   0.000243115
  s           1   -0.001921466 -0.001954985  -0.003876451   0.000033519     0.0467  -16.3982
   sum over m     -0.001921466 -0.001954985  -0.003876451   0.000033519
   sum over m+mul  0.556561031  0.556284398   1.112845429   0.000276634
  px          0    0.994391466  0.994018061   1.988409528   0.000373405   179.9987  235.6012
  py          0    0.997372418  0.997258174   1.994630592   0.000114244   179.9628  257.2596
  pz          0    0.997532053  0.997198335   1.994730388   0.000333718   179.9733   84.6753
   sum over m      2.989295937  2.988474570   5.977770507   0.000821367
  px          1    0.059984450  0.058739243   0.118723693   0.001245206   179.9940   63.6688
  py          1    0.012099993  0.011915841   0.024015834   0.000184152   179.9794   38.3365
  pz          1    0.012163146  0.011715253   0.023878399   0.000447893   179.9953   61.7154
   sum over m      0.084247589  0.082370337   0.166617926   0.001877251
   sum over m+mul  3.073543525  3.070844908   6.144388433   0.002698618
  d3z^2-r^2   0    0.984983097  0.984971595   1.969954691   0.000011502     0.1745  215.2486
  dx^2-y^2    0    0.961972162  0.961949672   1.923921834   0.000022490     0.5301   20.9954
  dxy         0    0.966286125  0.966253721   1.932539845   0.000032404     0.8736   66.1950
  dxz         0    0.966217557  0.966163760   1.932381317   0.000053797     0.6294  165.0077
  dyz         0    0.996670565  0.996637110   1.993307675   0.000033456     0.0910   61.7592
   sum over m      4.876129506  4.875975857   9.752105363   0.000153649
  d3z^2-r^2   1   -0.001590177 -0.001611760  -0.003201937   0.000021583     0.6612  -19.6068
  dx^2-y^2    1   -0.006406286 -0.006496016  -0.012902302   0.000089730     0.0794  137.7441
  dxy         1    0.000080135  0.000037986   0.000118121   0.000042148     0.0411  119.5727
  dxz         1    0.000061381  0.000007882   0.000069263   0.000053499     0.2993   83.6756
  dyz         1    0.000815608  0.000814426   0.001630034   0.000001182   179.1147   42.7576
   sum over m     -0.007039338 -0.007247482  -0.014286820   0.000208143
   sum over m+mul  4.869090167  4.868728375   9.737818542   0.000361792

    2   Au          Up spin      Down spin     Sum           Diff           Angles(Deg)
            multiple
  s           0    0.558432192  0.558388417   1.116820608   0.000043775   179.8687  185.3682
   sum over m      0.558432192  0.558388417   1.116820608   0.000043775
  s           1   -0.001918760 -0.001939071  -0.003857831   0.000020312   179.9270    0.4816
   sum over m     -0.001918760 -0.001939071  -0.003857831   0.000020312
   sum over m+mul  0.556513432  0.556449345   1.112962777   0.000064087
  px          0    0.994361956  0.994361473   1.988723429   0.000000483   172.4768  180.0212
  py          0    0.997333215  0.997332984   1.994666199   0.000000231   176.8968  -88.7682
  pz          0    0.997334229  0.997332279   1.994666508   0.000001950     0.3714   98.6924
   sum over m      2.989029400  2.989026736   5.978056136   0.000002664
  px          1    0.060215392  0.060165228   0.120380621   0.000050164   179.8229  178.5136
  py          1    0.012101450  0.012096928   0.024198378   0.000004522   179.8075   70.2715
  pz          1    0.012091220  0.012088776   0.024179996   0.000002444     0.9274  -22.2299
   sum over m      0.084408063  0.084350932   0.168758995   0.000057131
   sum over m+mul  3.073437463  3.073377668   6.146815131   0.000059795
  d3z^2-r^2   0    0.985030570  0.985030096   1.970060666   0.000000473   166.9442  -80.3076
  dx^2-y^2    0    0.961989203  0.961975080   1.923964284   0.000014123   179.4993   53.0143
  dxy         0    0.966329538  0.966310634   1.932640171   0.000018904   179.5090   99.0178
  dxz         0    0.966361434  0.966341193   1.932702626   0.000020241   179.5541  268.5681
  dyz         0    0.996668014  0.996665369   1.993333384   0.000002645   179.9200  -10.0332
   sum over m      4.876378759  4.876322372   9.752701131   0.000056386
  d3z^2-r^2   1   -0.001574949 -0.001588064  -0.003163013   0.000013116   179.3481  -41.4086
  dx^2-y^2    1   -0.006380824 -0.006422167  -0.012802992   0.000041343   179.8594  112.4917
  dxy         1    0.000098962  0.000088661   0.000187622   0.000010301   179.9467  109.2432
  dxz         1    0.000091577  0.000072363   0.000163940   0.000019214   179.7497  182.0066
  dyz         1    0.000816192  0.000816157   0.001632349   0.000000036     2.7231   41.4477
   sum over m     -0.006949042 -0.007033051  -0.013982093   0.000084009
   sum over m+mul  4.869429717  4.869289321   9.738719038   0.000140395

    3   Au          Up spin      Down spin     Sum           Diff           Angles(Deg)
            multiple
  s           0    0.559104839  0.559065694   1.118170533   0.000039146   179.8785    5.1294
   sum over m      0.559104839  0.559065694   1.118170533   0.000039146
  s           1   -0.001880030 -0.001886091  -0.003766121   0.000006062   179.6187    0.1057
   sum over m     -0.001880030 -0.001886091  -0.003766121   0.000006062
   sum over m+mul  0.557224810  0.557179602   1.114404412   0.000045208
  px          0    0.994380255  0.994365561   1.988745816   0.000014695     0.0425  179.9617
  py          0    0.997338259  0.997323147   1.994661406   0.000015112     0.0038   62.8082
  pz          0    0.997338940  0.997268866   1.994607806   0.000070074     0.0092   -4.4138
   sum over m      2.989057454  2.988957574   5.978015028   0.000099880
  px          1    0.060333791  0.060317814   0.120651605   0.000015977   179.9766  -11.2628
  py          1    0.012111966  0.012108625   0.024220590   0.000003341   179.3431   72.5965
  pz          1    0.012116920  0.012107794   0.024224714   0.000009126   179.7304  -58.8855
   sum over m      0.084562677  0.084534233   0.169096909   0.000028444
   sum over m+mul  3.073620131  3.073491807   6.147111937   0.000128324
  d3z^2-r^2   0    0.985069813  0.985040041   1.970109855   0.000029772   179.9934  168.5532
  dx^2-y^2    0    0.962048308  0.962039184   1.924087493   0.000009124   179.9373   -3.0424
  dxy         0    0.966487610  0.966476943   1.932964554   0.000010667   179.1221  -82.0690
  dxz         0    0.966499052  0.966489340   1.932988392   0.000009712     0.9724   87.2479
  dyz         0    0.996687472  0.996673739   1.993361211   0.000013734   179.9662    0.2886
   sum over m      4.876792256  4.876719247   9.753511503   0.000073009
  d3z^2-r^2   1   -0.001550047 -0.001553065  -0.003103111   0.000003018   179.6839   55.8565
  dx^2-y^2    1   -0.006302511 -0.006314992  -0.012617503   0.000012481   179.6988  -12.1346
  dxy         1    0.000130711  0.000112946   0.000243657   0.000017765   179.9734  -10.1815
  dxz         1    0.000143853  0.000111990   0.000255844   0.000031863   179.9444    2.7207
  dyz         1    0.000817630  0.000817471   0.001635101   0.000000158   179.2861   -3.5489
   sum over m     -0.006760364 -0.006825649  -0.013586013   0.000065285
   sum over m+mul  4.870031892  4.869893598   9.739925490   0.000138294

    4   Au          Up spin      Down spin     Sum           Diff           Angles(Deg)
            multiple
  s           0    0.558703314  0.558650505   1.117353820   0.000052809     0.0039  -52.4463
   sum over m      0.558703314  0.558650505   1.117353820   0.000052809
  s           1   -0.001913303 -0.001913622  -0.003826925   0.000000319   179.8765  184.2608
   sum over m     -0.001913303 -0.001913622  -0.003826925   0.000000319
   sum over m+mul  0.556790011  0.556736883   1.113526894   0.000053128
  px          0    0.994394287  0.994394022   1.988788310   0.000000265   179.9693   -0.6671
  py          0    0.997337787  0.997337590   1.994675378   0.000000197   179.7954  250.5580
  pz          0    0.997337628  0.997337574   1.994675202   0.000000054     1.2094  144.8844
   sum over m      2.989069703  2.989069186   5.978138889   0.000000517
  px          1    0.060152576  0.060144272   0.120296848   0.000008305   179.7262    0.9731
  py          1    0.012093051  0.012092760   0.024185811   0.000000292   178.8420  228.0791
  pz          1    0.012093191  0.012091853   0.024185044   0.000001338     0.4979  157.8760
   sum over m      0.084338819  0.084328884   0.168667703   0.000009935
   sum over m+mul  3.073408522  3.073398070   6.146806592   0.000010452
  d3z^2-r^2   0    0.985057932  0.985039456   1.970097388   0.000018476     0.0154    0.4663
  dx^2-y^2    0    0.962038569  0.962037881   1.924076450   0.000000688     0.6879  187.8168
  dxy         0    0.966514336  0.966490945   1.933005280   0.000023391   179.9061  252.4212
  dxz         0    0.966519397  0.966484083   1.933003480   0.000035315   179.9293  119.8462
  dyz         0    0.996679689  0.996675545   1.993355233   0.000004144     0.0277  171.2593
   sum over m      4.876809923  4.876727909   9.753537832   0.000082014
  d3z^2-r^2   1   -0.001571668 -0.001573215  -0.003144883   0.000001547     0.0772   92.5568
  dx^2-y^2    1   -0.006365306 -0.006368848  -0.012734154   0.000003542     0.0376  246.3245
  dxy         1    0.000094503  0.000093571   0.000188074   0.000000932     0.4964  231.0213
  dxz         1    0.000094674  0.000090134   0.000184808   0.000004541     0.0863  112.3254
  dyz         1    0.000815484  0.000815472   0.001630955   0.000000012   178.7429  176.1304
   sum over m     -0.006932313 -0.006942886  -0.013875199   0.000010574
   sum over m+mul  4.869877611  4.869785022   9.739662633   0.000092588

    5   Au          Up spin      Down spin     Sum           Diff           Angles(Deg)
            multiple
  s           0    0.558672846  0.558658779   1.117331624   0.000014067   179.9490    6.8935
   sum over m      0.558672846  0.558658779   1.117331624   0.000014067
  s           1   -0.001921887 -0.001921905  -0.003843792   0.000000018     3.5008    0.6651
   sum over m     -0.001921887 -0.001921905  -0.003843792   0.000000018
   sum over m+mul  0.556750959  0.556736873   1.113487832   0.000014086
  px          0    0.994385866  0.994385860   1.988771726   0.000000006     0.1777    3.4197
  py          0    0.997337693  0.997337679   1.994675372   0.000000014   179.1327  219.1754
  pz          0    0.997337709  0.997337679   1.994675389   0.000000030   179.6409  132.5967
   sum over m      2.989061268  2.989061219   5.978122487   0.000000050
  px          1    0.060178393  0.060176837   0.120355230   0.000001556     0.1971  182.4798
  py          1    0.012093721  0.012093659   0.024187380   0.000000062   175.8167  206.5425
  pz          1    0.012093835  0.012093777   0.024187613   0.000000058   177.0036  136.9622
   sum over m      0.084365950  0.084364273   0.168730223   0.000001676
   sum over m+mul  3.073427218  3.073425492   6.146852710   0.000001726
  d3z^2-r^2   0    0.985049903  0.985047429   1.970097332   0.000002474     0.1032    5.0379
  dx^2-y^2    0    0.962034443  0.962028761   1.924063204   0.000005682   179.9775  203.2064
  dxy         0    0.966506313  0.966494957   1.933001269   0.000011356   179.8989  -64.9782
  dxz         0    0.966511005  0.966497573   1.933008578   0.000013432   179.9097   59.4375
  dyz         0    0.996677867  0.996677264   1.993355131   0.000000604   179.8954  153.5558
   sum over m      4.876779531  4.876745984   9.753525514   0.000033547
  d3z^2-r^2   1   -0.001575027 -0.001575304  -0.003150331   0.000000276   179.7086  -38.3483
  dx^2-y^2    1   -0.006375662 -0.006376067  -0.012751730   0.000000405   179.8560   60.6912
  dxy         1    0.000093836  0.000093732   0.000187568   0.000000105     1.0795  224.0772
  dxz         1    0.000093812  0.000093526   0.000187338   0.000000287     0.2756   97.4258
  dyz         1    0.000815523  0.000815521   0.001631044   0.000000002   179.1428    2.5800
   sum over m     -0.006947518 -0.006948593  -0.013896111   0.000001075
   sum over m+mul  4.869832012  4.869797391   9.739629403   0.000034622

    6   Au          Up spin      Down spin     Sum           Diff           Angles(Deg)
            multiple
  s           0    0.558677409  0.558674875   1.117352284   0.000002534   179.6979  177.2595
   sum over m      0.558677409  0.558674875   1.117352284   0.000002534
  s           1   -0.001919530 -0.001919590  -0.003839120   0.000000059     0.0884  156.5539
   sum over m     -0.001919530 -0.001919590  -0.003839120   0.000000059
   sum over m+mul  0.556757879  0.556755286   1.113513165   0.000002593
  px          0    0.994386846  0.994386835   1.988773681   0.000000011   179.3711  180.6532
  py          0    0.997337661  0.997337654   1.994675316   0.000000007     0.8597   61.6956
  pz          0    0.997337660  0.997337658   1.994675318   0.000000002     3.5934  -43.8799
   sum over m      2.989062168  2.989062147   5.978124315   0.000000020
  px          1    0.060170137  0.060169961   0.120340098   0.000000176     0.0758  199.2496
  py          1    0.012093639  0.012093621   0.024187260   0.000000019   174.1586   64.3982
  pz          1    0.012093799  0.012093586   0.024187386   0.000000213   179.3980  -49.8674
   sum over m      0.084357576  0.084357168   0.168714744   0.000000408
   sum over m+mul  3.073419743  3.073419316   6.146839059   0.000000428
  d3z^2-r^2   0    0.985048043  0.985046449   1.970094492   0.000001594   179.7812  215.2606
  dx^2-y^2    0    0.962034973  0.962033815   1.924068788   0.000001157     0.1513  113.2123
  dxy         0    0.966498707  0.966498086   1.932996793   0.000000621     3.8459   12.1140
  dxz         0    0.966498876  0.966496830   1.932995706   0.000002045     1.1917  -13.3507
  dyz         0    0.996677072  0.996676752   1.993353824   0.000000320   179.4127  165.9868
   sum over m      4.876757670  4.876751932   9.753509602   0.000005738
  d3z^2-r^2   1   -0.001574381 -0.001574432  -0.003148812   0.000000051   179.7366   98.6688
  dx^2-y^2    1   -0.006373329 -0.006373411  -0.012746741   0.000000082     0.2354  216.7350
  dxy         1    0.000093757  0.000093705   0.000187463   0.000000052   177.8988   43.2608
  dxz         1    0.000093815  0.000093701   0.000187517   0.000000114   179.0483  -43.2270
  dyz         1    0.000815514  0.000815513   0.001631027   0.000000001     2.4980  164.3077
   sum over m     -0.006944623 -0.006944923  -0.013889547   0.000000300
   sum over m+mul  4.869813047  4.869807009   9.739620056   0.000006038

    7   Au          Up spin      Down spin     Sum           Diff           Angles(Deg)
            multiple
  s           0    0.558632895  0.558629937   1.117262832   0.000002958     0.6949    1.2798
   sum over m      0.558632895  0.558629937   1.117262832   0.000002958
  s           1   -0.001913111 -0.001913192  -0.003826303   0.000000081     0.0771  194.1498
   sum over m     -0.001913111 -0.001913192  -0.003826303   0.000000081
   sum over m+mul  0.556719784  0.556716745   1.113436530   0.000003039
  px          0    0.994393308  0.994393306   1.988786613   0.000000002     3.3526    2.4953
  py          0    0.997337619  0.997337615   1.994675234   0.000000004     1.4992    0.0164
  pz          0    0.997337620  0.997337614   1.994675233   0.000000006     0.7689   -4.5543
   sum over m      2.989068546  2.989068535   5.978137081   0.000000011
  px          1    0.060178004  0.060176886   0.120354890   0.000001118   179.9043   15.1446
  py          1    0.012093740  0.012093693   0.024187434   0.000000047   178.4986    6.9842
  pz          1    0.012093751  0.012093691   0.024187442   0.000000059   178.9483   -1.0599
   sum over m      0.084365495  0.084364271   0.168729766   0.000001224
   sum over m+mul  3.073434041  3.073432805   6.146866846   0.000001236
  d3z^2-r^2   0    0.985049508  0.985048013   1.970097521   0.000001495   179.8353  195.5412
  dx^2-y^2    0    0.962038378  0.962038026   1.924076404   0.000000352     0.5883    7.2530
  dxy         0    0.966498716  0.966496622   1.932995338   0.000002094     1.5921    8.1565
  dxz         0    0.966498045  0.966496248   1.932994293   0.000001797     1.8820   -9.4511
  dyz         0    0.996677116  0.996677023   1.993354139   0.000000093   176.6563  160.8625
   sum over m      4.876761762  4.876755931   9.753517693   0.000005831
  d3z^2-r^2   1   -0.001572441 -0.001572457  -0.003144898   0.000000016     0.9543  199.1193
  dx^2-y^2    1   -0.006367509 -0.006367553  -0.012735063   0.000000044     0.4877    0.1551
  dxy         1    0.000094205  0.000094180   0.000188385   0.000000025   179.0792  228.5032
  dxz         1    0.000094206  0.000094191   0.000188397   0.000000015   177.7570  145.0538
  dyz         1    0.000815535  0.000815534   0.001631069   0.000000002   179.3093   80.8837
   sum over m     -0.006936004 -0.006936106  -0.013872111   0.000000102
   sum over m+mul  4.869825758  4.869819825   9.739645583   0.000005933

    8   Au          Up spin      Down spin     Sum           Diff           Angles(Deg)
            multiple
  s           0    0.558700826  0.558697761   1.117398587   0.000003066   179.0606  180.7305
   sum over m      0.558700826  0.558697761   1.117398587   0.000003066
  s           1   -0.001926616 -0.001926749  -0.003853364   0.000000133   179.6785  178.2590
   sum over m     -0.001926616 -0.001926749  -0.003853364   0.000000133
   sum over m+mul  0.556774211  0.556771012   1.113545223   0.000003199
  px          0    0.994381024  0.994381022   1.988762045   0.000000002   175.7189   -2.3153
  py          0    0.997337712  0.997337711   1.994675423   0.000000001   173.8457  -80.5561
  pz          0    0.997337715  0.997337709   1.994675424   0.000000005   179.2777   79.7679
   sum over m      2.989056450  2.989056442   5.978112892   0.000000008
  px          1    0.060168939  0.060167410   0.120336350   0.000001529     0.1449  -16.9483
  py          1    0.012093672  0.012093660   0.024187332   0.000000013     7.5683  232.5944
  pz          1    0.012093682  0.012093608   0.024187290   0.000000074     1.4456  135.5057
   sum over m      0.084356293  0.084354678   0.168710971   0.000001615
   sum over m+mul  3.073412743  3.073411120   6.146823863   0.000001623
  d3z^2-r^2   0    0.985047145  0.985045785   1.970092929   0.000001360     0.3086  185.5085
  dx^2-y^2    0    0.962032296  0.962031816   1.924064111   0.000000480     0.5129  216.4005
  dxy         0    0.966496801  0.966496040   1.932992841   0.000000761   174.7598    7.5644
  dxz         0    0.966497519  0.966495329   1.932992848   0.000002191   178.0475   -6.3847
  dyz         0    0.996676737  0.996676532   1.993353270   0.000000205     2.0901  176.8286
   sum over m      4.876750498  4.876745502   9.753495999   0.000004996
  d3z^2-r^2   1   -0.001576551 -0.001576568  -0.003153119   0.000000017     0.4238  215.9186
  dx^2-y^2    1   -0.006379767 -0.006379882  -0.012759649   0.000000114   179.6109    3.4688
  dxy         1    0.000093448  0.000093411   0.000186859   0.000000037     2.3704  227.8423
  dxz         1    0.000093449  0.000093392   0.000186841   0.000000057     1.6593  136.3737
  dyz         1    0.000815499  0.000815498   0.001630997   0.000000001     4.3059  180.0829
   sum over m     -0.006953922 -0.006954148  -0.013908070   0.000000226
   sum over m+mul  4.869796575  4.869791354   9.739587929   0.000005221

    9   Au          Up spin      Down spin     Sum           Diff           Angles(Deg)
            multiple
  s           0    0.558632875  0.558629916   1.117262791   0.000002959     0.7969   -8.7204
   sum over m      0.558632875  0.558629916   1.117262791   0.000002959
  s           1   -0.001912592 -0.001912673  -0.003825265   0.000000081     0.6201  180.7813
   sum over m     -0.001912592 -0.001912673  -0.003825265   0.000000081
   sum over m+mul  0.556720283  0.556717243   1.113437526   0.000003040
  px          0    0.994393880  0.994393878   1.988787757   0.000000002     4.3077   -4.0542
  py          0    0.997337613  0.997337610   1.994675223   0.000000004     1.2088    8.9035
  pz          0    0.997337614  0.997337608   1.994675222   0.000000006     1.0162   -4.7105
   sum over m      2.989069107  2.989069095   5.978138202   0.000000011
  px          1    0.060178403  0.060177287   0.120355691   0.000001116   179.7956  172.0614
  py          1    0.012093676  0.012093629   0.024187306   0.000000047   179.9439  -20.8745
  pz          1    0.012093687  0.012093627   0.024187314   0.000000060   179.4753  201.3602
   sum over m      0.084365767  0.084364544   0.168730311   0.000001223
   sum over m+mul  3.073434873  3.073433639   6.146868513   0.000001234
  d3z^2-r^2   0    0.985050031  0.985048531   1.970098562   0.000001501   179.8056  201.2506
  dx^2-y^2    0    0.962039826  0.962039464   1.924079290   0.000000361     0.5545    0.5102
  dxy         0    0.966499254  0.966497145   1.932996399   0.000002109     2.1693    8.4000
  dxz         0    0.966498595  0.966496783   1.932995378   0.000001812     2.6350   -7.7090
  dyz         0    0.996677156  0.996677063   1.993354219   0.000000093   175.4051  170.6799
   sum over m      4.876764862  4.876758986   9.753523847   0.000005876
  d3z^2-r^2   1   -0.001572274 -0.001572290  -0.003144563   0.000000016     0.5378  229.8474
  dx^2-y^2    1   -0.006367002 -0.006367047  -0.012734049   0.000000044     0.9748  171.4060
  dxy         1    0.000094222  0.000094197   0.000188419   0.000000026   179.5411  -73.7563
  dxz         1    0.000094223  0.000094208   0.000188431   0.000000015   178.9152  124.8423
  dyz         1    0.000815534  0.000815532   0.001631066   0.000000002   176.6900  183.8126
   sum over m     -0.006935297 -0.006935400  -0.013870697   0.000000102
   sum over m+mul  4.869829565  4.869823586   9.739653151   0.000005978

   10   Au          Up spin      Down spin     Sum           Diff           Angles(Deg)
            multiple
  s           0    0.558678425  0.558675880   1.117354304   0.000002545   179.3485  139.6205
   sum over m      0.558678425  0.558675880   1.117354304   0.000002545
  s           1   -0.001920810 -0.001920870  -0.003841681   0.000000060     0.2172   45.6519
   sum over m     -0.001920810 -0.001920870  -0.003841681   0.000000060
   sum over m+mul  0.556757614  0.556755010   1.113512624   0.000002605
  px          0    0.994385821  0.994385810   1.988771631   0.000000010   179.5481  167.4047
  py          0    0.997337670  0.997337663   1.994675333   0.000000007     1.0185  114.9450
  pz          0    0.997337669  0.997337667   1.994675335   0.000000002     2.2220  -72.7291
   sum over m      2.989061160  2.989061140   5.978122299   0.000000020
  px          1    0.060170546  0.060170372   0.120340917   0.000000174     0.2035   18.2187
  py          1    0.012093750  0.012093731   0.024187480   0.000000019   171.1412  137.2571
  pz          1    0.012093909  0.012093696   0.024187605   0.000000213   179.4774  232.0331
   sum over m      0.084358204  0.084357798   0.168716003   0.000000406
   sum over m+mul  3.073419364  3.073418938   6.146838302   0.000000426
  d3z^2-r^2   0    0.985047874  0.985046279   1.970094153   0.000001595   179.8427  224.2633
  dx^2-y^2    0    0.962033914  0.962032765   1.924066678   0.000001149     0.2608  122.4619
  dxy         0    0.966500311  0.966499690   1.933000001   0.000000621     5.7000   11.2738
  dxz         0    0.966500529  0.966498486   1.932999015   0.000002043     1.8222  -10.1847
  dyz         0    0.996677322  0.996677002   1.993354324   0.000000321   178.8971  164.4086
   sum over m      4.876759950  4.876754221   9.753514171   0.000005729
  d3z^2-r^2   1   -0.001574763 -0.001574815  -0.003149578   0.000000051   179.5962   30.0728
  dx^2-y^2    1   -0.006374490 -0.006374572  -0.012749062   0.000000083     0.2162  -70.7018
  dxy         1    0.000093698  0.000093647   0.000187345   0.000000052   178.0883  115.0590
  dxz         1    0.000093756  0.000093642   0.000187398   0.000000114   179.2263  264.7164
  dyz         1    0.000815519  0.000815518   0.001631037   0.000000001     2.7879  155.9508
   sum over m     -0.006946280 -0.006946581  -0.013892861   0.000000301
   sum over m+mul  4.869813670  4.869807640   9.739621310   0.000006030

   11   Au          Up spin      Down spin     Sum           Diff           Angles(Deg)
            multiple
  s           0    0.558674579  0.558660563   1.117335142   0.000014017   179.8654  -11.1022
   sum over m      0.558674579  0.558660563   1.117335142   0.000014017
  s           1   -0.001920310 -0.001920328  -0.003840638   0.000000018     2.3560    6.9494
   sum over m     -0.001920310 -0.001920328  -0.003840638   0.000000018
   sum over m+mul  0.556754270  0.556740234   1.113494504   0.000014035
  px          0    0.994386868  0.994386863   1.988773731   0.000000006     5.2195   -1.0678
  py          0    0.997337676  0.997337662   1.994675339   0.000000014   179.0213  244.8697
  pz          0    0.997337693  0.997337663   1.994675356   0.000000030   179.2931  146.0750
   sum over m      2.989062238  2.989062188   5.978124426   0.000000050
  px          1    0.060175952  0.060174397   0.120350348   0.000001555     0.1445  155.2489
  py          1    0.012093552  0.012093491   0.024187043   0.000000061   176.0080  217.6266
  pz          1    0.012093666  0.012093608   0.024187274   0.000000057   173.8974  154.9937
   sum over m      0.084363169  0.084361496   0.168724666   0.000001673
   sum over m+mul  3.073425407  3.073423684   6.146849091   0.000001723
  d3z^2-r^2   0    0.985050792  0.985048297   1.970099089   0.000002494     0.0205  -25.5142
  dx^2-y^2    0    0.962037377  0.962031699   1.924069076   0.000005679   179.9923  222.4548
  dxy         0    0.966507016  0.966495648   1.933002664   0.000011368   179.8050  -25.0873
  dxz         0    0.966511789  0.966498334   1.933010123   0.000013454   179.8385   22.2698
  dyz         0    0.996677717  0.996677115   1.993354832   0.000000602   179.6174  171.3934
   sum over m      4.876784691  4.876751093   9.753535784   0.000033598
  d3z^2-r^2   1   -0.001574455 -0.001574731  -0.003149187   0.000000276   179.7550  230.5013
  dx^2-y^2    1   -0.006373929 -0.006374334  -0.012748263   0.000000405   179.8473  114.3962
  dxy         1    0.000093821  0.000093716   0.000187537   0.000000105     2.0201  216.1650
  dxz         1    0.000093796  0.000093509   0.000187305   0.000000287     0.6990  140.2586
  dyz         1    0.000815514  0.000815512   0.001631026   0.000000002   179.8401  144.9905
   sum over m     -0.006945253 -0.006946329  -0.013891581   0.000001076
   sum over m+mul  4.869839438  4.869804764   9.739644202   0.000034674

   12   Au          Up spin      Down spin     Sum           Diff           Angles(Deg)
            multiple
  s           0    0.558681924  0.558629188   1.117311112   0.000052736     0.0339  166.7503
   sum over m      0.558681924  0.558629188   1.117311112   0.000052736
  s           1   -0.001914186 -0.001914505  -0.003828691   0.000000320   178.9042  180.7648
   sum over m     -0.001914186 -0.001914505  -0.003828691   0.000000320
   sum over m+mul  0.556767738  0.556714683   1.113482421   0.000053055
  px          0    0.994393704  0.994393439   1.988787143   0.000000265   178.8705    0.1403
  py          0    0.997337801  0.997337604   1.994675404   0.000000197   179.6732  -81.7224
  pz          0    0.997337641  0.997337587   1.994675228   0.000000055     2.9310  156.2321
   sum over m      2.989069146  2.989068629   5.978137775   0.000000517
  px          1    0.060164535  0.060156241   0.120320776   0.000008293   179.9894  -44.3860
  py          1    0.012093323  0.012093032   0.024186355   0.000000291   179.1156  -63.8841
  pz          1    0.012093456  0.012092116   0.024185572   0.000001339     0.3403   31.1818
   sum over m      0.084351314  0.084341389   0.168692703   0.000009924
   sum over m+mul  3.073420460  3.073410019   6.146830478   0.000010441
  d3z^2-r^2   0    0.985057645  0.985039175   1.970096820   0.000018469     0.0255  170.4197
  dx^2-y^2    0    0.962036408  0.962035719   1.924072127   0.000000689     0.5712  193.4358
  dxy         0    0.966520813  0.966497461   1.933018274   0.000023352   179.8889  -39.2142
  dxz         0    0.966525942  0.966490660   1.933016602   0.000035282   179.9320   46.4449
  dyz         0    0.996680388  0.996676245   1.993356632   0.000004143     0.1100  174.6859
   sum over m      4.876821196  4.876739260   9.753560456   0.000081935
  d3z^2-r^2   1   -0.001572077 -0.001573625  -0.003145702   0.000001547     0.2311  163.0116
  dx^2-y^2    1   -0.006366586 -0.006370128  -0.012736714   0.000003542     0.1757  189.5527
  dxy         1    0.000094362  0.000093429   0.000187792   0.000000933     0.8379  -88.5366
  dxz         1    0.000094523  0.000089980   0.000184503   0.000004543     0.2193   51.4838
  dyz         1    0.000815509  0.000815497   0.001631007   0.000000012   177.5094  179.0114
   sum over m     -0.006934269 -0.006944846  -0.013879115   0.000010577
   sum over m+mul  4.869886927  4.869794415   9.739681341   0.000092512

   13   Au          Up spin      Down spin     Sum           Diff           Angles(Deg)
            multiple
  s           0    0.559000813  0.558961640   1.117962453   0.000039173   179.9540  208.5602
   sum over m      0.559000813  0.558961640   1.117962453   0.000039173
  s           1   -0.001894845 -0.001900900  -0.003795744   0.000006055   179.8155   -0.5021
   sum over m     -0.001894845 -0.001900900  -0.003795744   0.000006055
   sum over m+mul  0.557105968  0.557060740   1.114166709   0.000045228
  px          0    0.994380217  0.994365521   1.988745738   0.000014695     0.0652  180.0811
  py          0    0.997338186  0.997323074   1.994661260   0.000015112     0.0034   89.8760
  pz          0    0.997338867  0.997268793   1.994607659   0.000070074     0.0062   -7.0101
   sum over m      2.989057269  2.988957388   5.978014657   0.000099881
  px          1    0.060276420  0.060260453   0.120536873   0.000015968   179.0900  180.2124
  py          1    0.012107835  0.012104496   0.024212331   0.000003338   179.1976   98.1740
  pz          1    0.012112702  0.012103580   0.024216282   0.000009122   179.6158  230.3648
   sum over m      0.084496957  0.084468529   0.168965486   0.000028428
   sum over m+mul  3.073554226  3.073425917   6.146980143   0.000128309
  d3z^2-r^2   0    0.985067555  0.985037736   1.970105291   0.000029820   179.9658   -3.2111
  dx^2-y^2    0    0.962039730  0.962030609   1.924070339   0.000009120   179.9193   -6.1348
  dxy         0    0.966499747  0.966489176   1.932988923   0.000010571   179.1657  -71.8550
  dxz         0    0.966511831  0.966501973   1.933013804   0.000009858     0.9158   72.5127
  dyz         0    0.996688223  0.996674495   1.993362718   0.000013728   179.9052    0.1530
   sum over m      4.876807086  4.876733989   9.753541075   0.000073097
  d3z^2-r^2   1   -0.001558304 -0.001561321  -0.003119625   0.000003017   179.5273  120.3982
  dx^2-y^2    1   -0.006326247 -0.006338718  -0.012664965   0.000012471   179.8466  218.9046
  dxy         1    0.000123641  0.000105879   0.000229520   0.000017763   179.9913   93.2576
  dxz         1    0.000136494  0.000104634   0.000241128   0.000031860   179.9944  -60.9338
  dyz         1    0.000817014  0.000816856   0.001633869   0.000000158   178.7531   -1.6345
   sum over m     -0.006807402 -0.006872671  -0.013680073   0.000065269
   sum over m+mul  4.869999684  4.869861318   9.739861002   0.000138366

   14   Au          Up spin      Down spin     Sum           Diff           Angles(Deg)
            multiple
  s           0    0.558500945  0.558457043   1.116957988   0.000043902   179.6615  181.5675
   sum over m      0.558500945  0.558457043   1.116957988   0.000043902
  s           1   -0.001915817 -0.001936129  -0.003851946   0.000020312   179.7809    0.6397
   sum over m     -0.001915817 -0.001936129  -0.003851946   0.000020312
   sum over m+mul  0.556585128  0.556520915   1.113106043   0.000064213
  px          0    0.994374444  0.994373944   1.988748389   0.000000500   163.6048    0.0020
  py          0    0.997334453  0.997334222   1.994668676   0.000000231   176.2058  267.5232
  pz          0    0.997335491  0.997333541   1.994669031   0.000001950     0.8013  145.9533
   sum over m      2.989044388  2.989041707   5.978086096   0.000002681
  px          1    0.060214930  0.060164799   0.120379729   0.000050132   179.7059   -0.8425
  py          1    0.012098288  0.012093765   0.024192053   0.000004523   179.6934  102.9596
  pz          1    0.012087849  0.012085411   0.024173260   0.000002437     0.6974  236.0781
   sum over m      0.084401067  0.084343975   0.168745042   0.000057092
   sum over m+mul  3.073445455  3.073385682   6.146831137   0.000059772
  d3z^2-r^2   0    0.985038996  0.985038522   1.970077517   0.000000474   165.2012  -88.2615
  dx^2-y^2    0    0.962007158  0.961993047   1.924000205   0.000014111   179.5253   95.3133
  dxy         0    0.966375224  0.966356364   1.932731588   0.000018860   179.4602  115.9577
  dxz         0    0.966408566  0.966388390   1.932796956   0.000020177   179.5206  -87.9162
  dyz         0    0.996672317  0.996669679   1.993341995   0.000002638   177.7854  181.6006
   sum over m      4.876502260  4.876446001   9.752948261   0.000056259
  d3z^2-r^2   1   -0.001572684 -0.001585800  -0.003158483   0.000013116   179.2743  -45.7359
  dx^2-y^2    1   -0.006373603 -0.006414948  -0.012788551   0.000041345   179.7420   39.9894
  dxy         1    0.000098369  0.000088068   0.000186436   0.000010301   179.8354  -61.1623
  dxz         1    0.000090948  0.000071733   0.000162680   0.000019215   179.8640   98.5826
  dyz         1    0.000816017  0.000815979   0.001631996   0.000000038    19.9808  176.2462
   sum over m     -0.006940953 -0.007024968  -0.013965921   0.000084015
   sum over m+mul  4.869561308  4.869421033   9.738982341   0.000140275

   15   Au          Up spin      Down spin     Sum           Diff           Angles(Deg)
            multiple
  s           0    0.558637388  0.558394178   1.117031566   0.000243210     0.1027   -2.5069
   sum over m      0.558637388  0.558394178   1.117031566   0.000243210
  s           1   -0.001921790 -0.001955308  -0.003877097   0.000033518     0.0182  194.2854
   sum over m     -0.001921790 -0.001955308  -0.003877097   0.000033518
   sum over m+mul  0.556715598  0.556438871   1.113154469   0.000276728
  px          0    0.994390858  0.994017468   1.988408326   0.000373391   179.9901  174.7318
  py          0    0.997372117  0.997257875   1.994629992   0.000114242   179.9979   45.1502
  pz          0    0.997531414  0.997197701   1.994729115   0.000333713   179.9924  -74.4846
   sum over m      2.989294389  2.988473044   5.977767433   0.000821346
  px          1    0.059992784  0.058747524   0.118740308   0.001245260   179.9944  212.2419
  py          1    0.012102224  0.011918077   0.024020301   0.000184147   179.9712   81.9910
  pz          1    0.012163515  0.011715597   0.023879112   0.000447917   179.9914   26.6645
   sum over m      0.084258523  0.082381198   0.166639721   0.001877325
   sum over m+mul  3.073552912  3.070854242   6.144407154   0.002698670
  d3z^2-r^2   0    0.985004233  0.984992792   1.969997025   0.000011441     1.8319  204.5782
  dx^2-y^2    0    0.962007902  0.961985385   1.923993287   0.000022518     0.3500   52.6759
  dxy         0    0.966352843  0.966320386   1.932673229   0.000032458     0.2665  252.4401
  dxz         0    0.966290665  0.966236815   1.932527480   0.000053850     1.2953  -69.3823
  dyz         0    0.996679625  0.996646272   1.993325897   0.000033353     0.1380  -28.8993
   sum over m      4.876335268  4.876181649   9.752516918   0.000153619
  d3z^2-r^2   1   -0.001589969 -0.001611559  -0.003201528   0.000021590     0.3211  236.1690
  dx^2-y^2    1   -0.006405489 -0.006495231  -0.012900719   0.000089742     0.1702  156.5121
  dxy         1    0.000080975  0.000038824   0.000119799   0.000042151     0.4266  252.4582
  dxz         1    0.000063032  0.000009518   0.000072549   0.000053514     0.4860   72.6500
  dyz         1    0.000816184  0.000815001   0.001631185   0.000001183   178.4926  240.1964
   sum over m     -0.007035267 -0.007243447  -0.014278714   0.000208180
   sum over m+mul  4.869300001  4.868938203   9.738238204   0.000361799

***********************************************************
***********************************************************
                     Orbital moments                       
***********************************************************
***********************************************************

   Total Orbital Moment (muB)   0.004970219   Angles  (Deg) 179.987180100  177.117267862

          Orbital moment (muB)   theta (Deg)  phi (Deg)
    1   Au   0.00276           179.99724   -0.07765
    2   Au   0.00010             0.02185   42.88737
    3   Au   0.00006             0.01806  -16.34756
    4   Au   0.00008             0.00357  161.73260
    5   Au   0.00005             0.04405  177.73660
    6   Au   0.00001           179.58958  179.13241
    7   Au   0.00001           179.49200  180.25145
    8   Au   0.00001             1.27813  179.21240
    9   Au   0.00001           179.29072  180.41328
   10   Au   0.00001           179.22830  182.70229
   11   Au   0.00005             0.12750  176.20558
   12   Au   0.00008             0.05596  179.99994
   13   Au   0.00006             0.08198  182.91737
   14   Au   0.00010             0.03828  153.10772
   15   Au   0.00276           179.99603  179.12083


  Decomposed Orbital Moments

    1   Au         Orbital Moment(muB)    Angles (Deg)
            multiple
  s           0    0.000000000          179.9999    0.0000
   sum over m      0.000000000          179.9999    0.0000
  s           1    0.000000000           90.0000    0.0000
   sum over m      0.000000000           90.0000    0.0000
  px          0    0.000245596          180.0000   90.0000
  py          0    0.000245596          179.9999    0.0000
  pz          0    0.000000000           90.0002   31.1151
   sum over m      0.000491191          179.9999   31.1151
  px          1    0.000663660          179.9998   90.0000
  py          1    0.000663660          180.0000   -0.0000
  pz          1    0.000000002           90.0000   87.8907
   sum over m      0.001327321          179.9998   87.8907
  d3z^2-r^2   0    0.000000018           90.0000   16.6251
  dx^2-y^2    0    0.000099560          179.9943  -49.4748
  dxy         0    0.000099560          179.9759   -0.3968
  dxz         0    0.000067623          179.9645   -3.3417
  dyz         0    0.000067623          179.9800   -0.7029
   sum over m      0.000334367          179.9776   -2.3906
  d3z^2-r^2   1    0.000000001           89.9999  171.7410
  dx^2-y^2    1    0.000295640          179.9998   -6.5213
  dxy         1    0.000295640          179.9999    5.6331
  dxz         1    0.000005695          179.9934    2.5130
  dyz         1    0.000005695          179.9993  108.0659
   sum over m      0.000602671          179.9999    8.3772

    2   Au         Orbital Moment(muB)    Angles (Deg)
            multiple
  s           0    0.000000000           90.0000    0.0000
   sum over m      0.000000000           90.0000    0.0000
  s           1    0.000000000           90.0000    0.0000
   sum over m      0.000000000           90.0000    0.0000
  px          0    0.000000187          179.9980   90.0000
  py          0    0.000000187          179.9963    0.0000
  pz          0    0.000000000           90.0001   28.8330
   sum over m      0.000000374          179.9958   28.8330
  px          1    0.000001992            0.0043  270.0000
  py          1    0.000001992            0.0032    0.0000
  pz          1    0.000000000           90.0000  -53.6531
   sum over m      0.000003984            0.0054  -53.6531
  d3z^2-r^2   0    0.000000005           90.0000   84.9452
  dx^2-y^2    0    0.000041984            0.0038   69.1995
  dxy         0    0.000041984            0.0188   25.0202
  dxz         0    0.000006499            0.1274   30.4250
  dyz         0    0.000006499            0.0527   76.4515
   sum over m      0.000096966            0.0226   43.4545
  d3z^2-r^2   1    0.000000000           90.0000   88.5007
  dx^2-y^2    1    0.000001413            0.0029    3.3612
  dxy         1    0.000001413            0.0058    8.8452
  dxz         1    0.000000873          179.9850   51.6968
  dyz         1    0.000000873          179.9949   16.3760
   sum over m      0.000001080            0.0314   42.9068

    3   Au         Orbital Moment(muB)    Angles (Deg)
            multiple
  s           0    0.000000000           90.0000    0.0000
   sum over m      0.000000000           90.0000    0.0000
  s           1    0.000000000           90.0000    0.0000
   sum over m      0.000000000           90.0000    0.0000
  px          0    0.000014609            0.0000   90.0000
  py          0    0.000014609            0.0001  180.0000
  pz          0    0.000000000           90.0002  163.4112
   sum over m      0.000029219            0.0001  163.4112
  px          1    0.000002835          179.9932  -90.0000
  py          1    0.000002835          179.9986  180.0000
  pz          1    0.000000000           90.0000  258.3509
   sum over m      0.000005669          179.9931  258.3509
  d3z^2-r^2   0    0.000000001           90.0000   49.7911
  dx^2-y^2    0    0.000027227          179.9961  -44.8407
  dxy         0    0.000027227          179.9847  -13.1163
  dxz         0    0.000022189            0.0184   -7.1766
  dyz         0    0.000022189            0.0060  -44.6976
   sum over m      0.000010076          179.8966  -16.1992
  d3z^2-r^2   1    0.000000000           90.0000   87.3786
  dx^2-y^2    1    0.000021873            0.0001  225.1007
  dxy         1    0.000021873            0.0002  193.3348
  dxz         1    0.000000386          179.9424  102.4520
  dyz         1    0.000000386          179.9962  231.4860
   sum over m      0.000042972            0.0010  105.4810

    4   Au         Orbital Moment(muB)    Angles (Deg)
            multiple
  s           0    0.000000000           90.0000    0.0000
   sum over m      0.000000000           90.0000    0.0000
  s           1    0.000000000           90.0000    0.0000
   sum over m      0.000000000           90.0000    0.0000
  px          0    0.000000345          179.9997  -90.0000
  py          0    0.000000345          179.9994  180.0000
  pz          0    0.000000000           90.0002  202.2256
   sum over m      0.000000689          179.9993  202.2256
  px          1    0.000000377          179.9857   90.0000
  py          1    0.000000377          179.9924  180.0000
  pz          1    0.000000000           90.0000  118.0997
   sum over m      0.000000755          179.9838  118.0997
  d3z^2-r^2   0    0.000000002           90.0000  104.9038
  dx^2-y^2    0    0.000041045            0.0008  -54.1914
  dxy         0    0.000041045            0.0034  207.5897
  dxz         0    0.000001978          179.9164  139.2586
  dyz         0    0.000001978          179.9659  256.3447
   sum over m      0.000078134            0.0038  163.2658
  d3z^2-r^2   1    0.000000000           90.0000  -82.9675
  dx^2-y^2    1    0.000003393            0.0002   76.8390
  dxy         1    0.000003393            0.0007   15.3694
  dxz         1    0.000000008            0.3475  -35.6687
  dyz         1    0.000000008            0.0914   58.1165
   sum over m      0.000006803            0.0009  -20.7169

    5   Au         Orbital Moment(muB)    Angles (Deg)
            multiple
  s           0    0.000000000           90.0000    0.0000
   sum over m      0.000000000           90.0000    0.0000
  s           1    0.000000000           90.0000    0.0000
   sum over m      0.000000000           90.0000    0.0000
  px          0    0.000000006          179.9855   90.0000
  py          0    0.000000006          179.9282   -0.0000
  pz          0    0.000000000           89.9998   11.4163
   sum over m      0.000000012          179.9268   11.4163
  px          1    0.000000130            0.0181   90.0000
  py          1    0.000000130            0.0320  180.0000
  pz          1    0.000000000           90.0000  150.6005
   sum over m      0.000000260            0.0368  150.6005
  d3z^2-r^2   0    0.000000004           90.0000  126.5472
  dx^2-y^2    0    0.000022498            0.0025  208.5288
  dxy         0    0.000022498            0.0426  185.7176
  dxz         0    0.000002964            0.3254  171.6213
  dyz         0    0.000002964            0.0668  208.8325
   sum over m      0.000050925            0.0443  177.7148
  d3z^2-r^2   1    0.000000000           90.0000  240.2692
  dx^2-y^2    1    0.000000042            0.0317  248.6583
  dxy         1    0.000000042            0.1383    6.3378
  dxz         1    0.000000009          179.2057  -31.2579
  dyz         1    0.000000009          179.7777  160.1629
   sum over m      0.000000067            0.1468  -35.6233

    6   Au         Orbital Moment(muB)    Angles (Deg)
            multiple
  s           0    0.000000000           90.0000    0.0000
   sum over m      0.000000000           90.0000    0.0000
  s           1    0.000000000           90.0000    0.0000
   sum over m      0.000000000           90.0000    0.0000
  px          0    0.000000004          179.9982   90.0000
  py          0    0.000000004          179.9815  180.0000
  pz          0    0.000000000           89.9997  174.3274
   sum over m      0.000000008          179.9814  174.3274
  px          1    0.000000100            0.0102   90.0000
  py          1    0.000000100            0.0196  180.0000
  pz          1    0.000000000           90.0000  152.6030
   sum over m      0.000000200            0.0221  152.6030
  d3z^2-r^2   0    0.000000007           90.0000  141.1713
  dx^2-y^2    0    0.000006328          179.9807  210.3397
  dxy         0    0.000006328          179.6915  184.1589
  dxz         0    0.000000398            4.9129  174.8322
  dyz         0    0.000000397            1.0708  199.4538
   sum over m      0.000011862          179.6041  179.1578
  d3z^2-r^2   1    0.000000000           90.0000  -76.4797
  dx^2-y^2    1    0.000000148            0.0026  103.1735
  dxy         1    0.000000148            0.0777    4.1725
  dxz         1    0.000000010          178.8495   -4.8067
  dyz         1    0.000000010          179.9131   74.3574
   sum over m      0.000000276            0.0848   -0.6254

    7   Au         Orbital Moment(muB)    Angles (Deg)
            multiple
  s           0    0.000000000           90.0000    0.0000
   sum over m      0.000000000           90.0000    0.0000
  s           1    0.000000000           90.0000    0.0000
   sum over m      0.000000000           90.0000    0.0000
  px          0    0.000000004            0.0122   90.0000
  py          0    0.000000004            0.3176    0.0000
  pz          0    0.000000000           90.0000    2.1997
   sum over m      0.000000008            0.3179    2.1997
  px          1    0.000000456          179.9954   90.0000
  py          1    0.000000456          179.9883  180.0000
  pz          1    0.000000000           90.0000  158.3551
   sum over m      0.000000912          179.9874  158.3551
  d3z^2-r^2   0    0.000000009           90.0000  149.4631
  dx^2-y^2    0    0.000006759          179.9757  192.6824
  dxy         0    0.000006760          179.5350  184.7158
  dxz         0    0.000000141          157.0933  175.7083
  dyz         0    0.000000130          174.8378  202.6290
   sum over m      0.000013779          179.4553  180.3563
  d3z^2-r^2   1    0.000000000           90.0000  155.5161
  dx^2-y^2    1    0.000000020          179.8646  121.8589
  dxy         1    0.000000020          179.0819    4.7398
  dxz         1    0.000000005          176.4531   10.2774
  dyz         1    0.000000005          179.2424  157.5169
   sum over m      0.000000049          179.3893   18.2854

    8   Au         Orbital Moment(muB)    Angles (Deg)
            multiple
  s           0    0.000000000           90.0000    0.0000
   sum over m      0.000000000           90.0000    0.0000
  s           1    0.000000000           90.0000    0.0000
   sum over m      0.000000000           90.0000    0.0000
  px          0    0.000000006          179.9782   90.0000
  py          0    0.000000006          179.9650  180.0000
  pz          0    0.000000000           90.0000  148.1187
   sum over m      0.000000012          179.9588  148.1187
  px          1    0.000000073            0.0726  270.0000
  py          1    0.000000073            0.0670  180.0000
  pz          1    0.000000000           90.0000  227.2806
   sum over m      0.000000146            0.0988  227.2806
  d3z^2-r^2   0    0.000000015           90.0000  147.9083
  dx^2-y^2    0    0.000003881            0.0702  227.7137
  dxy         0    0.000003882            1.0239  182.5040
  dxz         0    0.000000121          144.8370  176.4526
  dyz         0    0.000000100          170.8086  190.9539
   sum over m      0.000007567            1.2867  179.1466
  d3z^2-r^2   1    0.000000000           90.0000  -13.5030
  dx^2-y^2    1    0.000000071          179.9400   -3.3626
  dxy         1    0.000000071          179.6402    3.1271
  dxz         1    0.000000003            7.8545   -5.0663
  dyz         1    0.000000003            3.9150    6.2979
   sum over m      0.000000135          179.4371   -1.3036

    9   Au         Orbital Moment(muB)    Angles (Deg)
            multiple
  s           0    0.000000000           90.0000    0.0000
   sum over m      0.000000000           90.0000    0.0000
  s           1    0.000000000           90.0000    0.0000
   sum over m      0.000000000           90.0000    0.0000
  px          0    0.000000004            0.0433  270.0000
  py          0    0.000000004            0.6000    0.0000
  pz          0    0.000000000           90.0000   -4.1277
   sum over m      0.000000008            0.6015   -4.1277
  px          1    0.000000457          179.9876  270.0000
  py          1    0.000000457          179.9919  180.0000
  pz          1    0.000000000           90.0000  236.8219
   sum over m      0.000000915          179.9851  236.8219
  d3z^2-r^2   0    0.000000014           90.0000  152.3907
  dx^2-y^2    0    0.000006806          179.9616  215.6170
  dxy         0    0.000006807          179.3572  183.2382
  dxz         0    0.000000152          149.9113  177.1461
  dyz         0    0.000000133          172.8097  195.0421
   sum over m      0.000013877          179.2379  180.3184
  d3z^2-r^2   1    0.000000000           90.0000  -80.4138
  dx^2-y^2    1    0.000000019          179.9601   15.9063
  dxy         1    0.000000019          178.5100    1.6123
  dxz         1    0.000000005          174.4629   -7.0326
  dyz         1    0.000000005          179.6940   30.4734
   sum over m      0.000000048          178.7662   -5.1921

   10   Au         Orbital Moment(muB)    Angles (Deg)
            multiple
  s           0    0.000000000           90.0000    0.0000
   sum over m      0.000000000           90.0000    0.0000
  s           1    0.000000000           90.0000    0.0000
   sum over m      0.000000000           90.0000    0.0000
  px          0    0.000000004          179.8712   90.0000
  py          0    0.000000004          179.9588    0.0000
  pz          0    0.000000000           90.0000   72.2840
   sum over m      0.000000008          179.8647   72.2840
  px          1    0.000000101            0.0671   90.0000
  py          1    0.000000101            0.0139  180.0000
  pz          1    0.000000000           90.0000  101.7207
   sum over m      0.000000201            0.0685  101.7207
  d3z^2-r^2   0    0.000000011           90.0000  162.4984
  dx^2-y^2    0    0.000006313          179.9643  216.5948
  dxy         0    0.000006314          179.4221  184.0185
  dxz         0    0.000000403            9.0642  179.2323
  dyz         0    0.000000398            2.0149  198.5743
   sum over m      0.000011831          179.2552  182.6921
  d3z^2-r^2   1    0.000000000           90.0000  -77.9309
  dx^2-y^2    1    0.000000148            0.0134  -75.2323
  dxy         1    0.000000148            0.1452    0.0667
  dxz         1    0.000000010          177.7420  -18.1612
  dyz         1    0.000000010          179.8399    0.8946
   sum over m      0.000000276            0.1749  -16.9190

   11   Au         Orbital Moment(muB)    Angles (Deg)
            multiple
  s           0    0.000000000           90.0000    0.0000
   sum over m      0.000000000           90.0000    0.0000
  s           1    0.000000000           90.0000    0.0000
   sum over m      0.000000000           90.0000    0.0000
  px          0    0.000000006          179.9387  -90.0000
  py          0    0.000000006          179.7718   -0.0000
  pz          0    0.000000000           90.0000  -15.0435
   sum over m      0.000000012          179.7637  -15.0435
  px          1    0.000000133            0.0567   90.0000
  py          1    0.000000133            0.0640  180.0000
  pz          1    0.000000000           90.0000  138.4287
   sum over m      0.000000266            0.0855  138.4287
  d3z^2-r^2   0    0.000000009           90.0000  140.5231
  dx^2-y^2    0    0.000022570            0.0057  179.5282
  dxy         0    0.000022570            0.1214  182.5415
  dxz         0    0.000002966            0.9300  173.0036
  dyz         0    0.000002965            0.1851  192.7917
   sum over m      0.000051072            0.1284  176.2511
  d3z^2-r^2   1    0.000000000           90.0000  230.7480
  dx^2-y^2    1    0.000000041            0.0504  258.7979
  dxy         1    0.000000041            0.3484    3.7239
  dxz         1    0.000000008          178.1838  -21.9618
  dyz         1    0.000000008          179.5785  164.9185
   sum over m      0.000000065            0.3638  -24.0297

   12   Au         Orbital Moment(muB)    Angles (Deg)
            multiple
  s           0    0.000000000           90.0000    0.0000
   sum over m      0.000000000           90.0000    0.0000
  s           1    0.000000000           90.0000    0.0000
   sum over m      0.000000000           90.0000    0.0000
  px          0    0.000000345          179.9989   90.0000
  py          0    0.000000345          179.9997  180.0000
  pz          0    0.000000000           89.9999  106.6448
   sum over m      0.000000689          179.9989  106.6448
  px          1    0.000000380          179.9855   90.0000
  py          1    0.000000380          179.9517  180.0000
  pz          1    0.000000000           90.0000  163.3350
   sum over m      0.000000760          179.9496  163.3350
  d3z^2-r^2   0    0.000000005           90.0000  148.6053
  dx^2-y^2    0    0.000041006            0.0030  197.5075
  dxy         0    0.000041006            0.0472  183.7394
  dxz         0    0.000001982          179.0237  176.4206
  dyz         0    0.000001982          179.8002  198.5893
   sum over m      0.000078048            0.0591  180.1345
  d3z^2-r^2   1    0.000000000           90.0000  257.3835
  dx^2-y^2    1    0.000003396            0.0004   64.4917
  dxy         1    0.000003396            0.0025  174.9153
  dxz         1    0.000000008            0.9996  188.1766
  dyz         1    0.000000008            0.0880   89.6204
   sum over m      0.000006808            0.0025  183.1332

   13   Au         Orbital Moment(muB)    Angles (Deg)
            multiple
  s           0    0.000000000           90.0000    0.0000
   sum over m      0.000000000           90.0000    0.0000
  s           1    0.000000000           90.0000    0.0000
   sum over m      0.000000000           90.0000    0.0000
  px          0    0.000014610            0.0000  -90.0000
  py          0    0.000014610            0.0001   -0.0000
  pz          0    0.000000000           89.9998   -4.9019
   sum over m      0.000029219            0.0001   -4.9019
  px          1    0.000002836          179.9898  270.0000
  py          1    0.000002836          179.9900  180.0000
  pz          1    0.000000001           90.0000  225.5923
   sum over m      0.000005671          179.9857  225.5923
  d3z^2-r^2   0    0.000000006           90.0000  164.2004
  dx^2-y^2    0    0.000027410          179.9956  -85.8531
  dxy         0    0.000027410          179.9308  182.9996
  dxz         0    0.000022157            0.0855  180.5986
  dyz         0    0.000022157            0.0161  196.1918
   sum over m      0.000010505          179.5736  183.0476
  d3z^2-r^2   1    0.000000001           90.0000   74.3917
  dx^2-y^2    1    0.000021883            0.0001  165.9067
  dxy         1    0.000021883            0.0017  176.7668
  dxz         1    0.000000386          179.8769  142.2358
  dyz         1    0.000000386          179.9825   18.2496
   sum over m      0.000042994            0.0020  134.9142

   14   Au         Orbital Moment(muB)    Angles (Deg)
            multiple
  s           0    0.000000000           90.0000    0.0000
   sum over m      0.000000000           90.0000    0.0000
  s           1    0.000000000           90.0000    0.0000
   sum over m      0.000000000           90.0000    0.0000
  px          0    0.000000187          179.9955  -90.0000
  py          0    0.000000187          179.9939  180.0000
  pz          0    0.000000000           89.9999  216.4632
   sum over m      0.000000374          179.9925  216.4632
  px          1    0.000001990            0.0045  -90.0000
  py          1    0.000001990            0.0025  180.0000
  pz          1    0.000000000           90.0000  240.9451
   sum over m      0.000003979            0.0052  240.9451
  d3z^2-r^2   0    0.000000008           90.0000  107.6441
  dx^2-y^2    0    0.000041935            0.0050  152.2311
  dxy         0    0.000041935            0.0345  165.4771
  dxz         0    0.000006478            0.2302  159.7213
  dyz         0    0.000006478            0.0746  131.4341
   sum over m      0.000096825            0.0399  152.9074
  d3z^2-r^2   1    0.000000000           90.0000  100.1070
  dx^2-y^2    1    0.000001413            0.0012  223.7356
  dxy         1    0.000001413            0.0040  167.3911
  dxz         1    0.000000873          179.9885  123.3829
  dyz         1    0.000000873          179.9964  156.8742
   sum over m      0.000001081            0.0237  131.1892

   15   Au         Orbital Moment(muB)    Angles (Deg)
            multiple
  s           0    0.000000000            0.0002    0.0000
   sum over m      0.000000000            0.0002    0.0000
  s           1    0.000000000           90.0000    0.0000
   sum over m      0.000000000           90.0000    0.0000
  px          0    0.000245589          180.0000   90.0000
  py          0    0.000245589          180.0000  180.0000
  pz          0    0.000000000           89.9997  109.1811
   sum over m      0.000491178          180.0000  109.1811
  px          1    0.000663662          179.9998   90.0000
  py          1    0.000663662          179.9998    0.0000
  pz          1    0.000000003           90.0000   54.4858
   sum over m      0.001327325          179.9997   54.4858
  d3z^2-r^2   0    0.000000046           90.0000  167.3432
  dx^2-y^2    0    0.000099480          179.9923  215.1887
  dxy         0    0.000099480          179.9754  184.9886
  dxz         0    0.000067491          179.9638  176.8657
  dyz         0    0.000067491          179.9529  183.8437
   sum over m      0.000333941          179.9664  180.8106
  d3z^2-r^2   1    0.000000000           90.0005   42.1113
  dx^2-y^2    1    0.000295633          180.0000  181.3006
  dxy         1    0.000295633          179.9999    6.6304
  dxz         1    0.000005695          179.9924    8.4130
  dyz         1    0.000005695          179.9991   97.0102
   sum over m      0.000602656          179.9999   15.0012

***********************************************************
***********************************************************
                    Dipole moment (Debye)                  
***********************************************************
***********************************************************

 Absolute D        0.19052724

                      Dx                Dy                Dz
 Total              0.19052702        0.00027102       -0.00009873
 Core           19842.04728454        0.00000000        0.00000000
 Electron      -19841.85675752        0.00027102       -0.00009873
 Back ground       -0.00000000       -0.00000000       -0.00000000

***********************************************************
***********************************************************
       xyz-coordinates (Ang) and forces (Hartree/Bohr)  
***********************************************************
***********************************************************

<coordinates.forces
  15
    1    Au    -2.70000   0.00000   0.00000   0.002070285364 -0.000001289933  0.000000660566
    2    Au     0.00000   0.00000   0.00000  -0.001047384434 -0.000003536530  0.000002026886
    3    Au     2.70000   0.00000   0.00000   0.001088334532  0.000003771292 -0.000002358888
    4    Au     5.40000   0.00000   0.00000   0.000330769966 -0.000000114874  0.000000107956
    5    Au     8.10000   0.00000   0.00000  -0.000319901131 -0.000000048687  0.000000052852
    6    Au    10.80000   0.00000   0.00000   0.000432878432  0.000000006954 -0.000000015216
    7    Au    13.50000   0.00000   0.00000  -0.000384407525  0.000000026996 -0.000000027012
    8    Au    16.20000   0.00000   0.00000  -0.000030867401 -0.000000005520  0.000000008702
    9    Au    18.90000   0.00000   0.00000   0.000144305499 -0.000000025184  0.000000020125
   10    Au    21.60000   0.00000   0.00000   0.000042852774  0.000000013119 -0.000000020704
   11    Au    24.30000   0.00000   0.00000   0.000803419384  0.000000074890 -0.000000051767
   12    Au    27.00000   0.00000   0.00000  -0.000576066704 -0.000000072602  0.000000088497
   13    Au    29.70000   0.00000   0.00000  -0.001201605467  0.000005170587 -0.000003358572
   14    Au    32.40000   0.00000   0.00000   0.000873783643 -0.000004712479  0.000002859684
   15    Au    35.10000   0.00000   0.00000  -0.001620553646 -0.000000623650  0.000001483110
coordinates.forces>

***********************************************************
***********************************************************
       Fractional coordinates of the final structure       
***********************************************************
***********************************************************

     1     Au     0.93333333333333   0.00000000000000   0.00000000000000
     2     Au     0.00000000000000   0.00000000000000   0.00000000000000
     3     Au     0.06666666666667   0.00000000000000   0.00000000000000
     4     Au     0.13333333333333   0.00000000000000   0.00000000000000
     5     Au     0.20000000000000   0.00000000000000   0.00000000000000
     6     Au     0.26666666666667   0.00000000000000   0.00000000000000
     7     Au     0.33333333333333   0.00000000000000   0.00000000000000
     8     Au     0.40000000000000   0.00000000000000   0.00000000000000
     9     Au     0.46666666666667   0.00000000000000   0.00000000000000
    10     Au     0.53333333333333   0.00000000000000   0.00000000000000
    11     Au     0.60000000000000   0.00000000000000   0.00000000000000
    12     Au     0.66666666666667   0.00000000000000   0.00000000000000
    13     Au     0.73333333333333   0.00000000000000   0.00000000000000
    14     Au     0.80000000000000   0.00000000000000   0.00000000000000
    15     Au     0.86666666666667   0.00000000000000   0.00000000000000

***********************************************************
***********************************************************
               Computational Time (second)                 
***********************************************************
***********************************************************

   Elapsed.Time.       973.038

                               Min_ID   Min_Time       Max_ID   Max_Time
   Total Computational Time =     5      972.003          0      973.038
   readfile                 =    11        7.250          0        7.256
   truncation               =    15        0.255         12        0.284
   MD_pac                   =     0        0.000          6        0.000
   OutData                  =    11       10.547          0       11.576
   DFT                      =    12      953.859         15      953.887

*** In DFT ***

   Set_OLP_Kin              =    15        0.199          8        0.330
   Set_Nonlocal             =     8        0.453         15        0.610
   Set_ProExpn_VNA          =    15        0.275          8        0.329
   Set_Hamiltonian          =     4       71.243         15       71.243
   Poisson                  =     1        7.910          2        7.912
   Diagonalization          =    11      695.277          0      695.283
   Mixing_DM                =     6      129.753          7      129.754
   Force                    =     7        1.090         10        1.090
   Total_Energy             =    10        0.271          0        0.271
   Set_Aden_Grid            =     1        0.077         15        0.139
   Set_Orbitals_Grid        =    15        0.000         14        0.145
   Set_Density_Grid         =    11       27.590          3       28.075
   RestartFileDFT           =     6        0.206          2        0.253
   Mulliken_Charge          =     2        0.028         15        0.051
   FFT(2D)_Density          =     1        7.797         11        8.667
   Others                   =    11       10.413          1       10.864
