***********************************************************
***********************************************************

  This calculation was performed by OpenMX Ver. 3.7.33
  using 64 MPI processes and 1 OpenMP threads.

  Sat Mar  5 16:35:13 2016

***********************************************************
***********************************************************

#
# File Name
#

System.CurrrentDirectory         ./    # default=./
System.Name                       negf-chain
level.of.stdout                   1    # default=1 (1-3)
level.of.fileout                  0    # default=1 (0-2)

NEGF.filename.hks.l     lead-chain.hks
NEGF.filename.hks.r     lead-chain.hks

NEGF.Num.Poles             100       # default=150
NEGF.scf.Kgrid             1 1       # default=1 1
NEGF.SCF.Iter.Band          50

NEGF.bias.voltage          0.1       # default=0.0 (eV)
NEGF.bias.neq.im.energy    0.01      # default=0.01 (eV)
NEGF.bias.neq.energy.step  0.02      # default=0.02 (eV) 

Dos.fileout                 off      # on|off, default=off
NEGF.Dos.energyrange     -15.0 25.0 5.0e-3  #default=-10.0 10.0 5.0e-3 (eV)
NEGF.Dos.energy.div        200       # default=200
NEGF.Dos.Kgrid             1 1       # default=1 1 

#
# Transmission & Eigen Channel
#

NEGF.tran.Analysis         on        #  default on
NEGF.tran.energydiv        200       # default=200
NEGF.tran.energyrange -10 10 1.0e-3  # default=-10.0 10.0 1.0e-3 (eV)
NEGF.tran.Kgrid            1 1       # default= 1 1
NEGF.tran.Channel          on        #  default on
NEGF.Channel.Nkpoint        1        # default=1
<NEGF.Channel.kpoint
0.0  0.0
NEGF.Channel.kpoint>
# default 0.0 0.0
NEGF.Channel.Nenergy        1        # default=1
<NEGF.Channel.energy
0.0
NEGF.Channel.energy>
# default 0.0
NEGF.Channel.Num            5        # defualt=5(for collinear), 10(for Non-collinear)

#
# Definition of Atomic Species
#

Species.Number       1
<Definition.of.Atomic.Species
 C    C5.0-s2p2d1      C_CA13
Definition.of.Atomic.Species>

#
# Atoms
#

Atoms.SpeciesAndCoordinates.Unit   Ang # Ang|AU

Atoms.Number        18
<Atoms.SpeciesAndCoordinates 
 1  C  3.000  0.000  0.000  2.0 2.0
 2  C  4.500  0.000  0.000  2.0 2.0
 3  C  6.000  0.000  0.000  2.0 2.0
 4  C  7.500  0.000  0.000  2.0 2.0
 5  C  9.000  0.000  0.000  2.0 2.0
 6  C 10.500  0.000  0.000  2.0 2.0
 7  C 12.000  0.000  0.000  2.0 2.0
 8  C 13.500  0.000  0.000  2.0 2.0
 9  C 15.000  0.000  0.000  2.0 2.0
10  C 16.500  0.000  0.000  2.0 2.0
11  C 18.000  0.000  0.000  2.0 2.0
12  C 19.500  0.000  0.000  2.0 2.0
13  C 21.000  0.000  0.000  2.0 2.0
14  C 22.500  0.000  0.000  2.0 2.0
15  C 24.000  0.000  0.000  2.0 2.0
16  C 25.500  0.000  0.000  2.0 2.0
17  C 27.000  0.000  0.000  2.0 2.0
18  C 28.500  0.000  0.000  2.0 2.0
Atoms.SpeciesAndCoordinates> 

#
# Lead-Left
#

LeftLeadAtoms.Number         3
<LeftLeadAtoms.SpeciesAndCoordinates           # Unit=Ang.
 1  C -1.500  0.000  0.000  2.0 2.0
 2  C  0.000  0.000  0.000  2.0 2.0
 3  C  1.500  0.000  0.000  2.0 2.0
LeftLeadAtoms.SpeciesAndCoordinates>

#
# Lead-Right
#

RightLeadAtoms.Number        3 
<RightLeadAtoms.SpeciesAndCoordinates           # Unit=Ang.
 1  C 30.000  0.000  0.000  2.0 2.0
 2  C 31.500  0.000  0.000  2.0 2.0
 3  C 33.000  0.000  0.000  2.0 2.0
RightLeadAtoms.SpeciesAndCoordinates>


#
# SCF or Electronic System
#

scf.XcType                  LDA        # LDA|LSDA-CA|LSDA-PW|GGA-PBE
scf.SpinPolarization        off        # On|Off|NC
scf.ElectronicTemperature  600.0       # default=300 (K)
scf.energycutoff           180.0       # default=150 (Ry)
scf.maxIter                 500        # default=40
scf.EigenvalueSolver       NEGF        # DC|GDC|Cluster|Band
#scf.lapack.dste            dstevx      # dstegr|dstedc|dstevx, default=dstegr
scf.Kgrid                  1 1 1       # means n1 x n2 x n3
scf.Mixing.Type          rmm-diisk     # Simple|Rmm-Diis|Gr-Pulay|Kerker|Rmm-Diisk
scf.Init.Mixing.Weight      0.020      # default=0.30
scf.Min.Mixing.Weight       0.020      # default=0.001
scf.Max.Mixing.Weight       0.050      # default=0.40
scf.Mixing.History          100         # default=5
scf.Mixing.StartPulay       20         # default=6
scf.criterion             1.0e-7       # default=1.0e-6 (Hartree)
scf.Kerker.factor          30.0        # default=1
NEGF.Poisson.Solver       FFT


***********************************************************
***********************************************************

  Required cutoff energy (Ryd) for 3D-grids = 180.0000
      Used cutoff energy (Ryd) for 3D-grids = 176.8814, 181.3310, 181.3310
  Num. of grids of a-, b-, and c-axes = 288, 81, 81

  Num.Grid1.   288
  Num.Grid2.    81
  Num.Grid3.    81


  Cell_Volume =  24293.998933574934 (Bohr^3)
  GridVol     =      0.012856906411 (Bohr^3)
  Cell vectors (bohr) of the grid cell (gtv)
    gtv_a =  0.236215748572,  0.000000000000,  0.000000000000
    gtv_b =  0.000000000000,  0.233299504763,  0.000000000000
    gtv_c =  0.000000000000,  0.000000000000,  0.233299504763
    |gtv_a| =  0.236215748572
    |gtv_b| =  0.233299504763
    |gtv_c| =  0.233299504763

***********************************************************
***********************************************************


***********************************************************
***********************************************************
                  SCF history at MD= 1                    
***********************************************************
***********************************************************

   SCF=   1  NormRD=  1.000000000000  Uele=  0.000000000000
   SCF=   2  NormRD= 21.613996625991  Uele=  0.000000000000
   SCF=   3  NormRD= 21.254936930585  Uele=  0.000000000000
   SCF=   4  NormRD= 20.339638283177  Uele=  0.000000000000
   SCF=   5  NormRD= 19.412573989483  Uele=  0.000000000000
   SCF=   6  NormRD= 16.089178135286  Uele=  0.000000000000
   SCF=   7  NormRD= 15.153507056706  Uele=  0.000000000000
   SCF=   8  NormRD= 14.416230715612  Uele=  0.000000000000
   SCF=   9  NormRD= 13.714096430563  Uele=  0.000000000000
   SCF=  10  NormRD= 13.051554459872  Uele=  0.000000000000
   SCF=  11  NormRD= 12.426490835813  Uele=  0.000000000000
   SCF=  12  NormRD= 11.836378875857  Uele=  0.000000000000
   SCF=  13  NormRD= 11.277647449403  Uele=  0.000000000000
   SCF=  14  NormRD= 10.746019328019  Uele=  0.000000000000
   SCF=  15  NormRD= 10.237168918161  Uele=  0.000000000000
   SCF=  16  NormRD=  9.746777191931  Uele=  0.000000000000
   SCF=  17  NormRD=  9.272009025891  Uele=  0.000000000000
   SCF=  18  NormRD=  8.810099216322  Uele=  0.000000000000
   SCF=  19  NormRD=  8.360133973234  Uele=  0.000000000000
   SCF=  20  NormRD=  7.922061460257  Uele=  0.000000000000
   SCF=  21  NormRD=  2.866679475246  Uele=  0.000000000000
   SCF=  22  NormRD=  1.982606584428  Uele=  0.000000000000
   SCF=  23  NormRD=  1.630621769171  Uele=  0.000000000000
   SCF=  24  NormRD=  1.041290300656  Uele=  0.000000000000
   SCF=  25  NormRD=  0.923654743581  Uele=  0.000000000000
   SCF=  26  NormRD=  0.703667709603  Uele=  0.000000000000
   SCF=  27  NormRD=  0.765984116996  Uele=  0.000000000000
   SCF=  28  NormRD=  0.484852970317  Uele=  0.000000000000
   SCF=  29  NormRD=  0.215184748681  Uele=  0.000000000000
   SCF=  30  NormRD=  0.167576398892  Uele=  0.000000000000
   SCF=  31  NormRD=  0.138863632071  Uele=  0.000000000000
   SCF=  32  NormRD=  0.058202537914  Uele=  0.000000000000
   SCF=  33  NormRD=  0.026753933663  Uele=  0.000000000000
   SCF=  34  NormRD=  0.019510127388  Uele=  0.000000000000
   SCF=  35  NormRD=  0.011358935167  Uele=  0.000000000000
   SCF=  36  NormRD=  0.008324306275  Uele=  0.000000000000
   SCF=  37  NormRD=  0.005872888037  Uele=  0.000000000000
   SCF=  38  NormRD=  0.002895500045  Uele=  0.000000000000
   SCF=  39  NormRD=  0.001973344997  Uele=  0.000000000000
   SCF=  40  NormRD=  0.000932376799  Uele=  0.000000000000
   SCF=  41  NormRD=  0.000598889092  Uele=  0.000000000000
   SCF=  42  NormRD=  0.000272949635  Uele=  0.000000000000
   SCF=  43  NormRD=  0.000197591893  Uele=  0.000000000000
   SCF=  44  NormRD=  0.000140630773  Uele=  0.000000000000
   SCF=  45  NormRD=  0.000074266880  Uele=  0.000000000000
   SCF=  46  NormRD=  0.000034106276  Uele=  0.000000000000
   SCF=  47  NormRD=  0.000017912086  Uele=  0.000000000000
   SCF=  48  NormRD=  0.000005903711  Uele=  0.000000000000
   SCF=  49  NormRD=  0.000002711585  Uele=  0.000000000000
   SCF=  50  NormRD=  0.000001779992  Uele=  0.000000000000
   SCF=  51  NormRD=  0.887315753075  Uele=  0.000000000000
   SCF=  52  NormRD=  0.887315749955  Uele=  0.000000000000
   SCF=  53  NormRD=  0.887315750340  Uele=  0.000000000000
   SCF=  54  NormRD=  0.887315750072  Uele=  0.000000000000
   SCF=  55  NormRD=  0.887315749682  Uele=  0.000000000000
   SCF=  56  NormRD=  0.887315749925  Uele=  0.000000000000
   SCF=  57  NormRD=  0.887315749973  Uele=  0.000000000000
   SCF=  58  NormRD=  0.887315749921  Uele=  0.000000000000
   SCF=  59  NormRD=  0.887315749934  Uele=  0.000000000000
   SCF=  60  NormRD=  0.887315749875  Uele=  0.000000000000
   SCF=  61  NormRD=  0.887315749875  Uele=  0.000000000000
   SCF=  62  NormRD=  0.887315749904  Uele=  0.000000000000
   SCF=  63  NormRD=  0.887315749899  Uele=  0.000000000000
   SCF=  64  NormRD=  0.887315749902  Uele=  0.000000000000
   SCF=  65  NormRD=  0.887315749906  Uele=  0.000000000000
   SCF=  66  NormRD=  0.887315749898  Uele=  0.000000000000
   SCF=  67  NormRD=  0.887315749898  Uele=  0.000000000000
   SCF=  68  NormRD=  0.887315749972  Uele=  0.000000000000
   SCF=  69  NormRD=  0.887315749944  Uele=  0.000000000000
   SCF=  70  NormRD=  0.887315749861  Uele=  0.000000000000
   SCF=  71  NormRD=  0.887315749962  Uele=  0.000000000000
   SCF=  72  NormRD=  0.887315750046  Uele=  0.000000000000
   SCF=  73  NormRD=  0.887315750292  Uele=  0.000000000000
   SCF=  74  NormRD=  0.887315750209  Uele=  0.000000000000
   SCF=  75  NormRD=  0.887315750113  Uele=  0.000000000000
   SCF=  76  NormRD=  0.887315750178  Uele=  0.000000000000
   SCF=  77  NormRD=  0.887315750584  Uele=  0.000000000000
   SCF=  78  NormRD=  0.887315750167  Uele=  0.000000000000
   SCF=  79  NormRD=  0.887315749846  Uele=  0.000000000000
   SCF=  80  NormRD=  0.887315749837  Uele=  0.000000000000
   SCF=  81  NormRD=  0.887315749854  Uele=  0.000000000000
   SCF=  82  NormRD=  0.887315749856  Uele=  0.000000000000
   SCF=  83  NormRD=  0.887315749850  Uele=  0.000000000000
   SCF=  84  NormRD=  0.887315749849  Uele=  0.000000000000
   SCF=  85  NormRD=  0.887315749866  Uele=  0.000000000000
   SCF=  86  NormRD=  0.887315749868  Uele=  0.000000000000
   SCF=  87  NormRD=  0.887315749873  Uele=  0.000000000000
   SCF=  88  NormRD=  0.887315749890  Uele=  0.000000000000
   SCF=  89  NormRD=  0.887315749881  Uele=  0.000000000000
   SCF=  90  NormRD=  0.887315749904  Uele=  0.000000000000
   SCF=  91  NormRD=  0.887315749890  Uele=  0.000000000000
   SCF=  92  NormRD=  0.887315749629  Uele=  0.000000000000
   SCF=  93  NormRD=  0.887315749815  Uele=  0.000000000000
   SCF=  94  NormRD=  0.887315750007  Uele=  0.000000000000
   SCF=  95  NormRD=  0.887315749902  Uele=  0.000000000000
   SCF=  96  NormRD=  0.887315749873  Uele=  0.000000000000
   SCF=  97  NormRD=  0.887315749857  Uele=  0.000000000000
   SCF=  98  NormRD=  0.887315749977  Uele=  0.000000000000
   SCF=  99  NormRD=  0.887315749889  Uele=  0.000000000000
   SCF= 100  NormRD=  0.887315749912  Uele=  0.000000000000
   SCF= 101  NormRD=  0.887315750349  Uele=  0.000000000000
   SCF= 102  NormRD=  0.887315746271  Uele=  0.000000000000
   SCF= 103  NormRD=  0.887315749890  Uele=  0.000000000000
   SCF= 104  NormRD=  0.887315748418  Uele=  0.000000000000
   SCF= 105  NormRD=  0.887315749859  Uele=  0.000000000000
   SCF= 106  NormRD=  0.887315749865  Uele=  0.000000000000
   SCF= 107  NormRD=  0.887315749066  Uele=  0.000000000000
   SCF= 108  NormRD=  0.887315749832  Uele=  0.000000000000
   SCF= 109  NormRD=  0.887315749878  Uele=  0.000000000000
   SCF= 110  NormRD=  0.887315749767  Uele=  0.000000000000
   SCF= 111  NormRD=  0.887315749906  Uele=  0.000000000000
   SCF= 112  NormRD=  0.887315749799  Uele=  0.000000000000
   SCF= 113  NormRD=  0.887315749785  Uele=  0.000000000000
   SCF= 114  NormRD=  0.887315750287  Uele=  0.000000000000
   SCF= 115  NormRD=  0.887315749346  Uele=  0.000000000000
   SCF= 116  NormRD=  0.887315749155  Uele=  0.000000000000
   SCF= 117  NormRD=  0.887315749795  Uele=  0.000000000000
   SCF= 118  NormRD=  0.887315749684  Uele=  0.000000000000
   SCF= 119  NormRD=  0.887315749788  Uele=  0.000000000000
   SCF= 120  NormRD=  0.887315763833  Uele=  0.000000000000
   SCF= 121  NormRD=  0.887315666120  Uele=  0.000000000000
   SCF= 122  NormRD=  0.887315688292  Uele=  0.000000000000
   SCF= 123  NormRD=  0.887317683483  Uele=  0.000000000000
   SCF= 124  NormRD=  0.887315760760  Uele=  0.000000000000
   SCF= 125  NormRD=  0.887315735953  Uele=  0.000000000000
   SCF= 126  NormRD=  0.887315739568  Uele=  0.000000000000
   SCF= 127  NormRD=  0.887315753777  Uele=  0.000000000000
   SCF= 128  NormRD=  0.887315839130  Uele=  0.000000000000
   SCF= 129  NormRD=  0.887315781911  Uele=  0.000000000000
   SCF= 130  NormRD=  0.887315787277  Uele=  0.000000000000
   SCF= 131  NormRD=  0.887315803260  Uele=  0.000000000000
   SCF= 132  NormRD=  0.887315787272  Uele=  0.000000000000
   SCF= 133  NormRD=  0.887315983861  Uele=  0.000000000000
   SCF= 134  NormRD=  0.887315808706  Uele=  0.000000000000
   SCF= 135  NormRD=  0.887315852457  Uele=  0.000000000000
   SCF= 136  NormRD=  0.887315830775  Uele=  0.000000000000
   SCF= 137  NormRD=  0.887315832156  Uele=  0.000000000000
   SCF= 138  NormRD=  0.887315793908  Uele=  0.000000000000
   SCF= 139  NormRD=  0.887315752268  Uele=  0.000000000000
   SCF= 140  NormRD=  0.887315789834  Uele=  0.000000000000
   SCF= 141  NormRD=  0.887315795045  Uele=  0.000000000000
   SCF= 142  NormRD=  0.887315838983  Uele=  0.000000000000
   SCF= 143  NormRD=  0.887315827790  Uele=  0.000000000000
   SCF= 144  NormRD=  0.887315848962  Uele=  0.000000000000
   SCF= 145  NormRD=  0.887315804307  Uele=  0.000000000000
   SCF= 146  NormRD=  0.887315844173  Uele=  0.000000000000
   SCF= 147  NormRD=  0.887315717670  Uele=  0.000000000000
   SCF= 148  NormRD=  0.887314773428  Uele=  0.000000000000
   SCF= 149  NormRD=  0.887315520994  Uele=  0.000000000000
   SCF= 150  NormRD=  0.887316226719  Uele=  0.000000000000
   SCF= 151  NormRD=  4.746589503395  Uele=  0.000000000000
   SCF= 152  NormRD=  0.369119475203  Uele=  0.000000000000
   SCF= 153  NormRD=  1.718622583715  Uele=  0.000000000000
   SCF= 154  NormRD=  0.256445822512  Uele=  0.000000000000
   SCF= 155  NormRD=  0.617832081920  Uele=  0.000000000000
   SCF= 156  NormRD=  0.113702686575  Uele=  0.000000000000
   SCF= 157  NormRD=  0.139761266282  Uele=  0.000000000000
   SCF= 158  NormRD=  0.472830093403  Uele=  0.000000000000
   SCF= 159  NormRD=  0.089014058252  Uele=  0.000000000000
   SCF= 160  NormRD=  0.209278289965  Uele=  0.000000000000
   SCF= 161  NormRD=  0.024285678394  Uele=  0.000000000000
   SCF= 162  NormRD=  0.014065627645  Uele=  0.000000000000
   SCF= 163  NormRD=  0.009092508495  Uele=  0.000000000000
   SCF= 164  NormRD=  0.089477898371  Uele=  0.000000000000
   SCF= 165  NormRD=  0.012743783880  Uele=  0.000000000000
   SCF= 166  NormRD=  0.002288300270  Uele=  0.000000000000
   SCF= 167  NormRD=  0.001270476665  Uele=  0.000000000000
   SCF= 168  NormRD=  0.000310096825  Uele=  0.000000000000
   SCF= 169  NormRD=  0.000422436477  Uele=  0.000000000000
   SCF= 170  NormRD=  0.000056268374  Uele=  0.000000000000
   SCF= 171  NormRD=  0.000058068584  Uele=  0.000000000000
   SCF= 172  NormRD=  0.000023585996  Uele=  0.000000000000
   SCF= 173  NormRD=  0.000002228214  Uele=  0.000000000000
   SCF= 174  NormRD=  0.000000579388  Uele=  0.000000000000
   SCF= 175  NormRD=  0.000000334330  Uele=  0.000000000000
   SCF= 176  NormRD=  0.000000059073  Uele=  0.000000000000

*******************************************************
        Total energy (Hartree) at MD = 1        
*******************************************************

  Uele.          0.000000000000

  Ukin.         87.926330590349
  UH0.        -365.721873778771
  UH1.           1.023121768929
  Una.         -56.515426316469
  Unl.         -10.542149449176
  Uxc0.        -20.980696503067
  Uxc1.        -20.980696503067
  Ucore.       248.360522197333
  Uhub.          0.000000000000
  Ucs.           0.000000000000
  Uzs.           0.000000000000
  Uzo.           0.000000000000
  Uef.           0.000000000000
  UvdW           0.000000000000
  Utot.       -137.430867993939

  Note:

  Utot = Ukin+UH0+UH1+Una+Unl+Uxc0+Uxc1+Ucore+Uhub+Ucs+Uzs+Uzo+Uef+UvdW

  Uene:   band energy
  Ukin:   kinetic energy
  UH0:    electric part of screened Coulomb energy
  UH1:    difference electron-electron Coulomb energy
  Una:    neutral atom potential energy
  Unl:    non-local potential energy
  Uxc0:   exchange-correlation energy for alpha spin
  Uxc1:   exchange-correlation energy for beta spin
  Ucore:  core-core Coulomb energy
  Uhub:   LDA+U energy
  Ucs:    constraint energy for spin orientation
  Uzs:    Zeeman term for spin magnetic moment
  Uzo:    Zeeman term for orbital magnetic moment
  Uef:    electric energy by electric field
  UvdW:   semi-empirical vdW energy 

  (see also PRB 72, 045121(2005) for the energy contributions)



  Chemical potential of left lead  (Hartree)      -0.188363518348
  Chemical potential of right lead (Hartree)      -0.184688585895

***********************************************************
***********************************************************
            Informaions for NEGF calculation               
***********************************************************
***********************************************************


Intrinsic chemical potential (eV) of the leads
  Left lead:  -5.125632123544
  Right lead: -5.125632123544
  add voltage =  0.0000 (eV) to the  left lead: new ChemP (eV):  -5.1256
  add voltage =  0.1000 (eV) to the right lead: new ChemP (eV):  -5.0256

  Intrinsic bias volatage:   0.000000000000 (eV)
  Net bias volatage:         0.100000000000 (eV)

Parameters for the integration of the non-equilibrium part
  lower bound:           -6.071632123544 (eV)
  upper bound:           -4.079632123543 (eV)
  energy step:            0.020000000000 (eV)
  number of steps:            99     

Maximum currentdensity [a.u.]

  Max.Currentdensity       3.9990397193e-04

Sum of transmition eigenvalues

  Sum.Eigentrans.k0.E0.S0       1.9784526897e+00

***********************************************************
***********************************************************
           Eigenvalues (Hartree) of SCF KS-eq.           
***********************************************************
***********************************************************

   Chemical Potential (Hatree) =  -0.18129072528798
   Number of States            =  96.00000000000003
   Eigenvalues
              Up-spin           Down-spin

   kloop=0
   k1=   0.00000 k2=   0.00000 k3=   0.00000

    1   -0.71386687587139  -0.71386687587139
    2   -0.71152500053416  -0.71152500053416
    3   -0.70847717710885  -0.70847717710885
    4   -0.70289806351998  -0.70289806351998
    5   -0.69846997048669  -0.69846997048669
    6   -0.68897495460133  -0.68897495460133
    7   -0.68398490520124  -0.68398490520124
    8   -0.66999064055478  -0.66999064055478
    9   -0.66494851277330  -0.66494851277330
   10   -0.64626882944227  -0.64626882944227
   11   -0.64131307378670  -0.64131307378670
   12   -0.61763135068758  -0.61763135068758
   13   -0.61419741380306  -0.61419741380306
   14   -0.58697219864561  -0.58697219864561
   15   -0.58218475658983  -0.58218475658983
   16   -0.55320493907969  -0.55320493907969
   17   -0.54822994362519  -0.54822994362519
   18   -0.51903281529067  -0.51903281529067
   19   -0.51386534213423  -0.51386534213423
   20   -0.48784628007203  -0.48784628007203
   21   -0.48237138996743  -0.48237138996743
   22   -0.46491522519908  -0.46491522519908
   23   -0.46010335903414  -0.46010335903414
   24   -0.44061207304443  -0.44061207304443
   25   -0.31723789193482  -0.31723789193482
   26   -0.31723789086464  -0.31723789086464
   27   -0.31401378161971  -0.31401378161971
   28   -0.31401378064915  -0.31401378064915
   29   -0.31034414491358  -0.31034414491358
   30   -0.31034414412407  -0.31034414412407
   31   -0.30224534800951  -0.30224534800951
   32   -0.30224534763095  -0.30224534763095
   33   -0.29754483985308  -0.29754483985308
   34   -0.29754483902759  -0.29754483902759
   35   -0.28303000300672  -0.28303000300672
   36   -0.28303000253576  -0.28303000253576
   37   -0.27855483695606  -0.27855483695606
   38   -0.27855483663837  -0.27855483663837
   39   -0.25644328447993  -0.25644328447993
   40   -0.25644328370384  -0.25644328370384
   41   -0.25281413953239  -0.25281413953239
   42   -0.25281413862066  -0.25281413862066
   43   -0.22265887004951  -0.22265887004951
   44   -0.22265886977708  -0.22265886977708
   45   -0.22007493835242  -0.22007493835242
   46   -0.22007493783167  -0.22007493783167
   47   -0.18199883566907  -0.18199883566907
   48   -0.18199883523193  -0.18199883523193
   49   -0.18058261530409  -0.18058261530409
   50   -0.18058261497292  -0.18058261497292
   51   -0.13578202179055  -0.13578202179055
   52   -0.13578202130235  -0.13578202130235
   53   -0.13413060986596  -0.13413060986596
   54   -0.13413060905828  -0.13413060905828
   55   -0.08893320162458  -0.08893320162458
   56   -0.08393422363996  -0.08393422363996
   57   -0.08393422335319  -0.08393422335319
   58   -0.08324536886918  -0.08324536886918
   59   -0.08324536819439  -0.08324536819439
   60   -0.07740007248284  -0.07740007248284
   61   -0.07237131386210  -0.07237131386210
   62   -0.04139149569991  -0.04139149569991
   63   -0.03731159012970  -0.03731159012970
   64   -0.02979725775703  -0.02979725775703
   65   -0.02979725734990  -0.02979725734990
   66   -0.02915584929660  -0.02915584929660
   67   -0.02915584889992  -0.02915584889992
   68    0.00968971841577   0.00968971841577
   69    0.01247432677266   0.01247432677266
   70    0.02155452389895   0.02155452389895
   71    0.02155452451218   0.02155452451218
   72    0.02391372414818   0.02391372414818
   73    0.02391372501311   0.02391372501311
   74    0.06157183937169   0.06157183937169
   75    0.06157184021025   0.06157184021025
   76    0.06590120218835   0.06590120218835
   77    0.06590120327866   0.06590120327866
   78    0.06949381892927   0.06949381892927
   79    0.07129071619273   0.07129071619273
   80    0.08231558836349   0.08231558836349
   81    0.08231558920012   0.08231558920012
   82    0.13319308399190   0.13319308399190
   83    0.13429504299430   0.13429504299430
   84    0.19646256118660   0.19646256118660
   85    0.19680670418094   0.19680670418094
   86    0.25357044253604   0.25357044253604
   87    0.25399274772968   0.25399274772968
   88    0.29951374333621   0.29951374333621
   89    0.30055709660407   0.30055709660407
   90    0.33371678476335   0.33371678476335
   91    0.33545786944132   0.33545786944132
   92    0.35998388902383   0.35998388902383
   93    0.36268769215231   0.36268769215231
   94    0.37945057449966   0.37945057449966
   95    0.38279938428412   0.38279938428412
   96    0.39540712403038   0.39540712403038
   97    0.53484807675673   0.53484807675673
   98    0.53484807795591   0.53484807795591
   99    0.53645271720982   0.53645271720982
  100    0.53645271749165   0.53645271749165
  101    0.53875487028251   0.53875487028251
  102    0.53875487046322   0.53875487046322
  103    0.54229140945737   0.54229140945737
  104    0.54229141101571   0.54229141101571
  105    0.54590501240324   0.54590501240324
  106    0.54590501337413   0.54590501337413
  107    0.55253715472511   0.55253715472511
  108    0.55253715502258   0.55253715502258
  109    0.55646207428471   0.55646207428471
  110    0.55646207448196   0.55646207448196
  111    0.56807683412143   0.56807683412143
  112    0.56807683454667   0.56807683454667
  113    0.57112655201584   0.57112655201584
  114    0.57112655285669   0.57112655285669
  115    0.58934128036599   0.58934128036599
  116    0.58934128149198   0.58934128149198
  117    0.59114069350146   0.59114069350146
  118    0.59114069390988   0.59114069390988
  119    0.61407881758609   0.61407881758609
  120    0.61408968809845   0.61408968809845
  121    0.61594011572307   0.61594011572307
  122    0.61594012037993   0.61594012037993
  123    0.61680229025629   0.61680229025629
  124    0.61680229400148   0.61680229400148
  125    0.61924120476199   0.61924120476199
  126    0.61925208384388   0.61925208384388
  127    0.62368191460620   0.62368191460620
  128    0.62369299430235   0.62369299430235
  129    0.63670178727482   0.63670178727482
  130    0.63670179092197   0.63670179092197
  131    0.63780866464662   0.63780866464662
  132    0.63781979433902   0.63781979433902
  133    0.64255381779986   0.64255381779986
  134    0.64256514179956   0.64256514179956
  135    0.64608499683882   0.64608499683882
  136    0.64608499816222   0.64608499816222
  137    0.64682365722264   0.64682365722264
  138    0.64682365866749   0.64682365866749
  139    0.64968842249454   0.64968842249454
  140    0.64968842988244   0.64968842988244
  141    0.65335986673098   0.65335986673098

***********************************************************
***********************************************************
                   Mulliken populations                    
***********************************************************
***********************************************************

  Total spin moment (muB)   0.000000000

                    Up spin      Down spin     Sum           Diff
      1    C      2.006593815  2.006593815   4.013187630   0.000000000
      2    C      2.022666025  2.022666025   4.045332050   0.000000000
      3    C      2.099941147  2.099941147   4.199882294   0.000000000
      4    C      1.884153526  1.884153526   3.768307052   0.000000000
      5    C      2.002010501  2.002010501   4.004021002   0.000000000
      6    C      1.999535798  1.999535798   3.999071596   0.000000000
      7    C      1.999642693  1.999642693   3.999285387   0.000000000
      8    C      1.999605552  1.999605552   3.999211104   0.000000000
      9    C      1.999739869  1.999739869   3.999479738   0.000000000
     10    C      1.999690387  1.999690387   3.999380774   0.000000000
     11    C      1.999775436  1.999775436   3.999550871   0.000000000
     12    C      1.999727933  1.999727933   3.999455867   0.000000000
     13    C      1.999809257  1.999809257   3.999618514   0.000000000
     14    C      1.999760465  1.999760465   3.999520931   0.000000000
     15    C      1.999852872  1.999852872   3.999705744   0.000000000
     16    C      1.999799846  1.999799846   3.999599692   0.000000000
     17    C      1.999950930  1.999950930   3.999901861   0.000000000
     18    C      1.999901297  1.999901297   3.999802594   0.000000000
     19    C      2.000016173  2.000016173   4.000032346   0.000000000
     20    C      1.998236617  1.998236617   3.996473234   0.000000000
     21    C      2.086457843  2.086457843   4.172915686   0.000000000
     22    C      1.924074166  1.924074166   3.848148332   0.000000000
     23    C      1.980867821  1.980867821   3.961735642   0.000000000
     24    C      1.992331448  1.992331448   3.984662895   0.000000000

 Sum of MulP: up   =    47.99414 down          =    47.99414
              total=    95.98828 ideal(neutral)=    96.00000


  Decomposed Mulliken populations

    1    C          Up spin      Down spin     Sum           Diff
            multiple
  s           0    0.608966523  0.608966523   1.217933045   0.000000000
   sum over m      0.608966523  0.608966523   1.217933045   0.000000000
  s           1   -0.002690943 -0.002690943  -0.005381886   0.000000000
   sum over m     -0.002690943 -0.002690943  -0.005381886   0.000000000
   sum over m+mul  0.606275580  0.606275580   1.212551159   0.000000000
  px          0    0.396152114  0.396152114   0.792304228   0.000000000
  py          0    0.496895630  0.496895630   0.993791260   0.000000000
  pz          0    0.496895630  0.496895630   0.993791260   0.000000000
   sum over m      1.389943374  1.389943374   2.779886748   0.000000000
  px          1   -0.012351974 -0.012351974  -0.024703948   0.000000000
  py          1   -0.006556111 -0.006556111  -0.013112223   0.000000000
  pz          1   -0.006556111 -0.006556111  -0.013112223   0.000000000
   sum over m     -0.025464197 -0.025464197  -0.050928394   0.000000000
   sum over m+mul  1.364479177  1.364479177   2.728958354   0.000000000
  d3z^2-r^2   0    0.002544859  0.002544859   0.005089718   0.000000000
  dx^2-y^2    0    0.007634576  0.007634576   0.015269152   0.000000000
  dxy         0    0.012829812  0.012829812   0.025659624   0.000000000
  dxz         0    0.012829812  0.012829812   0.025659624   0.000000000
  dyz         0    0.000000000  0.000000000   0.000000000   0.000000000
   sum over m      0.035839058  0.035839058   0.071678117   0.000000000
   sum over m+mul  0.035839058  0.035839058   0.071678117   0.000000000

    2    C          Up spin      Down spin     Sum           Diff
            multiple
  s           0    0.617215227  0.617215227   1.234430455   0.000000000
   sum over m      0.617215227  0.617215227   1.234430455   0.000000000
  s           1   -0.002016459 -0.002016459  -0.004032918   0.000000000
   sum over m     -0.002016459 -0.002016459  -0.004032918   0.000000000
   sum over m+mul  0.615198769  0.615198769   1.230397537   0.000000000
  px          0    0.403229194  0.403229194   0.806458388   0.000000000
  py          0    0.496234587  0.496234587   0.992469175   0.000000000
  pz          0    0.496234587  0.496234587   0.992469174   0.000000000
   sum over m      1.395698368  1.395698368   2.791396736   0.000000000
  px          1   -0.010424413 -0.010424413  -0.020848825   0.000000000
  py          1   -0.006672366 -0.006672366  -0.013344732   0.000000000
  pz          1   -0.006672366 -0.006672366  -0.013344732   0.000000000
   sum over m     -0.023769144 -0.023769144  -0.047538289   0.000000000
   sum over m+mul  1.371929224  1.371929224   2.743858448   0.000000000
  d3z^2-r^2   0    0.002401726  0.002401726   0.004803452   0.000000000
  dx^2-y^2    0    0.007205178  0.007205178   0.014410355   0.000000000
  dxy         0    0.012965564  0.012965564   0.025931129   0.000000000
  dxz         0    0.012965564  0.012965564   0.025931129   0.000000000
  dyz         0    0.000000000  0.000000000   0.000000000   0.000000000
   sum over m      0.035538032  0.035538032   0.071076065   0.000000000
   sum over m+mul  0.035538032  0.035538032   0.071076065   0.000000000

    3    C          Up spin      Down spin     Sum           Diff
            multiple
  s           0    0.691238776  0.691238776   1.382477551   0.000000000
   sum over m      0.691238776  0.691238776   1.382477551   0.000000000
  s           1   -0.002470376 -0.002470376  -0.004940753   0.000000000
   sum over m     -0.002470376 -0.002470376  -0.004940753   0.000000000
   sum over m+mul  0.688768399  0.688768399   1.377536799   0.000000000
  px          0    0.400857129  0.400857129   0.801714257   0.000000000
  py          0    0.499682451  0.499682451   0.999364902   0.000000000
  pz          0    0.499682451  0.499682451   0.999364902   0.000000000
   sum over m      1.400222031  1.400222031   2.800444061   0.000000000
  px          1   -0.013322408 -0.013322408  -0.026644815   0.000000000
  py          1   -0.006346308 -0.006346308  -0.012692615   0.000000000
  pz          1   -0.006346308 -0.006346308  -0.012692615   0.000000000
   sum over m     -0.026015023 -0.026015023  -0.052030046   0.000000000
   sum over m+mul  1.374207007  1.374207007   2.748414015   0.000000000
  d3z^2-r^2   0    0.002875035  0.002875035   0.005750071   0.000000000
  dx^2-y^2    0    0.008625106  0.008625106   0.017250212   0.000000000
  dxy         0    0.012732799  0.012732799   0.025465599   0.000000000
  dxz         0    0.012732799  0.012732799   0.025465599   0.000000000
  dyz         0    0.000000000  0.000000000   0.000000000   0.000000000
   sum over m      0.036965740  0.036965740   0.073931480   0.000000000
   sum over m+mul  0.036965740  0.036965740   0.073931480   0.000000000

    4    C          Up spin      Down spin     Sum           Diff
            multiple
  s           0    0.582966232  0.582966232   1.165932463   0.000000000
   sum over m      0.582966232  0.582966232   1.165932463   0.000000000
  s           1   -0.006087562 -0.006087562  -0.012175124   0.000000000
   sum over m     -0.006087562 -0.006087562  -0.012175124   0.000000000
   sum over m+mul  0.576878670  0.576878670   1.153757340   0.000000000
  px          0    0.336420462  0.336420462   0.672840923   0.000000000
  py          0    0.490388001  0.490388001   0.980776001   0.000000000
  pz          0    0.490388000  0.490388000   0.980776000   0.000000000
   sum over m      1.317196462  1.317196462   2.634392925   0.000000000
  px          1   -0.028842687 -0.028842687  -0.057685375   0.000000000
  py          1   -0.006946695 -0.006946695  -0.013893390   0.000000000
  pz          1   -0.006946695 -0.006946695  -0.013893390   0.000000000
   sum over m     -0.042736078 -0.042736078  -0.085472156   0.000000000
   sum over m+mul  1.274460384  1.274460384   2.548920769   0.000000000
  d3z^2-r^2   0    0.002091280  0.002091280   0.004182561   0.000000000
  dx^2-y^2    0    0.006273841  0.006273841   0.012547682   0.000000000
  dxy         0    0.012224675  0.012224675   0.024449351   0.000000000
  dxz         0    0.012224675  0.012224675   0.024449351   0.000000000
  dyz         0    0.000000000  0.000000000   0.000000000   0.000000000
   sum over m      0.032814472  0.032814472   0.065628944   0.000000000
   sum over m+mul  0.032814472  0.032814472   0.065628944   0.000000000

    5    C          Up spin      Down spin     Sum           Diff
            multiple
  s           0    0.611415501  0.611415501   1.222831003   0.000000000
   sum over m      0.611415501  0.611415501   1.222831003   0.000000000
  s           1   -0.003361454 -0.003361454  -0.006722908   0.000000000
   sum over m     -0.003361454 -0.003361454  -0.006722908   0.000000000
   sum over m+mul  0.608054047  0.608054047   1.216108095   0.000000000
  px          0    0.398065020  0.398065020   0.796130040   0.000000000
  py          0    0.493919858  0.493919858   0.987839715   0.000000000
  pz          0    0.493919857  0.493919857   0.987839714   0.000000000
   sum over m      1.385904735  1.385904735   2.771809469   0.000000000
  px          1   -0.014583461 -0.014583461  -0.029166922   0.000000000
  py          1   -0.006551638 -0.006551638  -0.013103277   0.000000000
  pz          1   -0.006551638 -0.006551638  -0.013103277   0.000000000
   sum over m     -0.027686738 -0.027686738  -0.055373475   0.000000000
   sum over m+mul  1.358217997  1.358217997   2.716435994   0.000000000
  d3z^2-r^2   0    0.002587109  0.002587109   0.005174219   0.000000000
  dx^2-y^2    0    0.007761328  0.007761328   0.015522656   0.000000000
  dxy         0    0.012695010  0.012695010   0.025390019   0.000000000
  dxz         0    0.012695010  0.012695010   0.025390019   0.000000000
  dyz         0    0.000000000  0.000000000   0.000000000   0.000000000
   sum over m      0.035738457  0.035738457   0.071476914   0.000000000
   sum over m+mul  0.035738457  0.035738457   0.071476914   0.000000000

    6    C          Up spin      Down spin     Sum           Diff
            multiple
  s           0    0.608806778  0.608806778   1.217613555   0.000000000
   sum over m      0.608806778  0.608806778   1.217613555   0.000000000
  s           1   -0.002680434 -0.002680434  -0.005360867   0.000000000
   sum over m     -0.002680434 -0.002680434  -0.005360867   0.000000000
   sum over m+mul  0.606126344  0.606126344   1.212252688   0.000000000
  px          0    0.396242538  0.396242538   0.792485077   0.000000000
  py          0    0.493665573  0.493665573   0.987331145   0.000000000
  pz          0    0.493665572  0.493665572   0.987331145   0.000000000
   sum over m      1.383573683  1.383573683   2.767147367   0.000000000
  px          1   -0.012588170 -0.012588170  -0.025176340   0.000000000
  py          1   -0.006608704 -0.006608704  -0.013217408   0.000000000
  pz          1   -0.006608704 -0.006608704  -0.013217408   0.000000000
   sum over m     -0.025805578 -0.025805578  -0.051611156   0.000000000
   sum over m+mul  1.357768105  1.357768105   2.715536211   0.000000000
  d3z^2-r^2   0    0.002545602  0.002545602   0.005091204   0.000000000
  dx^2-y^2    0    0.007636805  0.007636805   0.015273611   0.000000000
  dxy         0    0.012729471  0.012729471   0.025458941   0.000000000
  dxz         0    0.012729471  0.012729471   0.025458941   0.000000000
  dyz         0    0.000000000  0.000000000   0.000000000   0.000000000
   sum over m      0.035641349  0.035641349   0.071282697   0.000000000
   sum over m+mul  0.035641349  0.035641349   0.071282697   0.000000000

    7    C          Up spin      Down spin     Sum           Diff
            multiple
  s           0    0.608841427  0.608841427   1.217682854   0.000000000
   sum over m      0.608841427  0.608841427   1.217682854   0.000000000
  s           1   -0.002681915 -0.002681915  -0.005363830   0.000000000
   sum over m     -0.002681915 -0.002681915  -0.005363830   0.000000000
   sum over m+mul  0.606159512  0.606159512   1.212319025   0.000000000
  px          0    0.396316585  0.396316585   0.792633170   0.000000000
  py          0    0.493760148  0.493760148   0.987520296   0.000000000
  pz          0    0.493760147  0.493760147   0.987520295   0.000000000
   sum over m      1.383836880  1.383836880   2.767673760   0.000000000
  px          1   -0.012735242 -0.012735242  -0.025470484   0.000000000
  py          1   -0.006609439 -0.006609439  -0.013218879   0.000000000
  pz          1   -0.006609439 -0.006609439  -0.013218879   0.000000000
   sum over m     -0.025954121 -0.025954121  -0.051908242   0.000000000
   sum over m+mul  1.357882759  1.357882759   2.715765518   0.000000000
  d3z^2-r^2   0    0.002544071  0.002544071   0.005088142   0.000000000
  dx^2-y^2    0    0.007632212  0.007632212   0.015264424   0.000000000
  dxy         0    0.012712070  0.012712070   0.025424139   0.000000000
  dxz         0    0.012712070  0.012712070   0.025424139   0.000000000
  dyz         0    0.000000000  0.000000000   0.000000000   0.000000000
   sum over m      0.035600422  0.035600422   0.071200844   0.000000000
   sum over m+mul  0.035600422  0.035600422   0.071200844   0.000000000

    8    C          Up spin      Down spin     Sum           Diff
            multiple
  s           0    0.608895648  0.608895648   1.217791296   0.000000000
   sum over m      0.608895648  0.608895648   1.217791296   0.000000000
  s           1   -0.002672696 -0.002672696  -0.005345393   0.000000000
   sum over m     -0.002672696 -0.002672696  -0.005345393   0.000000000
   sum over m+mul  0.606222952  0.606222952   1.212445903   0.000000000
  px          0    0.396339347  0.396339347   0.792678695   0.000000000
  py          0    0.493658410  0.493658410   0.987316820   0.000000000
  pz          0    0.493658410  0.493658410   0.987316819   0.000000000
   sum over m      1.383656167  1.383656167   2.767312335   0.000000000
  px          1   -0.012690137 -0.012690137  -0.025380274   0.000000000
  py          1   -0.006604144 -0.006604144  -0.013208289   0.000000000
  pz          1   -0.006604144 -0.006604144  -0.013208289   0.000000000
   sum over m     -0.025898426 -0.025898426  -0.051796851   0.000000000
   sum over m+mul  1.357757742  1.357757742   2.715515483   0.000000000
  d3z^2-r^2   0    0.002543469  0.002543469   0.005086938   0.000000000
  dx^2-y^2    0    0.007630406  0.007630406   0.015260812   0.000000000
  dxy         0    0.012725492  0.012725492   0.025450984   0.000000000
  dxz         0    0.012725492  0.012725492   0.025450984   0.000000000
  dyz         0    0.000000000  0.000000000   0.000000000   0.000000000
   sum over m      0.035624859  0.035624859   0.071249717   0.000000000
   sum over m+mul  0.035624859  0.035624859   0.071249717   0.000000000

    9    C          Up spin      Down spin     Sum           Diff
            multiple
  s           0    0.608856489  0.608856489   1.217712978   0.000000000
   sum over m      0.608856489  0.608856489   1.217712978   0.000000000
  s           1   -0.002676186 -0.002676186  -0.005352373   0.000000000
   sum over m     -0.002676186 -0.002676186  -0.005352373   0.000000000
   sum over m+mul  0.606180303  0.606180303   1.212360605   0.000000000
  px          0    0.396306446  0.396306446   0.792612892   0.000000000
  py          0    0.493776312  0.493776312   0.987552625   0.000000000
  pz          0    0.493776312  0.493776312   0.987552624   0.000000000
   sum over m      1.383859071  1.383859071   2.767718141   0.000000000
  px          1   -0.012698815 -0.012698815  -0.025397630   0.000000000
  py          1   -0.006604947 -0.006604947  -0.013209893   0.000000000
  pz          1   -0.006604947 -0.006604947  -0.013209893   0.000000000
   sum over m     -0.025908708 -0.025908708  -0.051817417   0.000000000
   sum over m+mul  1.357950362  1.357950362   2.715900724   0.000000000
  d3z^2-r^2   0    0.002543576  0.002543576   0.005087151   0.000000000
  dx^2-y^2    0    0.007630727  0.007630727   0.015261453   0.000000000
  dxy         0    0.012717451  0.012717451   0.025434902   0.000000000
  dxz         0    0.012717451  0.012717451   0.025434902   0.000000000
  dyz         0    0.000000000  0.000000000   0.000000000   0.000000000
   sum over m      0.035609204  0.035609204   0.071218408   0.000000000
   sum over m+mul  0.035609204  0.035609204   0.071218408   0.000000000

   10    C          Up spin      Down spin     Sum           Diff
            multiple
  s           0    0.608898067  0.608898067   1.217796135   0.000000000
   sum over m      0.608898067  0.608898067   1.217796135   0.000000000
  s           1   -0.002675421 -0.002675421  -0.005350841   0.000000000
   sum over m     -0.002675421 -0.002675421  -0.005350841   0.000000000
   sum over m+mul  0.606222647  0.606222647   1.212445293   0.000000000
  px          0    0.396336731  0.396336731   0.792673462   0.000000000
  py          0    0.493705938  0.493705938   0.987411875   0.000000000
  pz          0    0.493705937  0.493705937   0.987411874   0.000000000
   sum over m      1.383748606  1.383748606   2.767497212   0.000000000
  px          1   -0.012697315 -0.012697315  -0.025394630   0.000000000
  py          1   -0.006603931 -0.006603931  -0.013207863   0.000000000
  pz          1   -0.006603931 -0.006603931  -0.013207863   0.000000000
   sum over m     -0.025905178 -0.025905178  -0.051810356   0.000000000
   sum over m+mul  1.357843428  1.357843428   2.715686856   0.000000000
  d3z^2-r^2   0    0.002543284  0.002543284   0.005086569   0.000000000
  dx^2-y^2    0    0.007629853  0.007629853   0.015259705   0.000000000
  dxy         0    0.012725588  0.012725588   0.025451175   0.000000000
  dxz         0    0.012725588  0.012725588   0.025451175   0.000000000
  dyz         0    0.000000000  0.000000000   0.000000000   0.000000000
   sum over m      0.035624312  0.035624312   0.071248625   0.000000000
   sum over m+mul  0.035624312  0.035624312   0.071248625   0.000000000

   11    C          Up spin      Down spin     Sum           Diff
            multiple
  s           0    0.608861688  0.608861688   1.217723376   0.000000000
   sum over m      0.608861688  0.608861688   1.217723376   0.000000000
  s           1   -0.002676140 -0.002676140  -0.005352280   0.000000000
   sum over m     -0.002676140 -0.002676140  -0.005352280   0.000000000
   sum over m+mul  0.606185548  0.606185548   1.212371096   0.000000000
  px          0    0.396307202  0.396307202   0.792614405   0.000000000
  py          0    0.493789771  0.493789771   0.987579543   0.000000000
  pz          0    0.493789771  0.493789771   0.987579542   0.000000000
   sum over m      1.383886744  1.383886744   2.767773489   0.000000000
  px          1   -0.012699152 -0.012699152  -0.025398305   0.000000000
  py          1   -0.006604161 -0.006604161  -0.013208322   0.000000000
  pz          1   -0.006604161 -0.006604161  -0.013208322   0.000000000
   sum over m     -0.025907474 -0.025907474  -0.051814948   0.000000000
   sum over m+mul  1.357979270  1.357979270   2.715958541   0.000000000
  d3z^2-r^2   0    0.002543447  0.002543447   0.005086895   0.000000000
  dx^2-y^2    0    0.007630342  0.007630342   0.015260683   0.000000000
  dxy         0    0.012718414  0.012718414   0.025436828   0.000000000
  dxz         0    0.012718414  0.012718414   0.025436828   0.000000000
  dyz         0    0.000000000  0.000000000   0.000000000   0.000000000
   sum over m      0.035610617  0.035610617   0.071221234   0.000000000
   sum over m+mul  0.035610617  0.035610617   0.071221234   0.000000000

   12    C          Up spin      Down spin     Sum           Diff
            multiple
  s           0    0.608898845  0.608898845   1.217797691   0.000000000
   sum over m      0.608898845  0.608898845   1.217797691   0.000000000
  s           1   -0.002675546 -0.002675546  -0.005351092   0.000000000
   sum over m     -0.002675546 -0.002675546  -0.005351092   0.000000000
   sum over m+mul  0.606223300  0.606223300   1.212446599   0.000000000
  px          0    0.396334370  0.396334370   0.792668741   0.000000000
  py          0    0.493725130  0.493725130   0.987450259   0.000000000
  pz          0    0.493725129  0.493725129   0.987450259   0.000000000
   sum over m      1.383784629  1.383784629   2.767569259   0.000000000
  px          1   -0.012698110 -0.012698110  -0.025396220   0.000000000
  py          1   -0.006603386 -0.006603386  -0.013206772   0.000000000
  pz          1   -0.006603386 -0.006603386  -0.013206772   0.000000000
   sum over m     -0.025904882 -0.025904882  -0.051809764   0.000000000
   sum over m+mul  1.357879747  1.357879747   2.715759495   0.000000000
  d3z^2-r^2   0    0.002543200  0.002543200   0.005086401   0.000000000
  dx^2-y^2    0    0.007629601  0.007629601   0.015259202   0.000000000
  dxy         0    0.012726042  0.012726042   0.025452085   0.000000000
  dxz         0    0.012726042  0.012726042   0.025452085   0.000000000
  dyz         0    0.000000000  0.000000000   0.000000000   0.000000000
   sum over m      0.035624886  0.035624886   0.071249773   0.000000000
   sum over m+mul  0.035624886  0.035624886   0.071249773   0.000000000

   13    C          Up spin      Down spin     Sum           Diff
            multiple
  s           0    0.608863464  0.608863464   1.217726928   0.000000000
   sum over m      0.608863464  0.608863464   1.217726928   0.000000000
  s           1   -0.002676230 -0.002676230  -0.005352461   0.000000000
   sum over m     -0.002676230 -0.002676230  -0.005352461   0.000000000
   sum over m+mul  0.606187234  0.606187234   1.212374468   0.000000000
  px          0    0.396305979  0.396305979   0.792611957   0.000000000
  py          0    0.493805702  0.493805702   0.987611403   0.000000000
  pz          0    0.493805701  0.493805701   0.987611403   0.000000000
   sum over m      1.383917382  1.383917382   2.767834764   0.000000000
  px          1   -0.012699763 -0.012699763  -0.025399525   0.000000000
  py          1   -0.006603554 -0.006603554  -0.013207109   0.000000000
  pz          1   -0.006603554 -0.006603554  -0.013207109   0.000000000
   sum over m     -0.025906871 -0.025906871  -0.051813743   0.000000000
   sum over m+mul  1.358010511  1.358010511   2.716021021   0.000000000
  d3z^2-r^2   0    0.002543370  0.002543370   0.005086740   0.000000000
  dx^2-y^2    0    0.007630109  0.007630109   0.015260218   0.000000000
  dxy         0    0.012719017  0.012719017   0.025438034   0.000000000
  dxz         0    0.012719017  0.012719017   0.025438034   0.000000000
  dyz         0    0.000000000  0.000000000   0.000000000   0.000000000
   sum over m      0.035611512  0.035611512   0.071223025   0.000000000
   sum over m+mul  0.035611512  0.035611512   0.071223025   0.000000000

   14    C          Up spin      Down spin     Sum           Diff
            multiple
  s           0    0.608902156  0.608902156   1.217804312   0.000000000
   sum over m      0.608902156  0.608902156   1.217804312   0.000000000
  s           1   -0.002675615 -0.002675615  -0.005351229   0.000000000
   sum over m     -0.002675615 -0.002675615  -0.005351229   0.000000000
   sum over m+mul  0.606226541  0.606226541   1.212453083   0.000000000
  px          0    0.396334176  0.396334176   0.792668352   0.000000000
  py          0    0.493738809  0.493738809   0.987477617   0.000000000
  pz          0    0.493738808  0.493738808   0.987477616   0.000000000
   sum over m      1.383811793  1.383811793   2.767623586   0.000000000
  px          1   -0.012698706 -0.012698706  -0.025397412   0.000000000
  py          1   -0.006602786 -0.006602786  -0.013205571   0.000000000
  pz          1   -0.006602786 -0.006602786  -0.013205571   0.000000000
   sum over m     -0.025904277 -0.025904277  -0.051808554   0.000000000
   sum over m+mul  1.357907516  1.357907516   2.715815031   0.000000000
  d3z^2-r^2   0    0.002543110  0.002543110   0.005086220   0.000000000
  dx^2-y^2    0    0.007629330  0.007629330   0.015258659   0.000000000
  dxy         0    0.012726984  0.012726984   0.025453968   0.000000000
  dxz         0    0.012726984  0.012726984   0.025453969   0.000000000
  dyz         0    0.000000000  0.000000000   0.000000000   0.000000000
   sum over m      0.035626408  0.035626408   0.071252816   0.000000000
   sum over m+mul  0.035626408  0.035626408   0.071252816   0.000000000

   15    C          Up spin      Down spin     Sum           Diff
            multiple
  s           0    0.608862850  0.608862850   1.217725699   0.000000000
   sum over m      0.608862850  0.608862850   1.217725699   0.000000000
  s           1   -0.002676393 -0.002676393  -0.005352785   0.000000000
   sum over m     -0.002676393 -0.002676393  -0.005352785   0.000000000
   sum over m+mul  0.606186457  0.606186457   1.212372914   0.000000000
  px          0    0.396302316  0.396302316   0.792604632   0.000000000
  py          0    0.493829525  0.493829525   0.987659049   0.000000000
  pz          0    0.493829524  0.493829524   0.987659049   0.000000000
   sum over m      1.383961365  1.383961365   2.767922730   0.000000000
  px          1   -0.012700664 -0.012700664  -0.025401329   0.000000000
  py          1   -0.006602925 -0.006602925  -0.013205850   0.000000000
  pz          1   -0.006602925 -0.006602925  -0.013205850   0.000000000
   sum over m     -0.025906514 -0.025906514  -0.051813028   0.000000000
   sum over m+mul  1.358054851  1.358054851   2.716109702   0.000000000
  d3z^2-r^2   0    0.002543288  0.002543288   0.005086576   0.000000000
  dx^2-y^2    0    0.007629864  0.007629864   0.015259729   0.000000000
  dxy         0    0.012719206  0.012719206   0.025438411   0.000000000
  dxz         0    0.012719206  0.012719206   0.025438411   0.000000000
  dyz         0    0.000000000  0.000000000   0.000000000   0.000000000
   sum over m      0.035611564  0.035611564   0.071223128   0.000000000
   sum over m+mul  0.035611564  0.035611564   0.071223128   0.000000000

   16    C          Up spin      Down spin     Sum           Diff
            multiple
  s           0    0.608909371  0.608909371   1.217818743   0.000000000
   sum over m      0.608909371  0.608909371   1.217818743   0.000000000
  s           1   -0.002675592 -0.002675592  -0.005351184   0.000000000
   sum over m     -0.002675592 -0.002675592  -0.005351184   0.000000000
   sum over m+mul  0.606233779  0.606233779   1.212467559   0.000000000
  px          0    0.396335872  0.396335872   0.792671743   0.000000000
  py          0    0.493752296  0.493752296   0.987504591   0.000000000
  pz          0    0.493752295  0.493752295   0.987504591   0.000000000
   sum over m      1.383840463  1.383840463   2.767680925   0.000000000
  px          1   -0.012699274 -0.012699274  -0.025398549   0.000000000
  py          1   -0.006601926 -0.006601926  -0.013203851   0.000000000
  pz          1   -0.006601926 -0.006601926  -0.013203851   0.000000000
   sum over m     -0.025903125 -0.025903125  -0.051806251   0.000000000
   sum over m+mul  1.357937337  1.357937337   2.715874674   0.000000000
  d3z^2-r^2   0    0.002542958  0.002542958   0.005085916   0.000000000
  dx^2-y^2    0    0.007628874  0.007628874   0.015257748   0.000000000
  dxy         0    0.012728448  0.012728448   0.025456897   0.000000000
  dxz         0    0.012728448  0.012728448   0.025456897   0.000000000
  dyz         0    0.000000000  0.000000000   0.000000000   0.000000000
   sum over m      0.035628729  0.035628729   0.071257459   0.000000000
   sum over m+mul  0.035628729  0.035628729   0.071257459   0.000000000

   17    C          Up spin      Down spin     Sum           Diff
            multiple
  s           0    0.608861805  0.608861805   1.217723611   0.000000000
   sum over m      0.608861805  0.608861805   1.217723611   0.000000000
  s           1   -0.002678417 -0.002678417  -0.005356833   0.000000000
   sum over m     -0.002678417 -0.002678417  -0.005356833   0.000000000
   sum over m+mul  0.606183389  0.606183389   1.212366777   0.000000000
  px          0    0.396296132  0.396296132   0.792592264   0.000000000
  py          0    0.493886079  0.493886079   0.987772158   0.000000000
  pz          0    0.493886079  0.493886079   0.987772157   0.000000000
   sum over m      1.384068289  1.384068289   2.768136578   0.000000000
  px          1   -0.012706441 -0.012706441  -0.025412882   0.000000000
  py          1   -0.006602498 -0.006602498  -0.013204995   0.000000000
  pz          1   -0.006602498 -0.006602498  -0.013204995   0.000000000
   sum over m     -0.025911436 -0.025911436  -0.051822873   0.000000000
   sum over m+mul  1.358156853  1.358156853   2.716313706   0.000000000
  d3z^2-r^2   0    0.002543109  0.002543109   0.005086219   0.000000000
  dx^2-y^2    0    0.007629328  0.007629328   0.015258656   0.000000000
  dxy         0    0.012719126  0.012719126   0.025438251   0.000000000
  dxz         0    0.012719126  0.012719126   0.025438252   0.000000000
  dyz         0    0.000000000  0.000000000   0.000000000   0.000000000
   sum over m      0.035610689  0.035610689   0.071221378   0.000000000
   sum over m+mul  0.035610689  0.035610689   0.071221378   0.000000000

   18    C          Up spin      Down spin     Sum           Diff
            multiple
  s           0    0.608926735  0.608926735   1.217853471   0.000000000
   sum over m      0.608926735  0.608926735   1.217853471   0.000000000
  s           1   -0.002671741 -0.002671741  -0.005343482   0.000000000
   sum over m     -0.002671741 -0.002671741  -0.005343482   0.000000000
   sum over m+mul  0.606254995  0.606254995   1.212509989   0.000000000
  px          0    0.396331355  0.396331355   0.792662709   0.000000000
  py          0    0.493772689  0.493772689   0.987545378   0.000000000
  pz          0    0.493772688  0.493772688   0.987545377   0.000000000
   sum over m      1.383876732  1.383876732   2.767753463   0.000000000
  px          1   -0.012675340 -0.012675340  -0.025350679   0.000000000
  py          1   -0.006597326 -0.006597326  -0.013194653   0.000000000
  pz          1   -0.006597326 -0.006597326  -0.013194653   0.000000000
   sum over m     -0.025869992 -0.025869992  -0.051739984   0.000000000
   sum over m+mul  1.358006740  1.358006740   2.716013479   0.000000000
  d3z^2-r^2   0    0.002542445  0.002542445   0.005084891   0.000000000
  dx^2-y^2    0    0.007627336  0.007627336   0.015254672   0.000000000
  dxy         0    0.012734891  0.012734891   0.025469782   0.000000000
  dxz         0    0.012734891  0.012734891   0.025469782   0.000000000
  dyz         0    0.000000000  0.000000000   0.000000000   0.000000000
   sum over m      0.035639563  0.035639563   0.071279126   0.000000000
   sum over m+mul  0.035639563  0.035639563   0.071279126   0.000000000

   19    C          Up spin      Down spin     Sum           Diff
            multiple
  s           0    0.608907717  0.608907717   1.217815434   0.000000000
   sum over m      0.608907717  0.608907717   1.217815434   0.000000000
  s           1   -0.002673133 -0.002673133  -0.005346266   0.000000000
   sum over m     -0.002673133 -0.002673133  -0.005346266   0.000000000
   sum over m+mul  0.606234584  0.606234584   1.212469168   0.000000000
  px          0    0.396343889  0.396343889   0.792687777   0.000000000
  py          0    0.493909055  0.493909055   0.987818109   0.000000000
  pz          0    0.493909054  0.493909054   0.987818108   0.000000000
   sum over m      1.384161997  1.384161997   2.768323995   0.000000000
  px          1   -0.012780646 -0.012780646  -0.025561291   0.000000000
  py          1   -0.006597803 -0.006597803  -0.013195606   0.000000000
  pz          1   -0.006597803 -0.006597803  -0.013195606   0.000000000
   sum over m     -0.025976252 -0.025976252  -0.051952504   0.000000000
   sum over m+mul  1.358185745  1.358185745   2.716371491   0.000000000
  d3z^2-r^2   0    0.002541256  0.002541256   0.005082511   0.000000000
  dx^2-y^2    0    0.007623766  0.007623766   0.015247533   0.000000000
  dxy         0    0.012715411  0.012715411   0.025430822   0.000000000
  dxz         0    0.012715411  0.012715411   0.025430822   0.000000000
  dyz         0    0.000000000  0.000000000   0.000000000   0.000000000
   sum over m      0.035595844  0.035595844   0.071191688   0.000000000
   sum over m+mul  0.035595844  0.035595844   0.071191688   0.000000000

   20    C          Up spin      Down spin     Sum           Diff
            multiple
  s           0    0.607132969  0.607132969   1.214265939   0.000000000
   sum over m      0.607132969  0.607132969   1.214265939   0.000000000
  s           1   -0.002174422 -0.002174422  -0.004348844   0.000000000
   sum over m     -0.002174422 -0.002174422  -0.004348844   0.000000000
   sum over m+mul  0.604958547  0.604958547   1.209917095   0.000000000
  px          0    0.395105533  0.395105533   0.790211066   0.000000000
  py          0    0.493652976  0.493652976   0.987305953   0.000000000
  pz          0    0.493652976  0.493652976   0.987305952   0.000000000
   sum over m      1.382411485  1.382411485   2.764822970   0.000000000
  px          1   -0.011376682 -0.011376682  -0.022753364   0.000000000
  py          1   -0.006655333 -0.006655333  -0.013310667   0.000000000
  pz          1   -0.006655333 -0.006655333  -0.013310667   0.000000000
   sum over m     -0.024687349 -0.024687349  -0.049374698   0.000000000
   sum over m+mul  1.357724136  1.357724136   2.715448272   0.000000000
  d3z^2-r^2   0    0.002509208  0.002509208   0.005018416   0.000000000
  dx^2-y^2    0    0.007527624  0.007527624   0.015055248   0.000000000
  dxy         0    0.012758551  0.012758551   0.025517102   0.000000000
  dxz         0    0.012758551  0.012758551   0.025517102   0.000000000
  dyz         0    0.000000000  0.000000000   0.000000000   0.000000000
   sum over m      0.035553934  0.035553934   0.071107868   0.000000000
   sum over m+mul  0.035553934  0.035553934   0.071107868   0.000000000

   21    C          Up spin      Down spin     Sum           Diff
            multiple
  s           0    0.627559276  0.627559276   1.255118552   0.000000000
   sum over m      0.627559276  0.627559276   1.255118552   0.000000000
  s           1   -0.000185095 -0.000185095  -0.000370191   0.000000000
   sum over m     -0.000185095 -0.000185095  -0.000370191   0.000000000
   sum over m+mul  0.627374181  0.627374181   1.254748362   0.000000000
  px          0    0.439443345  0.439443345   0.878886689   0.000000000
  py          0    0.497410257  0.497410257   0.994820514   0.000000000
  pz          0    0.497410256  0.497410256   0.994820513   0.000000000
   sum over m      1.434263858  1.434263858   2.868527715   0.000000000
  px          1   -0.000575430 -0.000575430  -0.001150859   0.000000000
  py          1   -0.006267699 -0.006267699  -0.012535398   0.000000000
  pz          1   -0.006267699 -0.006267699  -0.012535398   0.000000000
   sum over m     -0.013110828 -0.013110828  -0.026221656   0.000000000
   sum over m+mul  1.421153030  1.421153030   2.842306059   0.000000000
  d3z^2-r^2   0    0.002881273  0.002881273   0.005762547   0.000000000
  dx^2-y^2    0    0.008643820  0.008643820   0.017287639   0.000000000
  dxy         0    0.013202770  0.013202770   0.026405540   0.000000000
  dxz         0    0.013202770  0.013202770   0.026405540   0.000000000
  dyz         0    0.000000000  0.000000000   0.000000000   0.000000000
   sum over m      0.037930633  0.037930633   0.075861266   0.000000000
   sum over m+mul  0.037930633  0.037930633   0.075861266   0.000000000

   22    C          Up spin      Down spin     Sum           Diff
            multiple
  s           0    0.549441234  0.549441234   1.098882467   0.000000000
   sum over m      0.549441234  0.549441234   1.098882467   0.000000000
  s           1   -0.002846416 -0.002846416  -0.005692832   0.000000000
   sum over m     -0.002846416 -0.002846416  -0.005692832   0.000000000
   sum over m+mul  0.546594818  0.546594818   1.093189635   0.000000000
  px          0    0.393374684  0.393374684   0.786749368   0.000000000
  py          0    0.487804765  0.487804765   0.975609529   0.000000000
  pz          0    0.487804764  0.487804764   0.975609529   0.000000000
   sum over m      1.368984213  1.368984213   2.737968426   0.000000000
  px          1   -0.012358022 -0.012358022  -0.024716043   0.000000000
  py          1   -0.006848361 -0.006848361  -0.013696722   0.000000000
  pz          1   -0.006848361 -0.006848361  -0.013696722   0.000000000
   sum over m     -0.026054744 -0.026054744  -0.052109487   0.000000000
   sum over m+mul  1.342929469  1.342929469   2.685858938   0.000000000
  d3z^2-r^2   0    0.002288564  0.002288564   0.004577129   0.000000000
  dx^2-y^2    0    0.006865693  0.006865693   0.013731386   0.000000000
  dxy         0    0.012697811  0.012697811   0.025395622   0.000000000
  dxz         0    0.012697811  0.012697811   0.025395622   0.000000000
  dyz         0    0.000000000  0.000000000   0.000000000   0.000000000
   sum over m      0.034549879  0.034549879   0.069099758   0.000000000
   sum over m+mul  0.034549879  0.034549879   0.069099758   0.000000000

   23    C          Up spin      Down spin     Sum           Diff
            multiple
  s           0    0.602600605  0.602600605   1.205201210   0.000000000
   sum over m      0.602600605  0.602600605   1.205201210   0.000000000
  s           1   -0.003149347 -0.003149347  -0.006298695   0.000000000
   sum over m     -0.003149347 -0.003149347  -0.006298695   0.000000000
   sum over m+mul  0.599451258  0.599451258   1.198902515   0.000000000
  px          0    0.391111237  0.391111237   0.782222474   0.000000000
  py          0    0.491086937  0.491086937   0.982173874   0.000000000
  pz          0    0.491086937  0.491086937   0.982173874   0.000000000
   sum over m      1.373285111  1.373285111   2.746570223   0.000000000
  px          1   -0.014335760 -0.014335760  -0.028671519   0.000000000
  py          1   -0.006529783 -0.006529783  -0.013059566   0.000000000
  pz          1   -0.006529783 -0.006529783  -0.013059566   0.000000000
   sum over m     -0.027395326 -0.027395326  -0.054790652   0.000000000
   sum over m+mul  1.345889785  1.345889785   2.691779571   0.000000000
  d3z^2-r^2   0    0.002647912  0.002647912   0.005295824   0.000000000
  dx^2-y^2    0    0.007943736  0.007943736   0.015887471   0.000000000
  dxy         0    0.012467565  0.012467565   0.024935130   0.000000000
  dxz         0    0.012467565  0.012467565   0.024935131   0.000000000
  dyz         0    0.000000000  0.000000000   0.000000000   0.000000000
   sum over m      0.035526778  0.035526778   0.071053556   0.000000000
   sum over m+mul  0.035526778  0.035526778   0.071053556   0.000000000

   24    C          Up spin      Down spin     Sum           Diff
            multiple
  s           0    0.608588544  0.608588544   1.217177088   0.000000000
   sum over m      0.608588544  0.608588544   1.217177088   0.000000000
  s           1   -0.002681475 -0.002681475  -0.005362950   0.000000000
   sum over m     -0.002681475 -0.002681475  -0.005362950   0.000000000
   sum over m+mul  0.605907069  0.605907069   1.211814138   0.000000000
  px          0    0.396300668  0.396300668   0.792601335   0.000000000
  py          0    0.490522350  0.490522350   0.981044701   0.000000000
  pz          0    0.490522350  0.490522350   0.981044700   0.000000000
   sum over m      1.377345368  1.377345368   2.754690736   0.000000000
  px          1   -0.013018317 -0.013018317  -0.026036634   0.000000000
  py          1   -0.006643212 -0.006643212  -0.013286425   0.000000000
  pz          1   -0.006643212 -0.006643212  -0.013286425   0.000000000
   sum over m     -0.026304742 -0.026304742  -0.052609483   0.000000000
   sum over m+mul  1.351040626  1.351040626   2.702081252   0.000000000
  d3z^2-r^2   0    0.002541088  0.002541088   0.005082176   0.000000000
  dx^2-y^2    0    0.007623280  0.007623280   0.015246561   0.000000000
  dxy         0    0.012609696  0.012609696   0.025219392   0.000000000
  dxz         0    0.012609696  0.012609696   0.025219392   0.000000000
  dyz         0   -0.000000008 -0.000000008  -0.000000017   0.000000000
   sum over m      0.035383752  0.035383752   0.070767505   0.000000000
   sum over m+mul  0.035383752  0.035383752   0.070767505   0.000000000

***********************************************************
***********************************************************
                    Dipole moment (Debye)                  
***********************************************************
***********************************************************

 Absolute D        5.94936719

                      Dx                Dy                Dz
 Total              5.94936719       -0.00000000       -0.00000000
 Core            7262.44867931        0.00000000        0.00000000
 Electron       -7256.49931212       -0.00000000       -0.00000000
 Back ground       -0.00000000       -0.00000000       -0.00000000

***********************************************************
***********************************************************
       xyz-coordinates (Ang) and forces (Hartree/Bohr)  
***********************************************************
***********************************************************

<coordinates.forces
  24
    1     C    -1.50000   0.00000   0.00000   0.394199594176 -0.000000001127  0.000000000154
    2     C     0.00000   0.00000   0.00000  -0.015302861530  0.000000000711  0.000000000702
    3     C     1.50000   0.00000   0.00000  -0.097306618206 -0.000000000212 -0.000000002297
    4     C     3.00000   0.00000   0.00000   0.069015943920 -0.000000000200  0.000000001022
    5     C     4.50000   0.00000   0.00000   0.006730234783  0.000000000908  0.000000000716
    6     C     6.00000   0.00000   0.00000   0.003561863132 -0.000000000262 -0.000000000606
    7     C     7.50000   0.00000   0.00000  -0.003291045975  0.000000000259  0.000000000228
    8     C     9.00000   0.00000   0.00000   0.002947893620  0.000000000085  0.000000000625
    9     C    10.50000   0.00000   0.00000  -0.002732611706 -0.000000000842 -0.000000000457
   10     C    12.00000   0.00000   0.00000   0.002513342533  0.000000000154 -0.000000000668
   11     C    13.50000   0.00000   0.00000  -0.002384594920  0.000000001432  0.000000000944
   12     C    15.00000   0.00000   0.00000   0.002262305316 -0.000000001120 -0.000000001434
   13     C    16.50000   0.00000   0.00000  -0.002193013495  0.000000000141  0.000000001055
   14     C    18.00000   0.00000   0.00000   0.002126548793  0.000000000904 -0.000000000271
   15     C    19.50000   0.00000   0.00000  -0.002089732481 -0.000000000895  0.000000000994
   16     C    21.00000   0.00000   0.00000   0.002054098950 -0.000000000713 -0.000000000109
   17     C    22.50000   0.00000   0.00000  -0.002033447684  0.000000000825 -0.000000000088
   18     C    24.00000   0.00000   0.00000   0.002059747864 -0.000000000809 -0.000000001076
   19     C    25.50000   0.00000   0.00000  -0.001990416778  0.000000000839  0.000000000227
   20     C    27.00000   0.00000   0.00000   0.010038570898 -0.000000000051 -0.000000000164
   21     C    28.50000   0.00000   0.00000   0.048714195048 -0.000000000294  0.000000000117
   22     C    30.00000   0.00000   0.00000  -0.064263926645  0.000000000299  0.000000000493
   23     C    31.50000   0.00000   0.00000   0.048000961300 -0.000000000394  0.000000000301
   24     C    33.00000   0.00000   0.00000  -0.396363440842  0.000000000387 -0.000000000456
coordinates.forces>

***********************************************************
***********************************************************
       Fractional coordinates of the final structure       
***********************************************************
***********************************************************

     1      C     0.95833333333333   0.00000000000000   0.00000000000000
     2      C     0.00000000000000   0.00000000000000   0.00000000000000
     3      C     0.04166666666667   0.00000000000000   0.00000000000000
     4      C     0.08333333333333   0.00000000000000   0.00000000000000
     5      C     0.12500000000000   0.00000000000000   0.00000000000000
     6      C     0.16666666666667   0.00000000000000   0.00000000000000
     7      C     0.20833333333333   0.00000000000000   0.00000000000000
     8      C     0.25000000000000   0.00000000000000   0.00000000000000
     9      C     0.29166666666667   0.00000000000000   0.00000000000000
    10      C     0.33333333333333   0.00000000000000   0.00000000000000
    11      C     0.37500000000000   0.00000000000000   0.00000000000000
    12      C     0.41666666666667   0.00000000000000   0.00000000000000
    13      C     0.45833333333333   0.00000000000000   0.00000000000000
    14      C     0.50000000000000   0.00000000000000   0.00000000000000
    15      C     0.54166666666667   0.00000000000000   0.00000000000000
    16      C     0.58333333333333   0.00000000000000   0.00000000000000
    17      C     0.62500000000000   0.00000000000000   0.00000000000000
    18      C     0.66666666666667   0.00000000000000   0.00000000000000
    19      C     0.70833333333333   0.00000000000000   0.00000000000000
    20      C     0.75000000000000   0.00000000000000   0.00000000000000
    21      C     0.79166666666667   0.00000000000000   0.00000000000000
    22      C     0.83333333333333   0.00000000000000   0.00000000000000
    23      C     0.87500000000000   0.00000000000000   0.00000000000000
    24      C     0.91666666666667   0.00000000000000   0.00000000000000

***********************************************************
***********************************************************
               Computational Time (second)                 
***********************************************************
***********************************************************

   Elapsed.Time.       240.207

                               Min_ID   Min_Time       Max_ID   Max_Time
   Total Computational Time =    17      240.197          0      240.207
   readfile                 =    63       11.594          0       11.594
   truncation               =    24        0.230         21        0.256
   MD_pac                   =     0        0.004          1        0.009
   OutData                  =     9        0.000          0        0.010
   DFT                      =    21      184.054         24      184.081

*** In DFT ***

   Set_OLP_Kin              =    62        0.151         22        0.488
   Set_Nonlocal             =    22        0.520         45        0.872
   Set_ProExpn_VNA          =    30        1.002          1        1.215
   Set_Hamiltonian          =    57       25.148         36       25.151
   Poisson                  =    32        4.108         17        4.115
   Diagonalization          =    37       98.460         12       98.477
   Mixing_DM                =    25       39.618         38       39.622
   Force                    =    52        0.806          9        0.806
   Total_Energy             =     1        0.709          0        0.711
   Set_Aden_Grid            =     1        0.033         26        0.244
   Set_Orbitals_Grid        =    25        0.000         11        0.243
   Set_Density_Grid         =    61        6.606          7        7.250
   RestartFileDFT           =    19        0.027         42        0.056
   Mulliken_Charge          =    44        0.075         49        0.078
   FFT(2D)_Density          =    41        1.365         50        1.373
   Others                   =     7        3.972         61        4.870
